2026-05-09 23:40:06 [INFO] Logging to /home/adodas/AdoDAS2026_3/outputs/a1/runs/a1__grouped__mtcn__a-base-mel_mfcc+vad+egemaps__a-ssl-wav2vec2-chinese-xlsr__v-base-headpose+facebeh+qc+vadagg+bodypose+globmot__v-ssl-dinov2-large__mask-andcore__pw_biascalib__seed42__20260509_234006/logs/train_grouped_a1_20260509_234006.log
2026-05-09 23:40:06 [INFO] Device: cuda
2026-05-09 23:40:07 [INFO] Task: a1
2026-05-09 23:40:07 [INFO] Run name: a1__grouped__mtcn__a-base-mel_mfcc+vad+egemaps__a-ssl-wav2vec2-chinese-xlsr__v-base-headpose+facebeh+qc+vadagg+bodypose+globmot__v-ssl-dinov2-large__mask-andcore__pw_biascalib__seed42__20260509_234006
2026-05-09 23:40:07 [INFO] Config: {'feature_root': '/home/adodas/dataset', 'manifest_dir': '/home/adodas/dataset/manifests', 'output_dir': '/home/adodas/AdoDAS2026_3/outputs/a1', 'mask_policy': 'and_core', 'core_audio': ['mel_mfcc', 'ssl_embed'], 'core_video': ['vision_ssl_embed', 'qc_stats'], 'd_adapter': 64, 'd_model': 256, 'tcn_layers': 6, 'tcn_kernel_size': 3, 'asp_alpha': 0.5, 'asp_beta': 0.5, 'dropout': 0.2, 'd_shared': 256, 'aggregator': 'mlp', 'batch_size': 32, 'lr': 0.0005, 'weight_decay': 0.01, 'warmup_epochs': 1, 'epochs': 30, 'seed': 42, 'num_workers': 8, 'amp': True, 'preload': True, 'grad_clip': 1.0, 'use_pos_weight': True, 'patience': 6, 'session_loss_weight': 0.1, 'session_type_loss_weight': 0.15, 'submission_level': 'participant', 'decode_method': 'auto', 'label_smoothing': 0.0, 'feature_noise_std': 0.0, 'session_drop_prob': 0.0, 'early_stop_metric': 'primary', 'pre_tcn_processing': {'enabled': True, 'dynamics_aug': {'enabled': True, 'mode': 'selective_v2', 'apply_audio': {'vad': {'windows': [5, 15, 25], 'use_delta': True, 'use_abs_delta': True, 'use_rolling_mean': True, 'use_rolling_std': True}, 'mel_mfcc': {'windows': [5, 15], 'use_delta': True, 'use_abs_delta': False, 'use_rolling_mean': False, 'use_rolling_std': False}}, 'apply_video': {'vad_agg': {'windows': [5, 15, 25], 'use_delta': True, 'use_abs_delta': True, 'use_rolling_mean': True, 'use_rolling_std': True}, 'headpose_geom': {'windows': [5, 15, 25], 'use_delta': True, 'use_abs_delta': True, 'use_rolling_mean': True, 'use_rolling_std': True}, 'face_behavior': {'windows': [5, 15, 25], 'use_delta': True, 'use_abs_delta': True, 'use_rolling_mean': True, 'use_rolling_std': True}, 'body_pose': {'windows': [5, 15], 'use_delta': True, 'use_abs_delta': True, 'use_rolling_mean': False, 'use_rolling_std': True}, 'global_motion': {'windows': [5, 15], 'use_delta': False, 'use_abs_delta': True, 'use_rolling_mean': True, 'use_rolling_std': True}, 'qc_stats': {'windows': [15, 25], 'use_delta': False, 'use_abs_delta': False, 'use_rolling_mean': True, 'use_rolling_std': True}}, 'exclude': ['ssl_embed', 'vision_ssl_embed', 'egemaps']}}, 'audio_features': ['mel_mfcc', 'vad', 'egemaps', 'ssl_embed'], 'video_features': ['headpose_geom', 'face_behavior', 'qc_stats', 'vad_agg', 'body_pose', 'global_motion', 'vision_ssl_embed'], 'audio_ssl_model_tag': 'wav2vec2-chinese-xlsr', 'video_ssl_model_tag': 'dinov2-large', 'task': 'a1'}
2026-05-09 23:40:07 [INFO] Mask policy: and_core
2026-05-09 23:40:09 [INFO] [PreTCN] DynamicsAug enabled: True
2026-05-09 23:40:09 [INFO] [PreTCN] mode: selective_v2
2026-05-09 23:40:10 [INFO] [PreTCN]   audio[mel_mfcc]: {'windows': [5, 15], 'use_delta': True, 'use_abs_delta': False, 'use_rolling_mean': False, 'use_rolling_std': False}
2026-05-09 23:40:10 [INFO] [PreTCN]   audio[vad]: {'windows': [5, 15, 25], 'use_delta': True, 'use_abs_delta': True, 'use_rolling_mean': True, 'use_rolling_std': True}
2026-05-09 23:40:10 [INFO] [PreTCN]   video[body_pose]: {'windows': [5, 15], 'use_delta': True, 'use_abs_delta': True, 'use_rolling_mean': False, 'use_rolling_std': True}
2026-05-09 23:40:10 [INFO] [PreTCN]   video[face_behavior]: {'windows': [5, 15, 25], 'use_delta': True, 'use_abs_delta': True, 'use_rolling_mean': True, 'use_rolling_std': True}
2026-05-09 23:40:10 [INFO] [PreTCN]   video[global_motion]: {'windows': [5, 15], 'use_delta': False, 'use_abs_delta': True, 'use_rolling_mean': True, 'use_rolling_std': True}
2026-05-09 23:40:10 [INFO] [PreTCN]   video[headpose_geom]: {'windows': [5, 15, 25], 'use_delta': True, 'use_abs_delta': True, 'use_rolling_mean': True, 'use_rolling_std': True}
2026-05-09 23:40:10 [INFO] [PreTCN]   video[qc_stats]: {'windows': [15, 25], 'use_delta': False, 'use_abs_delta': False, 'use_rolling_mean': True, 'use_rolling_std': True}
2026-05-09 23:40:10 [INFO] [PreTCN]   video[vad_agg]: {'windows': [5, 15, 25], 'use_delta': True, 'use_abs_delta': True, 'use_rolling_mean': True, 'use_rolling_std': True}
2026-05-09 23:40:10 [INFO] [PreTCN] body_pose: 27 -> 135
2026-05-09 23:40:10 [INFO] [PreTCN] face_behavior: 5 -> 45
2026-05-09 23:40:10 [INFO] [PreTCN] global_motion: 4 -> 24
2026-05-09 23:40:10 [INFO] [PreTCN] headpose_geom: 5 -> 45
2026-05-09 23:40:10 [INFO] [PreTCN] mel_mfcc: 93 -> 186
2026-05-09 23:40:10 [INFO] [PreTCN] qc_stats: 4 -> 20
2026-05-09 23:40:10 [INFO] [PreTCN] vad: 1 -> 9
2026-05-09 23:40:10 [INFO] [PreTCN] vad_agg: 4 -> 36
2026-05-09 23:40:11 [INFO] Train: 4200 participants, Val: 600 participants
2026-05-09 23:40:11 [INFO] Preloading data into RAM ...
2026-05-10 01:04:37 [INFO] Preloaded 4200/4200 participants (53.9 GB in RAM)
2026-05-10 01:17:44 [INFO] Preloaded 600/600 participants (9.3 GB in RAM)
2026-05-10 01:17:44 [INFO] Preload done: 53.9G + 9.3G = 63.2G, took 1h 37m 33s
2026-05-10 01:17:44 [INFO] batch_size=32, num_workers=0
2026-05-10 01:17:45 [INFO] Model params: 5,580,517
2026-05-10 01:17:45 [INFO] AMP enabled (BF16)
2026-05-10 01:17:45 [INFO] pos_weight [D/A/S]: 1.91 / 1.59 / 2.60
2026-05-10 01:17:46 [INFO] Scheduler: warmup=1 -> cosine, total=30
2026-05-10 01:17:46 [INFO] Grad clip: 1.0
2026-05-10 01:17:46 [INFO] Session loss weight: 0.1
2026-05-10 01:17:46 [INFO] Session type loss weight: 0.15
2026-05-10 01:17:46 [INFO] EarlyStopping: patience=6, metric=primary, mode=max
2026-05-10 01:17:46 [INFO] Label smoothing: 0.0
2026-05-10 01:17:46 [INFO] Feature noise std: 0.0
2026-05-10 01:17:46 [INFO] Session drop prob: 0.0
2026-05-10 01:17:47 [INFO] ==========================================================================================
2026-05-10 01:17:47 [INFO]   Epoch  |    LR     | Train Loss | Val Loss | F1 raw | F1 sel |  AUROC | F1[D/A/S]       | Time
2026-05-10 01:17:47 [INFO] ==========================================================================================
2026-05-10 01:21:01 [INFO]     D: gt_pos=0.215 pred_pos=0.000 p_mean=0.320 P=0.000 R=0.000 F1=0.000
2026-05-10 01:21:01 [INFO]     A: gt_pos=0.283 pred_pos=0.000 p_mean=0.365 P=0.000 R=0.000 F1=0.000
2026-05-10 01:21:01 [INFO]     S: gt_pos=0.130 pred_pos=0.000 p_mean=0.248 P=0.000 R=0.000 F1=0.000
2026-05-10 01:21:01 [INFO]     Session-level variance (collapse metric): 0.001429
2026-05-10 01:21:01 [INFO]     calibrated F1=0.3486 via biases D=+0.80 A=+0.60 S=+1.10 (selected=calibrated)
2026-05-10 01:21:01 [INFO]     1/ 30 | 5.00e-04 |   1.0656   |  0.7531  | 0.0000 | 0.3486 | 0.5634 | 0.000/0.000/0.000 | 3m 13s ETA 1h 33m 51s VRAM 14.0G *
2026-05-10 01:21:01 [INFO]   >>> New best F1=0.3486 saved at epoch 1.
2026-05-10 01:24:09 [INFO]     D: gt_pos=0.215 pred_pos=0.023 p_mean=0.320 P=0.214 R=0.023 F1=0.042
2026-05-10 01:24:10 [INFO]     A: gt_pos=0.283 pred_pos=0.003 p_mean=0.336 P=0.000 R=0.000 F1=0.000
2026-05-10 01:24:10 [INFO]     S: gt_pos=0.130 pred_pos=0.000 p_mean=0.188 P=0.000 R=0.000 F1=0.000
2026-05-10 01:24:10 [INFO]     Session-level variance (collapse metric): 0.004076
2026-05-10 01:24:10 [INFO]     calibrated F1=0.4273 via biases D=+0.70 A=+0.70 S=+1.50 (selected=calibrated)
2026-05-10 01:24:11 [INFO]     2/ 30 | 4.99e-04 |   0.9503   |  0.7257  | 0.0140 | 0.4273 | 0.6745 | 0.042/0.000/0.000 | 3m 09s ETA 1h 29m 33s VRAM 14.0G *
2026-05-10 01:24:11 [INFO]   >>> New best F1=0.4273 saved at epoch 2.
2026-05-10 01:27:22 [INFO]     D: gt_pos=0.215 pred_pos=0.388 p_mean=0.401 P=0.343 R=0.620 F1=0.442
2026-05-10 01:27:22 [INFO]     A: gt_pos=0.283 pred_pos=0.460 p_mean=0.438 P=0.391 R=0.635 F1=0.484
2026-05-10 01:27:22 [INFO]     S: gt_pos=0.130 pred_pos=0.000 p_mean=0.277 P=0.000 R=0.000 F1=0.000
2026-05-10 01:27:22 [INFO]     Session-level variance (collapse metric): 0.002416
2026-05-10 01:27:22 [INFO]     calibrated F1=0.4377 via biases D=-0.20 A=+1.00 S=+0.50 (selected=calibrated)
2026-05-10 01:27:22 [INFO]     3/ 30 | 4.94e-04 |   0.8983   |  0.7132  | 0.3088 | 0.4377 | 0.6905 | 0.442/0.484/0.000 | 3m 10s ETA 1h 26m 17s VRAM 14.0G *
2026-05-10 01:27:22 [INFO]   >>> New best F1=0.4377 saved at epoch 3.
2026-05-10 01:30:46 [INFO]     D: gt_pos=0.215 pred_pos=0.180 p_mean=0.400 P=0.370 R=0.310 F1=0.338
2026-05-10 01:30:46 [INFO]     A: gt_pos=0.283 pred_pos=0.180 p_mean=0.402 P=0.426 R=0.271 F1=0.331
2026-05-10 01:30:46 [INFO]     S: gt_pos=0.130 pred_pos=0.000 p_mean=0.279 P=0.000 R=0.000 F1=0.000
2026-05-10 01:30:46 [INFO]     Session-level variance (collapse metric): 0.002236
2026-05-10 01:30:46 [INFO]     calibrated F1=0.4262 via biases D=+0.20 A=+0.30 S=+0.90 (selected=calibrated)
2026-05-10 01:30:46 [INFO]     4/ 30 | 4.87e-04 |   0.8461   |  0.7078  | 0.2228 | 0.4262 | 0.6748 | 0.338/0.331/0.000 | 3m 23s ETA 1h 24m 28s VRAM 14.0G
2026-05-10 01:34:14 [INFO]     D: gt_pos=0.215 pred_pos=0.428 p_mean=0.409 P=0.327 R=0.651 F1=0.435
2026-05-10 01:34:14 [INFO]     A: gt_pos=0.283 pred_pos=0.467 p_mean=0.445 P=0.389 R=0.641 F1=0.484
2026-05-10 01:34:14 [INFO]     S: gt_pos=0.130 pred_pos=0.350 p_mean=0.357 P=0.229 R=0.615 F1=0.333
2026-05-10 01:34:14 [INFO]     Session-level variance (collapse metric): 0.002854
2026-05-10 01:34:14 [INFO]     calibrated F1=0.4334 via biases D=+0.40 A=+0.20 S=+0.00 (selected=calibrated)
2026-05-10 01:34:14 [INFO]     5/ 30 | 4.77e-04 |   0.8092   |  0.7119  | 0.4177 | 0.4334 | 0.6932 | 0.435/0.484/0.333 | 3m 27s ETA 1h 22m 16s VRAM 14.0G
2026-05-10 01:37:38 [INFO]     D: gt_pos=0.215 pred_pos=0.042 p_mean=0.226 P=0.440 R=0.085 F1=0.143
2026-05-10 01:37:38 [INFO]     A: gt_pos=0.283 pred_pos=0.122 p_mean=0.278 P=0.452 R=0.194 F1=0.272
2026-05-10 01:37:38 [INFO]     S: gt_pos=0.130 pred_pos=0.000 p_mean=0.184 P=0.000 R=0.000 F1=0.000
2026-05-10 01:37:38 [INFO]     Session-level variance (collapse metric): 0.002416
2026-05-10 01:37:38 [INFO]     calibrated F1=0.4469 via biases D=+1.70 A=+1.20 S=+1.40 (selected=calibrated)
2026-05-10 01:37:38 [INFO]     6/ 30 | 4.64e-04 |   0.7840   |  0.7162  | 0.1382 | 0.4469 | 0.7093 | 0.143/0.272/0.000 | 3m 24s ETA 1h 19m 25s VRAM 14.0G *
2026-05-10 01:37:39 [INFO]   >>> New best F1=0.4469 saved at epoch 6.
2026-05-10 01:41:05 [INFO]     D: gt_pos=0.215 pred_pos=0.162 p_mean=0.279 P=0.381 R=0.287 F1=0.327
2026-05-10 01:41:05 [INFO]     A: gt_pos=0.283 pred_pos=0.268 p_mean=0.301 P=0.453 R=0.429 F1=0.441
2026-05-10 01:41:05 [INFO]     S: gt_pos=0.130 pred_pos=0.083 p_mean=0.243 P=0.300 R=0.192 F1=0.234
2026-05-10 01:41:05 [INFO]     Session-level variance (collapse metric): 0.002747
2026-05-10 01:41:05 [INFO]     calibrated F1=0.4510 via biases D=+0.90 A=+0.90 S=+0.60 (selected=calibrated)
2026-05-10 01:41:05 [INFO]     7/ 30 | 4.49e-04 |   0.8001   |  0.7194  | 0.3343 | 0.4510 | 0.7043 | 0.327/0.441/0.234 | 3m 26s ETA 1h 16m 35s VRAM 14.0G *
2026-05-10 01:41:06 [INFO]   >>> New best F1=0.4510 saved at epoch 7.
2026-05-10 01:44:20 [INFO]     D: gt_pos=0.215 pred_pos=0.330 p_mean=0.359 P=0.343 R=0.527 F1=0.416
2026-05-10 01:44:20 [INFO]     A: gt_pos=0.283 pred_pos=0.375 p_mean=0.419 P=0.400 R=0.529 F1=0.456
2026-05-10 01:44:20 [INFO]     S: gt_pos=0.130 pred_pos=0.000 p_mean=0.271 P=0.000 R=0.000 F1=0.000
2026-05-10 01:44:20 [INFO]     Session-level variance (collapse metric): 0.001147
2026-05-10 01:44:20 [INFO]     calibrated F1=0.4292 via biases D=+0.40 A=+0.30 S=+0.40 (selected=calibrated)
2026-05-10 01:44:20 [INFO]     8/ 30 | 4.32e-04 |   0.7778   |  0.7033  | 0.2905 | 0.4292 | 0.6841 | 0.416/0.456/0.000 | 3m 14s ETA 1h 13m 02s VRAM 14.0G
2026-05-10 01:47:17 [INFO]     D: gt_pos=0.215 pred_pos=0.023 p_mean=0.305 P=0.286 R=0.031 F1=0.056
2026-05-10 01:47:17 [INFO]     A: gt_pos=0.283 pred_pos=0.107 p_mean=0.358 P=0.547 R=0.206 F1=0.299
2026-05-10 01:47:18 [INFO]     S: gt_pos=0.130 pred_pos=0.000 p_mean=0.226 P=0.000 R=0.000 F1=0.000
2026-05-10 01:47:18 [INFO]     Session-level variance (collapse metric): 0.001174
2026-05-10 01:47:18 [INFO]     calibrated F1=0.4257 via biases D=+0.80 A=+0.90 S=+1.10 (selected=calibrated)
2026-05-10 01:47:18 [INFO]     9/ 30 | 4.12e-04 |   0.7727   |  0.7063  | 0.1184 | 0.4257 | 0.6879 | 0.056/0.299/0.000 | 2m 57s ETA 1h 08m 53s VRAM 14.0G
2026-05-10 01:50:25 [INFO]     D: gt_pos=0.215 pred_pos=0.198 p_mean=0.288 P=0.353 R=0.326 F1=0.339
2026-05-10 01:50:25 [INFO]     A: gt_pos=0.283 pred_pos=0.252 p_mean=0.338 P=0.430 R=0.382 F1=0.405
2026-05-10 01:50:25 [INFO]     S: gt_pos=0.130 pred_pos=0.135 p_mean=0.229 P=0.284 R=0.295 F1=0.289
2026-05-10 01:50:25 [INFO]     Session-level variance (collapse metric): 0.004997
2026-05-10 01:50:25 [INFO]     calibrated F1=0.4370 via biases D=+1.30 A=+1.40 S=+1.70 (selected=calibrated)
2026-05-10 01:50:25 [INFO]    10/ 30 | 3.91e-04 |   0.7649   |  0.7114  | 0.3443 | 0.4370 | 0.6991 | 0.339/0.405/0.289 | 3m 06s ETA 1h 05m 17s VRAM 14.0G
2026-05-10 01:53:41 [INFO]     D: gt_pos=0.215 pred_pos=0.087 p_mean=0.229 P=0.442 R=0.178 F1=0.254
2026-05-10 01:53:41 [INFO]     A: gt_pos=0.283 pred_pos=0.130 p_mean=0.295 P=0.449 R=0.206 F1=0.282
2026-05-10 01:53:41 [INFO]     S: gt_pos=0.130 pred_pos=0.017 p_mean=0.168 P=0.300 R=0.038 F1=0.068
2026-05-10 01:53:41 [INFO]     Session-level variance (collapse metric): 0.002321
2026-05-10 01:53:41 [INFO]     calibrated F1=0.4530 via biases D=+1.10 A=+1.20 S=+1.30 (selected=calibrated)
2026-05-10 01:53:41 [INFO]    11/ 30 | 3.67e-04 |   0.7575   |  0.7120  | 0.2015 | 0.4530 | 0.7169 | 0.254/0.282/0.068 | 3m 15s ETA 1h 02m 01s VRAM 14.0G *
2026-05-10 01:53:41 [INFO]   >>> New best F1=0.4530 saved at epoch 11.
2026-05-10 01:57:06 [INFO]     D: gt_pos=0.215 pred_pos=0.127 p_mean=0.254 P=0.408 R=0.240 F1=0.302
2026-05-10 01:57:06 [INFO]     A: gt_pos=0.283 pred_pos=0.198 p_mean=0.303 P=0.479 R=0.335 F1=0.394
2026-05-10 01:57:06 [INFO]     S: gt_pos=0.130 pred_pos=0.023 p_mean=0.191 P=0.214 R=0.038 F1=0.065
2026-05-10 01:57:06 [INFO]     Session-level variance (collapse metric): 0.003551
2026-05-10 01:57:06 [INFO]     calibrated F1=0.4432 via biases D=+0.90 A=+1.10 S=+1.30 (selected=calibrated)
2026-05-10 01:57:06 [INFO]    12/ 30 | 3.43e-04 |   0.7562   |  0.7018  | 0.2540 | 0.4432 | 0.7116 | 0.302/0.394/0.065 | 3m 24s ETA 58m 59s VRAM 14.0G
2026-05-10 02:00:28 [INFO]     D: gt_pos=0.215 pred_pos=0.330 p_mean=0.366 P=0.374 R=0.574 F1=0.453
2026-05-10 02:00:28 [INFO]     A: gt_pos=0.283 pred_pos=0.400 p_mean=0.432 P=0.412 R=0.582 F1=0.483
2026-05-10 02:00:28 [INFO]     S: gt_pos=0.130 pred_pos=0.065 p_mean=0.296 P=0.231 R=0.115 F1=0.154
2026-05-10 02:00:29 [INFO]     Session-level variance (collapse metric): 0.002473
2026-05-10 02:00:29 [INFO]     calibrated F1=0.4355 via biases D=+0.10 A=+0.30 S=+0.70 (selected=calibrated)
2026-05-10 02:00:29 [INFO]    13/ 30 | 3.17e-04 |   0.7448   |  0.6917  | 0.3631 | 0.4355 | 0.6984 | 0.453/0.483/0.154 | 3m 22s ETA 55m 50s VRAM 14.0G
2026-05-10 02:03:52 [INFO]     D: gt_pos=0.215 pred_pos=0.222 p_mean=0.292 P=0.383 R=0.395 F1=0.389
2026-05-10 02:03:52 [INFO]     A: gt_pos=0.283 pred_pos=0.288 p_mean=0.344 P=0.439 R=0.447 F1=0.443
2026-05-10 02:03:52 [INFO]     S: gt_pos=0.130 pred_pos=0.172 p_mean=0.236 P=0.223 R=0.295 F1=0.254
2026-05-10 02:03:52 [INFO]     Session-level variance (collapse metric): 0.007583
2026-05-10 02:03:52 [INFO]     calibrated F1=0.4298 via biases D=+1.40 A=+0.90 S=+1.00 (selected=calibrated)
2026-05-10 02:03:52 [INFO]    14/ 30 | 2.91e-04 |   0.7372   |  0.7381  | 0.3622 | 0.4298 | 0.6889 | 0.389/0.443/0.254 | 3m 23s ETA 52m 40s VRAM 14.0G
2026-05-10 02:07:15 [INFO]     D: gt_pos=0.215 pred_pos=0.088 p_mean=0.183 P=0.434 R=0.178 F1=0.253
2026-05-10 02:07:15 [INFO]     A: gt_pos=0.283 pred_pos=0.108 p_mean=0.232 P=0.477 R=0.182 F1=0.264
2026-05-10 02:07:15 [INFO]     S: gt_pos=0.130 pred_pos=0.030 p_mean=0.123 P=0.389 R=0.090 F1=0.146
2026-05-10 02:07:15 [INFO]     Session-level variance (collapse metric): 0.006335
2026-05-10 02:07:15 [INFO]     calibrated F1=0.4366 via biases D=+1.60 A=+2.00 S=+2.60 (selected=calibrated)
2026-05-10 02:07:15 [INFO]    15/ 30 | 2.64e-04 |   0.7241   |  0.8075  | 0.2208 | 0.4366 | 0.6974 | 0.253/0.264/0.146 | 3m 23s ETA 49m 28s VRAM 14.0G
2026-05-10 02:10:24 [INFO]     D: gt_pos=0.215 pred_pos=0.265 p_mean=0.289 P=0.384 R=0.473 F1=0.424
2026-05-10 02:10:24 [INFO]     A: gt_pos=0.283 pred_pos=0.335 p_mean=0.360 P=0.433 R=0.512 F1=0.469
2026-05-10 02:10:25 [INFO]     S: gt_pos=0.130 pred_pos=0.187 p_mean=0.243 P=0.232 R=0.333 F1=0.274
2026-05-10 02:10:25 [INFO]     Session-level variance (collapse metric): 0.007131
2026-05-10 02:10:25 [INFO]     calibrated F1=0.4301 via biases D=+0.20 A=+1.60 S=+0.30 (selected=calibrated)
2026-05-10 02:10:25 [INFO]    16/ 30 | 2.37e-04 |   0.7221   |  0.7211  | 0.3888 | 0.4301 | 0.6992 | 0.424/0.469/0.274 | 3m 09s ETA 46m 03s VRAM 14.0G
2026-05-10 02:13:31 [INFO]     D: gt_pos=0.215 pred_pos=0.110 p_mean=0.290 P=0.424 R=0.217 F1=0.287
2026-05-10 02:13:31 [INFO]     A: gt_pos=0.283 pred_pos=0.200 p_mean=0.357 P=0.442 R=0.312 F1=0.366
2026-05-10 02:13:31 [INFO]     S: gt_pos=0.130 pred_pos=0.050 p_mean=0.212 P=0.267 R=0.103 F1=0.148
2026-05-10 02:13:31 [INFO]     Session-level variance (collapse metric): 0.003647
2026-05-10 02:13:31 [INFO]     calibrated F1=0.4387 via biases D=+0.90 A=+0.80 S=+1.30 (selected=calibrated)
2026-05-10 02:13:31 [INFO]    17/ 30 | 2.10e-04 |   0.7081   |  0.6893  | 0.2669 | 0.4387 | 0.7006 | 0.287/0.366/0.148 | 3m 05s ETA 42m 37s VRAM 14.0G
2026-05-10 02:13:31 [INFO]   EarlyStopping triggered at epoch 17 (patience=6, metric=primary)
2026-05-10 02:13:31 [INFO] ==========================================================================================
2026-05-10 02:13:31 [INFO] Training complete. Best F1=0.4530, time=55m 44s
2026-05-10 02:13:31 [INFO] Loading best checkpoint for submission generation ...
2026-05-10 02:13:31 [INFO] Submission level: participant
2026-05-10 02:13:31 [INFO] Decode method: auto
2026-05-10 02:13:31 [INFO] Calibrating per-task bias offsets on val ...
2026-05-10 02:13:48 [INFO]   D: bias=+1.10  F1_cal=0.4731
2026-05-10 02:13:48 [INFO]   A: bias=+1.20  F1_cal=0.5165
2026-05-10 02:13:48 [INFO]   S: bias=+1.30  F1_cal=0.3695
2026-05-10 02:13:49 [INFO]   Mean calibrated F1: 0.4530 (vs selected best: 0.4530, raw best: 0.2015)
2026-05-10 02:13:49 [INFO] Skipping submission generation after training; use infer.py for release inference.
2026-05-10 02:13:49 [INFO] Run complete: a1__grouped__mtcn__a-base-mel_mfcc+vad+egemaps__a-ssl-wav2vec2-chinese-xlsr__v-base-headpose+facebeh+qc+vadagg+bodypose+globmot__v-ssl-dinov2-large__mask-andcore__pw_biascalib__seed42__20260509_234006
2026-05-10 02:13:49 [INFO] Output dir: /home/adodas/AdoDAS2026_3/outputs/a1/runs/a1__grouped__mtcn__a-base-mel_mfcc+vad+egemaps__a-ssl-wav2vec2-chinese-xlsr__v-base-headpose+facebeh+qc+vadagg+bodypose+globmot__v-ssl-dinov2-large__mask-andcore__pw_biascalib__seed42__20260509_234006
