2026-05-02 19:05:51 [INFO] Logging to /home/adodas/AdoDAS2026/outputs/a1/runs/a1__grouped__mtcn__a-base-mel_mfcc+vad+egemaps__a-ssl-wav2vec2-chinese-xlsr__v-base-headpose+facebeh+qc+vadagg__v-ssl-dinov2-large__mask-andcore__pw_biascalib__seed42__20260502_190551/logs/train_grouped_a1_20260502_190551.log
2026-05-02 19:05:51 [INFO] Device: cuda
2026-05-02 19:05:51 [INFO] Task: a1
2026-05-02 19:05:51 [INFO] Run name: a1__grouped__mtcn__a-base-mel_mfcc+vad+egemaps__a-ssl-wav2vec2-chinese-xlsr__v-base-headpose+facebeh+qc+vadagg__v-ssl-dinov2-large__mask-andcore__pw_biascalib__seed42__20260502_190551
2026-05-02 19:05:51 [INFO] Config: {'feature_root': '/home/adodas/dataset', 'manifest_dir': '/home/adodas/dataset/manifests', 'output_dir': '/home/adodas/AdoDAS2026/outputs/a1', 'mask_policy': 'and_core', 'core_audio': ['mel_mfcc', 'ssl_embed'], 'core_video': ['vision_ssl_embed', 'qc_stats'], 'd_adapter': 64, 'd_model': 256, 'tcn_layers': 6, 'tcn_kernel_size': 3, 'asp_alpha': 0.5, 'asp_beta': 0.5, 'dropout': 0.2, 'd_shared': 256, 'aggregator': 'mlp', 'batch_size': 32, 'lr': 0.0005, 'weight_decay': 0.01, 'warmup_epochs': 1, 'epochs': 30, 'seed': 42, 'num_workers': 8, 'amp': True, 'preload': True, 'grad_clip': 1.0, 'use_pos_weight': True, 'patience': 6, 'session_loss_weight': 0.2, 'session_type_loss_weight': 0.15, 'submission_level': 'participant', 'decode_method': 'auto', 'label_smoothing': 0.0, 'feature_noise_std': 0.0, 'session_drop_prob': 0.0, 'early_stop_metric': 'primary', 'audio_features': ['mel_mfcc', 'vad', 'egemaps', 'ssl_embed'], 'video_features': ['headpose_geom', 'face_behavior', 'qc_stats', 'vad_agg', 'vision_ssl_embed'], 'audio_ssl_model_tag': 'wav2vec2-chinese-xlsr', 'video_ssl_model_tag': 'dinov2-large', 'task': 'a1'}
2026-05-02 19:05:51 [INFO] Mask policy: and_core
2026-05-02 19:05:51 [INFO] Pre-TCN mask channel: add=False, mask_scope=all
2026-05-02 19:05:53 [INFO] Train: 4200 participants, Val: 600 participants
2026-05-02 19:05:53 [INFO] Preloading data into RAM ...
2026-05-02 19:14:31 [INFO] Preloaded 4200/4200 participants (45.7 GB in RAM)
2026-05-02 19:16:13 [INFO] Preloaded 600/600 participants (7.9 GB in RAM)
2026-05-02 19:16:13 [INFO] Preload done: 45.7G + 7.9G = 53.6G, took 10m 19s
2026-05-02 19:16:13 [INFO] batch_size=32, num_workers=0
2026-05-02 19:16:13 [INFO] Model params: 5,522,013
2026-05-02 19:16:13 [INFO] AMP enabled (BF16)
2026-05-02 19:16:13 [INFO] pos_weight [D/A/S]: 1.91 / 1.59 / 2.60
2026-05-02 19:16:14 [INFO] Scheduler: warmup=1 -> cosine, total=30
2026-05-02 19:16:14 [INFO] Grad clip: 1.0
2026-05-02 19:16:14 [INFO] Session loss weight: 0.2
2026-05-02 19:16:14 [INFO] Session type loss weight: 0.15
2026-05-02 19:16:14 [INFO] EarlyStopping: patience=6, metric=primary, mode=max
2026-05-02 19:16:14 [INFO] Label smoothing: 0.0
2026-05-02 19:16:14 [INFO] Feature noise std: 0.0
2026-05-02 19:16:14 [INFO] Session drop prob: 0.0
2026-05-02 19:16:14 [INFO] ==========================================================================================
2026-05-02 19:16:14 [INFO]   Epoch  |    LR     | Train Loss | Val Loss | F1 raw | F1 sel |  AUROC | F1[D/A/S]       | Time
2026-05-02 19:16:14 [INFO] ==========================================================================================
2026-05-02 19:16:37 [INFO]     heartbeat epoch=1/30 step=20/131 loss=0.7239 avg=1.1895 elapsed=0m 22s
2026-05-02 19:16:56 [INFO]     heartbeat epoch=1/30 step=40/131 loss=1.1778 avg=1.1821 elapsed=0m 41s
2026-05-02 19:17:14 [INFO]     heartbeat epoch=1/30 step=60/131 loss=1.3217 avg=1.1795 elapsed=0m 59s
2026-05-02 19:17:33 [INFO]     heartbeat epoch=1/30 step=80/131 loss=1.0568 avg=1.1501 elapsed=1m 18s
2026-05-02 19:17:52 [INFO]     heartbeat epoch=1/30 step=100/131 loss=1.0995 avg=1.1418 elapsed=1m 37s
2026-05-02 19:18:11 [INFO]     heartbeat epoch=1/30 step=120/131 loss=1.3059 avg=1.1417 elapsed=1m 56s
2026-05-02 19:18:34 [INFO]     D: gt_pos=0.215 pred_pos=0.000 p_mean=0.334 P=0.000 R=0.000 F1=0.000
2026-05-02 19:18:34 [INFO]     A: gt_pos=0.283 pred_pos=0.000 p_mean=0.362 P=0.000 R=0.000 F1=0.000
2026-05-02 19:18:34 [INFO]     S: gt_pos=0.130 pred_pos=0.000 p_mean=0.222 P=0.000 R=0.000 F1=0.000
2026-05-02 19:18:34 [INFO]     Session-level variance (collapse metric): 0.000660
2026-05-02 19:18:34 [INFO]     calibrated F1=0.3680 via biases D=+0.70 A=+0.60 S=+1.30 (selected=calibrated)
2026-05-02 19:18:34 [INFO]     1/ 30 | 5.00e-04 |   1.1416   |  0.7505  | 0.0000 | 0.3680 | 0.6256 | 0.000/0.000/0.000 | 2m 19s ETA 1h 07m 22s VRAM 13.4G *
2026-05-02 19:18:34 [INFO]   >>> New best F1=0.3680 saved at epoch 1.
2026-05-02 19:18:53 [INFO]     heartbeat epoch=2/30 step=20/131 loss=1.0514 avg=1.0637 elapsed=0m 18s
2026-05-02 19:19:11 [INFO]     heartbeat epoch=2/30 step=40/131 loss=1.0273 avg=1.0682 elapsed=0m 36s
2026-05-02 19:19:29 [INFO]     heartbeat epoch=2/30 step=60/131 loss=1.0497 avg=1.0782 elapsed=0m 55s
2026-05-02 19:19:48 [INFO]     heartbeat epoch=2/30 step=80/131 loss=1.1314 avg=1.0573 elapsed=1m 13s
2026-05-02 19:20:06 [INFO]     heartbeat epoch=2/30 step=100/131 loss=1.0195 avg=1.0429 elapsed=1m 32s
2026-05-02 19:20:24 [INFO]     heartbeat epoch=2/30 step=120/131 loss=0.7011 avg=1.0339 elapsed=1m 50s
2026-05-02 19:20:47 [INFO]     D: gt_pos=0.215 pred_pos=0.000 p_mean=0.258 P=0.000 R=0.000 F1=0.000
2026-05-02 19:20:47 [INFO]     A: gt_pos=0.283 pred_pos=0.108 p_mean=0.345 P=0.400 R=0.153 F1=0.221
2026-05-02 19:20:47 [INFO]     S: gt_pos=0.130 pred_pos=0.000 p_mean=0.217 P=0.000 R=0.000 F1=0.000
2026-05-02 19:20:47 [INFO]     Session-level variance (collapse metric): 0.005528
2026-05-02 19:20:47 [INFO]     calibrated F1=0.4197 via biases D=+1.20 A=+1.10 S=+1.00 (selected=calibrated)
2026-05-02 19:20:47 [INFO]     2/ 30 | 4.99e-04 |   1.0289   |  0.7178  | 0.0738 | 0.4197 | 0.6656 | 0.000/0.221/0.000 | 2m 12s ETA 1h 03m 33s VRAM 13.4G *
2026-05-02 19:20:47 [INFO]   >>> New best F1=0.4197 saved at epoch 2.
2026-05-02 19:21:06 [INFO]     heartbeat epoch=3/30 step=20/131 loss=0.8207 avg=0.9188 elapsed=0m 18s
2026-05-02 19:21:24 [INFO]     heartbeat epoch=3/30 step=40/131 loss=1.0911 avg=0.9718 elapsed=0m 36s
2026-05-02 19:21:42 [INFO]     heartbeat epoch=3/30 step=60/131 loss=0.7795 avg=0.9611 elapsed=0m 54s
2026-05-02 19:22:01 [INFO]     heartbeat epoch=3/30 step=80/131 loss=0.8649 avg=0.9639 elapsed=1m 13s
2026-05-02 19:22:19 [INFO]     heartbeat epoch=3/30 step=100/131 loss=0.8559 avg=0.9704 elapsed=1m 31s
2026-05-02 19:22:37 [INFO]     heartbeat epoch=3/30 step=120/131 loss=0.9974 avg=0.9830 elapsed=1m 49s
2026-05-02 19:23:00 [INFO]     D: gt_pos=0.215 pred_pos=0.000 p_mean=0.305 P=0.000 R=0.000 F1=0.000
2026-05-02 19:23:00 [INFO]     A: gt_pos=0.283 pred_pos=0.142 p_mean=0.360 P=0.400 R=0.200 F1=0.267
2026-05-02 19:23:00 [INFO]     S: gt_pos=0.130 pred_pos=0.000 p_mean=0.225 P=0.000 R=0.000 F1=0.000
2026-05-02 19:23:00 [INFO]     Session-level variance (collapse metric): 0.003017
2026-05-02 19:23:00 [INFO]     calibrated F1=0.4252 via biases D=+0.40 A=+0.80 S=+0.80 (selected=calibrated)
2026-05-02 19:23:00 [INFO]     3/ 30 | 4.94e-04 |   0.9778   |  0.7010  | 0.0889 | 0.4252 | 0.6833 | 0.000/0.267/0.000 | 2m 12s ETA 1h 00m 47s VRAM 13.4G *
2026-05-02 19:23:00 [INFO]   >>> New best F1=0.4252 saved at epoch 3.
2026-05-02 19:23:18 [INFO]     heartbeat epoch=4/30 step=20/131 loss=0.9998 avg=0.9835 elapsed=0m 18s
2026-05-02 19:23:37 [INFO]     heartbeat epoch=4/30 step=40/131 loss=1.1709 avg=0.9530 elapsed=0m 36s
2026-05-02 19:23:55 [INFO]     heartbeat epoch=4/30 step=60/131 loss=1.1847 avg=0.9663 elapsed=0m 54s
2026-05-02 19:24:13 [INFO]     heartbeat epoch=4/30 step=80/131 loss=1.2077 avg=0.9608 elapsed=1m 12s
2026-05-02 19:24:32 [INFO]     heartbeat epoch=4/30 step=100/131 loss=0.8897 avg=0.9686 elapsed=1m 31s
2026-05-02 19:24:50 [INFO]     heartbeat epoch=4/30 step=120/131 loss=0.7319 avg=0.9651 elapsed=1m 49s
2026-05-02 19:25:12 [INFO]     D: gt_pos=0.215 pred_pos=0.212 p_mean=0.329 P=0.339 R=0.333 F1=0.336
2026-05-02 19:25:12 [INFO]     A: gt_pos=0.283 pred_pos=0.242 p_mean=0.384 P=0.379 R=0.324 F1=0.349
2026-05-02 19:25:12 [INFO]     S: gt_pos=0.130 pred_pos=0.000 p_mean=0.240 P=0.000 R=0.000 F1=0.000
2026-05-02 19:25:12 [INFO]     Session-level variance (collapse metric): 0.003219
2026-05-02 19:25:12 [INFO]     calibrated F1=0.4457 via biases D=+0.60 A=+0.40 S=+0.90 (selected=calibrated)
2026-05-02 19:25:12 [INFO]     4/ 30 | 4.87e-04 |   0.9627   |  0.6974  | 0.2284 | 0.4457 | 0.6816 | 0.336/0.349/0.000 | 2m 12s ETA 58m 16s VRAM 13.4G *
2026-05-02 19:25:13 [INFO]   >>> New best F1=0.4457 saved at epoch 4.
2026-05-02 19:25:31 [INFO]     heartbeat epoch=5/30 step=20/131 loss=1.0644 avg=0.8648 elapsed=0m 18s
2026-05-02 19:25:50 [INFO]     heartbeat epoch=5/30 step=40/131 loss=0.7975 avg=0.8770 elapsed=0m 36s
2026-05-02 19:26:08 [INFO]     heartbeat epoch=5/30 step=60/131 loss=0.8853 avg=0.8839 elapsed=0m 55s
2026-05-02 19:26:27 [INFO]     heartbeat epoch=5/30 step=80/131 loss=0.7992 avg=0.8873 elapsed=1m 13s
2026-05-02 19:26:45 [INFO]     heartbeat epoch=5/30 step=100/131 loss=1.0292 avg=0.9000 elapsed=1m 32s
2026-05-02 19:27:03 [INFO]     heartbeat epoch=5/30 step=120/131 loss=1.0130 avg=0.8995 elapsed=1m 50s
2026-05-02 19:27:26 [INFO]     D: gt_pos=0.215 pred_pos=0.000 p_mean=0.252 P=0.000 R=0.000 F1=0.000
2026-05-02 19:27:26 [INFO]     A: gt_pos=0.283 pred_pos=0.015 p_mean=0.353 P=0.556 R=0.029 F1=0.056
2026-05-02 19:27:26 [INFO]     S: gt_pos=0.130 pred_pos=0.000 p_mean=0.191 P=0.000 R=0.000 F1=0.000
2026-05-02 19:27:26 [INFO]     Session-level variance (collapse metric): 0.001780
2026-05-02 19:27:26 [INFO]     calibrated F1=0.4297 via biases D=+1.10 A=+0.70 S=+1.40 (selected=calibrated)
2026-05-02 19:27:26 [INFO]     5/ 30 | 4.77e-04 |   0.8966   |  0.7167  | 0.0186 | 0.4297 | 0.6834 | 0.000/0.056/0.000 | 2m 13s ETA 55m 57s VRAM 13.4G
2026-05-02 19:27:44 [INFO]     heartbeat epoch=6/30 step=20/131 loss=0.9567 avg=0.9307 elapsed=0m 18s
2026-05-02 19:28:03 [INFO]     heartbeat epoch=6/30 step=40/131 loss=1.0809 avg=0.8991 elapsed=0m 36s
2026-05-02 19:28:21 [INFO]     heartbeat epoch=6/30 step=60/131 loss=0.9910 avg=0.8824 elapsed=0m 55s
2026-05-02 19:28:39 [INFO]     heartbeat epoch=6/30 step=80/131 loss=0.8022 avg=0.8818 elapsed=1m 13s
2026-05-02 19:28:58 [INFO]     heartbeat epoch=6/30 step=100/131 loss=0.7605 avg=0.8645 elapsed=1m 32s
2026-05-02 19:29:17 [INFO]     heartbeat epoch=6/30 step=120/131 loss=0.8484 avg=0.8592 elapsed=1m 50s
2026-05-02 19:29:39 [INFO]     D: gt_pos=0.215 pred_pos=0.357 p_mean=0.399 P=0.350 R=0.581 F1=0.437
2026-05-02 19:29:39 [INFO]     A: gt_pos=0.283 pred_pos=0.397 p_mean=0.416 P=0.395 R=0.553 F1=0.461
2026-05-02 19:29:39 [INFO]     S: gt_pos=0.130 pred_pos=0.000 p_mean=0.285 P=0.000 R=0.000 F1=0.000
2026-05-02 19:29:39 [INFO]     Session-level variance (collapse metric): 0.001799
2026-05-02 19:29:39 [INFO]     calibrated F1=0.4328 via biases D=+0.20 A=+0.20 S=+0.50 (selected=calibrated)
2026-05-02 19:29:39 [INFO]     6/ 30 | 4.64e-04 |   0.8594   |  0.7000  | 0.2994 | 0.4328 | 0.6917 | 0.437/0.461/0.000 | 2m 13s ETA 53m 40s VRAM 13.4G
2026-05-02 19:29:58 [INFO]     heartbeat epoch=7/30 step=20/131 loss=0.6907 avg=0.8289 elapsed=0m 18s
2026-05-02 19:30:17 [INFO]     heartbeat epoch=7/30 step=40/131 loss=0.8534 avg=0.8073 elapsed=0m 37s
2026-05-02 19:30:35 [INFO]     heartbeat epoch=7/30 step=60/131 loss=0.7231 avg=0.8077 elapsed=0m 55s
2026-05-02 19:30:54 [INFO]     heartbeat epoch=7/30 step=80/131 loss=1.0285 avg=0.8256 elapsed=1m 14s
2026-05-02 19:31:12 [INFO]     heartbeat epoch=7/30 step=100/131 loss=0.6878 avg=0.8287 elapsed=1m 32s
2026-05-02 19:31:31 [INFO]     heartbeat epoch=7/30 step=120/131 loss=1.0196 avg=0.8449 elapsed=1m 51s
2026-05-02 19:31:53 [INFO]     D: gt_pos=0.215 pred_pos=0.548 p_mean=0.475 P=0.295 R=0.752 F1=0.424
2026-05-02 19:31:53 [INFO]     A: gt_pos=0.283 pred_pos=0.620 p_mean=0.531 P=0.360 R=0.788 F1=0.494
2026-05-02 19:31:53 [INFO]     S: gt_pos=0.130 pred_pos=0.305 p_mean=0.366 P=0.230 R=0.538 F1=0.322
2026-05-02 19:31:53 [INFO]     Session-level variance (collapse metric): 0.002885
2026-05-02 19:31:53 [INFO]     calibrated F1=0.4295 via biases D=-0.40 A=-0.10 S=+0.10 (selected=calibrated)
2026-05-02 19:31:53 [INFO]     7/ 30 | 4.49e-04 |   0.8481   |  0.7514  | 0.4133 | 0.4295 | 0.6875 | 0.424/0.494/0.322 | 2m 13s ETA 51m 24s VRAM 13.4G
2026-05-02 19:32:12 [INFO]     heartbeat epoch=8/30 step=20/131 loss=0.7335 avg=0.8337 elapsed=0m 18s
2026-05-02 19:32:30 [INFO]     heartbeat epoch=8/30 step=40/131 loss=0.7660 avg=0.8378 elapsed=0m 36s
2026-05-02 19:32:48 [INFO]     heartbeat epoch=8/30 step=60/131 loss=0.5972 avg=0.8394 elapsed=0m 55s
2026-05-02 19:33:07 [INFO]     heartbeat epoch=8/30 step=80/131 loss=0.5315 avg=0.8250 elapsed=1m 13s
2026-05-02 19:33:25 [INFO]     heartbeat epoch=8/30 step=100/131 loss=0.9609 avg=0.8378 elapsed=1m 31s
2026-05-02 19:33:43 [INFO]     heartbeat epoch=8/30 step=120/131 loss=0.7174 avg=0.8422 elapsed=1m 49s
2026-05-02 19:34:05 [INFO]     D: gt_pos=0.215 pred_pos=0.362 p_mean=0.421 P=0.346 R=0.581 F1=0.434
2026-05-02 19:34:05 [INFO]     A: gt_pos=0.283 pred_pos=0.390 p_mean=0.432 P=0.419 R=0.576 F1=0.485
2026-05-02 19:34:05 [INFO]     S: gt_pos=0.130 pred_pos=0.017 p_mean=0.307 P=0.200 R=0.026 F1=0.045
2026-05-02 19:34:05 [INFO]     Session-level variance (collapse metric): 0.002062
2026-05-02 19:34:05 [INFO]     calibrated F1=0.4264 via biases D=+0.20 A=+0.40 S=+0.60 (selected=calibrated)
2026-05-02 19:34:05 [INFO]     8/ 30 | 4.32e-04 |   0.8445   |  0.7127  | 0.3214 | 0.4264 | 0.6793 | 0.434/0.485/0.045 | 2m 12s ETA 49m 05s VRAM 13.4G
2026-05-02 19:34:24 [INFO]     heartbeat epoch=9/30 step=20/131 loss=0.9206 avg=0.8815 elapsed=0m 18s
2026-05-02 19:34:42 [INFO]     heartbeat epoch=9/30 step=40/131 loss=0.8805 avg=0.8628 elapsed=0m 36s
2026-05-02 19:35:00 [INFO]     heartbeat epoch=9/30 step=60/131 loss=1.0861 avg=0.8670 elapsed=0m 54s
2026-05-02 19:35:18 [INFO]     heartbeat epoch=9/30 step=80/131 loss=0.7883 avg=0.8560 elapsed=1m 12s
2026-05-02 19:35:37 [INFO]     heartbeat epoch=9/30 step=100/131 loss=0.7545 avg=0.8443 elapsed=1m 31s
2026-05-02 19:35:55 [INFO]     heartbeat epoch=9/30 step=120/131 loss=0.8343 avg=0.8390 elapsed=1m 49s
2026-05-02 19:36:18 [INFO]     D: gt_pos=0.215 pred_pos=0.003 p_mean=0.248 P=0.500 R=0.008 F1=0.015
2026-05-02 19:36:18 [INFO]     A: gt_pos=0.283 pred_pos=0.030 p_mean=0.319 P=0.667 R=0.071 F1=0.128
2026-05-02 19:36:18 [INFO]     S: gt_pos=0.130 pred_pos=0.000 p_mean=0.197 P=0.000 R=0.000 F1=0.000
2026-05-02 19:36:18 [INFO]     Session-level variance (collapse metric): 0.002363
2026-05-02 19:36:18 [INFO]     calibrated F1=0.4334 via biases D=+0.80 A=+1.10 S=+1.00 (selected=calibrated)
2026-05-02 19:36:18 [INFO]     9/ 30 | 4.12e-04 |   0.8370   |  0.7034  | 0.0476 | 0.4334 | 0.6960 | 0.015/0.128/0.000 | 2m 12s ETA 46m 47s VRAM 13.4G
2026-05-02 19:36:36 [INFO]     heartbeat epoch=10/30 step=20/131 loss=0.6621 avg=0.7896 elapsed=0m 18s
2026-05-02 19:36:55 [INFO]     heartbeat epoch=10/30 step=40/131 loss=0.7854 avg=0.8037 elapsed=0m 37s
2026-05-02 19:37:14 [INFO]     heartbeat epoch=10/30 step=60/131 loss=0.8085 avg=0.8048 elapsed=0m 55s
2026-05-02 19:37:32 [INFO]     heartbeat epoch=10/30 step=80/131 loss=1.0660 avg=0.8233 elapsed=1m 14s
2026-05-02 19:37:51 [INFO]     heartbeat epoch=10/30 step=100/131 loss=0.6367 avg=0.8316 elapsed=1m 33s
2026-05-02 19:38:10 [INFO]     heartbeat epoch=10/30 step=120/131 loss=0.8693 avg=0.8241 elapsed=1m 51s
2026-05-02 19:38:32 [INFO]     D: gt_pos=0.215 pred_pos=0.342 p_mean=0.318 P=0.346 R=0.550 F1=0.425
2026-05-02 19:38:32 [INFO]     A: gt_pos=0.283 pred_pos=0.392 p_mean=0.364 P=0.387 R=0.535 F1=0.449
2026-05-02 19:38:32 [INFO]     S: gt_pos=0.130 pred_pos=0.153 p_mean=0.254 P=0.261 R=0.308 F1=0.282
2026-05-02 19:38:32 [INFO]     Session-level variance (collapse metric): 0.004957
2026-05-02 19:38:32 [INFO]     calibrated F1=0.4309 via biases D=+0.80 A=+1.00 S=+0.20 (selected=calibrated)
2026-05-02 19:38:33 [INFO]    10/ 30 | 3.91e-04 |   0.8160   |  0.7258  | 0.3856 | 0.4309 | 0.6922 | 0.425/0.449/0.282 | 2m 14s ETA 44m 36s VRAM 13.4G
2026-05-02 19:38:33 [INFO]   EarlyStopping triggered at epoch 10 (patience=6, metric=primary)
2026-05-02 19:38:33 [INFO] ==========================================================================================
2026-05-02 19:38:33 [INFO] Training complete. Best F1=0.4457, time=22m 18s
2026-05-02 19:38:33 [INFO] Loading best checkpoint for submission generation ...
2026-05-02 19:38:33 [INFO] Submission level: participant
2026-05-02 19:38:33 [INFO] Decode method: auto
2026-05-02 19:38:33 [INFO] Calibrating per-task bias offsets on val ...
2026-05-02 19:38:45 [INFO]   D: bias=+0.60  F1_cal=0.4570
2026-05-02 19:38:45 [INFO]   A: bias=+0.40  F1_cal=0.5393
2026-05-02 19:38:45 [INFO]   S: bias=+0.90  F1_cal=0.3409
2026-05-02 19:38:45 [INFO]   Mean calibrated F1: 0.4457 (vs selected best: 0.4457, raw best: 0.2284)
2026-05-02 19:38:45 [INFO] Skipping submission generation after training; use infer.py for release inference.
2026-05-02 19:38:46 [INFO] Run complete: a1__grouped__mtcn__a-base-mel_mfcc+vad+egemaps__a-ssl-wav2vec2-chinese-xlsr__v-base-headpose+facebeh+qc+vadagg__v-ssl-dinov2-large__mask-andcore__pw_biascalib__seed42__20260502_190551
2026-05-02 19:38:46 [INFO] Output dir: /home/adodas/AdoDAS2026/outputs/a1/runs/a1__grouped__mtcn__a-base-mel_mfcc+vad+egemaps__a-ssl-wav2vec2-chinese-xlsr__v-base-headpose+facebeh+qc+vadagg__v-ssl-dinov2-large__mask-andcore__pw_biascalib__seed42__20260502_190551
