2026-05-13 11:22:02 [INFO] Logging to /home/adodas/AdoDAS2026-split/outputs_internal/split0/a1_baseline_low_session/runs/a1__grouped__mtcn__a-base-mel_mfcc__a-ssl-wav2vec2-chinese-xlsr__v-base-headpose+facebeh+qc+vadagg__v-ssl-dinov2-large__mask-andcore__pw_biascalib__seed42__20260513_112202/logs/train_grouped_a1_20260513_112202.log
2026-05-13 11:22:02 [INFO] Device: cuda
2026-05-13 11:22:02 [INFO] Task: a1
2026-05-13 11:22:02 [INFO] Run name: a1__grouped__mtcn__a-base-mel_mfcc__a-ssl-wav2vec2-chinese-xlsr__v-base-headpose+facebeh+qc+vadagg__v-ssl-dinov2-large__mask-andcore__pw_biascalib__seed42__20260513_112202
2026-05-13 11:22:02 [INFO] Config: {'feature_root': '/home/adodas/dataset', 'manifest_dir': '/home/adodas/dataset/manifests_internal/split_0_school_class', 'output_dir': '/home/adodas/AdoDAS2026-split/outputs_internal/split0/a1_baseline_low_session', 'mask_policy': 'and_core', 'core_audio': ['mel_mfcc', 'ssl_embed'], 'core_video': ['vision_ssl_embed', 'qc_stats'], 'd_adapter': 64, 'd_model': 256, 'tcn_layers': 6, 'tcn_kernel_size': 3, 'asp_alpha': 0.5, 'asp_beta': 0.5, 'dropout': 0.3, 'd_shared': 256, 'aggregator': 'mlp', 'batch_size': 32, 'lr': 0.0005, 'weight_decay': 0.02, 'warmup_epochs': 1, 'epochs': 30, 'seed': 42, 'num_workers': 8, 'amp': True, 'preload': False, 'grad_clip': 1.0, 'use_pos_weight': True, 'patience': 8, 'session_loss_weight': 0.05, 'session_type_loss_weight': 0.05, 'submission_level': 'participant', 'decode_method': 'auto', 'label_smoothing': 0.03, 'feature_noise_std': 0.01, 'session_drop_prob': 0.1, 'early_stop_metric': 'primary', 'pre_tcn_processing': {'enabled': False}, 'val_sequence_path_split': 'train', 'audio_features': ['mel_mfcc', 'ssl_embed'], 'video_features': ['headpose_geom', 'face_behavior', 'qc_stats', 'vad_agg', 'vision_ssl_embed'], 'audio_ssl_model_tag': 'wav2vec2-chinese-xlsr', 'video_ssl_model_tag': 'dinov2-large', 'task': 'a1'}
2026-05-13 11:22:02 [INFO] Mask policy: and_core
2026-05-13 11:22:04 [INFO] GroupedParticipantDataset logical split='val' -> loading sequences from 'train'/ (manifest val.csv)
2026-05-13 11:22:04 [INFO] [PreTCN] pre_tcn_processing.enabled=False
2026-05-13 11:22:04 [INFO] Train: 2277 participants, Val: 1139 participants
2026-05-13 11:22:04 [INFO] batch_size=32, num_workers=8
2026-05-13 11:22:05 [INFO] Model params: 5,483,243
2026-05-13 11:22:05 [INFO] AMP enabled (BF16)
2026-05-13 11:22:05 [INFO] pos_weight [D/A/S]: 2.05 / 1.74 / 2.71
2026-05-13 11:22:07 [INFO] Scheduler: warmup=1 -> cosine, total=30
2026-05-13 11:22:07 [INFO] Grad clip: 1.0
2026-05-13 11:22:07 [INFO] Session loss weight: 0.05
2026-05-13 11:22:07 [INFO] Session type loss weight: 0.05
2026-05-13 11:22:07 [INFO] EarlyStopping: patience=8, metric=primary, mode=max
2026-05-13 11:22:07 [INFO] Label smoothing: 0.03
2026-05-13 11:22:07 [INFO] Feature noise std: 0.01
2026-05-13 11:22:07 [INFO] Session drop prob: 0.1
2026-05-13 11:22:07 [INFO] ==========================================================================================
2026-05-13 11:22:07 [INFO]   Epoch  |    LR     | Train Loss | Val Loss | F1 raw | F1 sel |  AUROC | F1[D/A/S]       | Time
2026-05-13 11:22:07 [INFO] ==========================================================================================
2026-05-13 11:24:52 [INFO]     D: gt_pos=0.230 pred_pos=0.000 p_mean=0.352 P=0.000 R=0.000 F1=0.000
2026-05-13 11:24:52 [INFO]     A: gt_pos=0.320 pred_pos=0.000 p_mean=0.382 P=0.000 R=0.000 F1=0.000
2026-05-13 11:24:52 [INFO]     S: gt_pos=0.126 pred_pos=0.000 p_mean=0.307 P=0.000 R=0.000 F1=0.000
2026-05-13 11:24:52 [INFO]     Session-level variance (collapse metric): 0.000465
2026-05-13 11:24:52 [INFO]     calibrated F1=0.3626 via biases D=+0.90 A=+0.70 S=+0.90 (selected=calibrated)
2026-05-13 11:24:52 [INFO]     1/ 30 | 5.00e-04 |   0.9085   |  0.8026  | 0.0000 | 0.3626 | 0.5149 | 0.000/0.000/0.000 | 2m 44s ETA 1h 19m 41s VRAM 13.4G *
2026-05-13 11:24:52 [INFO]   >>> New best F1=0.3626 saved at epoch 1.
2026-05-13 11:24:53 [INFO]   >>> New best_raw_f1=0.0000 -> best_raw_f1.pt
2026-05-13 11:24:54 [INFO]   >>> New best_auroc=0.5149 -> best_auroc.pt
2026-05-13 11:24:54 [INFO]   >>> New best_calibrated_f1=0.3626 -> best_calibrated_f1.pt
2026-05-13 11:24:55 [INFO]   >>> New best_robust=0.0743 -> best_robust.pt
2026-05-13 11:27:15 [INFO]     D: gt_pos=0.230 pred_pos=0.357 p_mean=0.408 P=0.359 R=0.557 F1=0.436
2026-05-13 11:27:15 [INFO]     A: gt_pos=0.320 pred_pos=0.138 p_mean=0.405 P=0.484 R=0.209 F1=0.292
2026-05-13 11:27:15 [INFO]     S: gt_pos=0.126 pred_pos=0.000 p_mean=0.276 P=0.000 R=0.000 F1=0.000
2026-05-13 11:27:15 [INFO]     Session-level variance (collapse metric): 0.001317
2026-05-13 11:27:15 [INFO]     calibrated F1=0.4135 via biases D=+0.40 A=+0.50 S=+0.70 (selected=calibrated)
2026-05-13 11:27:15 [INFO]     2/ 30 | 4.99e-04 |   0.8730   |  0.7630  | 0.2427 | 0.4135 | 0.6502 | 0.436/0.292/0.000 | 2m 19s ETA 1h 11m 44s VRAM 13.4G *
2026-05-13 11:27:15 [INFO]   >>> New best F1=0.4135 saved at epoch 2.
2026-05-13 11:27:16 [INFO]   >>> New best_raw_f1=0.2427 -> best_raw_f1.pt
2026-05-13 11:27:17 [INFO]   >>> New best_auroc=0.6502 -> best_auroc.pt
2026-05-13 11:27:18 [INFO]   >>> New best_calibrated_f1=0.4135 -> best_calibrated_f1.pt
2026-05-13 11:27:18 [INFO]   >>> New best_robust=0.3400 -> best_robust.pt
2026-05-13 11:29:36 [INFO]     D: gt_pos=0.230 pred_pos=0.254 p_mean=0.383 P=0.346 R=0.382 F1=0.363
2026-05-13 11:29:36 [INFO]     A: gt_pos=0.320 pred_pos=0.021 p_mean=0.370 P=0.458 R=0.030 F1=0.057
2026-05-13 11:29:36 [INFO]     S: gt_pos=0.126 pred_pos=0.000 p_mean=0.265 P=0.000 R=0.000 F1=0.000
2026-05-13 11:29:36 [INFO]     Session-level variance (collapse metric): 0.003448
2026-05-13 11:29:36 [INFO]     calibrated F1=0.4226 via biases D=+0.30 A=+0.40 S=+0.80 (selected=calibrated)
2026-05-13 11:29:36 [INFO]     3/ 30 | 4.94e-04 |   0.8270   |  0.7666  | 0.1399 | 0.4226 | 0.6484 | 0.363/0.057/0.000 | 2m 16s ETA 1h 07m 18s VRAM 13.4G *
2026-05-13 11:29:37 [INFO]   >>> New best F1=0.4226 saved at epoch 3.
2026-05-13 11:29:38 [INFO]   >>> New best_calibrated_f1=0.4226 -> best_calibrated_f1.pt
2026-05-13 11:32:00 [INFO]     D: gt_pos=0.230 pred_pos=0.052 p_mean=0.349 P=0.288 R=0.065 F1=0.106
2026-05-13 11:32:00 [INFO]     A: gt_pos=0.320 pred_pos=0.490 p_mean=0.451 P=0.427 R=0.654 F1=0.516
2026-05-13 11:32:00 [INFO]     S: gt_pos=0.126 pred_pos=0.049 p_mean=0.354 P=0.125 R=0.049 F1=0.070
2026-05-13 11:32:00 [INFO]     Session-level variance (collapse metric): 0.004599
2026-05-13 11:32:00 [INFO]     calibrated F1=0.4174 via biases D=+0.30 A=+0.10 S=+0.40 (selected=calibrated)
2026-05-13 11:32:00 [INFO]     4/ 30 | 4.87e-04 |   0.8195   |  0.7689  | 0.2308 | 0.4174 | 0.6533 | 0.106/0.516/0.070 | 2m 21s ETA 1h 04m 14s VRAM 13.4G
2026-05-13 11:32:01 [INFO]   >>> New best_auroc=0.6533 -> best_auroc.pt
2026-05-13 11:34:24 [INFO]     D: gt_pos=0.230 pred_pos=0.234 p_mean=0.359 P=0.380 R=0.385 F1=0.383
2026-05-13 11:34:24 [INFO]     A: gt_pos=0.320 pred_pos=0.216 p_mean=0.368 P=0.492 R=0.332 F1=0.397
2026-05-13 11:34:24 [INFO]     S: gt_pos=0.126 pred_pos=0.000 p_mean=0.209 P=0.000 R=0.000 F1=0.000
2026-05-13 11:34:24 [INFO]     Session-level variance (collapse metric): 0.002341
2026-05-13 11:34:24 [INFO]     calibrated F1=0.4226 via biases D=+0.60 A=+0.50 S=+1.30 (selected=calibrated)
2026-05-13 11:34:24 [INFO]     5/ 30 | 4.77e-04 |   0.8124   |  0.7744  | 0.2598 | 0.4226 | 0.6578 | 0.383/0.397/0.000 | 2m 21s ETA 1h 01m 26s VRAM 13.4G *
2026-05-13 11:34:25 [INFO]   >>> New best F1=0.4226 saved at epoch 5.
2026-05-13 11:34:26 [INFO]   >>> New best_raw_f1=0.2598 -> best_raw_f1.pt
2026-05-13 11:34:27 [INFO]   >>> New best_auroc=0.6578 -> best_auroc.pt
2026-05-13 11:34:28 [INFO]   >>> New best_calibrated_f1=0.4226 -> best_calibrated_f1.pt
2026-05-13 11:34:30 [INFO]   >>> New best_robust=0.3535 -> best_robust.pt
2026-05-13 11:36:57 [INFO]     D: gt_pos=0.230 pred_pos=0.101 p_mean=0.269 P=0.400 R=0.176 F1=0.244
2026-05-13 11:36:57 [INFO]     A: gt_pos=0.320 pred_pos=0.141 p_mean=0.319 P=0.503 R=0.223 F1=0.309
2026-05-13 11:36:57 [INFO]     S: gt_pos=0.126 pred_pos=0.079 p_mean=0.236 P=0.133 R=0.084 F1=0.103
2026-05-13 11:36:57 [INFO]     Session-level variance (collapse metric): 0.002258
2026-05-13 11:36:57 [INFO]     calibrated F1=0.4247 via biases D=+1.20 A=+1.20 S=+1.40 (selected=calibrated)
2026-05-13 11:36:58 [INFO]     6/ 30 | 4.64e-04 |   0.7951   |  0.8022  | 0.2185 | 0.4247 | 0.6447 | 0.244/0.309/0.103 | 2m 25s ETA 59m 21s VRAM 13.4G *
2026-05-13 11:36:59 [INFO]   >>> New best F1=0.4247 saved at epoch 6.
2026-05-13 11:37:00 [INFO]   >>> New best_calibrated_f1=0.4247 -> best_calibrated_f1.pt
2026-05-13 11:39:23 [INFO]     D: gt_pos=0.230 pred_pos=0.115 p_mean=0.278 P=0.359 R=0.179 F1=0.239
2026-05-13 11:39:23 [INFO]     A: gt_pos=0.320 pred_pos=0.160 p_mean=0.326 P=0.467 R=0.234 F1=0.311
2026-05-13 11:39:23 [INFO]     S: gt_pos=0.126 pred_pos=0.000 p_mean=0.202 P=0.000 R=0.000 F1=0.000
2026-05-13 11:39:23 [INFO]     Session-level variance (collapse metric): 0.001764
2026-05-13 11:39:24 [INFO]     calibrated F1=0.4271 via biases D=+1.00 A=+0.90 S=+1.30 (selected=calibrated)
2026-05-13 11:39:24 [INFO]     7/ 30 | 4.49e-04 |   0.7914   |  0.7804  | 0.1835 | 0.4271 | 0.6627 | 0.239/0.311/0.000 | 2m 23s ETA 56m 45s VRAM 13.4G *
2026-05-13 11:39:24 [INFO]   >>> New best F1=0.4271 saved at epoch 7.
2026-05-13 11:39:25 [INFO]   >>> New best_auroc=0.6627 -> best_auroc.pt
2026-05-13 11:39:26 [INFO]   >>> New best_calibrated_f1=0.4271 -> best_calibrated_f1.pt
2026-05-13 11:41:41 [INFO]     D: gt_pos=0.230 pred_pos=0.019 p_mean=0.194 P=0.591 R=0.050 F1=0.092
2026-05-13 11:41:41 [INFO]     A: gt_pos=0.320 pred_pos=0.030 p_mean=0.236 P=0.529 R=0.049 F1=0.090
2026-05-13 11:41:41 [INFO]     S: gt_pos=0.126 pred_pos=0.008 p_mean=0.142 P=0.222 R=0.014 F1=0.026
2026-05-13 11:41:41 [INFO]     Session-level variance (collapse metric): 0.002211
2026-05-13 11:41:41 [INFO]     calibrated F1=0.4237 via biases D=+1.40 A=+1.70 S=+1.40 (selected=calibrated)
2026-05-13 11:41:41 [INFO]     8/ 30 | 4.32e-04 |   0.7817   |  0.8592  | 0.0694 | 0.4237 | 0.6681 | 0.092/0.090/0.026 | 2m 14s ETA 53m 49s VRAM 13.4G
2026-05-13 11:41:42 [INFO]   >>> New best_auroc=0.6681 -> best_auroc.pt
2026-05-13 11:43:53 [INFO]     D: gt_pos=0.230 pred_pos=0.378 p_mean=0.381 P=0.370 R=0.607 F1=0.460
2026-05-13 11:43:53 [INFO]     A: gt_pos=0.320 pred_pos=0.416 p_mean=0.418 P=0.451 R=0.588 F1=0.511
2026-05-13 11:43:54 [INFO]     S: gt_pos=0.126 pred_pos=0.088 p_mean=0.323 P=0.200 R=0.140 F1=0.165
2026-05-13 11:43:54 [INFO]     Session-level variance (collapse metric): 0.002847
2026-05-13 11:43:54 [INFO]     calibrated F1=0.4276 via biases D=+0.10 A=+0.60 S=+0.30 (selected=calibrated)
2026-05-13 11:43:54 [INFO]     9/ 30 | 4.12e-04 |   0.7823   |  0.7625  | 0.3783 | 0.4276 | 0.6668 | 0.460/0.511/0.165 | 2m 11s ETA 50m 49s VRAM 13.4G *
2026-05-13 11:43:56 [INFO]   >>> New best F1=0.4276 saved at epoch 9.
2026-05-13 11:43:57 [INFO]   >>> New best_raw_f1=0.3783 -> best_raw_f1.pt
2026-05-13 11:43:58 [INFO]   >>> New best_calibrated_f1=0.4276 -> best_calibrated_f1.pt
2026-05-13 11:43:59 [INFO]   >>> New best_robust=0.4724 -> best_robust.pt
2026-05-13 11:46:19 [INFO]     D: gt_pos=0.230 pred_pos=0.000 p_mean=0.223 P=0.000 R=0.000 F1=0.000
2026-05-13 11:46:19 [INFO]     A: gt_pos=0.320 pred_pos=0.002 p_mean=0.271 P=0.500 R=0.003 F1=0.005
2026-05-13 11:46:19 [INFO]     S: gt_pos=0.126 pred_pos=0.000 p_mean=0.198 P=0.000 R=0.000 F1=0.000
2026-05-13 11:46:19 [INFO]     Session-level variance (collapse metric): 0.002125
2026-05-13 11:46:19 [INFO]     calibrated F1=0.4140 via biases D=+1.20 A=+1.10 S=+1.40 (selected=calibrated)
2026-05-13 11:46:19 [INFO]    10/ 30 | 3.91e-04 |   0.7791   |  0.8279  | 0.0018 | 0.4140 | 0.6577 | 0.000/0.005/0.000 | 2m 19s ETA 48m 23s VRAM 13.4G
2026-05-13 11:48:36 [INFO]     D: gt_pos=0.230 pred_pos=0.078 p_mean=0.285 P=0.438 R=0.149 F1=0.222
2026-05-13 11:48:36 [INFO]     A: gt_pos=0.320 pred_pos=0.087 p_mean=0.296 P=0.545 R=0.148 F1=0.233
2026-05-13 11:48:36 [INFO]     S: gt_pos=0.126 pred_pos=0.008 p_mean=0.227 P=0.222 R=0.014 F1=0.026
2026-05-13 11:48:36 [INFO]     Session-level variance (collapse metric): 0.001849
2026-05-13 11:48:36 [INFO]     calibrated F1=0.4234 via biases D=+0.50 A=+2.30 S=+0.80 (selected=calibrated)
2026-05-13 11:48:36 [INFO]    11/ 30 | 3.67e-04 |   0.7661   |  0.8061  | 0.1606 | 0.4234 | 0.6631 | 0.222/0.233/0.026 | 2m 15s ETA 45m 43s VRAM 13.4G
2026-05-13 11:50:53 [INFO]     D: gt_pos=0.230 pred_pos=0.134 p_mean=0.322 P=0.399 R=0.233 F1=0.294
2026-05-13 11:50:53 [INFO]     A: gt_pos=0.320 pred_pos=0.136 p_mean=0.338 P=0.523 R=0.223 F1=0.312
2026-05-13 11:50:53 [INFO]     S: gt_pos=0.126 pred_pos=0.002 p_mean=0.230 P=0.500 R=0.007 F1=0.014
2026-05-13 11:50:53 [INFO]     Session-level variance (collapse metric): 0.002000
2026-05-13 11:50:53 [INFO]     calibrated F1=0.4239 via biases D=+0.70 A=+0.60 S=+0.90 (selected=calibrated)
2026-05-13 11:50:53 [INFO]    12/ 30 | 3.43e-04 |   0.7723   |  0.7693  | 0.2066 | 0.4239 | 0.6611 | 0.294/0.312/0.014 | 2m 16s ETA 43m 08s VRAM 13.4G
2026-05-13 11:53:08 [INFO]     D: gt_pos=0.230 pred_pos=0.025 p_mean=0.252 P=0.571 R=0.061 F1=0.110
2026-05-13 11:53:08 [INFO]     A: gt_pos=0.320 pred_pos=0.169 p_mean=0.309 P=0.477 R=0.253 F1=0.330
2026-05-13 11:53:08 [INFO]     S: gt_pos=0.126 pred_pos=0.011 p_mean=0.215 P=0.154 R=0.014 F1=0.026
2026-05-13 11:53:08 [INFO]     Session-level variance (collapse metric): 0.002001
2026-05-13 11:53:08 [INFO]     calibrated F1=0.4217 via biases D=+1.00 A=+1.70 S=+0.90 (selected=calibrated)
2026-05-13 11:53:08 [INFO]    13/ 30 | 3.17e-04 |   0.7352   |  0.8037  | 0.1554 | 0.4217 | 0.6528 | 0.110/0.330/0.026 | 2m 14s ETA 40m 33s VRAM 13.4G
2026-05-13 11:55:17 [INFO]     D: gt_pos=0.230 pred_pos=0.265 p_mean=0.311 P=0.384 R=0.443 F1=0.411
2026-05-13 11:55:17 [INFO]     A: gt_pos=0.320 pred_pos=0.277 p_mean=0.326 P=0.468 R=0.407 F1=0.435
2026-05-13 11:55:17 [INFO]     S: gt_pos=0.126 pred_pos=0.153 p_mean=0.272 P=0.236 R=0.287 F1=0.259
2026-05-13 11:55:17 [INFO]     Session-level variance (collapse metric): 0.005157
2026-05-13 11:55:17 [INFO]     calibrated F1=0.4150 via biases D=+1.20 A=+1.20 S=+0.50 (selected=calibrated)
2026-05-13 11:55:17 [INFO]    14/ 30 | 2.91e-04 |   0.7204   |  0.8003  | 0.3684 | 0.4150 | 0.6629 | 0.411/0.435/0.259 | 2m 07s ETA 37m 53s VRAM 13.4G
2026-05-13 11:57:32 [INFO]     D: gt_pos=0.230 pred_pos=0.307 p_mean=0.381 P=0.366 R=0.489 F1=0.418
2026-05-13 11:57:33 [INFO]     A: gt_pos=0.320 pred_pos=0.356 p_mean=0.414 P=0.459 R=0.511 F1=0.484
2026-05-13 11:57:33 [INFO]     S: gt_pos=0.126 pred_pos=0.126 p_mean=0.294 P=0.215 R=0.217 F1=0.216
2026-05-13 11:57:33 [INFO]     Session-level variance (collapse metric): 0.004571
2026-05-13 11:57:33 [INFO]     calibrated F1=0.4133 via biases D=+0.30 A=+0.80 S=+0.30 (selected=calibrated)
2026-05-13 11:57:33 [INFO]    15/ 30 | 2.64e-04 |   0.7055   |  0.7735  | 0.3727 | 0.4133 | 0.6559 | 0.418/0.484/0.216 | 2m 15s ETA 35m 26s VRAM 13.4G
2026-05-13 12:00:02 [INFO]     D: gt_pos=0.230 pred_pos=0.278 p_mean=0.307 P=0.385 R=0.466 F1=0.421
2026-05-13 12:00:02 [INFO]     A: gt_pos=0.320 pred_pos=0.327 p_mean=0.354 P=0.460 R=0.470 F1=0.465
2026-05-13 12:00:02 [INFO]     S: gt_pos=0.126 pred_pos=0.173 p_mean=0.258 P=0.223 R=0.308 F1=0.259
2026-05-13 12:00:02 [INFO]     Session-level variance (collapse metric): 0.004902
2026-05-13 12:00:02 [INFO]     calibrated F1=0.4189 via biases D=+1.30 A=+1.80 S=+0.10 (selected=calibrated)
2026-05-13 12:00:03 [INFO]    16/ 30 | 2.37e-04 |   0.6865   |  0.8169  | 0.3816 | 0.4189 | 0.6568 | 0.421/0.465/0.259 | 2m 27s ETA 33m 10s VRAM 13.4G
2026-05-13 12:00:04 [INFO]   >>> New best_raw_f1=0.3816 -> best_raw_f1.pt
2026-05-13 12:02:38 [INFO]     D: gt_pos=0.230 pred_pos=0.366 p_mean=0.387 P=0.319 R=0.508 F1=0.392
2026-05-13 12:02:38 [INFO]     A: gt_pos=0.320 pred_pos=0.427 p_mean=0.440 P=0.401 R=0.536 F1=0.459
2026-05-13 12:02:38 [INFO]     S: gt_pos=0.126 pred_pos=0.255 p_mean=0.317 P=0.193 R=0.392 F1=0.259
2026-05-13 12:02:38 [INFO]     Session-level variance (collapse metric): 0.007618
2026-05-13 12:02:38 [INFO]     calibrated F1=0.4047 via biases D=+0.90 A=+1.60 S=+1.60 (selected=calibrated)
2026-05-13 12:02:38 [INFO]    17/ 30 | 2.10e-04 |   0.6530   |  0.8462  | 0.3697 | 0.4047 | 0.6346 | 0.392/0.459/0.259 | 2m 33s ETA 30m 59s VRAM 13.4G
2026-05-13 12:02:39 [INFO]   EarlyStopping triggered at epoch 17 (patience=8, metric=primary)
2026-05-13 12:02:39 [INFO] ==========================================================================================
2026-05-13 12:02:40 [INFO] Training complete. Best F1=0.4276, time=40m 32s
2026-05-13 12:02:40 [INFO] ================ Checkpoint-Bias Pairs ================
2026-05-13 12:02:40 [INFO] best_auroc.pt            -> best_auroc.bias.json           epoch=8 bias=[+1.40,+1.70,+1.40]
2026-05-13 12:02:40 [INFO] best_calibrated_f1.pt    -> best_calibrated_f1.bias.json   epoch=9 bias=[+0.10,+0.60,+0.30]
2026-05-13 12:02:40 [INFO] best_raw_f1.pt           -> best_raw_f1.bias.json          epoch=16 bias=[+1.30,+1.80,+0.10]
2026-05-13 12:02:40 [INFO] best_robust.pt           -> best_robust.bias.json          epoch=9 bias=[+0.10,+0.60,+0.30]
2026-05-13 12:02:40 [INFO] last.pt                  -> last.bias.json                 epoch=17 bias=[+0.90,+1.60,+1.60]
2026-05-13 12:02:40 [INFO] =======================================================
2026-05-13 12:02:40 [INFO] Loading best_robust.pt for calibration / submission generation ...
2026-05-13 12:02:41 [INFO] Submission level: participant
2026-05-13 12:02:41 [INFO] Decode method: auto
2026-05-13 12:02:41 [INFO] Calibrating per-task bias offsets on val ...
2026-05-13 12:03:27 [INFO]   D: bias=+0.10  F1_cal=0.4605
2026-05-13 12:03:28 [INFO]   A: bias=+0.60  F1_cal=0.5267
2026-05-13 12:03:28 [INFO]   S: bias=+0.30  F1_cal=0.2955
2026-05-13 12:03:28 [INFO]   Mean calibrated F1: 0.4276 (vs selected best: 0.4276, raw best: 0.3783)
2026-05-13 12:03:28 [INFO] [LEGACY] calibration/a1_bias_grouped.json is run-level only. It is not checkpoint-matched.
2026-05-13 12:03:28 [INFO] Skipping submission generation after training; use infer.py for release inference.
2026-05-13 12:03:28 [INFO] Run complete: a1__grouped__mtcn__a-base-mel_mfcc__a-ssl-wav2vec2-chinese-xlsr__v-base-headpose+facebeh+qc+vadagg__v-ssl-dinov2-large__mask-andcore__pw_biascalib__seed42__20260513_112202
2026-05-13 12:03:28 [INFO] Output dir: /home/adodas/AdoDAS2026-split/outputs_internal/split0/a1_baseline_low_session/runs/a1__grouped__mtcn__a-base-mel_mfcc__a-ssl-wav2vec2-chinese-xlsr__v-base-headpose+facebeh+qc+vadagg__v-ssl-dinov2-large__mask-andcore__pw_biascalib__seed42__20260513_112202
