2026-05-03 16:53:03 [INFO] Logging to /home/adodas/AdoDAS2026/outputs/a1/runs/a1__grouped__mtcn__a-base-mel_mfcc+vad+egemaps__a-ssl-wav2vec2-chinese-xlsr__v-base-headpose+facebeh+qc+vadagg__v-ssl-dinov2-large__mask-andcore__pw_biascalib__seed42__20260503_165303/logs/train_grouped_a1_20260503_165303.log
2026-05-03 16:53:03 [INFO] Device: cuda
2026-05-03 16:53:03 [INFO] Task: a1
2026-05-03 16:53:04 [INFO] Run name: a1__grouped__mtcn__a-base-mel_mfcc+vad+egemaps__a-ssl-wav2vec2-chinese-xlsr__v-base-headpose+facebeh+qc+vadagg__v-ssl-dinov2-large__mask-andcore__pw_biascalib__seed42__20260503_165303
2026-05-03 16:53:04 [INFO] Config: {'feature_root': '/home/adodas/dataset', 'manifest_dir': '/home/adodas/dataset/manifests', 'output_dir': '/home/adodas/AdoDAS2026/outputs/a1', 'mask_policy': 'and_core', 'core_audio': ['mel_mfcc', 'ssl_embed'], 'core_video': ['vision_ssl_embed', 'qc_stats'], 'd_adapter': 64, 'd_model': 256, 'tcn_layers': 6, 'tcn_kernel_size': 3, 'asp_alpha': 0.5, 'asp_beta': 0.5, 'dropout': 0.2, 'd_shared': 256, 'aggregator': 'mlp', 'batch_size': 32, 'lr': 0.0005, 'weight_decay': 0.01, 'warmup_epochs': 1, 'epochs': 30, 'seed': 42, 'num_workers': 8, 'amp': True, 'preload': True, 'grad_clip': 1.0, 'use_pos_weight': True, 'patience': 6, 'session_loss_weight': 0.2, 'session_type_loss_weight': 0.15, 'submission_level': 'participant', 'decode_method': 'auto', 'label_smoothing': 0.0, 'feature_noise_std': 0.0, 'session_drop_prob': 0.0, 'early_stop_metric': 'primary', 'pre_tcn_safenorm': {'enabled': True, 'stats_path': 'outputs/stats/a1_safenorm_meanstd_train.npz', 'norm_type': 'mean_std', 'clip_value': 5.0, 'eps': 1e-06, 'low_dim_no_layernorm': True, 'low_dim_threshold': 16, 'force_no_layernorm_groups': ['vad', 'headpose_geom', 'qc_stats', 'vad_agg', 'global_motion', 'face_behavior', 'body_pose'], 'force_layernorm_groups': ['ssl_embed', 'vision_ssl_embed']}, 'audio_features': ['mel_mfcc', 'vad', 'egemaps', 'ssl_embed'], 'video_features': ['headpose_geom', 'face_behavior', 'qc_stats', 'vad_agg', 'vision_ssl_embed'], 'audio_ssl_model_tag': 'wav2vec2-chinese-xlsr', 'video_ssl_model_tag': 'dinov2-large', 'task': 'a1'}
2026-05-03 16:53:04 [INFO] Mask policy: and_core
2026-05-03 16:53:04 [INFO] SafeNorm: enabled apply_stats=True stats_path=outputs/stats/a1_safenorm_meanstd_train.npz clip=5.0
2026-05-03 16:53:06 [INFO] Loaded SafeNorm stats for 9 groups from outputs/stats/a1_safenorm_meanstd_train.npz
2026-05-03 16:53:06 [INFO] Loaded SafeNorm stats for 9 groups from outputs/stats/a1_safenorm_meanstd_train.npz
2026-05-03 16:53:06 [INFO] Train: 4200 participants, Val: 600 participants
2026-05-03 16:53:06 [INFO] Preloading data into RAM ...
2026-05-03 17:05:04 [INFO] Preloaded 4200/4200 participants (45.7 GB in RAM)
2026-05-03 17:07:27 [INFO] Preloaded 600/600 participants (7.9 GB in RAM)
2026-05-03 17:07:27 [INFO] Preload done: 45.7G + 7.9G = 53.6G, took 14m 20s
2026-05-03 17:07:27 [INFO] batch_size=32, num_workers=0
2026-05-03 17:07:27 [INFO] Model params: 5,521,975
2026-05-03 17:07:27 [INFO] AMP enabled (BF16)
2026-05-03 17:07:28 [INFO] pos_weight [D/A/S]: 1.91 / 1.59 / 2.60
2026-05-03 17:07:29 [INFO] Scheduler: warmup=1 -> cosine, total=30
2026-05-03 17:07:29 [INFO] Grad clip: 1.0
2026-05-03 17:07:29 [INFO] Session loss weight: 0.2
2026-05-03 17:07:29 [INFO] Session type loss weight: 0.15
2026-05-03 17:07:29 [INFO] EarlyStopping: patience=6, metric=primary, mode=max
2026-05-03 17:07:29 [INFO] Label smoothing: 0.0
2026-05-03 17:07:29 [INFO] Feature noise std: 0.0
2026-05-03 17:07:29 [INFO] Session drop prob: 0.0
2026-05-03 17:07:29 [INFO] ==========================================================================================
2026-05-03 17:07:29 [INFO]   Epoch  |    LR     | Train Loss | Val Loss | F1 raw | F1 sel |  AUROC | F1[D/A/S]       | Time
2026-05-03 17:07:29 [INFO] ==========================================================================================
2026-05-03 17:10:35 [INFO]     D: gt_pos=0.215 pred_pos=0.000 p_mean=0.314 P=0.000 R=0.000 F1=0.000
2026-05-03 17:10:35 [INFO]     A: gt_pos=0.283 pred_pos=0.000 p_mean=0.346 P=0.000 R=0.000 F1=0.000
2026-05-03 17:10:35 [INFO]     S: gt_pos=0.130 pred_pos=0.000 p_mean=0.207 P=0.000 R=0.000 F1=0.000
2026-05-03 17:10:35 [INFO]     Session-level variance (collapse metric): 0.001433
2026-05-03 17:10:35 [INFO]     calibrated F1=0.3736 via biases D=+0.80 A=+0.80 S=+1.40 (selected=calibrated)
2026-05-03 17:10:35 [INFO]     1/ 30 | 5.00e-04 |   1.1467   |  0.7540  | 0.0000 | 0.3736 | 0.6042 | 0.000/0.000/0.000 | 3m 05s ETA 1h 29m 57s VRAM 13.4G *
2026-05-03 17:10:35 [INFO]   >>> New best F1=0.3736 saved at epoch 1.
2026-05-03 17:13:38 [INFO]     D: gt_pos=0.215 pred_pos=0.000 p_mean=0.271 P=0.000 R=0.000 F1=0.000
2026-05-03 17:13:38 [INFO]     A: gt_pos=0.283 pred_pos=0.130 p_mean=0.349 P=0.462 R=0.212 F1=0.290
2026-05-03 17:13:38 [INFO]     S: gt_pos=0.130 pred_pos=0.000 p_mean=0.220 P=0.000 R=0.000 F1=0.000
2026-05-03 17:13:38 [INFO]     Session-level variance (collapse metric): 0.002152
2026-05-03 17:13:38 [INFO]     calibrated F1=0.4105 via biases D=+1.10 A=+1.00 S=+1.60 (selected=calibrated)
2026-05-03 17:13:38 [INFO]     2/ 30 | 4.99e-04 |   1.0192   |  0.7188  | 0.0968 | 0.4105 | 0.6729 | 0.000/0.290/0.000 | 3m 03s ETA 1h 26m 14s VRAM 13.4G *
2026-05-03 17:13:39 [INFO]   >>> New best F1=0.4105 saved at epoch 2.
2026-05-03 17:16:42 [INFO]     D: gt_pos=0.215 pred_pos=0.000 p_mean=0.283 P=0.000 R=0.000 F1=0.000
2026-05-03 17:16:42 [INFO]     A: gt_pos=0.283 pred_pos=0.315 p_mean=0.364 P=0.434 R=0.482 F1=0.457
2026-05-03 17:16:42 [INFO]     S: gt_pos=0.130 pred_pos=0.038 p_mean=0.246 P=0.130 R=0.038 F1=0.059
2026-05-03 17:16:42 [INFO]     Session-level variance (collapse metric): 0.003593
2026-05-03 17:16:42 [INFO]     calibrated F1=0.4380 via biases D=+0.60 A=+1.20 S=+0.80 (selected=calibrated)
2026-05-03 17:16:42 [INFO]     3/ 30 | 4.94e-04 |   0.9511   |  0.6906  | 0.1721 | 0.4380 | 0.6990 | 0.000/0.457/0.059 | 3m 02s ETA 1h 22m 56s VRAM 13.4G *
2026-05-03 17:16:42 [INFO]   >>> New best F1=0.4380 saved at epoch 3.
2026-05-03 17:19:44 [INFO]     D: gt_pos=0.215 pred_pos=0.238 p_mean=0.307 P=0.371 R=0.411 F1=0.390
2026-05-03 17:19:44 [INFO]     A: gt_pos=0.283 pred_pos=0.290 p_mean=0.361 P=0.408 R=0.418 F1=0.413
2026-05-03 17:19:44 [INFO]     S: gt_pos=0.130 pred_pos=0.110 p_mean=0.256 P=0.258 R=0.218 F1=0.236
2026-05-03 17:19:44 [INFO]     Session-level variance (collapse metric): 0.002737
2026-05-03 17:19:44 [INFO]     calibrated F1=0.4227 via biases D=+0.70 A=+1.20 S=+0.60 (selected=calibrated)
2026-05-03 17:19:44 [INFO]     4/ 30 | 4.87e-04 |   0.9194   |  0.7074  | 0.3462 | 0.4227 | 0.6821 | 0.390/0.413/0.236 | 3m 01s ETA 1h 19m 37s VRAM 13.4G
2026-05-03 17:22:43 [INFO]     D: gt_pos=0.215 pred_pos=0.000 p_mean=0.177 P=0.000 R=0.000 F1=0.000
2026-05-03 17:22:43 [INFO]     A: gt_pos=0.283 pred_pos=0.143 p_mean=0.281 P=0.419 R=0.212 F1=0.281
2026-05-03 17:22:43 [INFO]     S: gt_pos=0.130 pred_pos=0.000 p_mean=0.132 P=0.000 R=0.000 F1=0.000
2026-05-03 17:22:43 [INFO]     Session-level variance (collapse metric): 0.002747
2026-05-03 17:22:43 [INFO]     calibrated F1=0.4277 via biases D=+1.20 A=+1.60 S=+1.60 (selected=calibrated)
2026-05-03 17:22:43 [INFO]     5/ 30 | 4.77e-04 |   0.8436   |  0.7925  | 0.0938 | 0.4277 | 0.6707 | 0.000/0.281/0.000 | 2m 59s ETA 1h 16m 11s VRAM 13.4G
2026-05-03 17:25:41 [INFO]     D: gt_pos=0.215 pred_pos=0.395 p_mean=0.365 P=0.342 R=0.628 F1=0.443
2026-05-03 17:25:41 [INFO]     A: gt_pos=0.283 pred_pos=0.433 p_mean=0.388 P=0.377 R=0.576 F1=0.456
2026-05-03 17:25:41 [INFO]     S: gt_pos=0.130 pred_pos=0.005 p_mean=0.246 P=0.333 R=0.013 F1=0.025
2026-05-03 17:25:41 [INFO]     Session-level variance (collapse metric): 0.003963
2026-05-03 17:25:41 [INFO]     calibrated F1=0.4239 via biases D=-0.20 A=+1.00 S=+0.70 (selected=calibrated)
2026-05-03 17:25:41 [INFO]     6/ 30 | 4.64e-04 |   0.8177   |  0.7253  | 0.3077 | 0.4239 | 0.6763 | 0.443/0.456/0.025 | 2m 58s ETA 1h 12m 49s VRAM 13.4G
2026-05-03 17:28:44 [INFO]     D: gt_pos=0.215 pred_pos=0.442 p_mean=0.383 P=0.309 R=0.636 F1=0.416
2026-05-03 17:28:44 [INFO]     A: gt_pos=0.283 pred_pos=0.485 p_mean=0.429 P=0.375 R=0.641 F1=0.473
2026-05-03 17:28:44 [INFO]     S: gt_pos=0.130 pred_pos=0.287 p_mean=0.282 P=0.227 R=0.500 F1=0.312
2026-05-03 17:28:44 [INFO]     Session-level variance (collapse metric): 0.009149
2026-05-03 17:28:44 [INFO]     calibrated F1=0.4202 via biases D=-0.60 A=+1.50 S=+0.40 (selected=calibrated)
2026-05-03 17:28:44 [INFO]     7/ 30 | 4.49e-04 |   0.7892   |  0.7801  | 0.4004 | 0.4202 | 0.6727 | 0.416/0.473/0.312 | 3m 02s ETA 1h 09m 49s VRAM 13.4G
2026-05-03 17:31:45 [INFO]     D: gt_pos=0.215 pred_pos=0.408 p_mean=0.393 P=0.331 R=0.628 F1=0.433
2026-05-03 17:31:45 [INFO]     A: gt_pos=0.283 pred_pos=0.438 p_mean=0.418 P=0.376 R=0.582 F1=0.457
2026-05-03 17:31:45 [INFO]     S: gt_pos=0.130 pred_pos=0.310 p_mean=0.321 P=0.226 R=0.538 F1=0.318
2026-05-03 17:31:45 [INFO]     Session-level variance (collapse metric): 0.005898
2026-05-03 17:31:45 [INFO]     calibrated F1=0.4275 via biases D=-0.30 A=+1.30 S=+0.10 (selected=calibrated)
2026-05-03 17:31:45 [INFO]     8/ 30 | 4.32e-04 |   0.7816   |  0.7521  | 0.4029 | 0.4275 | 0.6805 | 0.433/0.457/0.318 | 3m 00s ETA 1h 06m 43s VRAM 13.4G
2026-05-03 17:34:48 [INFO]     D: gt_pos=0.215 pred_pos=0.275 p_mean=0.268 P=0.382 R=0.488 F1=0.429
2026-05-03 17:34:48 [INFO]     A: gt_pos=0.283 pred_pos=0.297 p_mean=0.309 P=0.410 R=0.429 F1=0.420
2026-05-03 17:34:48 [INFO]     S: gt_pos=0.130 pred_pos=0.092 p_mean=0.178 P=0.273 R=0.192 F1=0.226
2026-05-03 17:34:48 [INFO]     Session-level variance (collapse metric): 0.009246
2026-05-03 17:34:48 [INFO]     calibrated F1=0.4236 via biases D=+0.70 A=+2.30 S=+0.60 (selected=calibrated)
2026-05-03 17:34:48 [INFO]     9/ 30 | 4.12e-04 |   0.7359   |  0.8195  | 0.3579 | 0.4236 | 0.6762 | 0.429/0.420/0.226 | 3m 03s ETA 1h 03m 45s VRAM 13.4G
2026-05-03 17:34:48 [INFO]   EarlyStopping triggered at epoch 9 (patience=6, metric=primary)
2026-05-03 17:34:48 [INFO] ==========================================================================================
2026-05-03 17:34:48 [INFO] Training complete. Best F1=0.4380, time=27m 19s
2026-05-03 17:34:48 [INFO] Loading best checkpoint for submission generation ...
2026-05-03 17:34:48 [INFO] Submission level: participant
2026-05-03 17:34:49 [INFO] Decode method: auto
2026-05-03 17:34:49 [INFO] Calibrating per-task bias offsets on val ...
2026-05-03 17:35:04 [INFO]   D: bias=+0.60  F1_cal=0.4561
2026-05-03 17:35:04 [INFO]   A: bias=+1.20  F1_cal=0.5216
2026-05-03 17:35:05 [INFO]   S: bias=+0.80  F1_cal=0.3362
2026-05-03 17:35:05 [INFO]   Mean calibrated F1: 0.4380 (vs selected best: 0.4380, raw best: 0.1721)
2026-05-03 17:35:05 [INFO] Skipping submission generation after training; use infer.py for release inference.
2026-05-03 17:35:05 [INFO] Run complete: a1__grouped__mtcn__a-base-mel_mfcc+vad+egemaps__a-ssl-wav2vec2-chinese-xlsr__v-base-headpose+facebeh+qc+vadagg__v-ssl-dinov2-large__mask-andcore__pw_biascalib__seed42__20260503_165303
2026-05-03 17:35:05 [INFO] Output dir: /home/adodas/AdoDAS2026/outputs/a1/runs/a1__grouped__mtcn__a-base-mel_mfcc+vad+egemaps__a-ssl-wav2vec2-chinese-xlsr__v-base-headpose+facebeh+qc+vadagg__v-ssl-dinov2-large__mask-andcore__pw_biascalib__seed42__20260503_165303
