2026-05-10 14:28:02 [INFO] Logging to /home/adodas/AdoDAS2026_3/outputs/a1/runs/a1__grouped__mtcn__a-base-mel_mfcc+vad+egemaps__a-ssl-wav2vec2-chinese-xlsr__v-base-headpose+facebeh+qc+vadagg+bodypose+globmot__v-ssl-dinov2-large__mask-andcore__pw_biascalib__seed42__20260510_142802/logs/train_grouped_a1_20260510_142802.log
2026-05-10 14:28:02 [INFO] Device: cuda
2026-05-10 14:28:02 [INFO] Task: a1
2026-05-10 14:28:02 [INFO] Run name: a1__grouped__mtcn__a-base-mel_mfcc+vad+egemaps__a-ssl-wav2vec2-chinese-xlsr__v-base-headpose+facebeh+qc+vadagg+bodypose+globmot__v-ssl-dinov2-large__mask-andcore__pw_biascalib__seed42__20260510_142802
2026-05-10 14:28:02 [INFO] Config: {'feature_root': '/home/adodas/dataset', 'manifest_dir': '/home/adodas/dataset/manifests', 'output_dir': '/home/adodas/AdoDAS2026_3/outputs/a1', 'mask_policy': 'and_core', 'core_audio': ['mel_mfcc', 'ssl_embed'], 'core_video': ['vision_ssl_embed', 'qc_stats'], 'd_adapter': 64, 'd_model': 256, 'tcn_layers': 6, 'tcn_kernel_size': 3, 'asp_alpha': 0.5, 'asp_beta': 0.5, 'dropout': 0.2, 'd_shared': 256, 'aggregator': 'mlp', 'batch_size': 32, 'lr': 0.0005, 'weight_decay': 0.01, 'warmup_epochs': 1, 'epochs': 30, 'seed': 42, 'num_workers': 8, 'amp': True, 'preload': False, 'grad_clip': 1.0, 'use_pos_weight': True, 'patience': 6, 'session_loss_weight': 0.1, 'session_type_loss_weight': 0.15, 'submission_level': 'participant', 'decode_method': 'auto', 'label_smoothing': 0.0, 'feature_noise_std': 0.0, 'session_drop_prob': 0.0, 'early_stop_metric': 'primary', 'pre_tcn_processing': {'enabled': True, 'dynamics_aug': {'enabled': True, 'mode': 'selective_v2', 'apply_audio': {'vad': {'windows': [5, 15, 25], 'use_delta': True, 'use_abs_delta': True, 'use_rolling_mean': True, 'use_rolling_std': True}, 'mel_mfcc': {'windows': [5, 15], 'use_delta': True, 'use_abs_delta': False, 'use_rolling_mean': False, 'use_rolling_std': False}}, 'apply_video': {'vad_agg': {'windows': [5, 15, 25], 'use_delta': True, 'use_abs_delta': True, 'use_rolling_mean': True, 'use_rolling_std': True}, 'headpose_geom': {'windows': [5, 15, 25], 'use_delta': True, 'use_abs_delta': True, 'use_rolling_mean': True, 'use_rolling_std': True}, 'face_behavior': {'windows': [5, 15, 25], 'use_delta': True, 'use_abs_delta': True, 'use_rolling_mean': True, 'use_rolling_std': True}, 'body_pose': {'windows': [5, 15], 'use_delta': True, 'use_abs_delta': True, 'use_rolling_mean': False, 'use_rolling_std': True}, 'global_motion': {'windows': [5, 15], 'use_delta': False, 'use_abs_delta': True, 'use_rolling_mean': True, 'use_rolling_std': True}, 'qc_stats': {'windows': [15, 25], 'use_delta': False, 'use_abs_delta': False, 'use_rolling_mean': True, 'use_rolling_std': True}}, 'exclude': ['ssl_embed', 'vision_ssl_embed', 'egemaps']}}, 'audio_features': ['mel_mfcc', 'vad', 'egemaps', 'ssl_embed'], 'video_features': ['headpose_geom', 'face_behavior', 'qc_stats', 'vad_agg', 'body_pose', 'global_motion', 'vision_ssl_embed'], 'audio_ssl_model_tag': 'wav2vec2-chinese-xlsr', 'video_ssl_model_tag': 'dinov2-large', 'task': 'a1'}
2026-05-10 14:28:03 [INFO] Mask policy: and_core
2026-05-10 14:28:06 [INFO] [PreTCN] DynamicsAug enabled: True
2026-05-10 14:28:06 [INFO] [PreTCN] mode: selective_v2
2026-05-10 14:28:06 [INFO] [PreTCN]   audio[mel_mfcc]: {'windows': [5, 15], 'use_delta': True, 'use_abs_delta': False, 'use_rolling_mean': False, 'use_rolling_std': False}
2026-05-10 14:28:06 [INFO] [PreTCN]   audio[vad]: {'windows': [5, 15, 25], 'use_delta': True, 'use_abs_delta': True, 'use_rolling_mean': True, 'use_rolling_std': True}
2026-05-10 14:28:06 [INFO] [PreTCN]   video[body_pose]: {'windows': [5, 15], 'use_delta': True, 'use_abs_delta': True, 'use_rolling_mean': False, 'use_rolling_std': True}
2026-05-10 14:28:06 [INFO] [PreTCN]   video[face_behavior]: {'windows': [5, 15, 25], 'use_delta': True, 'use_abs_delta': True, 'use_rolling_mean': True, 'use_rolling_std': True}
2026-05-10 14:28:06 [INFO] [PreTCN]   video[global_motion]: {'windows': [5, 15], 'use_delta': False, 'use_abs_delta': True, 'use_rolling_mean': True, 'use_rolling_std': True}
2026-05-10 14:28:06 [INFO] [PreTCN]   video[headpose_geom]: {'windows': [5, 15, 25], 'use_delta': True, 'use_abs_delta': True, 'use_rolling_mean': True, 'use_rolling_std': True}
2026-05-10 14:28:06 [INFO] [PreTCN]   video[qc_stats]: {'windows': [15, 25], 'use_delta': False, 'use_abs_delta': False, 'use_rolling_mean': True, 'use_rolling_std': True}
2026-05-10 14:28:06 [INFO] [PreTCN]   video[vad_agg]: {'windows': [5, 15, 25], 'use_delta': True, 'use_abs_delta': True, 'use_rolling_mean': True, 'use_rolling_std': True}
2026-05-10 14:28:07 [INFO] [PreTCN] body_pose: 27 -> 135
2026-05-10 14:28:07 [INFO] [PreTCN] face_behavior: 5 -> 45
2026-05-10 14:28:07 [INFO] [PreTCN] global_motion: 4 -> 24
2026-05-10 14:28:07 [INFO] [PreTCN] headpose_geom: 5 -> 45
2026-05-10 14:28:07 [INFO] [PreTCN] mel_mfcc: 93 -> 186
2026-05-10 14:28:07 [INFO] [PreTCN] qc_stats: 4 -> 20
2026-05-10 14:28:07 [INFO] [PreTCN] vad: 1 -> 9
2026-05-10 14:28:07 [INFO] [PreTCN] vad_agg: 4 -> 36
2026-05-10 14:28:07 [INFO] Train: 4200 participants, Val: 600 participants
2026-05-10 14:28:07 [INFO] batch_size=32, num_workers=8
2026-05-10 14:28:08 [INFO] Model params: 5,580,517
2026-05-10 14:28:08 [INFO] AMP enabled (BF16)
2026-05-10 14:28:08 [INFO] pos_weight [D/A/S]: 1.91 / 1.59 / 2.60
2026-05-10 14:28:09 [INFO] Scheduler: warmup=1 -> cosine, total=30
2026-05-10 14:28:09 [INFO] Grad clip: 1.0
2026-05-10 14:28:09 [INFO] Session loss weight: 0.1
2026-05-10 14:28:09 [INFO] Session type loss weight: 0.15
2026-05-10 14:28:09 [INFO] EarlyStopping: patience=6, metric=primary, mode=max
2026-05-10 14:28:09 [INFO] Label smoothing: 0.0
2026-05-10 14:28:09 [INFO] Feature noise std: 0.0
2026-05-10 14:28:09 [INFO] Session drop prob: 0.0
2026-05-10 14:28:09 [INFO] ==========================================================================================
2026-05-10 14:28:09 [INFO]   Epoch  |    LR     | Train Loss | Val Loss | F1 raw | F1 sel |  AUROC | F1[D/A/S]       | Time
2026-05-10 14:28:09 [INFO] ==========================================================================================
2026-05-10 14:43:57 [INFO]     D: gt_pos=0.215 pred_pos=0.000 p_mean=0.320 P=0.000 R=0.000 F1=0.000
2026-05-10 14:43:57 [INFO]     A: gt_pos=0.283 pred_pos=0.000 p_mean=0.365 P=0.000 R=0.000 F1=0.000
2026-05-10 14:43:57 [INFO]     S: gt_pos=0.130 pred_pos=0.000 p_mean=0.248 P=0.000 R=0.000 F1=0.000
2026-05-10 14:43:57 [INFO]     Session-level variance (collapse metric): 0.001429
2026-05-10 14:43:57 [INFO]     calibrated F1=0.3486 via biases D=+0.80 A=+0.60 S=+1.10 (selected=calibrated)
2026-05-10 14:43:57 [INFO]     1/ 30 | 5.00e-04 |   1.0656   |  0.7531  | 0.0000 | 0.3486 | 0.5634 | 0.000/0.000/0.000 | 15m 48s ETA 7h 38m 15s VRAM 14.0G *
2026-05-10 14:43:58 [INFO]   >>> New best F1=0.3486 saved at epoch 1.
2026-05-10 15:00:06 [INFO]     D: gt_pos=0.215 pred_pos=0.000 p_mean=0.237 P=0.000 R=0.000 F1=0.000
2026-05-10 15:00:06 [INFO]     A: gt_pos=0.283 pred_pos=0.000 p_mean=0.305 P=0.000 R=0.000 F1=0.000
2026-05-10 15:00:06 [INFO]     S: gt_pos=0.130 pred_pos=0.000 p_mean=0.192 P=0.000 R=0.000 F1=0.000
2026-05-10 15:00:06 [INFO]     Session-level variance (collapse metric): 0.002103
2026-05-10 15:00:06 [INFO]     calibrated F1=0.3456 via biases D=+1.70 A=+0.90 S=+1.60 (selected=calibrated)
2026-05-10 15:00:06 [INFO]     2/ 30 | 4.99e-04 |   0.9590   |  0.7787  | 0.0000 | 0.3456 | 0.5495 | 0.000/0.000/0.000 | 16m 08s ETA 7h 27m 18s VRAM 14.0G
2026-05-10 15:16:25 [INFO]     D: gt_pos=0.215 pred_pos=0.002 p_mean=0.306 P=0.000 R=0.000 F1=0.000
2026-05-10 15:16:25 [INFO]     A: gt_pos=0.283 pred_pos=0.002 p_mean=0.334 P=0.000 R=0.000 F1=0.000
2026-05-10 15:16:25 [INFO]     S: gt_pos=0.130 pred_pos=0.000 p_mean=0.199 P=0.000 R=0.000 F1=0.000
2026-05-10 15:16:25 [INFO]     Session-level variance (collapse metric): 0.004288
2026-05-10 15:16:25 [INFO]     calibrated F1=0.4246 via biases D=+0.60 A=+0.60 S=+1.30 (selected=calibrated)
2026-05-10 15:16:25 [INFO]     3/ 30 | 4.94e-04 |   0.9060   |  0.7297  | 0.0000 | 0.4246 | 0.6783 | 0.000/0.000/0.000 | 16m 18s ETA 7h 14m 24s VRAM 14.0G *
2026-05-10 15:16:26 [INFO]   >>> New best F1=0.4246 saved at epoch 3.
2026-05-10 15:32:49 [INFO]     D: gt_pos=0.215 pred_pos=0.000 p_mean=0.244 P=0.000 R=0.000 F1=0.000
2026-05-10 15:32:49 [INFO]     A: gt_pos=0.283 pred_pos=0.000 p_mean=0.315 P=0.000 R=0.000 F1=0.000
2026-05-10 15:32:49 [INFO]     S: gt_pos=0.130 pred_pos=0.000 p_mean=0.169 P=0.000 R=0.000 F1=0.000
2026-05-10 15:32:50 [INFO]     Session-level variance (collapse metric): 0.002478
2026-05-10 15:32:50 [INFO]     calibrated F1=0.4257 via biases D=+0.80 A=+0.90 S=+1.40 (selected=calibrated)
2026-05-10 15:32:50 [INFO]     4/ 30 | 4.87e-04 |   0.8668   |  0.7278  | 0.0000 | 0.4257 | 0.6918 | 0.000/0.000/0.000 | 16m 23s ETA 7h 00m 21s VRAM 14.0G *
2026-05-10 15:32:50 [INFO]   >>> New best F1=0.4257 saved at epoch 4.
2026-05-10 15:48:45 [INFO]     D: gt_pos=0.215 pred_pos=0.000 p_mean=0.244 P=0.000 R=0.000 F1=0.000
2026-05-10 15:48:45 [INFO]     A: gt_pos=0.283 pred_pos=0.005 p_mean=0.253 P=0.333 R=0.006 F1=0.012
2026-05-10 15:48:45 [INFO]     S: gt_pos=0.130 pred_pos=0.000 p_mean=0.201 P=0.000 R=0.000 F1=0.000
2026-05-10 15:48:45 [INFO]     Session-level variance (collapse metric): 0.002373
2026-05-10 15:48:45 [INFO]     calibrated F1=0.4405 via biases D=+1.10 A=+1.50 S=+1.20 (selected=calibrated)
2026-05-10 15:48:45 [INFO]     5/ 30 | 4.77e-04 |   0.8197   |  0.7159  | 0.0039 | 0.4405 | 0.7082 | 0.000/0.012/0.000 | 15m 55s ETA 6h 43m 00s VRAM 14.0G *
2026-05-10 15:48:46 [INFO]   >>> New best F1=0.4405 saved at epoch 5.
2026-05-10 16:04:21 [INFO]     D: gt_pos=0.215 pred_pos=0.182 p_mean=0.381 P=0.404 R=0.341 F1=0.370
2026-05-10 16:04:21 [INFO]     A: gt_pos=0.283 pred_pos=0.302 p_mean=0.406 P=0.431 R=0.459 F1=0.444
2026-05-10 16:04:21 [INFO]     S: gt_pos=0.130 pred_pos=0.000 p_mean=0.281 P=0.000 R=0.000 F1=0.000
2026-05-10 16:04:22 [INFO]     Session-level variance (collapse metric): 0.003828
2026-05-10 16:04:22 [INFO]     calibrated F1=0.4322 via biases D=+0.30 A=+0.70 S=+0.60 (selected=calibrated)
2026-05-10 16:04:22 [INFO]     6/ 30 | 4.64e-04 |   0.7905   |  0.7004  | 0.2714 | 0.4322 | 0.6957 | 0.370/0.444/0.000 | 15m 35s ETA 6h 24m 50s VRAM 14.0G
2026-05-10 16:19:15 [INFO]     D: gt_pos=0.215 pred_pos=0.320 p_mean=0.340 P=0.354 R=0.527 F1=0.424
2026-05-10 16:19:16 [INFO]     A: gt_pos=0.283 pred_pos=0.390 p_mean=0.381 P=0.410 R=0.565 F1=0.475
2026-05-10 16:19:16 [INFO]     S: gt_pos=0.130 pred_pos=0.017 p_mean=0.273 P=0.100 R=0.013 F1=0.023
2026-05-10 16:19:16 [INFO]     Session-level variance (collapse metric): 0.003042
2026-05-10 16:19:17 [INFO]     calibrated F1=0.4291 via biases D=+0.10 A=+1.10 S=+0.40 (selected=calibrated)
2026-05-10 16:19:17 [INFO]     7/ 30 | 4.49e-04 |   0.7881   |  0.7033  | 0.3072 | 0.4291 | 0.6905 | 0.424/0.475/0.023 | 14m 55s ETA 6h 05m 08s VRAM 14.0G
2026-05-10 16:34:03 [INFO]     D: gt_pos=0.215 pred_pos=0.202 p_mean=0.335 P=0.397 R=0.372 F1=0.384
2026-05-10 16:34:03 [INFO]     A: gt_pos=0.283 pred_pos=0.272 p_mean=0.383 P=0.405 R=0.388 F1=0.396
2026-05-10 16:34:04 [INFO]     S: gt_pos=0.130 pred_pos=0.033 p_mean=0.254 P=0.200 R=0.051 F1=0.082
2026-05-10 16:34:04 [INFO]     Session-level variance (collapse metric): 0.003945
2026-05-10 16:34:04 [INFO]     calibrated F1=0.4277 via biases D=+0.60 A=+1.00 S=+0.60 (selected=calibrated)
2026-05-10 16:34:04 [INFO]     8/ 30 | 4.32e-04 |   0.7684   |  0.7001  | 0.2873 | 0.4277 | 0.6844 | 0.384/0.396/0.082 | 14m 46s ETA 5h 46m 15s VRAM 14.0G
2026-05-10 16:52:19 [INFO]     D: gt_pos=0.215 pred_pos=0.270 p_mean=0.344 P=0.377 R=0.473 F1=0.419
2026-05-10 16:52:19 [INFO]     A: gt_pos=0.283 pred_pos=0.302 p_mean=0.361 P=0.414 R=0.441 F1=0.427
2026-05-10 16:52:19 [INFO]     S: gt_pos=0.130 pred_pos=0.073 p_mean=0.243 P=0.273 R=0.154 F1=0.197
2026-05-10 16:52:19 [INFO]     Session-level variance (collapse metric): 0.004800
2026-05-10 16:52:19 [INFO]     calibrated F1=0.4395 via biases D=+0.30 A=+0.80 S=+1.10 (selected=calibrated)
2026-05-10 16:52:19 [INFO]     9/ 30 | 4.12e-04 |   0.7555   |  0.6858  | 0.3478 | 0.4395 | 0.6990 | 0.419/0.427/0.197 | 18m 14s ETA 5h 36m 22s VRAM 14.0G
2026-05-10 17:09:46 [INFO]     D: gt_pos=0.215 pred_pos=0.005 p_mean=0.262 P=0.333 R=0.008 F1=0.015
2026-05-10 17:09:46 [INFO]     A: gt_pos=0.283 pred_pos=0.077 p_mean=0.316 P=0.587 R=0.159 F1=0.250
2026-05-10 17:09:46 [INFO]     S: gt_pos=0.130 pred_pos=0.017 p_mean=0.210 P=0.200 R=0.026 F1=0.045
2026-05-10 17:09:46 [INFO]     Session-level variance (collapse metric): 0.001139
2026-05-10 17:09:46 [INFO]     calibrated F1=0.4399 via biases D=+0.80 A=+1.20 S=+1.10 (selected=calibrated)
2026-05-10 17:09:47 [INFO]    10/ 30 | 3.91e-04 |   0.7647   |  0.6989  | 0.1035 | 0.4399 | 0.6987 | 0.015/0.250/0.045 | 17m 27s ETA 5h 23m 14s VRAM 14.0G
2026-05-10 17:26:55 [INFO]     D: gt_pos=0.215 pred_pos=0.125 p_mean=0.239 P=0.427 R=0.248 F1=0.314
2026-05-10 17:26:55 [INFO]     A: gt_pos=0.283 pred_pos=0.178 p_mean=0.284 P=0.458 R=0.288 F1=0.354
2026-05-10 17:26:55 [INFO]     S: gt_pos=0.130 pred_pos=0.072 p_mean=0.187 P=0.233 R=0.128 F1=0.165
2026-05-10 17:26:55 [INFO]     Session-level variance (collapse metric): 0.002790
2026-05-10 17:26:55 [INFO]     calibrated F1=0.4368 via biases D=+1.20 A=+1.80 S=+1.60 (selected=calibrated)
2026-05-10 17:26:55 [INFO]    11/ 30 | 3.67e-04 |   0.7508   |  0.7288  | 0.2776 | 0.4368 | 0.6945 | 0.314/0.354/0.165 | 17m 08s ETA 5h 08m 46s VRAM 14.0G
2026-05-10 17:26:55 [INFO]   EarlyStopping triggered at epoch 11 (patience=6, metric=primary)
2026-05-10 17:26:55 [INFO] ==========================================================================================
2026-05-10 17:26:55 [INFO] Training complete. Best F1=0.4405, time=2h 58m 45s
2026-05-10 17:26:55 [INFO] Loading best checkpoint for submission generation ...
2026-05-10 17:26:56 [INFO] Submission level: participant
2026-05-10 17:26:56 [INFO] Decode method: auto
2026-05-10 17:26:56 [INFO] Calibrating per-task bias offsets on val ...
2026-05-10 17:29:36 [INFO]   D: bias=+1.10  F1_cal=0.4569
2026-05-10 17:29:37 [INFO]   A: bias=+1.50  F1_cal=0.5172
2026-05-10 17:29:37 [INFO]   S: bias=+1.20  F1_cal=0.3467
2026-05-10 17:29:37 [INFO]   Mean calibrated F1: 0.4402 (vs selected best: 0.4405, raw best: 0.0039)
2026-05-10 17:29:37 [INFO] Skipping submission generation after training; use infer.py for release inference.
2026-05-10 17:29:37 [INFO] Run complete: a1__grouped__mtcn__a-base-mel_mfcc+vad+egemaps__a-ssl-wav2vec2-chinese-xlsr__v-base-headpose+facebeh+qc+vadagg+bodypose+globmot__v-ssl-dinov2-large__mask-andcore__pw_biascalib__seed42__20260510_142802
2026-05-10 17:29:37 [INFO] Output dir: /home/adodas/AdoDAS2026_3/outputs/a1/runs/a1__grouped__mtcn__a-base-mel_mfcc+vad+egemaps__a-ssl-wav2vec2-chinese-xlsr__v-base-headpose+facebeh+qc+vadagg+bodypose+globmot__v-ssl-dinov2-large__mask-andcore__pw_biascalib__seed42__20260510_142802
