2026-05-06 22:29:27 [INFO] Logging to /home/adodas/AdoDAS2026-1/outputs/a1/runs/a1__grouped__mtcn__a-base-mel_mfcc+vad+egemaps__a-ssl-wav2vec2-chinese-xlsr__v-base-facebeh+qc+vadagg__v-ssl-dinov2-large__mask-andcore__pw_biascalib__seed42__20260506_222927/logs/train_grouped_a1_20260506_222927.log
2026-05-06 22:29:27 [INFO] Device: cuda
2026-05-06 22:29:27 [INFO] Task: a1
2026-05-06 22:29:27 [INFO] Run name: a1__grouped__mtcn__a-base-mel_mfcc+vad+egemaps__a-ssl-wav2vec2-chinese-xlsr__v-base-facebeh+qc+vadagg__v-ssl-dinov2-large__mask-andcore__pw_biascalib__seed42__20260506_222927
2026-05-06 22:29:27 [INFO] Config: {'feature_root': '/home/adodas/dataset', 'manifest_dir': '/home/adodas/dataset/manifests', 'output_dir': '/home/adodas/AdoDAS2026-1/outputs/a1', 'mask_policy': 'and_core', 'core_audio': ['mel_mfcc', 'ssl_embed'], 'core_video': ['vision_ssl_embed', 'qc_stats'], 'd_adapter': 64, 'd_model': 256, 'tcn_layers': 6, 'tcn_kernel_size': 3, 'asp_alpha': 0.5, 'asp_beta': 0.5, 'dropout': 0.2, 'd_shared': 256, 'label_smoothing': 0.05, 'aggregator': 'mlp', 'batch_size': 16, 'lr': 0.00025, 'weight_decay': 0.01, 'warmup_epochs': 1, 'epochs': 30, 'seed': 42, 'num_workers': 4, 'amp': False, 'preload': True, 'grad_clip': 1.0, 'use_pos_weight': True, 'patience': 6, 'session_loss_weight': 0.2, 'session_type_loss_weight': 0.15, 'submission_level': 'participant', 'decode_method': 'auto', 'feature_noise_std': 0.0, 'session_drop_prob': 0.0, 'early_stop_metric': 'primary', 'audio_features': ['mel_mfcc', 'vad', 'egemaps', 'ssl_embed'], 'video_features': ['face_behavior', 'qc_stats', 'vad_agg', 'vision_ssl_embed'], 'audio_ssl_model_tag': 'wav2vec2-chinese-xlsr', 'video_ssl_model_tag': 'dinov2-large', 'task': 'a1'}
2026-05-06 22:29:27 [INFO] Mask policy: and_core
2026-05-06 22:29:30 [INFO] Train: 4200 participants, Val: 600 participants
2026-05-06 22:29:30 [INFO] Preloading data into RAM ...
2026-05-06 22:39:00 [INFO] Preloaded 4200/4200 participants (45.6 GB in RAM)
2026-05-06 22:40:32 [INFO] Preloaded 600/600 participants (7.9 GB in RAM)
2026-05-06 22:40:32 [INFO] Preload done: 45.6G + 7.9G = 53.4G, took 11m 02s
2026-05-06 22:40:32 [INFO] batch_size=16, num_workers=0
2026-05-06 22:40:33 [INFO] Model params: 6,560,725
2026-05-06 22:40:33 [INFO] pos_weight [D/A/S]: 1.91 / 1.59 / 2.60
2026-05-06 22:40:34 [INFO] Scheduler: warmup=1 -> cosine, total=30
2026-05-06 22:40:34 [INFO] Grad clip: 1.0
2026-05-06 22:40:34 [INFO] Session loss weight: 0.2
2026-05-06 22:40:34 [INFO] Session type loss weight: 0.15
2026-05-06 22:40:34 [INFO] EarlyStopping: patience=6, metric=primary, mode=max
2026-05-06 22:40:34 [INFO] Label smoothing: 0.05
2026-05-06 22:40:34 [INFO] Feature noise std: 0.0
2026-05-06 22:40:34 [INFO] Session drop prob: 0.0
2026-05-06 22:40:34 [INFO] ==========================================================================================
2026-05-06 22:40:34 [INFO]   Epoch  |    LR     | Train Loss | Val Loss | F1 raw | F1 sel |  AUROC | F1[D/A/S]       | Time
2026-05-06 22:40:34 [INFO] ==========================================================================================
2026-05-06 22:44:42 [INFO]     D: gt_pos=0.215 pred_pos=0.000 p_mean=0.319 P=0.000 R=0.000 F1=0.000
2026-05-06 22:44:42 [INFO]     A: gt_pos=0.283 pred_pos=0.000 p_mean=0.386 P=0.000 R=0.000 F1=0.000
2026-05-06 22:44:42 [INFO]     S: gt_pos=0.130 pred_pos=0.000 p_mean=0.291 P=0.000 R=0.000 F1=0.000
2026-05-06 22:44:43 [INFO]     Session-level variance (collapse metric): 0.000649
2026-05-06 22:44:43 [INFO]     calibrated F1=0.3434 via biases D=+0.80 A=+0.60 S=+1.00 (selected=calibrated)
2026-05-06 22:44:43 [INFO]     1/ 30 | 2.50e-04 |   1.1909   |  0.7521  | 0.0000 | 0.3434 | 0.5138 | 0.000/0.000/0.000 | 4m 08s ETA 2h 00m 15s VRAM 21.5G *
2026-05-06 22:44:43 [INFO]   >>> New best F1=0.3434 saved at epoch 1.
2026-05-06 22:48:49 [INFO]     D: gt_pos=0.215 pred_pos=0.000 p_mean=0.318 P=0.000 R=0.000 F1=0.000
2026-05-06 22:48:49 [INFO]     A: gt_pos=0.283 pred_pos=0.317 p_mean=0.391 P=0.363 R=0.406 F1=0.383
2026-05-06 22:48:49 [INFO]     S: gt_pos=0.130 pred_pos=0.000 p_mean=0.271 P=0.000 R=0.000 F1=0.000
2026-05-06 22:48:49 [INFO]     Session-level variance (collapse metric): 0.000797
2026-05-06 22:48:50 [INFO]     calibrated F1=0.3907 via biases D=+1.10 A=+0.80 S=+1.10 (selected=calibrated)
2026-05-06 22:48:50 [INFO]     2/ 30 | 2.49e-04 |   1.0603   |  0.7305  | 0.1278 | 0.3907 | 0.6236 | 0.000/0.383/0.000 | 4m 06s ETA 1h 55m 37s VRAM 21.5G *
2026-05-06 22:48:50 [INFO]   >>> New best F1=0.3907 saved at epoch 2.
2026-05-06 22:52:56 [INFO]     D: gt_pos=0.215 pred_pos=0.120 p_mean=0.423 P=0.264 R=0.147 F1=0.189
2026-05-06 22:52:56 [INFO]     A: gt_pos=0.283 pred_pos=0.135 p_mean=0.437 P=0.383 R=0.182 F1=0.247
2026-05-06 22:52:56 [INFO]     S: gt_pos=0.130 pred_pos=0.005 p_mean=0.295 P=0.000 R=0.000 F1=0.000
2026-05-06 22:52:56 [INFO]     Session-level variance (collapse metric): 0.001200
2026-05-06 22:52:56 [INFO]     calibrated F1=0.3884 via biases D=+0.30 A=+0.30 S=+0.90 (selected=calibrated)
2026-05-06 22:52:56 [INFO]     3/ 30 | 2.47e-04 |   0.9432   |  0.7423  | 0.1454 | 0.3884 | 0.6116 | 0.189/0.247/0.000 | 4m 05s ETA 1h 51m 20s VRAM 21.5G
2026-05-06 22:57:03 [INFO]     D: gt_pos=0.215 pred_pos=0.000 p_mean=0.321 P=0.000 R=0.000 F1=0.000
2026-05-06 22:57:03 [INFO]     A: gt_pos=0.283 pred_pos=0.115 p_mean=0.371 P=0.420 R=0.171 F1=0.243
2026-05-06 22:57:03 [INFO]     S: gt_pos=0.130 pred_pos=0.000 p_mean=0.288 P=0.000 R=0.000 F1=0.000
2026-05-06 22:57:03 [INFO]     Session-level variance (collapse metric): 0.000872
2026-05-06 22:57:03 [INFO]     calibrated F1=0.4101 via biases D=+0.60 A=+0.90 S=+0.80 (selected=calibrated)
2026-05-06 22:57:03 [INFO]     4/ 30 | 2.43e-04 |   0.9248   |  0.7167  | 0.0809 | 0.4101 | 0.6604 | 0.000/0.243/0.000 | 4m 06s ETA 1h 47m 10s VRAM 21.5G *
2026-05-06 22:57:04 [INFO]   >>> New best F1=0.4101 saved at epoch 4.
2026-05-06 23:01:10 [INFO]     D: gt_pos=0.215 pred_pos=0.240 p_mean=0.362 P=0.389 R=0.434 F1=0.410
2026-05-06 23:01:10 [INFO]     A: gt_pos=0.283 pred_pos=0.407 p_mean=0.415 P=0.381 R=0.547 F1=0.449
2026-05-06 23:01:10 [INFO]     S: gt_pos=0.130 pred_pos=0.000 p_mean=0.310 P=0.000 R=0.000 F1=0.000
2026-05-06 23:01:10 [INFO]     Session-level variance (collapse metric): 0.001095
2026-05-06 23:01:10 [INFO]     calibrated F1=0.4246 via biases D=+0.20 A=+0.50 S=+0.50 (selected=calibrated)
2026-05-06 23:01:10 [INFO]     5/ 30 | 2.38e-04 |   0.9060   |  0.7091  | 0.2865 | 0.4246 | 0.6722 | 0.410/0.449/0.000 | 4m 06s ETA 1h 43m 00s VRAM 21.5G *
2026-05-06 23:01:11 [INFO]   >>> New best F1=0.4246 saved at epoch 5.
2026-05-06 23:05:17 [INFO]     D: gt_pos=0.215 pred_pos=0.262 p_mean=0.346 P=0.338 R=0.411 F1=0.371
2026-05-06 23:05:17 [INFO]     A: gt_pos=0.283 pred_pos=0.275 p_mean=0.376 P=0.418 R=0.406 F1=0.412
2026-05-06 23:05:17 [INFO]     S: gt_pos=0.130 pred_pos=0.177 p_mean=0.321 P=0.179 R=0.244 F1=0.207
2026-05-06 23:05:17 [INFO]     Session-level variance (collapse metric): 0.001130
2026-05-06 23:05:17 [INFO]     calibrated F1=0.4241 via biases D=+0.30 A=+0.90 S=+0.60 (selected=calibrated)
2026-05-06 23:05:17 [INFO]     6/ 30 | 2.32e-04 |   0.9038   |  0.7106  | 0.3297 | 0.4241 | 0.6653 | 0.371/0.412/0.207 | 4m 05s ETA 1h 38m 50s VRAM 21.5G
2026-05-06 23:09:22 [INFO]     D: gt_pos=0.215 pred_pos=0.285 p_mean=0.414 P=0.333 R=0.442 F1=0.380
2026-05-06 23:09:22 [INFO]     A: gt_pos=0.283 pred_pos=0.273 p_mean=0.414 P=0.427 R=0.412 F1=0.419
2026-05-06 23:09:22 [INFO]     S: gt_pos=0.130 pred_pos=0.003 p_mean=0.343 P=0.500 R=0.013 F1=0.025
2026-05-06 23:09:23 [INFO]     Session-level variance (collapse metric): 0.000909
2026-05-06 23:09:23 [INFO]     calibrated F1=0.4143 via biases D=+0.30 A=+0.60 S=+0.60 (selected=calibrated)
2026-05-06 23:09:23 [INFO]     7/ 30 | 2.25e-04 |   0.9134   |  0.7272  | 0.2747 | 0.4143 | 0.6560 | 0.380/0.419/0.025 | 4m 06s ETA 1h 34m 40s VRAM 21.5G
2026-05-06 23:13:26 [INFO]     D: gt_pos=0.215 pred_pos=0.125 p_mean=0.334 P=0.413 R=0.240 F1=0.304
2026-05-06 23:13:27 [INFO]     A: gt_pos=0.283 pred_pos=0.185 p_mean=0.392 P=0.450 R=0.294 F1=0.356
2026-05-06 23:13:27 [INFO]     S: gt_pos=0.130 pred_pos=0.000 p_mean=0.290 P=0.000 R=0.000 F1=0.000
2026-05-06 23:13:27 [INFO]     Session-level variance (collapse metric): 0.001949
2026-05-06 23:13:27 [INFO]     calibrated F1=0.4039 via biases D=+0.70 A=+0.60 S=+1.00 (selected=calibrated)
2026-05-06 23:13:27 [INFO]     8/ 30 | 2.16e-04 |   0.8936   |  0.7189  | 0.2199 | 0.4039 | 0.6431 | 0.304/0.356/0.000 | 4m 03s ETA 1h 30m 25s VRAM 21.5G
2026-05-06 23:17:32 [INFO]     D: gt_pos=0.215 pred_pos=0.000 p_mean=0.344 P=0.000 R=0.000 F1=0.000
2026-05-06 23:17:32 [INFO]     A: gt_pos=0.283 pred_pos=0.378 p_mean=0.408 P=0.410 R=0.547 F1=0.469
2026-05-06 23:17:32 [INFO]     S: gt_pos=0.130 pred_pos=0.000 p_mean=0.297 P=0.000 R=0.000 F1=0.000
2026-05-06 23:17:32 [INFO]     Session-level variance (collapse metric): 0.000752
2026-05-06 23:17:32 [INFO]     calibrated F1=0.4222 via biases D=+0.30 A=+0.30 S=+0.60 (selected=calibrated)
2026-05-06 23:17:32 [INFO]     9/ 30 | 2.06e-04 |   0.9002   |  0.7078  | 0.1562 | 0.4222 | 0.6803 | 0.000/0.469/0.000 | 4m 04s ETA 1h 26m 14s VRAM 21.5G
2026-05-06 23:23:17 [INFO]     D: gt_pos=0.215 pred_pos=0.000 p_mean=0.317 P=0.000 R=0.000 F1=0.000
2026-05-06 23:23:18 [INFO]     A: gt_pos=0.283 pred_pos=0.210 p_mean=0.363 P=0.476 R=0.353 F1=0.405
2026-05-06 23:23:18 [INFO]     S: gt_pos=0.130 pred_pos=0.000 p_mean=0.257 P=0.000 R=0.000 F1=0.000
2026-05-06 23:23:18 [INFO]     Session-level variance (collapse metric): 0.000655
2026-05-06 23:23:18 [INFO]     calibrated F1=0.4188 via biases D=+0.40 A=+0.90 S=+0.70 (selected=calibrated)
2026-05-06 23:23:18 [INFO]    10/ 30 | 1.95e-04 |   0.8952   |  0.7048  | 0.1351 | 0.4188 | 0.6816 | 0.000/0.405/0.000 | 5m 45s ETA 1h 25m 27s VRAM 21.5G
