2026-05-11 19:26:22 [INFO] Logging to /home/adodas/AdoDAS2026_5/outputs/a1/runs/a1__grouped__mtcn__a-base-mel_mfcc+vad+egemaps__a-ssl-wav2vec2-chinese-xlsr__v-base-headpose+facebeh+qc+vadagg+bodypose+globmot__v-ssl-dinov2-large__mask-andcore__pw_biascalib__seed42__20260511_192622/logs/train_grouped_a1_20260511_192622.log
2026-05-11 19:26:22 [INFO] Device: cuda
2026-05-11 19:26:22 [INFO] Task: a1
2026-05-11 19:26:22 [INFO] Run name: a1__grouped__mtcn__a-base-mel_mfcc+vad+egemaps__a-ssl-wav2vec2-chinese-xlsr__v-base-headpose+facebeh+qc+vadagg+bodypose+globmot__v-ssl-dinov2-large__mask-andcore__pw_biascalib__seed42__20260511_192622
2026-05-11 19:26:22 [INFO] Config: {'feature_root': '/home/adodas/dataset', 'manifest_dir': '/home/adodas/dataset/manifests', 'output_dir': '/home/adodas/AdoDAS2026_5/outputs/a1', 'mask_policy': 'and_core', 'core_audio': ['mel_mfcc', 'ssl_embed'], 'core_video': ['vision_ssl_embed'], 'd_adapter': 64, 'd_model': 256, 'tcn_layers': 6, 'tcn_kernel_size': 3, 'asp_alpha': 0.5, 'asp_beta': 0.5, 'dropout': 0.2, 'd_shared': 256, 'aggregator': 'mlp', 'batch_size': 32, 'lr': 0.0005, 'weight_decay': 0.01, 'warmup_epochs': 1, 'epochs': 30, 'seed': 42, 'num_workers': 8, 'amp': True, 'preload': False, 'grad_clip': 1.0, 'use_pos_weight': True, 'patience': 6, 'session_loss_weight': 0.2, 'session_type_loss_weight': 0.15, 'submission_level': 'participant', 'decode_method': 'auto', 'label_smoothing': 0.0, 'feature_noise_std': 0.0, 'session_drop_prob': 0.0, 'early_stop_metric': 'primary', 'pre_tcn_processing': {'enabled': True, 'dynamics_aug': {'enabled': True, 'mode': 'selective_v2', 'apply_audio': {'vad': {'windows': [5, 15, 25], 'use_delta': True, 'use_abs_delta': True, 'use_rolling_mean': True, 'use_rolling_std': True}}, 'apply_video': {'vad_agg': {'windows': [5, 15, 25], 'use_delta': True, 'use_abs_delta': True, 'use_rolling_mean': True, 'use_rolling_std': True}, 'headpose_geom': {'windows': [5, 15, 25], 'use_delta': True, 'use_abs_delta': True, 'use_rolling_mean': True, 'use_rolling_std': True}, 'face_behavior': {'windows': [5, 15, 25], 'use_delta': True, 'use_abs_delta': True, 'use_rolling_mean': True, 'use_rolling_std': True}}, 'exclude': ['ssl_embed', 'vision_ssl_embed', 'egemaps']}}, 'audio_features': ['mel_mfcc', 'vad', 'egemaps', 'ssl_embed'], 'video_features': ['headpose_geom', 'face_behavior', 'qc_stats', 'vad_agg', 'body_pose', 'global_motion', 'vision_ssl_embed'], 'audio_ssl_model_tag': 'wav2vec2-chinese-xlsr', 'video_ssl_model_tag': 'dinov2-large', 'task': 'a1'}
2026-05-11 19:26:22 [INFO] Mask policy: and_core
2026-05-11 19:26:25 [INFO] [PreTCN] DynamicsAug enabled: True
2026-05-11 19:26:25 [INFO] [PreTCN] mode: selective_v2
2026-05-11 19:26:25 [INFO] [PreTCN]   audio[vad]: {'windows': [5, 15, 25], 'use_delta': True, 'use_abs_delta': True, 'use_rolling_mean': True, 'use_rolling_std': True}
2026-05-11 19:26:26 [INFO] [PreTCN]   video[face_behavior]: {'windows': [5, 15, 25], 'use_delta': True, 'use_abs_delta': True, 'use_rolling_mean': True, 'use_rolling_std': True}
2026-05-11 19:26:26 [INFO] [PreTCN]   video[headpose_geom]: {'windows': [5, 15, 25], 'use_delta': True, 'use_abs_delta': True, 'use_rolling_mean': True, 'use_rolling_std': True}
2026-05-11 19:26:26 [INFO] [PreTCN]   video[vad_agg]: {'windows': [5, 15, 25], 'use_delta': True, 'use_abs_delta': True, 'use_rolling_mean': True, 'use_rolling_std': True}
2026-05-11 19:26:26 [INFO] [PreTCN] face_behavior: 5 -> 45
2026-05-11 19:26:26 [INFO] [PreTCN] headpose_geom: 5 -> 45
2026-05-11 19:26:26 [INFO] [PreTCN] vad: 1 -> 9
2026-05-11 19:26:26 [INFO] [PreTCN] vad_agg: 4 -> 36
2026-05-11 19:26:26 [INFO] Train: 4200 participants, Val: 600 participants
2026-05-11 19:26:26 [INFO] batch_size=32, num_workers=8
2026-05-11 19:26:27 [INFO] Model params: 5,564,875
2026-05-11 19:26:27 [INFO] AMP enabled (BF16)
2026-05-11 19:26:27 [INFO] pos_weight [D/A/S]: 1.91 / 1.59 / 2.60
2026-05-11 19:26:28 [INFO] Scheduler: warmup=1 -> cosine, total=30
2026-05-11 19:26:28 [INFO] Grad clip: 1.0
2026-05-11 19:26:28 [INFO] Session loss weight: 0.2
2026-05-11 19:26:28 [INFO] Session type loss weight: 0.15
2026-05-11 19:26:28 [INFO] EarlyStopping: patience=6, metric=primary, mode=max
2026-05-11 19:26:28 [INFO] Label smoothing: 0.0
2026-05-11 19:26:28 [INFO] Feature noise std: 0.0
2026-05-11 19:26:28 [INFO] Session drop prob: 0.0
2026-05-11 19:26:28 [INFO] ==========================================================================================
2026-05-11 19:26:28 [INFO]   Epoch  |    LR     | Train Loss | Val Loss | F1 raw | F1 sel |  AUROC | F1[D/A/S]       | Time
2026-05-11 19:26:28 [INFO] ==========================================================================================
2026-05-11 19:38:57 [INFO]     D: gt_pos=0.215 pred_pos=0.000 p_mean=0.326 P=0.000 R=0.000 F1=0.000
2026-05-11 19:38:57 [INFO]     A: gt_pos=0.283 pred_pos=0.000 p_mean=0.357 P=0.000 R=0.000 F1=0.000
2026-05-11 19:38:57 [INFO]     S: gt_pos=0.130 pred_pos=0.000 p_mean=0.243 P=0.000 R=0.000 F1=0.000
2026-05-11 19:38:57 [INFO]     Session-level variance (collapse metric): 0.000771
2026-05-11 19:38:57 [INFO]     calibrated F1=0.3902 via biases D=+0.80 A=+0.60 S=+1.10 (selected=calibrated)
2026-05-11 19:38:57 [INFO]     1/ 30 | 5.00e-04 |   1.1360   |  0.7431  | 0.0000 | 0.3902 | 0.6340 | 0.000/0.000/0.000 | 12m 28s ETA 6h 01m 57s VRAM 13.7G *
2026-05-11 19:38:58 [INFO]   >>> New best F1=0.3902 saved at epoch 1.
2026-05-11 19:50:53 [INFO]     D: gt_pos=0.215 pred_pos=0.310 p_mean=0.353 P=0.323 R=0.465 F1=0.381
2026-05-11 19:50:53 [INFO]     A: gt_pos=0.283 pred_pos=0.372 p_mean=0.365 P=0.395 R=0.518 F1=0.448
2026-05-11 19:50:53 [INFO]     S: gt_pos=0.130 pred_pos=0.000 p_mean=0.253 P=0.000 R=0.000 F1=0.000
2026-05-11 19:50:53 [INFO]     Session-level variance (collapse metric): 0.002291
2026-05-11 19:50:53 [INFO]     calibrated F1=0.4223 via biases D=+0.30 A=+0.50 S=+0.90 (selected=calibrated)
2026-05-11 19:50:53 [INFO]     2/ 30 | 4.99e-04 |   1.0522   |  0.7171  | 0.2763 | 0.4223 | 0.6588 | 0.381/0.448/0.000 | 11m 55s ETA 5h 41m 48s VRAM 13.7G *
2026-05-11 19:50:54 [INFO]   >>> New best F1=0.4223 saved at epoch 2.
2026-05-11 20:03:22 [INFO]     D: gt_pos=0.215 pred_pos=0.288 p_mean=0.334 P=0.364 R=0.488 F1=0.417
2026-05-11 20:03:22 [INFO]     A: gt_pos=0.283 pred_pos=0.438 p_mean=0.444 P=0.395 R=0.612 F1=0.480
2026-05-11 20:03:22 [INFO]     S: gt_pos=0.130 pred_pos=0.110 p_mean=0.303 P=0.227 R=0.192 F1=0.208
2026-05-11 20:03:22 [INFO]     Session-level variance (collapse metric): 0.002559
2026-05-11 20:03:22 [INFO]     calibrated F1=0.4220 via biases D=+0.30 A=+0.60 S=+0.70 (selected=calibrated)
2026-05-11 20:03:22 [INFO]     3/ 30 | 4.94e-04 |   0.9803   |  0.7210  | 0.3686 | 0.4220 | 0.6715 | 0.417/0.480/0.208 | 12m 28s ETA 5h 32m 08s VRAM 13.7G
2026-05-11 20:15:07 [INFO]     D: gt_pos=0.215 pred_pos=0.000 p_mean=0.273 P=0.000 R=0.000 F1=0.000
2026-05-11 20:15:07 [INFO]     A: gt_pos=0.283 pred_pos=0.072 p_mean=0.318 P=0.395 R=0.100 F1=0.160
2026-05-11 20:15:07 [INFO]     S: gt_pos=0.130 pred_pos=0.000 p_mean=0.206 P=0.000 R=0.000 F1=0.000
2026-05-11 20:15:07 [INFO]     Session-level variance (collapse metric): 0.001778
2026-05-11 20:15:07 [INFO]     calibrated F1=0.4365 via biases D=+0.80 A=+1.20 S=+1.00 (selected=calibrated)
2026-05-11 20:15:07 [INFO]     4/ 30 | 4.87e-04 |   0.9455   |  0.7048  | 0.0532 | 0.4365 | 0.6980 | 0.000/0.160/0.000 | 11m 44s ETA 5h 16m 13s VRAM 13.7G *
2026-05-11 20:15:08 [INFO]   >>> New best F1=0.4365 saved at epoch 4.
2026-05-11 20:27:27 [INFO]     D: gt_pos=0.215 pred_pos=0.000 p_mean=0.246 P=0.000 R=0.000 F1=0.000
2026-05-11 20:27:27 [INFO]     A: gt_pos=0.283 pred_pos=0.077 p_mean=0.309 P=0.435 R=0.118 F1=0.185
2026-05-11 20:27:28 [INFO]     S: gt_pos=0.130 pred_pos=0.000 p_mean=0.222 P=0.000 R=0.000 F1=0.000
2026-05-11 20:27:28 [INFO]     Session-level variance (collapse metric): 0.002600
2026-05-11 20:27:28 [INFO]     calibrated F1=0.4481 via biases D=+0.80 A=+1.40 S=+0.90 (selected=calibrated)
2026-05-11 20:27:28 [INFO]     5/ 30 | 4.77e-04 |   0.8786   |  0.7040  | 0.0617 | 0.4481 | 0.6931 | 0.000/0.185/0.000 | 12m 19s ETA 5h 04m 57s VRAM 13.7G *
2026-05-11 20:27:28 [INFO]   >>> New best F1=0.4481 saved at epoch 5.
2026-05-11 20:40:58 [INFO]     D: gt_pos=0.215 pred_pos=0.440 p_mean=0.434 P=0.322 R=0.659 F1=0.433
2026-05-11 20:40:59 [INFO]     A: gt_pos=0.283 pred_pos=0.492 p_mean=0.471 P=0.383 R=0.665 F1=0.486
2026-05-11 20:40:59 [INFO]     S: gt_pos=0.130 pred_pos=0.217 p_mean=0.351 P=0.231 R=0.385 F1=0.288
2026-05-11 20:40:59 [INFO]     Session-level variance (collapse metric): 0.001724
2026-05-11 20:40:59 [INFO]     calibrated F1=0.4325 via biases D=-0.20 A=+0.20 S=+0.30 (selected=calibrated)
2026-05-11 20:40:59 [INFO]     6/ 30 | 4.64e-04 |   0.8660   |  0.7213  | 0.4024 | 0.4325 | 0.6825 | 0.433/0.486/0.288 | 13m 30s ETA 4h 58m 03s VRAM 13.7G
