2026-05-09 22:07:51 [INFO] Logging to /home/adodas/AdoDAS2026_fus/outputs/a1/runs/a1__grouped__mtcn__a-base-mel_mfcc+vad+egemaps__a-ssl-wav2vec2-chinese-xlsr__v-base-headpose+facebeh+qc+vadagg+bodypose+globmot__v-ssl-dinov2-large__mask-andcore__pw_biascalib__seed42__20260509_220751/logs/train_grouped_a1_20260509_220751.log
2026-05-09 22:07:51 [INFO] CUDA_VISIBLE_DEVICES=3 — 本进程内 cuda:0 = 可见列表中的第 1 张物理卡；PyTorch OOM 里的「GPU 0」是此逻辑编号，不是机器上的 PCI 0 号。
2026-05-09 22:07:51 [INFO] Device: cuda:0 (rank=0 local_rank=0 world_size=1)
2026-05-09 22:07:51 [INFO] Task: a1
2026-05-09 22:07:52 [INFO] Run name: a1__grouped__mtcn__a-base-mel_mfcc+vad+egemaps__a-ssl-wav2vec2-chinese-xlsr__v-base-headpose+facebeh+qc+vadagg+bodypose+globmot__v-ssl-dinov2-large__mask-andcore__pw_biascalib__seed42__20260509_220751
2026-05-09 22:07:52 [INFO] Config: {'feature_root': '/home/adodas/dataset', 'manifest_dir': '/home/adodas/dataset/manifests', 'output_dir': '/home/adodas/AdoDAS2026_fus/outputs/a1', 'mask_policy': 'and_core', 'core_audio': ['mel_mfcc', 'ssl_embed'], 'core_video': ['vision_ssl_embed', 'qc_stats'], 'd_adapter': 64, 'd_model': 256, 'tcn_layers': 6, 'tcn_kernel_size': 3, 'asp_alpha': 0.5, 'asp_beta': 0.5, 'dropout': 0.2, 'd_shared': 256, 'aggregator': 'mlp', 'post_tcn_cross_attention': False, 'batch_size': 32, 'lr': 0.0005, 'weight_decay': 0.01, 'warmup_epochs': 1, 'epochs': 30, 'seed': 42, 'num_workers': 8, 'amp': True, 'preload': False, 'grad_clip': 1.0, 'use_pos_weight': True, 'patience': 6, 'session_loss_weight': 0.2, 'session_type_loss_weight': 0.15, 'submission_level': 'participant', 'decode_method': 'auto', 'label_smoothing': 0.0, 'feature_noise_std': 0.0, 'session_drop_prob': 0.0, 'early_stop_metric': 'primary', 'pre_tcn_processing': {'enabled': True, 'dynamics_aug': {'enabled': True, 'mode': 'selective_v2', 'apply_audio': {'vad': {'windows': [5, 15, 25], 'use_delta': True, 'use_abs_delta': True, 'use_rolling_mean': True, 'use_rolling_std': True}, 'mel_mfcc': {'windows': [5, 15], 'use_delta': True, 'use_abs_delta': False, 'use_rolling_mean': False, 'use_rolling_std': False}}, 'apply_video': {'vad_agg': {'windows': [5, 15, 25], 'use_delta': True, 'use_abs_delta': True, 'use_rolling_mean': True, 'use_rolling_std': True}, 'headpose_geom': {'windows': [5, 15, 25], 'use_delta': True, 'use_abs_delta': True, 'use_rolling_mean': True, 'use_rolling_std': True}, 'face_behavior': {'windows': [5, 15, 25], 'use_delta': True, 'use_abs_delta': True, 'use_rolling_mean': True, 'use_rolling_std': True}, 'body_pose': {'windows': [5, 15], 'use_delta': True, 'use_abs_delta': True, 'use_rolling_mean': False, 'use_rolling_std': True}, 'global_motion': {'windows': [5, 15], 'use_delta': False, 'use_abs_delta': True, 'use_rolling_mean': True, 'use_rolling_std': True}, 'qc_stats': {'windows': [15, 25], 'use_delta': False, 'use_abs_delta': False, 'use_rolling_mean': True, 'use_rolling_std': True}}, 'exclude': ['ssl_embed', 'vision_ssl_embed', 'egemaps']}}, 'audio_features': ['mel_mfcc', 'vad', 'egemaps', 'ssl_embed'], 'video_features': ['headpose_geom', 'face_behavior', 'qc_stats', 'vad_agg', 'body_pose', 'global_motion', 'vision_ssl_embed'], 'audio_ssl_model_tag': 'wav2vec2-chinese-xlsr', 'video_ssl_model_tag': 'dinov2-large', 'task': 'a1'}
2026-05-09 22:07:52 [INFO] Mask policy: and_core
2026-05-09 22:07:54 [INFO] [PreTCN] DynamicsAug enabled: True
2026-05-09 22:07:54 [INFO] [PreTCN] mode: selective_v2
2026-05-09 22:07:54 [INFO] [PreTCN]   audio[mel_mfcc]: {'windows': [5, 15], 'use_delta': True, 'use_abs_delta': False, 'use_rolling_mean': False, 'use_rolling_std': False}
2026-05-09 22:07:54 [INFO] [PreTCN]   audio[vad]: {'windows': [5, 15, 25], 'use_delta': True, 'use_abs_delta': True, 'use_rolling_mean': True, 'use_rolling_std': True}
2026-05-09 22:07:54 [INFO] [PreTCN]   video[body_pose]: {'windows': [5, 15], 'use_delta': True, 'use_abs_delta': True, 'use_rolling_mean': False, 'use_rolling_std': True}
2026-05-09 22:07:54 [INFO] [PreTCN]   video[face_behavior]: {'windows': [5, 15, 25], 'use_delta': True, 'use_abs_delta': True, 'use_rolling_mean': True, 'use_rolling_std': True}
2026-05-09 22:07:55 [INFO] [PreTCN]   video[global_motion]: {'windows': [5, 15], 'use_delta': False, 'use_abs_delta': True, 'use_rolling_mean': True, 'use_rolling_std': True}
2026-05-09 22:07:55 [INFO] [PreTCN]   video[headpose_geom]: {'windows': [5, 15, 25], 'use_delta': True, 'use_abs_delta': True, 'use_rolling_mean': True, 'use_rolling_std': True}
2026-05-09 22:07:55 [INFO] [PreTCN]   video[qc_stats]: {'windows': [15, 25], 'use_delta': False, 'use_abs_delta': False, 'use_rolling_mean': True, 'use_rolling_std': True}
2026-05-09 22:07:55 [INFO] [PreTCN]   video[vad_agg]: {'windows': [5, 15, 25], 'use_delta': True, 'use_abs_delta': True, 'use_rolling_mean': True, 'use_rolling_std': True}
2026-05-09 22:07:55 [INFO] [PreTCN] body_pose: 27 -> 135
2026-05-09 22:07:55 [INFO] [PreTCN] face_behavior: 5 -> 45
2026-05-09 22:07:55 [INFO] [PreTCN] global_motion: 4 -> 24
2026-05-09 22:07:55 [INFO] [PreTCN] headpose_geom: 5 -> 45
2026-05-09 22:07:55 [INFO] [PreTCN] mel_mfcc: 93 -> 186
2026-05-09 22:07:55 [INFO] [PreTCN] qc_stats: 4 -> 20
2026-05-09 22:07:55 [INFO] [PreTCN] vad: 1 -> 9
2026-05-09 22:07:55 [INFO] [PreTCN] vad_agg: 4 -> 36
2026-05-09 22:07:55 [INFO] Train: 4200 participants, Val: 600 participants
2026-05-09 22:07:55 [INFO] batch_size(global)=32 per_gpu_train=32 val_batch=32 num_workers=8
2026-05-09 22:07:56 [INFO] Model params: 5,583,077
2026-05-09 22:07:56 [INFO] Post-TCN cross attention: False
2026-05-09 22:07:56 [INFO] AMP enabled (BF16)
2026-05-09 22:07:56 [INFO] pos_weight [D/A/S]: 1.91 / 1.59 / 2.60
2026-05-09 22:07:57 [INFO] Scheduler: warmup=1 -> cosine, total=30
2026-05-09 22:07:57 [INFO] Grad clip: 1.0
2026-05-09 22:07:57 [INFO] Session loss weight: 0.2
2026-05-09 22:07:57 [INFO] Session type loss weight: 0.15
2026-05-09 22:07:57 [INFO] EarlyStopping: patience=6, metric=primary, mode=max
2026-05-09 22:07:58 [INFO] Label smoothing: 0.0
2026-05-09 22:07:58 [INFO] Feature noise std: 0.0
2026-05-09 22:07:58 [INFO] Session drop prob: 0.0
2026-05-09 22:07:58 [INFO] ==========================================================================================
2026-05-09 22:07:58 [INFO]   Epoch  |    LR     | Train Loss | Val Loss | F1 raw | F1 sel |  AUROC | F1[D/A/S]       | Time
2026-05-09 22:07:58 [INFO] ==========================================================================================
2026-05-09 22:22:47 [INFO]     D: gt_pos=0.215 pred_pos=0.000 p_mean=0.324 P=0.000 R=0.000 F1=0.000
2026-05-09 22:22:47 [INFO]     A: gt_pos=0.283 pred_pos=0.000 p_mean=0.365 P=0.000 R=0.000 F1=0.000
2026-05-09 22:22:47 [INFO]     S: gt_pos=0.130 pred_pos=0.000 p_mean=0.239 P=0.000 R=0.000 F1=0.000
2026-05-09 22:22:47 [INFO]     Session-level variance (collapse metric): 0.000980
2026-05-09 22:22:47 [INFO]     calibrated F1=0.3464 via biases D=+0.90 A=+0.60 S=+1.20 (selected=calibrated)
2026-05-09 22:22:47 [INFO]     1/ 30 | 5.00e-04 |   1.1480   |  0.7546  | 0.0000 | 0.3464 | 0.5548 | 0.000/0.000/0.000 | 14m 49s ETA 7h 09m 58s VRAM 15.6G *
2026-05-09 22:22:48 [INFO]   >>> New best F1=0.3464 saved at epoch 1.
2026-05-09 22:35:29 [INFO]     D: gt_pos=0.215 pred_pos=0.085 p_mean=0.324 P=0.412 R=0.163 F1=0.233
2026-05-09 22:35:29 [INFO]     A: gt_pos=0.283 pred_pos=0.028 p_mean=0.337 P=0.471 R=0.047 F1=0.086
2026-05-09 22:35:29 [INFO]     S: gt_pos=0.130 pred_pos=0.003 p_mean=0.260 P=0.000 R=0.000 F1=0.000
2026-05-09 22:35:29 [INFO]     Session-level variance (collapse metric): 0.003212
2026-05-09 22:35:29 [INFO]     calibrated F1=0.4052 via biases D=+0.90 A=+1.00 S=+1.20 (selected=calibrated)
2026-05-09 22:35:29 [INFO]     2/ 30 | 4.99e-04 |   1.0409   |  0.7268  | 0.1063 | 0.4052 | 0.6495 | 0.233/0.086/0.000 | 12m 41s ETA 6h 25m 24s VRAM 15.6G *
2026-05-09 22:35:30 [INFO]   >>> New best F1=0.4052 saved at epoch 2.
2026-05-09 22:48:22 [INFO]     D: gt_pos=0.215 pred_pos=0.228 p_mean=0.338 P=0.423 R=0.450 F1=0.436
2026-05-09 22:48:22 [INFO]     A: gt_pos=0.283 pred_pos=0.083 p_mean=0.318 P=0.440 R=0.129 F1=0.200
2026-05-09 22:48:22 [INFO]     S: gt_pos=0.130 pred_pos=0.003 p_mean=0.192 P=0.000 R=0.000 F1=0.000
2026-05-09 22:48:22 [INFO]     Session-level variance (collapse metric): 0.003585
2026-05-09 22:48:22 [INFO]     calibrated F1=0.4290 via biases D=+0.10 A=+1.20 S=+1.10 (selected=calibrated)
2026-05-09 22:48:22 [INFO]     3/ 30 | 4.94e-04 |   0.9761   |  0.7095  | 0.2120 | 0.4290 | 0.6871 | 0.436/0.200/0.000 | 12m 52s ETA 6h 03m 42s VRAM 15.6G *
2026-05-09 22:48:23 [INFO]   >>> New best F1=0.4290 saved at epoch 3.
2026-05-09 23:00:56 [INFO]     D: gt_pos=0.215 pred_pos=0.000 p_mean=0.238 P=0.000 R=0.000 F1=0.000
2026-05-09 23:00:56 [INFO]     A: gt_pos=0.283 pred_pos=0.000 p_mean=0.359 P=0.000 R=0.000 F1=0.000
2026-05-09 23:00:56 [INFO]     S: gt_pos=0.130 pred_pos=0.000 p_mean=0.190 P=0.000 R=0.000 F1=0.000
2026-05-09 23:00:57 [INFO]     Session-level variance (collapse metric): 0.001323
2026-05-09 23:00:57 [INFO]     calibrated F1=0.3972 via biases D=+1.20 A=+0.60 S=+1.50 (selected=calibrated)
2026-05-09 23:00:57 [INFO]     4/ 30 | 4.87e-04 |   0.9297   |  0.7458  | 0.0000 | 0.3972 | 0.6536 | 0.000/0.000/0.000 | 12m 34s ETA 5h 44m 27s VRAM 15.6G
2026-05-09 23:13:14 [INFO]     D: gt_pos=0.215 pred_pos=0.195 p_mean=0.276 P=0.444 R=0.403 F1=0.423
2026-05-09 23:13:14 [INFO]     A: gt_pos=0.283 pred_pos=0.142 p_mean=0.269 P=0.459 R=0.229 F1=0.306
2026-05-09 23:13:14 [INFO]     S: gt_pos=0.130 pred_pos=0.000 p_mean=0.196 P=0.000 R=0.000 F1=0.000
2026-05-09 23:13:14 [INFO]     Session-level variance (collapse metric): 0.002406
2026-05-09 23:13:14 [INFO]     calibrated F1=0.4320 via biases D=+1.00 A=+2.10 S=+1.30 (selected=calibrated)
2026-05-09 23:13:14 [INFO]     5/ 30 | 4.77e-04 |   0.8773   |  0.7167  | 0.2429 | 0.4320 | 0.6995 | 0.423/0.306/0.000 | 12m 16s ETA 5h 26m 22s VRAM 15.6G *
2026-05-09 23:13:15 [INFO]   >>> New best F1=0.4320 saved at epoch 5.
2026-05-09 23:25:30 [INFO]     D: gt_pos=0.215 pred_pos=0.467 p_mean=0.440 P=0.321 R=0.698 F1=0.440
2026-05-09 23:25:30 [INFO]     A: gt_pos=0.283 pred_pos=0.548 p_mean=0.505 P=0.383 R=0.741 F1=0.505
2026-05-09 23:25:30 [INFO]     S: gt_pos=0.130 pred_pos=0.103 p_mean=0.328 P=0.242 R=0.192 F1=0.214
2026-05-09 23:25:30 [INFO]     Session-level variance (collapse metric): 0.003950
2026-05-09 23:25:30 [INFO]     calibrated F1=0.4374 via biases D=-0.20 A=+0.40 S=+0.10 (selected=calibrated)
2026-05-09 23:25:30 [INFO]     6/ 30 | 4.64e-04 |   0.8601   |  0.7222  | 0.3865 | 0.4374 | 0.6930 | 0.440/0.505/0.214 | 12m 15s ETA 5h 10m 09s VRAM 15.6G *
2026-05-09 23:25:31 [INFO]   >>> New best F1=0.4374 saved at epoch 6.
2026-05-09 23:38:50 [INFO]     D: gt_pos=0.215 pred_pos=0.317 p_mean=0.351 P=0.332 R=0.488 F1=0.395
2026-05-09 23:38:50 [INFO]     A: gt_pos=0.283 pred_pos=0.412 p_mean=0.396 P=0.401 R=0.582 F1=0.475
2026-05-09 23:38:50 [INFO]     S: gt_pos=0.130 pred_pos=0.132 p_mean=0.287 P=0.316 R=0.321 F1=0.318
2026-05-09 23:38:50 [INFO]     Session-level variance (collapse metric): 0.003915
2026-05-09 23:38:50 [INFO]     calibrated F1=0.4283 via biases D=+0.30 A=+1.20 S=+0.60 (selected=calibrated)
2026-05-09 23:38:50 [INFO]     7/ 30 | 4.49e-04 |   0.8492   |  0.6992  | 0.3961 | 0.4283 | 0.6893 | 0.395/0.475/0.318 | 13m 18s ETA 4h 58m 35s VRAM 15.6G
2026-05-09 23:56:03 [INFO]     D: gt_pos=0.215 pred_pos=0.162 p_mean=0.327 P=0.423 R=0.318 F1=0.363
2026-05-09 23:56:03 [INFO]     A: gt_pos=0.283 pred_pos=0.205 p_mean=0.375 P=0.447 R=0.324 F1=0.375
2026-05-09 23:56:03 [INFO]     S: gt_pos=0.130 pred_pos=0.037 p_mean=0.253 P=0.227 R=0.064 F1=0.100
2026-05-09 23:56:03 [INFO]     Session-level variance (collapse metric): 0.002613
2026-05-09 23:56:03 [INFO]     calibrated F1=0.4396 via biases D=+0.70 A=+0.80 S=+0.60 (selected=calibrated)
2026-05-09 23:56:03 [INFO]     8/ 30 | 4.32e-04 |   0.8335   |  0.6893  | 0.2794 | 0.4396 | 0.6990 | 0.363/0.375/0.100 | 17m 12s ETA 4h 57m 14s VRAM 15.6G *
2026-05-09 23:56:04 [INFO]   >>> New best F1=0.4396 saved at epoch 8.
2026-05-10 00:11:18 [INFO]     D: gt_pos=0.215 pred_pos=0.117 p_mean=0.280 P=0.357 R=0.194 F1=0.251
2026-05-10 00:11:18 [INFO]     A: gt_pos=0.283 pred_pos=0.180 p_mean=0.310 P=0.444 R=0.282 F1=0.345
2026-05-10 00:11:18 [INFO]     S: gt_pos=0.130 pred_pos=0.000 p_mean=0.194 P=0.000 R=0.000 F1=0.000
2026-05-10 00:11:18 [INFO]     Session-level variance (collapse metric): 0.003398
2026-05-10 00:11:18 [INFO]     calibrated F1=0.4367 via biases D=+0.60 A=+1.20 S=+1.00 (selected=calibrated)
2026-05-10 00:11:18 [INFO]     9/ 30 | 4.12e-04 |   0.8158   |  0.7039  | 0.1989 | 0.4367 | 0.6919 | 0.251/0.345/0.000 | 15m 14s ETA 4h 47m 48s VRAM 15.6G
2026-05-10 00:24:16 [INFO]     D: gt_pos=0.215 pred_pos=0.185 p_mean=0.328 P=0.396 R=0.341 F1=0.367
2026-05-10 00:24:16 [INFO]     A: gt_pos=0.283 pred_pos=0.318 p_mean=0.391 P=0.414 R=0.465 F1=0.438
2026-05-10 00:24:16 [INFO]     S: gt_pos=0.130 pred_pos=0.168 p_mean=0.289 P=0.267 R=0.346 F1=0.302
2026-05-10 00:24:16 [INFO]     Session-level variance (collapse metric): 0.002775
2026-05-10 00:24:16 [INFO]     calibrated F1=0.4340 via biases D=+0.60 A=+0.90 S=+0.50 (selected=calibrated)
2026-05-10 00:24:16 [INFO]    10/ 30 | 3.91e-04 |   0.8058   |  0.6944  | 0.3687 | 0.4340 | 0.6932 | 0.367/0.438/0.302 | 12m 58s ETA 4h 32m 37s VRAM 15.6G
2026-05-10 00:37:35 [INFO]     D: gt_pos=0.215 pred_pos=0.258 p_mean=0.307 P=0.374 R=0.450 F1=0.408
2026-05-10 00:37:35 [INFO]     A: gt_pos=0.283 pred_pos=0.327 p_mean=0.353 P=0.403 R=0.465 F1=0.432
2026-05-10 00:37:35 [INFO]     S: gt_pos=0.130 pred_pos=0.213 p_mean=0.259 P=0.250 R=0.410 F1=0.311
2026-05-10 00:37:35 [INFO]     Session-level variance (collapse metric): 0.007773
2026-05-10 00:37:35 [INFO]     calibrated F1=0.4410 via biases D=+0.80 A=+1.80 S=+1.20 (selected=calibrated)
2026-05-10 00:37:35 [INFO]    11/ 30 | 3.67e-04 |   0.7987   |  0.7335  | 0.3836 | 0.4410 | 0.6971 | 0.408/0.432/0.311 | 13m 18s ETA 4h 18m 25s VRAM 15.6G *
2026-05-10 00:37:35 [INFO]   >>> New best F1=0.4410 saved at epoch 11.
2026-05-10 00:50:36 [INFO]     D: gt_pos=0.215 pred_pos=0.315 p_mean=0.359 P=0.381 R=0.558 F1=0.453
2026-05-10 00:50:36 [INFO]     A: gt_pos=0.283 pred_pos=0.355 p_mean=0.407 P=0.394 R=0.494 F1=0.439
2026-05-10 00:50:36 [INFO]     S: gt_pos=0.130 pred_pos=0.215 p_mean=0.275 P=0.233 R=0.385 F1=0.290
2026-05-10 00:50:36 [INFO]     Session-level variance (collapse metric): 0.008166
2026-05-10 00:50:36 [INFO]     calibrated F1=0.4370 via biases D=+0.20 A=+1.30 S=+0.40 (selected=calibrated)
2026-05-10 00:50:36 [INFO]    12/ 30 | 3.43e-04 |   0.8006   |  0.7334  | 0.3938 | 0.4370 | 0.6913 | 0.453/0.439/0.290 | 13m 00s ETA 4h 03m 57s VRAM 15.6G
2026-05-10 01:05:21 [INFO]     D: gt_pos=0.215 pred_pos=0.037 p_mean=0.164 P=0.409 R=0.070 F1=0.119
2026-05-10 01:05:21 [INFO]     A: gt_pos=0.283 pred_pos=0.072 p_mean=0.225 P=0.372 R=0.094 F1=0.150
2026-05-10 01:05:21 [INFO]     S: gt_pos=0.130 pred_pos=0.000 p_mean=0.113 P=0.000 R=0.000 F1=0.000
2026-05-10 01:05:21 [INFO]     Session-level variance (collapse metric): 0.002555
2026-05-10 01:05:21 [INFO]     calibrated F1=0.4351 via biases D=+2.20 A=+2.20 S=+1.40 (selected=calibrated)
2026-05-10 01:05:21 [INFO]    13/ 30 | 3.17e-04 |   0.7832   |  0.8294  | 0.0898 | 0.4351 | 0.6837 | 0.119/0.150/0.000 | 14m 44s ETA 3h 51m 57s VRAM 15.6G
2026-05-10 01:18:20 [INFO]     D: gt_pos=0.215 pred_pos=0.378 p_mean=0.436 P=0.308 R=0.543 F1=0.393
2026-05-10 01:18:20 [INFO]     A: gt_pos=0.283 pred_pos=0.453 p_mean=0.489 P=0.360 R=0.576 F1=0.443
2026-05-10 01:18:20 [INFO]     S: gt_pos=0.130 pred_pos=0.303 p_mean=0.353 P=0.187 R=0.436 F1=0.262
2026-05-10 01:18:20 [INFO]     Session-level variance (collapse metric): 0.012727
2026-05-10 01:18:20 [INFO]     calibrated F1=0.4194 via biases D=+0.40 A=+0.70 S=+0.90 (selected=calibrated)
2026-05-10 01:18:20 [INFO]    14/ 30 | 2.91e-04 |   0.7494   |  0.8301  | 0.3661 | 0.4194 | 0.6509 | 0.393/0.443/0.262 | 12m 59s ETA 3h 37m 34s VRAM 15.6G
2026-05-10 01:32:17 [INFO]     D: gt_pos=0.215 pred_pos=0.255 p_mean=0.296 P=0.373 R=0.442 F1=0.404
2026-05-10 01:32:17 [INFO]     A: gt_pos=0.283 pred_pos=0.297 p_mean=0.337 P=0.399 R=0.418 F1=0.408
2026-05-10 01:32:17 [INFO]     S: gt_pos=0.130 pred_pos=0.158 p_mean=0.218 P=0.253 R=0.308 F1=0.277
2026-05-10 01:32:17 [INFO]     Session-level variance (collapse metric): 0.009162
2026-05-10 01:32:17 [INFO]     calibrated F1=0.4292 via biases D=+1.50 A=+1.80 S=+1.30 (selected=calibrated)
2026-05-10 01:32:17 [INFO]    15/ 30 | 2.64e-04 |   0.7363   |  0.8043  | 0.3633 | 0.4292 | 0.6804 | 0.404/0.408/0.277 | 13m 57s ETA 3h 24m 19s VRAM 15.6G
2026-05-10 01:45:49 [INFO]     D: gt_pos=0.215 pred_pos=0.368 p_mean=0.381 P=0.348 R=0.597 F1=0.440
2026-05-10 01:45:49 [INFO]     A: gt_pos=0.283 pred_pos=0.437 p_mean=0.454 P=0.374 R=0.576 F1=0.454
2026-05-10 01:45:49 [INFO]     S: gt_pos=0.130 pred_pos=0.267 p_mean=0.311 P=0.225 R=0.462 F1=0.303
2026-05-10 01:45:49 [INFO]     Session-level variance (collapse metric): 0.010622
2026-05-10 01:45:50 [INFO]     calibrated F1=0.4270 via biases D=+0.80 A=+1.20 S=+0.30 (selected=calibrated)
2026-05-10 01:45:50 [INFO]    16/ 30 | 2.37e-04 |   0.7113   |  0.7826  | 0.3987 | 0.4270 | 0.6730 | 0.440/0.454/0.303 | 13m 32s ETA 3h 10m 38s VRAM 15.6G
2026-05-10 01:59:44 [INFO]     D: gt_pos=0.215 pred_pos=0.292 p_mean=0.300 P=0.383 R=0.519 F1=0.441
2026-05-10 01:59:44 [INFO]     A: gt_pos=0.283 pred_pos=0.333 p_mean=0.344 P=0.400 R=0.471 F1=0.432
2026-05-10 01:59:44 [INFO]     S: gt_pos=0.130 pred_pos=0.220 p_mean=0.227 P=0.220 R=0.372 F1=0.276
2026-05-10 01:59:44 [INFO]     Session-level variance (collapse metric): 0.018457
2026-05-10 01:59:44 [INFO]     calibrated F1=0.4299 via biases D=+1.00 A=+1.90 S=+1.10 (selected=calibrated)
2026-05-10 01:59:44 [INFO]    17/ 30 | 2.10e-04 |   0.6940   |  0.9113  | 0.3831 | 0.4299 | 0.6701 | 0.441/0.432/0.276 | 13m 53s ETA 2h 57m 14s VRAM 15.6G
2026-05-10 01:59:44 [INFO]   EarlyStopping triggered at epoch 17 (patience=6, metric=primary)
2026-05-10 01:59:44 [INFO] ==========================================================================================
2026-05-10 01:59:44 [INFO] Training complete. Best F1=0.4410, time=3h 51m 46s
2026-05-10 01:59:44 [INFO] Loading best checkpoint for submission generation ...
2026-05-10 01:59:44 [INFO] Submission level: participant
2026-05-10 01:59:45 [INFO] Decode method: auto
2026-05-10 01:59:45 [INFO] Calibrating per-task bias offsets on val ...
2026-05-10 02:02:14 [INFO]   D: bias=+0.80  F1_cal=0.4682
2026-05-10 02:02:14 [INFO]   A: bias=+1.80  F1_cal=0.5175
2026-05-10 02:02:14 [INFO]   S: bias=+1.20  F1_cal=0.3372
2026-05-10 02:02:14 [INFO]   Mean calibrated F1: 0.4410 (vs selected best: 0.4410, raw best: 0.3836)
2026-05-10 02:02:14 [INFO] Skipping submission generation after training; use infer.py for release inference.
2026-05-10 02:02:14 [INFO] Run complete: a1__grouped__mtcn__a-base-mel_mfcc+vad+egemaps__a-ssl-wav2vec2-chinese-xlsr__v-base-headpose+facebeh+qc+vadagg+bodypose+globmot__v-ssl-dinov2-large__mask-andcore__pw_biascalib__seed42__20260509_220751
2026-05-10 02:02:14 [INFO] Output dir: /home/adodas/AdoDAS2026_fus/outputs/a1/runs/a1__grouped__mtcn__a-base-mel_mfcc+vad+egemaps__a-ssl-wav2vec2-chinese-xlsr__v-base-headpose+facebeh+qc+vadagg+bodypose+globmot__v-ssl-dinov2-large__mask-andcore__pw_biascalib__seed42__20260509_220751
