2026-04-28 17:14:23 [INFO] Logging to /home/adodas/AdoDAS2026/outputs/a1/runs/a1__grouped__mtcn__a-base-mel_mfcc+vad+egemaps__a-ssl-wav2vec2-chinese-xlsr__v-base-headpose+facebeh+qc+vadagg__v-ssl-dinov2-large__mask-andcore__pw_biascalib__seed42__20260428_171423/logs/train_grouped_a1_20260428_171423.log
2026-04-28 17:14:23 [INFO] Device: cuda
2026-04-28 17:14:23 [INFO] Task: a1
2026-04-28 17:14:23 [INFO] Run name: a1__grouped__mtcn__a-base-mel_mfcc+vad+egemaps__a-ssl-wav2vec2-chinese-xlsr__v-base-headpose+facebeh+qc+vadagg__v-ssl-dinov2-large__mask-andcore__pw_biascalib__seed42__20260428_171423
2026-04-28 17:14:23 [INFO] Config: {'feature_root': '/home/adodas/dataset', 'manifest_dir': '/home/adodas/dataset/manifests', 'output_dir': '/home/adodas/AdoDAS2026/outputs/a1', 'mask_policy': 'and_core', 'core_audio': ['mel_mfcc', 'ssl_embed'], 'core_video': ['vision_ssl_embed', 'qc_stats'], 'd_adapter': 64, 'd_model': 256, 'tcn_layers': 6, 'tcn_kernel_size': 3, 'asp_alpha': 0.5, 'asp_beta': 0.5, 'dropout': 0.2, 'd_shared': 256, 'aggregator': 'mlp', 'batch_size': 32, 'lr': 0.0005, 'weight_decay': 0.01, 'warmup_epochs': 3, 'epochs': 30, 'seed': 42, 'num_workers': 8, 'amp': True, 'preload': True, 'grad_clip': 1.0, 'use_pos_weight': True, 'patience': 6, 'session_loss_weight': 0.2, 'session_type_loss_weight': 0.15, 'submission_level': 'participant', 'decode_method': 'auto', 'label_smoothing': 0.0, 'feature_noise_std': 0.0, 'session_drop_prob': 0.0, 'early_stop_metric': 'primary', 'audio_features': ['mel_mfcc', 'vad', 'egemaps', 'ssl_embed'], 'video_features': ['headpose_geom', 'face_behavior', 'qc_stats', 'vad_agg', 'vision_ssl_embed'], 'audio_ssl_model_tag': 'wav2vec2-chinese-xlsr', 'video_ssl_model_tag': 'dinov2-large', 'task': 'a1'}
2026-04-28 17:14:23 [INFO] Mask policy: and_core
2026-04-28 17:14:25 [INFO] Train: 4200 participants, Val: 600 participants
2026-04-28 17:14:25 [INFO] Preloading data into RAM ...
2026-04-28 17:23:15 [INFO] Preloaded 4200/4200 participants (45.7 GB in RAM)
2026-04-28 17:24:51 [INFO] Preloaded 600/600 participants (7.9 GB in RAM)
2026-04-28 17:24:51 [INFO] Preload done: 45.7G + 7.9G = 53.6G, took 10m 25s
2026-04-28 17:24:51 [INFO] batch_size=32, num_workers=0
2026-04-28 17:24:52 [INFO] Model params: 5,528,157
2026-04-28 17:24:52 [INFO] AMP enabled (BF16)
2026-04-28 17:24:52 [INFO] pos_weight [D/A/S]: 1.91 / 1.59 / 2.60
2026-04-28 17:24:53 [INFO] Scheduler: warmup=3 -> cosine, total=30
2026-04-28 17:24:53 [INFO] Grad clip: 1.0
2026-04-28 17:24:54 [INFO] Session loss weight: 0.2
2026-04-28 17:24:54 [INFO] Session type loss weight: 0.15
2026-04-28 17:24:54 [INFO] EarlyStopping: patience=6, metric=primary, mode=max
2026-04-28 17:24:54 [INFO] Label smoothing: 0.0
2026-04-28 17:24:54 [INFO] Feature noise std: 0.0
2026-04-28 17:24:54 [INFO] Session drop prob: 0.0
2026-04-28 17:24:54 [INFO] ==========================================================================================
2026-04-28 17:24:54 [INFO]   Epoch  |    LR     | Train Loss | Val Loss | F1 raw | F1 sel |  AUROC | F1[D/A/S]       | Time
2026-04-28 17:24:54 [INFO] ==========================================================================================
2026-04-28 17:25:33 [INFO]     heartbeat epoch=1/30 step=20/131 loss=0.9953 avg=1.1495 elapsed=0m 39s
2026-04-28 17:26:06 [INFO]     heartbeat epoch=1/30 step=40/131 loss=1.0853 avg=1.1192 elapsed=1m 11s
2026-04-28 17:26:49 [INFO]     heartbeat epoch=1/30 step=60/131 loss=1.1907 avg=1.1298 elapsed=1m 55s
2026-04-28 17:27:21 [INFO]     heartbeat epoch=1/30 step=80/131 loss=0.8845 avg=1.1392 elapsed=2m 27s
2026-04-28 17:27:53 [INFO]     heartbeat epoch=1/30 step=100/131 loss=1.3245 avg=1.1438 elapsed=2m 59s
2026-04-28 17:28:26 [INFO]     heartbeat epoch=1/30 step=120/131 loss=1.2427 avg=1.1428 elapsed=3m 31s
2026-04-28 17:28:58 [INFO]     D: gt_pos=0.215 pred_pos=0.000 p_mean=0.323 P=0.000 R=0.000 F1=0.000
2026-04-28 17:28:58 [INFO]     A: gt_pos=0.283 pred_pos=0.000 p_mean=0.334 P=0.000 R=0.000 F1=0.000
2026-04-28 17:28:58 [INFO]     S: gt_pos=0.130 pred_pos=0.000 p_mean=0.225 P=0.000 R=0.000 F1=0.000
2026-04-28 17:28:58 [INFO]     Session-level variance (collapse metric): 0.000209
2026-04-28 17:28:58 [INFO]     calibrated F1=0.3502 via biases D=+0.80 A=+0.70 S=+1.30 (selected=calibrated)
2026-04-28 17:28:59 [INFO]     1/ 30 | 1.70e-04 |   1.1454   |  0.7573  | 0.0000 | 0.3502 | 0.5593 | 0.000/0.000/0.000 | 4m 04s ETA 1h 58m 15s VRAM 20.5G *
2026-04-28 17:28:59 [INFO]   >>> New best F1=0.3502 saved at epoch 1.
2026-04-28 17:29:30 [INFO]     heartbeat epoch=2/30 step=20/131 loss=1.1247 avg=1.0650 elapsed=0m 31s
2026-04-28 17:30:02 [INFO]     heartbeat epoch=2/30 step=40/131 loss=0.9636 avg=1.0239 elapsed=1m 03s
2026-04-28 17:30:34 [INFO]     heartbeat epoch=2/30 step=60/131 loss=1.1505 avg=1.0356 elapsed=1m 35s
2026-04-28 17:31:06 [INFO]     heartbeat epoch=2/30 step=80/131 loss=0.9488 avg=1.0315 elapsed=2m 07s
2026-04-28 17:31:37 [INFO]     heartbeat epoch=2/30 step=100/131 loss=1.0120 avg=1.0266 elapsed=2m 38s
2026-04-28 17:32:09 [INFO]     heartbeat epoch=2/30 step=120/131 loss=0.9629 avg=1.0248 elapsed=3m 10s
2026-04-28 17:32:41 [INFO]     D: gt_pos=0.215 pred_pos=0.000 p_mean=0.295 P=0.000 R=0.000 F1=0.000
2026-04-28 17:32:41 [INFO]     A: gt_pos=0.283 pred_pos=0.263 p_mean=0.354 P=0.411 R=0.382 F1=0.396
2026-04-28 17:32:41 [INFO]     S: gt_pos=0.130 pred_pos=0.085 p_mean=0.286 P=0.216 R=0.141 F1=0.171
2026-04-28 17:32:41 [INFO]     Session-level variance (collapse metric): 0.001749
2026-04-28 17:32:41 [INFO]     calibrated F1=0.4227 via biases D=+1.20 A=+1.00 S=+1.40 (selected=calibrated)
2026-04-28 17:32:41 [INFO]     2/ 30 | 3.35e-04 |   1.0247   |  0.7199  | 0.1890 | 0.4227 | 0.6677 | 0.000/0.396/0.171 | 3m 42s ETA 1h 49m 03s VRAM 20.5G *
2026-04-28 17:32:42 [INFO]   >>> New best F1=0.4227 saved at epoch 2.
2026-04-28 17:33:14 [INFO]     heartbeat epoch=3/30 step=20/131 loss=0.8065 avg=0.9363 elapsed=0m 31s
2026-04-28 17:33:46 [INFO]     heartbeat epoch=3/30 step=40/131 loss=0.8170 avg=0.9557 elapsed=1m 03s
2026-04-28 17:34:18 [INFO]     heartbeat epoch=3/30 step=60/131 loss=1.2028 avg=0.9851 elapsed=1m 35s
2026-04-28 17:34:50 [INFO]     heartbeat epoch=3/30 step=80/131 loss=0.9829 avg=0.9866 elapsed=2m 07s
2026-04-28 17:35:21 [INFO]     heartbeat epoch=3/30 step=100/131 loss=0.9856 avg=1.0015 elapsed=2m 39s
2026-04-28 17:35:53 [INFO]     heartbeat epoch=3/30 step=120/131 loss=1.0120 avg=0.9824 elapsed=3m 11s
2026-04-28 17:36:25 [INFO]     D: gt_pos=0.215 pred_pos=0.002 p_mean=0.295 P=0.000 R=0.000 F1=0.000
2026-04-28 17:36:25 [INFO]     A: gt_pos=0.283 pred_pos=0.005 p_mean=0.334 P=0.333 R=0.006 F1=0.012
2026-04-28 17:36:25 [INFO]     S: gt_pos=0.130 pred_pos=0.000 p_mean=0.210 P=0.000 R=0.000 F1=0.000
2026-04-28 17:36:25 [INFO]     Session-level variance (collapse metric): 0.000514
2026-04-28 17:36:25 [INFO]     calibrated F1=0.3577 via biases D=+0.90 A=+0.80 S=+1.30 (selected=calibrated)
2026-04-28 17:36:25 [INFO]     3/ 30 | 5.00e-04 |   0.9801   |  0.7555  | 0.0039 | 0.3577 | 0.6128 | 0.000/0.012/0.000 | 3m 43s ETA 1h 43m 40s VRAM 20.5G
2026-04-28 17:36:57 [INFO]     heartbeat epoch=4/30 step=20/131 loss=0.8152 avg=0.9208 elapsed=0m 31s
2026-04-28 17:37:29 [INFO]     heartbeat epoch=4/30 step=40/131 loss=1.0409 avg=0.9214 elapsed=1m 03s
2026-04-28 17:38:00 [INFO]     heartbeat epoch=4/30 step=60/131 loss=0.8249 avg=0.9317 elapsed=1m 35s
2026-04-28 17:38:32 [INFO]     heartbeat epoch=4/30 step=80/131 loss=0.8686 avg=0.9310 elapsed=2m 06s
2026-04-28 17:39:03 [INFO]     heartbeat epoch=4/30 step=100/131 loss=0.9057 avg=0.9280 elapsed=2m 38s
2026-04-28 17:39:35 [INFO]     heartbeat epoch=4/30 step=120/131 loss=0.6579 avg=0.9160 elapsed=3m 09s
2026-04-28 17:40:06 [INFO]     D: gt_pos=0.215 pred_pos=0.018 p_mean=0.297 P=0.455 R=0.039 F1=0.071
2026-04-28 17:40:06 [INFO]     A: gt_pos=0.283 pred_pos=0.018 p_mean=0.344 P=0.545 R=0.035 F1=0.066
2026-04-28 17:40:06 [INFO]     S: gt_pos=0.130 pred_pos=0.002 p_mean=0.269 P=0.000 R=0.000 F1=0.000
2026-04-28 17:40:06 [INFO]     Session-level variance (collapse metric): 0.002781
2026-04-28 17:40:06 [INFO]     calibrated F1=0.3775 via biases D=+0.90 A=+0.80 S=+1.00 (selected=calibrated)
2026-04-28 17:40:07 [INFO]     4/ 30 | 4.98e-04 |   0.9227   |  0.7436  | 0.0459 | 0.3775 | 0.6275 | 0.071/0.066/0.000 | 3m 41s ETA 1h 38m 52s VRAM 20.5G
2026-04-28 17:40:38 [INFO]     heartbeat epoch=5/30 step=20/131 loss=0.7936 avg=0.9759 elapsed=0m 31s
2026-04-28 17:41:10 [INFO]     heartbeat epoch=5/30 step=40/131 loss=1.1571 avg=0.9210 elapsed=1m 03s
2026-04-28 17:41:41 [INFO]     heartbeat epoch=5/30 step=60/131 loss=0.7110 avg=0.9044 elapsed=1m 34s
2026-04-28 17:42:13 [INFO]     heartbeat epoch=5/30 step=80/131 loss=0.8593 avg=0.8918 elapsed=2m 06s
2026-04-28 17:42:44 [INFO]     heartbeat epoch=5/30 step=100/131 loss=0.6559 avg=0.8920 elapsed=2m 37s
2026-04-28 17:43:16 [INFO]     heartbeat epoch=5/30 step=120/131 loss=0.9278 avg=0.8973 elapsed=3m 09s
2026-04-28 17:43:47 [INFO]     D: gt_pos=0.215 pred_pos=0.000 p_mean=0.352 P=0.000 R=0.000 F1=0.000
2026-04-28 17:43:47 [INFO]     A: gt_pos=0.283 pred_pos=0.000 p_mean=0.371 P=0.000 R=0.000 F1=0.000
2026-04-28 17:43:47 [INFO]     S: gt_pos=0.130 pred_pos=0.000 p_mean=0.284 P=0.000 R=0.000 F1=0.000
2026-04-28 17:43:47 [INFO]     Session-level variance (collapse metric): 0.000166
2026-04-28 17:43:47 [INFO]     calibrated F1=0.3419 via biases D=+0.70 A=+0.60 S=+1.10 (selected=calibrated)
2026-04-28 17:43:47 [INFO]     5/ 30 | 4.93e-04 |   0.9006   |  0.7540  | 0.0000 | 0.3419 | 0.5278 | 0.000/0.000/0.000 | 3m 40s ETA 1h 34m 27s VRAM 20.5G
2026-04-28 17:44:19 [INFO]     heartbeat epoch=6/30 step=20/131 loss=0.8438 avg=0.9181 elapsed=0m 31s
2026-04-28 17:44:51 [INFO]     heartbeat epoch=6/30 step=40/131 loss=1.0914 avg=0.8988 elapsed=1m 03s
2026-04-28 17:45:22 [INFO]     heartbeat epoch=6/30 step=60/131 loss=0.8473 avg=0.9003 elapsed=1m 34s
2026-04-28 17:45:54 [INFO]     heartbeat epoch=6/30 step=80/131 loss=0.9608 avg=0.9053 elapsed=2m 06s
2026-04-28 17:46:26 [INFO]     heartbeat epoch=6/30 step=100/131 loss=1.1615 avg=0.9101 elapsed=2m 38s
2026-04-28 17:46:57 [INFO]     heartbeat epoch=6/30 step=120/131 loss=0.9880 avg=0.9136 elapsed=3m 09s
2026-04-28 17:47:29 [INFO]     D: gt_pos=0.215 pred_pos=0.000 p_mean=0.312 P=0.000 R=0.000 F1=0.000
2026-04-28 17:47:29 [INFO]     A: gt_pos=0.283 pred_pos=0.000 p_mean=0.340 P=0.000 R=0.000 F1=0.000
2026-04-28 17:47:29 [INFO]     S: gt_pos=0.130 pred_pos=0.000 p_mean=0.251 P=0.000 R=0.000 F1=0.000
2026-04-28 17:47:29 [INFO]     Session-level variance (collapse metric): 0.000060
2026-04-28 17:47:29 [INFO]     calibrated F1=0.3468 via biases D=+0.80 A=+0.70 S=+1.10 (selected=calibrated)
2026-04-28 17:47:29 [INFO]     6/ 30 | 4.85e-04 |   0.9080   |  0.7571  | 0.0000 | 0.3468 | 0.5592 | 0.000/0.000/0.000 | 3m 41s ETA 1h 30m 20s VRAM 20.5G
2026-04-28 17:48:01 [INFO]     heartbeat epoch=7/30 step=20/131 loss=1.0304 avg=0.9108 elapsed=0m 31s
2026-04-28 17:48:32 [INFO]     heartbeat epoch=7/30 step=40/131 loss=0.8689 avg=0.8976 elapsed=1m 03s
2026-04-28 17:49:04 [INFO]     heartbeat epoch=7/30 step=60/131 loss=0.8184 avg=0.9001 elapsed=1m 34s
2026-04-28 17:49:35 [INFO]     heartbeat epoch=7/30 step=80/131 loss=0.6955 avg=0.8903 elapsed=2m 06s
2026-04-28 17:50:07 [INFO]     heartbeat epoch=7/30 step=100/131 loss=0.9476 avg=0.9029 elapsed=2m 37s
2026-04-28 17:50:39 [INFO]     heartbeat epoch=7/30 step=120/131 loss=0.8747 avg=0.9021 elapsed=3m 09s
2026-04-28 17:51:10 [INFO]     D: gt_pos=0.215 pred_pos=0.000 p_mean=0.359 P=0.000 R=0.000 F1=0.000
2026-04-28 17:51:10 [INFO]     A: gt_pos=0.283 pred_pos=0.000 p_mean=0.408 P=0.000 R=0.000 F1=0.000
2026-04-28 17:51:11 [INFO]     S: gt_pos=0.130 pred_pos=0.000 p_mean=0.296 P=0.000 R=0.000 F1=0.000
2026-04-28 17:51:11 [INFO]     Session-level variance (collapse metric): 0.000176
2026-04-28 17:51:11 [INFO]     calibrated F1=0.3424 via biases D=+0.60 A=+0.40 S=+0.90 (selected=calibrated)
2026-04-28 17:51:11 [INFO]     7/ 30 | 4.73e-04 |   0.9045   |  0.7542  | 0.0000 | 0.3424 | 0.5709 | 0.000/0.000/0.000 | 3m 41s ETA 1h 26m 21s VRAM 20.5G
2026-04-28 17:51:43 [INFO]     heartbeat epoch=8/30 step=20/131 loss=0.8413 avg=0.9055 elapsed=0m 31s
2026-04-28 17:52:14 [INFO]     heartbeat epoch=8/30 step=40/131 loss=0.8859 avg=0.8854 elapsed=1m 03s
