2026-05-09 20:11:51 [INFO] Logging to /home/adodas/AdoDAS2026_fus/outputs/a1/runs/a1__grouped__mtcn__a-base-mel_mfcc+vad+egemaps__a-ssl-wav2vec2-chinese-xlsr__v-base-headpose+facebeh+qc+vadagg+bodypose+globmot__v-ssl-dinov2-large__mask-andcore__pw_biascalib__seed42__20260509_201151/logs/train_grouped_a1_20260509_201151.log
2026-05-09 20:11:51 [INFO] CUDA_VISIBLE_DEVICES=4 — 本进程内 cuda:0 = 可见列表中的第 1 张物理卡；PyTorch OOM 里的「GPU 0」是此逻辑编号，不是机器上的 PCI 0 号。
2026-05-09 20:11:51 [INFO] Device: cuda:0 (rank=0 local_rank=0 world_size=1)
2026-05-09 20:11:51 [INFO] Task: a1
2026-05-09 20:11:51 [INFO] Run name: a1__grouped__mtcn__a-base-mel_mfcc+vad+egemaps__a-ssl-wav2vec2-chinese-xlsr__v-base-headpose+facebeh+qc+vadagg+bodypose+globmot__v-ssl-dinov2-large__mask-andcore__pw_biascalib__seed42__20260509_201151
2026-05-09 20:11:51 [INFO] Config: {'feature_root': '/home/adodas/dataset', 'manifest_dir': '/home/adodas/dataset/manifests', 'output_dir': '/home/adodas/AdoDAS2026_fus/outputs/a1', 'mask_policy': 'and_core', 'core_audio': ['mel_mfcc', 'ssl_embed'], 'core_video': ['vision_ssl_embed', 'qc_stats'], 'd_adapter': 64, 'd_model': 256, 'tcn_layers': 6, 'tcn_kernel_size': 3, 'asp_alpha': 0.5, 'asp_beta': 0.5, 'dropout': 0.2, 'd_shared': 256, 'aggregator': 'mlp', 'post_tcn_cross_attention': False, 'batch_size': 16, 'lr': 0.00025, 'weight_decay': 0.01, 'warmup_epochs': 1, 'epochs': 30, 'seed': 42, 'num_workers': 8, 'amp': True, 'preload': False, 'grad_clip': 1.0, 'use_pos_weight': True, 'patience': 6, 'session_loss_weight': 0.2, 'session_type_loss_weight': 0.15, 'submission_level': 'participant', 'decode_method': 'auto', 'label_smoothing': 0.0, 'feature_noise_std': 0.0, 'session_drop_prob': 0.0, 'early_stop_metric': 'primary', 'pre_tcn_processing': {'enabled': True, 'dynamics_aug': {'enabled': True, 'mode': 'selective_v2', 'apply_audio': {'vad': {'windows': [5, 15, 25], 'use_delta': True, 'use_abs_delta': True, 'use_rolling_mean': True, 'use_rolling_std': True}, 'mel_mfcc': {'windows': [5, 15], 'use_delta': True, 'use_abs_delta': False, 'use_rolling_mean': False, 'use_rolling_std': False}}, 'apply_video': {'vad_agg': {'windows': [5, 15, 25], 'use_delta': True, 'use_abs_delta': True, 'use_rolling_mean': True, 'use_rolling_std': True}, 'headpose_geom': {'windows': [5, 15, 25], 'use_delta': True, 'use_abs_delta': True, 'use_rolling_mean': True, 'use_rolling_std': True}, 'face_behavior': {'windows': [5, 15, 25], 'use_delta': True, 'use_abs_delta': True, 'use_rolling_mean': True, 'use_rolling_std': True}, 'body_pose': {'windows': [5, 15], 'use_delta': True, 'use_abs_delta': True, 'use_rolling_mean': False, 'use_rolling_std': True}, 'global_motion': {'windows': [5, 15], 'use_delta': False, 'use_abs_delta': True, 'use_rolling_mean': True, 'use_rolling_std': True}, 'qc_stats': {'windows': [15, 25], 'use_delta': False, 'use_abs_delta': False, 'use_rolling_mean': True, 'use_rolling_std': True}}, 'exclude': ['ssl_embed', 'vision_ssl_embed', 'egemaps']}}, 'audio_features': ['mel_mfcc', 'vad', 'egemaps', 'ssl_embed'], 'video_features': ['headpose_geom', 'face_behavior', 'qc_stats', 'vad_agg', 'body_pose', 'global_motion', 'vision_ssl_embed'], 'audio_ssl_model_tag': 'wav2vec2-chinese-xlsr', 'video_ssl_model_tag': 'dinov2-large', 'task': 'a1'}
2026-05-09 20:11:51 [INFO] Mask policy: and_core
2026-05-09 20:11:54 [INFO] [PreTCN] DynamicsAug enabled: True
2026-05-09 20:11:54 [INFO] [PreTCN] mode: selective_v2
2026-05-09 20:11:54 [INFO] [PreTCN]   audio[mel_mfcc]: {'windows': [5, 15], 'use_delta': True, 'use_abs_delta': False, 'use_rolling_mean': False, 'use_rolling_std': False}
2026-05-09 20:11:54 [INFO] [PreTCN]   audio[vad]: {'windows': [5, 15, 25], 'use_delta': True, 'use_abs_delta': True, 'use_rolling_mean': True, 'use_rolling_std': True}
2026-05-09 20:11:54 [INFO] [PreTCN]   video[body_pose]: {'windows': [5, 15], 'use_delta': True, 'use_abs_delta': True, 'use_rolling_mean': False, 'use_rolling_std': True}
2026-05-09 20:11:54 [INFO] [PreTCN]   video[face_behavior]: {'windows': [5, 15, 25], 'use_delta': True, 'use_abs_delta': True, 'use_rolling_mean': True, 'use_rolling_std': True}
2026-05-09 20:11:54 [INFO] [PreTCN]   video[global_motion]: {'windows': [5, 15], 'use_delta': False, 'use_abs_delta': True, 'use_rolling_mean': True, 'use_rolling_std': True}
2026-05-09 20:11:54 [INFO] [PreTCN]   video[headpose_geom]: {'windows': [5, 15, 25], 'use_delta': True, 'use_abs_delta': True, 'use_rolling_mean': True, 'use_rolling_std': True}
2026-05-09 20:11:54 [INFO] [PreTCN]   video[qc_stats]: {'windows': [15, 25], 'use_delta': False, 'use_abs_delta': False, 'use_rolling_mean': True, 'use_rolling_std': True}
2026-05-09 20:11:54 [INFO] [PreTCN]   video[vad_agg]: {'windows': [5, 15, 25], 'use_delta': True, 'use_abs_delta': True, 'use_rolling_mean': True, 'use_rolling_std': True}
2026-05-09 20:11:55 [INFO] [PreTCN] body_pose: 27 -> 135
2026-05-09 20:11:55 [INFO] [PreTCN] face_behavior: 5 -> 45
2026-05-09 20:11:55 [INFO] [PreTCN] global_motion: 4 -> 24
2026-05-09 20:11:55 [INFO] [PreTCN] headpose_geom: 5 -> 45
2026-05-09 20:11:55 [INFO] [PreTCN] mel_mfcc: 93 -> 186
2026-05-09 20:11:55 [INFO] [PreTCN] qc_stats: 4 -> 20
2026-05-09 20:11:55 [INFO] [PreTCN] vad: 1 -> 9
2026-05-09 20:11:55 [INFO] [PreTCN] vad_agg: 4 -> 36
2026-05-09 20:11:55 [INFO] Train: 4200 participants, Val: 600 participants
2026-05-09 20:11:56 [INFO] batch_size(global)=16 per_gpu_train=16 val_batch=16 num_workers=8
2026-05-09 20:11:56 [INFO] Model params: 5,583,077
2026-05-09 20:11:56 [INFO] Post-TCN cross attention: False
2026-05-09 20:11:56 [INFO] AMP enabled (BF16)
2026-05-09 20:11:56 [INFO] pos_weight [D/A/S]: 1.91 / 1.59 / 2.60
2026-05-09 20:11:57 [INFO] Scheduler: warmup=1 -> cosine, total=30
2026-05-09 20:11:57 [INFO] Grad clip: 1.0
2026-05-09 20:11:57 [INFO] Session loss weight: 0.2
2026-05-09 20:11:57 [INFO] Session type loss weight: 0.15
2026-05-09 20:11:57 [INFO] EarlyStopping: patience=6, metric=primary, mode=max
2026-05-09 20:11:57 [INFO] Label smoothing: 0.0
2026-05-09 20:11:58 [INFO] Feature noise std: 0.0
2026-05-09 20:11:58 [INFO] Session drop prob: 0.0
2026-05-09 20:11:58 [INFO] ==========================================================================================
2026-05-09 20:11:58 [INFO]   Epoch  |    LR     | Train Loss | Val Loss | F1 raw | F1 sel |  AUROC | F1[D/A/S]       | Time
2026-05-09 20:11:58 [INFO] ==========================================================================================
2026-05-09 20:25:07 [INFO]     D: gt_pos=0.215 pred_pos=0.000 p_mean=0.289 P=0.000 R=0.000 F1=0.000
2026-05-09 20:25:07 [INFO]     A: gt_pos=0.283 pred_pos=0.000 p_mean=0.340 P=0.000 R=0.000 F1=0.000
2026-05-09 20:25:07 [INFO]     S: gt_pos=0.130 pred_pos=0.000 p_mean=0.199 P=0.000 R=0.000 F1=0.000
2026-05-09 20:25:07 [INFO]     Session-level variance (collapse metric): 0.000812
2026-05-09 20:25:07 [INFO]     calibrated F1=0.3447 via biases D=+1.10 A=+0.70 S=+1.40 (selected=calibrated)
2026-05-09 20:25:07 [INFO]     1/ 30 | 2.50e-04 |   1.1565   |  0.7624  | 0.0000 | 0.3447 | 0.5346 | 0.000/0.000/0.000 | 13m 09s ETA 6h 21m 27s VRAM 7.9G *
2026-05-09 20:25:07 [INFO]   >>> New best F1=0.3447 saved at epoch 1.
2026-05-09 20:37:56 [INFO]     D: gt_pos=0.215 pred_pos=0.000 p_mean=0.261 P=0.000 R=0.000 F1=0.000
2026-05-09 20:37:56 [INFO]     A: gt_pos=0.283 pred_pos=0.000 p_mean=0.288 P=0.000 R=0.000 F1=0.000
2026-05-09 20:37:56 [INFO]     S: gt_pos=0.130 pred_pos=0.000 p_mean=0.213 P=0.000 R=0.000 F1=0.000
2026-05-09 20:37:56 [INFO]     Session-level variance (collapse metric): 0.001741
2026-05-09 20:37:57 [INFO]     calibrated F1=0.4291 via biases D=+0.90 A=+1.20 S=+1.20 (selected=calibrated)
2026-05-09 20:37:57 [INFO]     2/ 30 | 2.49e-04 |   1.0298   |  0.7282  | 0.0000 | 0.4291 | 0.6727 | 0.000/0.000/0.000 | 12m 49s ETA 6h 03m 45s VRAM 7.9G *
2026-05-09 20:37:57 [INFO]   >>> New best F1=0.4291 saved at epoch 2.
2026-05-09 20:52:01 [INFO]     D: gt_pos=0.215 pred_pos=0.102 p_mean=0.352 P=0.410 R=0.194 F1=0.263
2026-05-09 20:52:02 [INFO]     A: gt_pos=0.283 pred_pos=0.023 p_mean=0.352 P=0.429 R=0.035 F1=0.065
2026-05-09 20:52:02 [INFO]     S: gt_pos=0.130 pred_pos=0.000 p_mean=0.251 P=0.000 R=0.000 F1=0.000
2026-05-09 20:52:02 [INFO]     Session-level variance (collapse metric): 0.002173
2026-05-09 20:52:02 [INFO]     calibrated F1=0.4371 via biases D=+0.20 A=+0.80 S=+0.80 (selected=calibrated)
2026-05-09 20:52:02 [INFO]     3/ 30 | 2.47e-04 |   0.9594   |  0.7011  | 0.1095 | 0.4371 | 0.6898 | 0.263/0.065/0.000 | 14m 04s ETA 6h 00m 36s VRAM 7.9G *
2026-05-09 20:52:02 [INFO]   >>> New best F1=0.4371 saved at epoch 3.
2026-05-09 21:05:46 [INFO]     D: gt_pos=0.215 pred_pos=0.000 p_mean=0.209 P=0.000 R=0.000 F1=0.000
2026-05-09 21:05:46 [INFO]     A: gt_pos=0.283 pred_pos=0.017 p_mean=0.327 P=0.400 R=0.024 F1=0.044
2026-05-09 21:05:46 [INFO]     S: gt_pos=0.130 pred_pos=0.000 p_mean=0.166 P=0.000 R=0.000 F1=0.000
2026-05-09 21:05:46 [INFO]     Session-level variance (collapse metric): 0.000838
2026-05-09 21:05:46 [INFO]     calibrated F1=0.4314 via biases D=+0.90 A=+1.20 S=+1.50 (selected=calibrated)
2026-05-09 21:05:46 [INFO]     4/ 30 | 2.43e-04 |   0.9151   |  0.7325  | 0.0148 | 0.4314 | 0.6901 | 0.000/0.044/0.000 | 13m 43s ETA 5h 49m 45s VRAM 7.9G
2026-05-09 21:21:57 [INFO]     D: gt_pos=0.215 pred_pos=0.253 p_mean=0.292 P=0.375 R=0.442 F1=0.406
2026-05-09 21:21:58 [INFO]     A: gt_pos=0.283 pred_pos=0.272 p_mean=0.307 P=0.411 R=0.394 F1=0.402
2026-05-09 21:21:58 [INFO]     S: gt_pos=0.130 pred_pos=0.015 p_mean=0.210 P=0.222 R=0.026 F1=0.046
2026-05-09 21:21:58 [INFO]     Session-level variance (collapse metric): 0.003965
2026-05-09 21:21:58 [INFO]     calibrated F1=0.4421 via biases D=+0.50 A=+1.60 S=+1.10 (selected=calibrated)
2026-05-09 21:21:58 [INFO]     5/ 30 | 2.38e-04 |   0.8679   |  0.7092  | 0.2847 | 0.4421 | 0.6991 | 0.406/0.402/0.046 | 16m 12s ETA 5h 50m 03s VRAM 7.9G *
2026-05-09 21:21:59 [INFO]   >>> New best F1=0.4421 saved at epoch 5.
2026-05-09 21:35:38 [INFO]     D: gt_pos=0.215 pred_pos=0.512 p_mean=0.437 P=0.309 R=0.736 F1=0.436
2026-05-09 21:35:38 [INFO]     A: gt_pos=0.283 pred_pos=0.533 p_mean=0.473 P=0.391 R=0.735 F1=0.510
2026-05-09 21:35:38 [INFO]     S: gt_pos=0.130 pred_pos=0.283 p_mean=0.323 P=0.241 R=0.526 F1=0.331
2026-05-09 21:35:39 [INFO]     Session-level variance (collapse metric): 0.006366
2026-05-09 21:35:39 [INFO]     calibrated F1=0.4375 via biases D=-0.50 A=+0.50 S=+0.20 (selected=calibrated)
2026-05-09 21:35:39 [INFO]     6/ 30 | 2.32e-04 |   0.8499   |  0.7315  | 0.4255 | 0.4375 | 0.6916 | 0.436/0.510/0.331 | 13m 39s ETA 5h 34m 45s VRAM 7.9G
2026-05-09 21:53:45 [INFO]     D: gt_pos=0.215 pred_pos=0.230 p_mean=0.318 P=0.399 R=0.426 F1=0.412
2026-05-09 21:53:45 [INFO]     A: gt_pos=0.283 pred_pos=0.272 p_mean=0.371 P=0.423 R=0.406 F1=0.414
2026-05-09 21:53:45 [INFO]     S: gt_pos=0.130 pred_pos=0.045 p_mean=0.249 P=0.185 R=0.064 F1=0.095
2026-05-09 21:53:45 [INFO]     Session-level variance (collapse metric): 0.003319
2026-05-09 21:53:45 [INFO]     calibrated F1=0.4342 via biases D=+1.00 A=+1.10 S=+1.20 (selected=calibrated)
2026-05-09 21:53:45 [INFO]     7/ 30 | 2.25e-04 |   0.8487   |  0.7045  | 0.3072 | 0.4342 | 0.6926 | 0.412/0.414/0.095 | 18m 05s ETA 5h 34m 27s VRAM 7.9G
2026-05-09 22:07:34 [INFO]     D: gt_pos=0.215 pred_pos=0.093 p_mean=0.284 P=0.375 R=0.163 F1=0.227
2026-05-09 22:07:34 [INFO]     A: gt_pos=0.283 pred_pos=0.180 p_mean=0.321 P=0.472 R=0.300 F1=0.367
2026-05-09 22:07:35 [INFO]     S: gt_pos=0.130 pred_pos=0.000 p_mean=0.198 P=0.000 R=0.000 F1=0.000
2026-05-09 22:07:35 [INFO]     Session-level variance (collapse metric): 0.003823
2026-05-09 22:07:35 [INFO]     calibrated F1=0.4394 via biases D=+0.50 A=+1.30 S=+1.30 (selected=calibrated)
2026-05-09 22:07:35 [INFO]     8/ 30 | 2.16e-04 |   0.8319   |  0.6947  | 0.1980 | 0.4394 | 0.6949 | 0.227/0.367/0.000 | 13m 49s ETA 5h 17m 56s VRAM 7.9G
2026-05-09 22:22:06 [INFO]     D: gt_pos=0.215 pred_pos=0.392 p_mean=0.374 P=0.349 R=0.636 F1=0.451
2026-05-09 22:22:06 [INFO]     A: gt_pos=0.283 pred_pos=0.408 p_mean=0.399 P=0.392 R=0.565 F1=0.463
2026-05-09 22:22:06 [INFO]     S: gt_pos=0.130 pred_pos=0.160 p_mean=0.267 P=0.250 R=0.308 F1=0.276
2026-05-09 22:22:07 [INFO]     Session-level variance (collapse metric): 0.006302
2026-05-09 22:22:07 [INFO]     calibrated F1=0.4405 via biases D=-0.20 A=+1.20 S=+1.00 (selected=calibrated)
2026-05-09 22:22:07 [INFO]     9/ 30 | 2.06e-04 |   0.8231   |  0.7128  | 0.3964 | 0.4405 | 0.6936 | 0.451/0.463/0.276 | 14m 32s ETA 5h 03m 41s VRAM 7.9G
2026-05-09 22:34:26 [INFO]     D: gt_pos=0.215 pred_pos=0.298 p_mean=0.316 P=0.391 R=0.543 F1=0.455
2026-05-09 22:34:26 [INFO]     A: gt_pos=0.283 pred_pos=0.337 p_mean=0.360 P=0.406 R=0.482 F1=0.441
2026-05-09 22:34:26 [INFO]     S: gt_pos=0.130 pred_pos=0.242 p_mean=0.260 P=0.221 R=0.410 F1=0.287
2026-05-09 22:34:26 [INFO]     Session-level variance (collapse metric): 0.005191
2026-05-09 22:34:27 [INFO]     calibrated F1=0.4353 via biases D=+0.70 A=+1.10 S=+0.70 (selected=calibrated)
2026-05-09 22:34:27 [INFO]    10/ 30 | 1.95e-04 |   0.8070   |  0.7211  | 0.3941 | 0.4353 | 0.6849 | 0.455/0.441/0.287 | 12m 19s ETA 4h 44m 57s VRAM 7.9G
2026-05-09 22:47:01 [INFO]     D: gt_pos=0.215 pred_pos=0.252 p_mean=0.273 P=0.384 R=0.450 F1=0.414
2026-05-09 22:47:01 [INFO]     A: gt_pos=0.283 pred_pos=0.305 p_mean=0.331 P=0.399 R=0.429 F1=0.414
2026-05-09 22:47:01 [INFO]     S: gt_pos=0.130 pred_pos=0.205 p_mean=0.227 P=0.268 R=0.423 F1=0.328
2026-05-09 22:47:01 [INFO]     Session-level variance (collapse metric): 0.007157
2026-05-09 22:47:01 [INFO]     calibrated F1=0.4373 via biases D=+0.80 A=+1.50 S=+1.30 (selected=calibrated)
2026-05-09 22:47:01 [INFO]    11/ 30 | 1.84e-04 |   0.7919   |  0.7522  | 0.3854 | 0.4373 | 0.6916 | 0.414/0.414/0.328 | 12m 34s ETA 4h 27m 49s VRAM 7.9G
2026-05-09 22:47:01 [INFO]   EarlyStopping triggered at epoch 11 (patience=6, metric=primary)
2026-05-09 22:47:01 [INFO] ==========================================================================================
2026-05-09 22:47:01 [INFO] Training complete. Best F1=0.4421, time=2h 35m 03s
2026-05-09 22:47:01 [INFO] Loading best checkpoint for submission generation ...
2026-05-09 22:47:01 [INFO] Submission level: participant
2026-05-09 22:47:01 [INFO] Decode method: auto
2026-05-09 22:47:01 [INFO] Calibrating per-task bias offsets on val ...
2026-05-09 22:48:59 [INFO]   D: bias=+0.50  F1_cal=0.4688
2026-05-09 22:48:59 [INFO]   A: bias=+1.60  F1_cal=0.5018
2026-05-09 22:48:59 [INFO]   S: bias=+1.10  F1_cal=0.3569
2026-05-09 22:48:59 [INFO]   Mean calibrated F1: 0.4425 (vs selected best: 0.4421, raw best: 0.2847)
2026-05-09 22:48:59 [INFO] Skipping submission generation after training; use infer.py for release inference.
2026-05-09 22:48:59 [INFO] Run complete: a1__grouped__mtcn__a-base-mel_mfcc+vad+egemaps__a-ssl-wav2vec2-chinese-xlsr__v-base-headpose+facebeh+qc+vadagg+bodypose+globmot__v-ssl-dinov2-large__mask-andcore__pw_biascalib__seed42__20260509_201151
2026-05-09 22:48:59 [INFO] Output dir: /home/adodas/AdoDAS2026_fus/outputs/a1/runs/a1__grouped__mtcn__a-base-mel_mfcc+vad+egemaps__a-ssl-wav2vec2-chinese-xlsr__v-base-headpose+facebeh+qc+vadagg+bodypose+globmot__v-ssl-dinov2-large__mask-andcore__pw_biascalib__seed42__20260509_201151
