2026-05-10 14:50:46 [INFO] Logging to /home/adodas/AdoDAS2026_3/outputs/a1/runs/a1__grouped__mtcn__a-base-mel_mfcc+vad+egemaps__a-ssl-wav2vec2-chinese-xlsr__v-base-headpose+facebeh+qc+vadagg+bodypose+globmot__v-ssl-dinov2-large__mask-andcore__pw_biascalib__seed42__20260510_145046/logs/train_grouped_a1_20260510_145046.log
2026-05-10 14:50:46 [INFO] Device: cuda
2026-05-10 14:50:46 [INFO] Task: a1
2026-05-10 14:50:46 [INFO] Run name: a1__grouped__mtcn__a-base-mel_mfcc+vad+egemaps__a-ssl-wav2vec2-chinese-xlsr__v-base-headpose+facebeh+qc+vadagg+bodypose+globmot__v-ssl-dinov2-large__mask-andcore__pw_biascalib__seed42__20260510_145046
2026-05-10 14:50:46 [INFO] Config: {'feature_root': '/home/adodas/dataset', 'manifest_dir': '/home/adodas/dataset/manifests', 'output_dir': '/home/adodas/AdoDAS2026_3/outputs/a1', 'mask_policy': 'and_core', 'core_audio': ['mel_mfcc', 'ssl_embed'], 'core_video': ['vision_ssl_embed', 'qc_stats'], 'd_adapter': 64, 'd_model': 256, 'tcn_layers': 6, 'tcn_kernel_size': 3, 'asp_alpha': 0.5, 'asp_beta': 0.5, 'dropout': 0.2, 'd_shared': 256, 'aggregator': 'attention', 'batch_size': 32, 'lr': 0.0005, 'weight_decay': 0.01, 'warmup_epochs': 1, 'epochs': 30, 'seed': 42, 'num_workers': 8, 'amp': True, 'preload': False, 'grad_clip': 1.0, 'use_pos_weight': True, 'patience': 6, 'session_loss_weight': 0.1, 'session_type_loss_weight': 0.2, 'submission_level': 'participant', 'decode_method': 'auto', 'label_smoothing': 0.01, 'feature_noise_std': 0.003, 'session_drop_prob': 0.03, 'early_stop_metric': 'primary', 'pre_tcn_processing': {'enabled': True, 'dynamics_aug': {'enabled': True, 'mode': 'selective_v2', 'apply_audio': {'vad': {'windows': [5, 15, 25], 'use_delta': True, 'use_abs_delta': True, 'use_rolling_mean': True, 'use_rolling_std': True}, 'mel_mfcc': {'windows': [5, 15], 'use_delta': True, 'use_abs_delta': False, 'use_rolling_mean': False, 'use_rolling_std': False}}, 'apply_video': {'vad_agg': {'windows': [5, 15, 25], 'use_delta': True, 'use_abs_delta': True, 'use_rolling_mean': True, 'use_rolling_std': True}, 'headpose_geom': {'windows': [5, 15, 25], 'use_delta': True, 'use_abs_delta': True, 'use_rolling_mean': True, 'use_rolling_std': True}, 'face_behavior': {'windows': [5, 15, 25], 'use_delta': True, 'use_abs_delta': True, 'use_rolling_mean': True, 'use_rolling_std': True}, 'body_pose': {'windows': [5, 15], 'use_delta': True, 'use_abs_delta': True, 'use_rolling_mean': False, 'use_rolling_std': True}, 'global_motion': {'windows': [5, 15], 'use_delta': False, 'use_abs_delta': True, 'use_rolling_mean': True, 'use_rolling_std': True}, 'qc_stats': {'windows': [15, 25], 'use_delta': False, 'use_abs_delta': False, 'use_rolling_mean': True, 'use_rolling_std': True}}, 'exclude': ['ssl_embed', 'vision_ssl_embed', 'egemaps']}}, 'audio_features': ['mel_mfcc', 'vad', 'egemaps', 'ssl_embed'], 'video_features': ['headpose_geom', 'face_behavior', 'qc_stats', 'vad_agg', 'body_pose', 'global_motion', 'vision_ssl_embed'], 'audio_ssl_model_tag': 'wav2vec2-chinese-xlsr', 'video_ssl_model_tag': 'dinov2-large', 'task': 'a1'}
2026-05-10 14:50:46 [INFO] Mask policy: and_core
2026-05-10 14:50:49 [INFO] [PreTCN] DynamicsAug enabled: True
2026-05-10 14:50:49 [INFO] [PreTCN] mode: selective_v2
2026-05-10 14:50:49 [INFO] [PreTCN]   audio[mel_mfcc]: {'windows': [5, 15], 'use_delta': True, 'use_abs_delta': False, 'use_rolling_mean': False, 'use_rolling_std': False}
2026-05-10 14:50:49 [INFO] [PreTCN]   audio[vad]: {'windows': [5, 15, 25], 'use_delta': True, 'use_abs_delta': True, 'use_rolling_mean': True, 'use_rolling_std': True}
2026-05-10 14:50:49 [INFO] [PreTCN]   video[body_pose]: {'windows': [5, 15], 'use_delta': True, 'use_abs_delta': True, 'use_rolling_mean': False, 'use_rolling_std': True}
2026-05-10 14:50:49 [INFO] [PreTCN]   video[face_behavior]: {'windows': [5, 15, 25], 'use_delta': True, 'use_abs_delta': True, 'use_rolling_mean': True, 'use_rolling_std': True}
2026-05-10 14:50:49 [INFO] [PreTCN]   video[global_motion]: {'windows': [5, 15], 'use_delta': False, 'use_abs_delta': True, 'use_rolling_mean': True, 'use_rolling_std': True}
2026-05-10 14:50:50 [INFO] [PreTCN]   video[headpose_geom]: {'windows': [5, 15, 25], 'use_delta': True, 'use_abs_delta': True, 'use_rolling_mean': True, 'use_rolling_std': True}
2026-05-10 14:50:50 [INFO] [PreTCN]   video[qc_stats]: {'windows': [15, 25], 'use_delta': False, 'use_abs_delta': False, 'use_rolling_mean': True, 'use_rolling_std': True}
2026-05-10 14:50:50 [INFO] [PreTCN]   video[vad_agg]: {'windows': [5, 15, 25], 'use_delta': True, 'use_abs_delta': True, 'use_rolling_mean': True, 'use_rolling_std': True}
2026-05-10 14:50:50 [INFO] [PreTCN] body_pose: 27 -> 135
2026-05-10 14:50:50 [INFO] [PreTCN] face_behavior: 5 -> 45
2026-05-10 14:50:50 [INFO] [PreTCN] global_motion: 4 -> 24
2026-05-10 14:50:50 [INFO] [PreTCN] headpose_geom: 5 -> 45
2026-05-10 14:50:50 [INFO] [PreTCN] mel_mfcc: 93 -> 186
2026-05-10 14:50:50 [INFO] [PreTCN] qc_stats: 4 -> 20
2026-05-10 14:50:50 [INFO] [PreTCN] vad: 1 -> 9
2026-05-10 14:50:50 [INFO] [PreTCN] vad_agg: 4 -> 36
2026-05-10 14:50:50 [INFO] Train: 4200 participants, Val: 600 participants
2026-05-10 14:50:50 [INFO] batch_size=32, num_workers=8
2026-05-10 14:50:51 [INFO] Model params: 5,514,982
2026-05-10 14:50:51 [INFO] AMP enabled (BF16)
2026-05-10 14:50:51 [INFO] pos_weight [D/A/S]: 1.91 / 1.59 / 2.60
2026-05-10 14:50:52 [INFO] Scheduler: warmup=1 -> cosine, total=30
2026-05-10 14:50:52 [INFO] Grad clip: 1.0
2026-05-10 14:50:53 [INFO] Session loss weight: 0.1
2026-05-10 14:50:53 [INFO] Session type loss weight: 0.2
2026-05-10 14:50:54 [INFO] EarlyStopping: patience=6, metric=primary, mode=max
2026-05-10 14:50:54 [INFO] Label smoothing: 0.01
2026-05-10 14:50:54 [INFO] Feature noise std: 0.003
2026-05-10 14:50:54 [INFO] Session drop prob: 0.03
2026-05-10 14:50:55 [INFO] ==========================================================================================
2026-05-10 14:50:55 [INFO]   Epoch  |    LR     | Train Loss | Val Loss | F1 raw | F1 sel |  AUROC | F1[D/A/S]       | Time
2026-05-10 14:50:55 [INFO] ==========================================================================================
2026-05-10 15:07:14 [INFO]     D: gt_pos=0.215 pred_pos=0.000 p_mean=0.299 P=0.000 R=0.000 F1=0.000
2026-05-10 15:07:15 [INFO]     A: gt_pos=0.283 pred_pos=0.000 p_mean=0.383 P=0.000 R=0.000 F1=0.000
2026-05-10 15:07:15 [INFO]     S: gt_pos=0.130 pred_pos=0.000 p_mean=0.269 P=0.000 R=0.000 F1=0.000
2026-05-10 15:07:15 [INFO]     Session-level variance (collapse metric): 0.000806
2026-05-10 15:07:16 [INFO]     calibrated F1=0.3714 via biases D=+0.90 A=+0.60 S=+1.00 (selected=calibrated)
2026-05-10 15:07:16 [INFO]     1/ 30 | 5.00e-04 |   1.1304   |  0.7420  | 0.0000 | 0.3714 | 0.6059 | 0.000/0.000/0.000 | 16m 20s ETA 7h 54m 14s VRAM 14.0G *
2026-05-10 15:07:17 [INFO]   >>> New best F1=0.3714 saved at epoch 1.
2026-05-10 15:23:13 [INFO]     D: gt_pos=0.215 pred_pos=0.310 p_mean=0.442 P=0.349 R=0.504 F1=0.413
2026-05-10 15:23:13 [INFO]     A: gt_pos=0.283 pred_pos=0.300 p_mean=0.412 P=0.428 R=0.453 F1=0.440
2026-05-10 15:23:13 [INFO]     S: gt_pos=0.130 pred_pos=0.023 p_mean=0.260 P=0.143 R=0.026 F1=0.043
2026-05-10 15:23:13 [INFO]     Session-level variance (collapse metric): 0.002397
2026-05-10 15:23:14 [INFO]     calibrated F1=0.4218 via biases D=+0.50 A=+0.80 S=+1.00 (selected=calibrated)
2026-05-10 15:23:14 [INFO]     2/ 30 | 4.99e-04 |   1.0296   |  0.7169  | 0.2987 | 0.4218 | 0.6806 | 0.413/0.440/0.043 | 15m 56s ETA 7h 32m 24s VRAM 14.0G *
2026-05-10 15:23:14 [INFO]   >>> New best F1=0.4218 saved at epoch 2.
2026-05-10 15:39:03 [INFO]     D: gt_pos=0.215 pred_pos=0.003 p_mean=0.314 P=0.500 R=0.008 F1=0.015
2026-05-10 15:39:03 [INFO]     A: gt_pos=0.283 pred_pos=0.032 p_mean=0.328 P=0.526 R=0.059 F1=0.106
2026-05-10 15:39:03 [INFO]     S: gt_pos=0.130 pred_pos=0.003 p_mean=0.286 P=0.500 R=0.013 F1=0.025
2026-05-10 15:39:03 [INFO]     Session-level variance (collapse metric): 0.005351
2026-05-10 15:39:03 [INFO]     calibrated F1=0.4193 via biases D=+0.60 A=+1.10 S=+0.60 (selected=calibrated)
2026-05-10 15:39:03 [INFO]     3/ 30 | 4.94e-04 |   0.9600   |  0.7098  | 0.0487 | 0.4193 | 0.6803 | 0.015/0.106/0.025 | 15m 48s ETA 7h 13m 16s VRAM 14.0G
2026-05-10 15:54:24 [INFO]     D: gt_pos=0.215 pred_pos=0.062 p_mean=0.241 P=0.486 R=0.140 F1=0.217
2026-05-10 15:54:24 [INFO]     A: gt_pos=0.283 pred_pos=0.157 p_mean=0.312 P=0.447 R=0.247 F1=0.318
2026-05-10 15:54:24 [INFO]     S: gt_pos=0.130 pred_pos=0.175 p_mean=0.271 P=0.210 R=0.282 F1=0.240
2026-05-10 15:54:24 [INFO]     Session-level variance (collapse metric): 0.002243
2026-05-10 15:54:24 [INFO]     calibrated F1=0.4302 via biases D=+1.40 A=+1.20 S=+0.70 (selected=calibrated)
2026-05-10 15:54:24 [INFO]     4/ 30 | 4.87e-04 |   0.9256   |  0.7201  | 0.2585 | 0.4302 | 0.6803 | 0.217/0.318/0.240 | 15m 21s ETA 6h 52m 42s VRAM 14.0G *
2026-05-10 15:54:25 [INFO]   >>> New best F1=0.4302 saved at epoch 4.
2026-05-10 16:10:19 [INFO]     D: gt_pos=0.215 pred_pos=0.007 p_mean=0.315 P=0.250 R=0.008 F1=0.015
2026-05-10 16:10:20 [INFO]     A: gt_pos=0.283 pred_pos=0.328 p_mean=0.375 P=0.406 R=0.471 F1=0.436
2026-05-10 16:10:20 [INFO]     S: gt_pos=0.130 pred_pos=0.000 p_mean=0.204 P=0.000 R=0.000 F1=0.000
2026-05-10 16:10:20 [INFO]     Session-level variance (collapse metric): 0.003662
2026-05-10 16:10:21 [INFO]     calibrated F1=0.4257 via biases D=+0.60 A=+0.90 S=+1.10 (selected=calibrated)
2026-05-10 16:10:21 [INFO]     5/ 30 | 4.77e-04 |   0.8732   |  0.7105  | 0.1503 | 0.4257 | 0.6753 | 0.015/0.436/0.000 | 15m 56s ETA 6h 37m 11s VRAM 14.0G
2026-05-10 16:24:58 [INFO]     D: gt_pos=0.215 pred_pos=0.000 p_mean=0.150 P=0.000 R=0.000 F1=0.000
2026-05-10 16:25:01 [INFO]     A: gt_pos=0.283 pred_pos=0.037 p_mean=0.274 P=0.455 R=0.059 F1=0.104
2026-05-10 16:25:02 [INFO]     S: gt_pos=0.130 pred_pos=0.000 p_mean=0.162 P=0.000 R=0.000 F1=0.000
2026-05-10 16:25:02 [INFO]     Session-level variance (collapse metric): 0.001940
2026-05-10 16:25:03 [INFO]     calibrated F1=0.4247 via biases D=+1.60 A=+1.20 S=+1.40 (selected=calibrated)
2026-05-10 16:25:03 [INFO]     6/ 30 | 4.64e-04 |   0.8285   |  0.7668  | 0.0347 | 0.4247 | 0.6846 | 0.000/0.104/0.000 | 14m 42s ETA 6h 16m 34s VRAM 14.0G
2026-05-10 16:41:25 [INFO]     D: gt_pos=0.215 pred_pos=0.408 p_mean=0.422 P=0.331 R=0.628 F1=0.433
2026-05-10 16:41:25 [INFO]     A: gt_pos=0.283 pred_pos=0.413 p_mean=0.430 P=0.383 R=0.559 F1=0.455
2026-05-10 16:41:25 [INFO]     S: gt_pos=0.130 pred_pos=0.388 p_mean=0.392 P=0.227 R=0.679 F1=0.341
2026-05-10 16:41:25 [INFO]     Session-level variance (collapse metric): 0.001101
2026-05-10 16:41:25 [INFO]     calibrated F1=0.4357 via biases D=-0.20 A=+0.80 S=-0.10 (selected=calibrated)
2026-05-10 16:41:25 [INFO]     7/ 30 | 4.49e-04 |   0.8261   |  0.7419  | 0.4095 | 0.4357 | 0.6886 | 0.433/0.455/0.341 | 16m 21s ETA 6h 03m 05s VRAM 14.0G *
2026-05-10 16:41:25 [INFO]   >>> New best F1=0.4357 saved at epoch 7.
2026-05-10 16:59:06 [INFO]     D: gt_pos=0.215 pred_pos=0.240 p_mean=0.328 P=0.396 R=0.442 F1=0.418
2026-05-10 16:59:07 [INFO]     A: gt_pos=0.283 pred_pos=0.282 p_mean=0.370 P=0.426 R=0.424 F1=0.425
2026-05-10 16:59:07 [INFO]     S: gt_pos=0.130 pred_pos=0.005 p_mean=0.234 P=0.333 R=0.013 F1=0.025
2026-05-10 16:59:07 [INFO]     Session-level variance (collapse metric): 0.004104
2026-05-10 16:59:07 [INFO]     calibrated F1=0.4240 via biases D=+0.20 A=+0.90 S=+1.20 (selected=calibrated)
2026-05-10 16:59:08 [INFO]     8/ 30 | 4.32e-04 |   0.8055   |  0.7031  | 0.2890 | 0.4240 | 0.6837 | 0.418/0.425/0.025 | 17m 42s ETA 5h 52m 35s VRAM 14.0G
2026-05-10 17:16:45 [INFO]     D: gt_pos=0.215 pred_pos=0.105 p_mean=0.254 P=0.508 R=0.248 F1=0.333
2026-05-10 17:16:45 [INFO]     A: gt_pos=0.283 pred_pos=0.205 p_mean=0.288 P=0.431 R=0.312 F1=0.362
2026-05-10 17:16:45 [INFO]     S: gt_pos=0.130 pred_pos=0.002 p_mean=0.184 P=0.000 R=0.000 F1=0.000
2026-05-10 17:16:45 [INFO]     Session-level variance (collapse metric): 0.002786
2026-05-10 17:16:45 [INFO]     calibrated F1=0.4413 via biases D=+0.50 A=+1.90 S=+1.00 (selected=calibrated)
2026-05-10 17:16:45 [INFO]     9/ 30 | 4.12e-04 |   0.7877   |  0.7230  | 0.2317 | 0.4413 | 0.6983 | 0.333/0.362/0.000 | 17m 36s ETA 5h 40m 17s VRAM 14.0G *
2026-05-10 17:16:46 [INFO]   >>> New best F1=0.4413 saved at epoch 9.
2026-05-10 17:32:08 [INFO]     D: gt_pos=0.215 pred_pos=0.000 p_mean=0.300 P=0.000 R=0.000 F1=0.000
2026-05-10 17:32:08 [INFO]     A: gt_pos=0.283 pred_pos=0.003 p_mean=0.363 P=0.500 R=0.006 F1=0.012
2026-05-10 17:32:09 [INFO]     S: gt_pos=0.130 pred_pos=0.000 p_mean=0.238 P=0.000 R=0.000 F1=0.000
2026-05-10 17:32:09 [INFO]     Session-level variance (collapse metric): 0.002407
2026-05-10 17:32:09 [INFO]     calibrated F1=0.4206 via biases D=+0.70 A=+0.80 S=+1.10 (selected=calibrated)
2026-05-10 17:32:09 [INFO]    10/ 30 | 3.91e-04 |   0.7659   |  0.7131  | 0.0039 | 0.4206 | 0.6788 | 0.000/0.012/0.000 | 15m 22s ETA 5h 22m 28s VRAM 14.0G
2026-05-10 17:46:03 [INFO]     D: gt_pos=0.215 pred_pos=0.212 p_mean=0.401 P=0.339 R=0.333 F1=0.336
2026-05-10 17:46:03 [INFO]     A: gt_pos=0.283 pred_pos=0.362 p_mean=0.425 P=0.378 R=0.482 F1=0.424
2026-05-10 17:46:03 [INFO]     S: gt_pos=0.130 pred_pos=0.000 p_mean=0.263 P=0.000 R=0.000 F1=0.000
2026-05-10 17:46:03 [INFO]     Session-level variance (collapse metric): 0.003383
2026-05-10 17:46:03 [INFO]     calibrated F1=0.4096 via biases D=+0.40 A=+0.90 S=+0.90 (selected=calibrated)
2026-05-10 17:46:03 [INFO]    11/ 30 | 3.67e-04 |   0.7705   |  0.7109  | 0.2532 | 0.4096 | 0.6689 | 0.336/0.424/0.000 | 13m 54s ETA 5h 02m 31s VRAM 14.0G
2026-05-10 18:04:22 [INFO]     D: gt_pos=0.215 pred_pos=0.165 p_mean=0.265 P=0.414 R=0.318 F1=0.360
2026-05-10 18:04:22 [INFO]     A: gt_pos=0.283 pred_pos=0.232 p_mean=0.299 P=0.388 R=0.318 F1=0.350
2026-05-10 18:04:22 [INFO]     S: gt_pos=0.130 pred_pos=0.065 p_mean=0.212 P=0.231 R=0.115 F1=0.154
2026-05-10 18:04:22 [INFO]     Session-level variance (collapse metric): 0.002516
2026-05-10 18:04:22 [INFO]     calibrated F1=0.4317 via biases D=+0.80 A=+1.80 S=+1.00 (selected=calibrated)
2026-05-10 18:04:22 [INFO]    12/ 30 | 3.43e-04 |   0.7676   |  0.7341  | 0.2877 | 0.4317 | 0.6820 | 0.360/0.350/0.154 | 18m 18s ETA 4h 50m 10s VRAM 14.0G
2026-05-10 18:21:41 [INFO]     D: gt_pos=0.215 pred_pos=0.333 p_mean=0.355 P=0.370 R=0.574 F1=0.450
2026-05-10 18:21:41 [INFO]     A: gt_pos=0.283 pred_pos=0.383 p_mean=0.405 P=0.400 R=0.541 F1=0.460
2026-05-10 18:21:41 [INFO]     S: gt_pos=0.130 pred_pos=0.267 p_mean=0.321 P=0.225 R=0.462 F1=0.303
2026-05-10 18:21:41 [INFO]     Session-level variance (collapse metric): 0.004593
2026-05-10 18:21:41 [INFO]     calibrated F1=0.4308 via biases D=+0.10 A=+1.00 S=+0.20 (selected=calibrated)
2026-05-10 18:21:41 [INFO]    13/ 30 | 3.17e-04 |   0.7480   |  0.7227  | 0.4041 | 0.4308 | 0.6748 | 0.450/0.460/0.303 | 17m 19s ETA 4h 35m 37s VRAM 14.0G
2026-05-10 18:38:17 [INFO]     D: gt_pos=0.215 pred_pos=0.180 p_mean=0.312 P=0.398 R=0.333 F1=0.363
2026-05-10 18:38:17 [INFO]     A: gt_pos=0.283 pred_pos=0.337 p_mean=0.367 P=0.411 R=0.488 F1=0.446
2026-05-10 18:38:17 [INFO]     S: gt_pos=0.130 pred_pos=0.008 p_mean=0.236 P=0.200 R=0.013 F1=0.024
2026-05-10 18:38:17 [INFO]     Session-level variance (collapse metric): 0.004460
2026-05-10 18:38:17 [INFO]     calibrated F1=0.4299 via biases D=+0.20 A=+1.00 S=+0.70 (selected=calibrated)
2026-05-10 18:38:17 [INFO]    14/ 30 | 2.91e-04 |   0.7440   |  0.7144  | 0.2777 | 0.4299 | 0.6743 | 0.363/0.446/0.024 | 16m 36s ETA 4h 19m 51s VRAM 14.0G
2026-05-10 18:52:27 [INFO]     D: gt_pos=0.215 pred_pos=0.202 p_mean=0.254 P=0.388 R=0.364 F1=0.376
2026-05-10 18:52:27 [INFO]     A: gt_pos=0.283 pred_pos=0.268 p_mean=0.318 P=0.398 R=0.376 F1=0.387
2026-05-10 18:52:27 [INFO]     S: gt_pos=0.130 pred_pos=0.158 p_mean=0.205 P=0.232 R=0.282 F1=0.254
2026-05-10 18:52:27 [INFO]     Session-level variance (collapse metric): 0.004252
2026-05-10 18:52:27 [INFO]     calibrated F1=0.4383 via biases D=+1.30 A=+2.00 S=+1.10 (selected=calibrated)
2026-05-10 18:52:27 [INFO]    15/ 30 | 2.64e-04 |   0.7224   |  0.7617  | 0.3390 | 0.4383 | 0.6840 | 0.376/0.387/0.254 | 14m 09s ETA 4h 01m 32s VRAM 14.0G
2026-05-10 18:52:27 [INFO]   EarlyStopping triggered at epoch 15 (patience=6, metric=primary)
2026-05-10 18:52:27 [INFO] ==========================================================================================
2026-05-10 18:52:27 [INFO] Training complete. Best F1=0.4413, time=4h 01m 32s
2026-05-10 18:52:27 [INFO] Loading best checkpoint for submission generation ...
2026-05-10 18:52:27 [INFO] Submission level: participant
2026-05-10 18:52:27 [INFO] Decode method: auto
2026-05-10 18:52:27 [INFO] Calibrating per-task bias offsets on val ...
2026-05-10 18:55:04 [INFO]   D: bias=+0.50  F1_cal=0.4641
2026-05-10 18:55:04 [INFO]   A: bias=+1.90  F1_cal=0.5101
2026-05-10 18:55:04 [INFO]   S: bias=+1.00  F1_cal=0.3511
2026-05-10 18:55:04 [INFO]   Mean calibrated F1: 0.4418 (vs selected best: 0.4413, raw best: 0.2317)
2026-05-10 18:55:04 [INFO] Skipping submission generation after training; use infer.py for release inference.
2026-05-10 18:55:04 [INFO] Run complete: a1__grouped__mtcn__a-base-mel_mfcc+vad+egemaps__a-ssl-wav2vec2-chinese-xlsr__v-base-headpose+facebeh+qc+vadagg+bodypose+globmot__v-ssl-dinov2-large__mask-andcore__pw_biascalib__seed42__20260510_145046
2026-05-10 18:55:04 [INFO] Output dir: /home/adodas/AdoDAS2026_3/outputs/a1/runs/a1__grouped__mtcn__a-base-mel_mfcc+vad+egemaps__a-ssl-wav2vec2-chinese-xlsr__v-base-headpose+facebeh+qc+vadagg+bodypose+globmot__v-ssl-dinov2-large__mask-andcore__pw_biascalib__seed42__20260510_145046
