2026-04-28 10:42:45 [INFO] Logging to /home/adodas/AdoDAS2026/outputs/a1/runs/a1__grouped__mtcn__a-base-mel_mfcc+vad+egemaps__a-ssl-wav2vec2-chinese-xlsr__v-base-headpose+facebeh+qc+vadagg__v-ssl-dinov2-large__mask-andcore__pw_biascalib__seed42__20260428_104245/logs/train_grouped_a1_20260428_104245.log
2026-04-28 10:42:45 [INFO] Device: cuda
2026-04-28 10:42:45 [INFO] Task: a1
2026-04-28 10:42:45 [INFO] Run name: a1__grouped__mtcn__a-base-mel_mfcc+vad+egemaps__a-ssl-wav2vec2-chinese-xlsr__v-base-headpose+facebeh+qc+vadagg__v-ssl-dinov2-large__mask-andcore__pw_biascalib__seed42__20260428_104245
2026-04-28 10:42:45 [INFO] Config: {'feature_root': '/home/adodas/dataset', 'manifest_dir': '/home/adodas/dataset/manifests', 'output_dir': '/home/adodas/AdoDAS2026/outputs/a1', 'mask_policy': 'and_core', 'core_audio': ['mel_mfcc', 'ssl_embed'], 'core_video': ['vision_ssl_embed', 'qc_stats'], 'd_adapter': 64, 'd_model': 256, 'tcn_layers': 6, 'tcn_kernel_size': 3, 'asp_alpha': 0.5, 'asp_beta': 0.5, 'dropout': 0.2, 'd_shared': 256, 'aggregator': 'mlp', 'batch_size': 64, 'lr': 0.001, 'weight_decay': 0.01, 'warmup_epochs': 1, 'epochs': 30, 'seed': 42, 'num_workers': 8, 'amp': True, 'preload': True, 'grad_clip': 1.0, 'use_pos_weight': True, 'patience': 6, 'session_loss_weight': 0.2, 'session_type_loss_weight': 0.15, 'submission_level': 'participant', 'decode_method': 'auto', 'label_smoothing': 0.0, 'feature_noise_std': 0.0, 'session_drop_prob': 0.0, 'early_stop_metric': 'primary', 'audio_features': ['mel_mfcc', 'vad', 'egemaps', 'ssl_embed'], 'video_features': ['headpose_geom', 'face_behavior', 'qc_stats', 'vad_agg', 'vision_ssl_embed'], 'audio_ssl_model_tag': 'wav2vec2-chinese-xlsr', 'video_ssl_model_tag': 'dinov2-large', 'task': 'a1'}
2026-04-28 10:42:45 [INFO] Mask policy: and_core
2026-04-28 10:42:47 [INFO] Train: 4200 participants, Val: 600 participants
2026-04-28 10:42:47 [INFO] Preloading data into RAM ...
2026-04-28 10:50:41 [INFO] Preloaded 4200/4200 participants (45.7 GB in RAM)
2026-04-28 10:52:06 [INFO] Preloaded 600/600 participants (7.9 GB in RAM)
2026-04-28 10:52:06 [INFO] Preload done: 45.7G + 7.9G = 53.6G, took 9m 18s
2026-04-28 10:52:06 [INFO] batch_size=64, num_workers=0
2026-04-28 10:52:06 [INFO] Model params: 5,528,157
2026-04-28 10:52:06 [INFO] AMP enabled (BF16)
2026-04-28 10:52:06 [INFO] pos_weight [D/A/S]: 1.91 / 1.59 / 2.60
2026-04-28 10:52:06 [INFO] Scheduler: warmup=1 -> cosine, total=30
2026-04-28 10:52:07 [INFO] Grad clip: 1.0
2026-04-28 10:52:07 [INFO] Session loss weight: 0.2
2026-04-28 10:52:07 [INFO] Session type loss weight: 0.15
2026-04-28 10:52:07 [INFO] EarlyStopping: patience=6, metric=primary, mode=max
2026-04-28 10:52:07 [INFO] Label smoothing: 0.0
2026-04-28 10:52:07 [INFO] Feature noise std: 0.0
2026-04-28 10:52:07 [INFO] Session drop prob: 0.0
2026-04-28 10:52:07 [INFO] ==========================================================================================
2026-04-28 10:52:07 [INFO]   Epoch  |    LR     | Train Loss | Val Loss | F1 raw | F1 sel |  AUROC | F1[D/A/S]       | Time
2026-04-28 10:52:07 [INFO] ==========================================================================================
