2026-04-24 22:12:42 [INFO] Logging to /home/adodas/AdoDAS2026/outputs/a1/runs/a1__grouped__mtcn__a-base-mel_mfcc+vad+egemaps__a-ssl-wav2vec2-chinese-xlsr__v-base-headpose+facebeh+qc+vadagg__v-ssl-dinov2-large__mask-andcore__pw_biascalib__seed42__20260424_221242/logs/train_grouped_a1_20260424_221242.log
2026-04-24 22:12:42 [INFO] Device: cpu
2026-04-24 22:12:42 [INFO] Task: a1
2026-04-24 22:12:42 [INFO] Run name: a1__grouped__mtcn__a-base-mel_mfcc+vad+egemaps__a-ssl-wav2vec2-chinese-xlsr__v-base-headpose+facebeh+qc+vadagg__v-ssl-dinov2-large__mask-andcore__pw_biascalib__seed42__20260424_221242
2026-04-24 22:12:42 [INFO] Config: {'feature_root': '/home/adodas/dataset', 'manifest_dir': '/home/adodas/dataset/manifests', 'output_dir': '/home/adodas/AdoDAS2026/outputs/a1', 'mask_policy': 'and_core', 'core_audio': ['mel_mfcc', 'ssl_embed'], 'core_video': ['vision_ssl_embed', 'qc_stats'], 'd_adapter': 64, 'd_model': 256, 'tcn_layers': 6, 'tcn_kernel_size': 3, 'asp_alpha': 0.5, 'asp_beta': 0.5, 'dropout': 0.2, 'd_shared': 256, 'aggregator': 'mlp', 'batch_size': 64, 'lr': 0.001, 'weight_decay': 0.01, 'warmup_epochs': 1, 'epochs': 30, 'seed': 42, 'num_workers': 8, 'amp': True, 'preload': True, 'grad_clip': 1.0, 'use_pos_weight': True, 'patience': 6, 'session_loss_weight': 0.2, 'session_type_loss_weight': 0.15, 'submission_level': 'participant', 'decode_method': 'auto', 'label_smoothing': 0.0, 'feature_noise_std': 0.0, 'session_drop_prob': 0.0, 'early_stop_metric': 'primary', 'audio_features': ['mel_mfcc', 'vad', 'egemaps', 'ssl_embed'], 'video_features': ['headpose_geom', 'face_behavior', 'qc_stats', 'vad_agg', 'vision_ssl_embed'], 'audio_ssl_model_tag': 'wav2vec2-chinese-xlsr', 'video_ssl_model_tag': 'dinov2-large', 'task': 'a1'}
2026-04-24 22:12:42 [INFO] Mask policy: and_core
2026-04-24 22:12:44 [INFO] Train: 4200 participants, Val: 600 participants
2026-04-24 22:12:44 [INFO] Preloading data into RAM ...
2026-04-24 22:24:23 [INFO] Preloaded 4200/4200 participants (45.7 GB in RAM)
2026-04-24 22:26:36 [INFO] Preloaded 600/600 participants (7.9 GB in RAM)
2026-04-24 22:26:36 [INFO] Preload done: 45.7G + 7.9G = 53.6G, took 13m 51s
2026-04-24 22:26:36 [INFO] batch_size=64, num_workers=0
2026-04-24 22:26:36 [INFO] Model params: 5,522,013
2026-04-24 22:26:36 [INFO] AMP enabled (BF16)
2026-04-24 22:26:36 [INFO] pos_weight [D/A/S]: 1.91 / 1.59 / 2.60
2026-04-24 22:26:37 [INFO] Scheduler: warmup=1 -> cosine, total=30
2026-04-24 22:26:37 [INFO] Grad clip: 1.0
2026-04-24 22:26:37 [INFO] Session loss weight: 0.2
2026-04-24 22:26:37 [INFO] Session type loss weight: 0.15
2026-04-24 22:26:37 [INFO] EarlyStopping: patience=6, metric=primary, mode=max
2026-04-24 22:26:37 [INFO] Label smoothing: 0.0
2026-04-24 22:26:37 [INFO] Feature noise std: 0.0
2026-04-24 22:26:37 [INFO] Session drop prob: 0.0
2026-04-24 22:26:37 [INFO] ==========================================================================================
2026-04-24 22:26:37 [INFO]   Epoch  |    LR     | Train Loss | Val Loss | F1 raw | F1 sel |  AUROC | F1[D/A/S]       | Time
2026-04-24 22:26:37 [INFO] ==========================================================================================
2026-04-24 22:58:06 [INFO]     heartbeat epoch=1/30 step=20/65 loss=1.1031 avg=1.1784 elapsed=31m 29s
2026-04-24 23:39:38 [INFO]     heartbeat epoch=1/30 step=40/65 loss=1.0843 avg=1.1458 elapsed=1h 13m 01s
2026-04-25 00:21:27 [INFO]     heartbeat epoch=1/30 step=60/65 loss=1.2000 avg=1.1368 elapsed=1h 54m 49s
2026-04-25 00:35:33 [INFO]     D: gt_pos=0.215 pred_pos=0.000 p_mean=0.347 P=0.000 R=0.000 F1=0.000
2026-04-25 00:35:33 [INFO]     A: gt_pos=0.283 pred_pos=0.000 p_mean=0.372 P=0.000 R=0.000 F1=0.000
2026-04-25 00:35:33 [INFO]     S: gt_pos=0.130 pred_pos=0.000 p_mean=0.233 P=0.000 R=0.000 F1=0.000
2026-04-25 00:35:33 [INFO]     Session-level variance (collapse metric): 0.000768
2026-04-25 00:35:33 [INFO]     calibrated F1=0.3868 via biases D=+0.70 A=+0.60 S=+1.20 (selected=calibrated)
2026-04-25 00:35:33 [INFO]     1/ 30 | 1.00e-03 |   1.1355   |  0.7420  | 0.0000 | 0.3868 | 0.6398 | 0.000/0.000/0.000 | 2h 08m 56s ETA 62h 19m 10s VRAM 0.0G *
2026-04-25 00:35:33 [INFO]   >>> New best F1=0.3868 saved at epoch 1.
2026-04-25 01:15:19 [INFO]     heartbeat epoch=2/30 step=20/65 loss=1.0230 avg=1.0975 elapsed=39m 45s
2026-04-25 02:01:47 [INFO]     heartbeat epoch=2/30 step=40/65 loss=1.2965 avg=1.0638 elapsed=1h 26m 13s
2026-04-25 02:41:00 [INFO]     heartbeat epoch=2/30 step=60/65 loss=0.8577 avg=1.0527 elapsed=2h 05m 26s
2026-04-25 02:51:03 [INFO]     D: gt_pos=0.215 pred_pos=0.000 p_mean=0.257 P=0.000 R=0.000 F1=0.000
2026-04-25 02:51:03 [INFO]     A: gt_pos=0.283 pred_pos=0.000 p_mean=0.316 P=0.000 R=0.000 F1=0.000
2026-04-25 02:51:03 [INFO]     S: gt_pos=0.130 pred_pos=0.000 p_mean=0.211 P=0.000 R=0.000 F1=0.000
2026-04-25 02:51:03 [INFO]     Session-level variance (collapse metric): 0.004302
2026-04-25 02:51:03 [INFO]     calibrated F1=0.3891 via biases D=+1.20 A=+0.50 S=+1.30 (selected=calibrated)
2026-04-25 02:51:04 [INFO]     2/ 30 | 9.97e-04 |   1.0504   |  0.7344  | 0.0000 | 0.3891 | 0.6382 | 0.000/0.000/0.000 | 2h 15m 30s ETA 61h 42m 13s VRAM 0.0G *
2026-04-25 02:51:04 [INFO]   >>> New best F1=0.3891 saved at epoch 2.
2026-04-25 03:22:11 [INFO]     heartbeat epoch=3/30 step=20/65 loss=1.0279 avg=0.9851 elapsed=31m 06s
2026-04-25 03:53:15 [INFO]     heartbeat epoch=3/30 step=40/65 loss=0.8154 avg=0.9677 elapsed=1h 02m 10s
2026-04-25 04:23:27 [INFO]     heartbeat epoch=3/30 step=60/65 loss=1.0718 avg=0.9900 elapsed=1h 32m 22s
2026-04-25 04:33:31 [INFO]     D: gt_pos=0.215 pred_pos=0.542 p_mean=0.516 P=0.283 R=0.713 F1=0.405
2026-04-25 04:33:31 [INFO]     A: gt_pos=0.283 pred_pos=0.612 p_mean=0.597 P=0.349 R=0.753 F1=0.477
2026-04-25 04:33:31 [INFO]     S: gt_pos=0.130 pred_pos=0.455 p_mean=0.445 P=0.205 R=0.718 F1=0.319
2026-04-25 04:33:31 [INFO]     Session-level variance (collapse metric): 0.003588
2026-04-25 04:33:31 [INFO]     calibrated F1=0.4154 via biases D=-0.50 A=+0.20 S=-0.20 (selected=calibrated)
2026-04-25 04:33:31 [INFO]     3/ 30 | 9.88e-04 |   0.9900   |  0.8345  | 0.4004 | 0.4154 | 0.6626 | 0.405/0.477/0.319 | 1h 42m 27s ETA 55h 02m 09s VRAM 0.0G *
2026-04-25 04:33:32 [INFO]   >>> New best F1=0.4154 saved at epoch 3.
2026-04-25 05:03:33 [INFO]     heartbeat epoch=4/30 step=20/65 loss=1.0567 avg=0.9512 elapsed=30m 00s
2026-04-25 05:35:05 [INFO]     heartbeat epoch=4/30 step=40/65 loss=0.9581 avg=0.9595 elapsed=1h 01m 33s
2026-04-25 06:08:53 [INFO]     heartbeat epoch=4/30 step=60/65 loss=0.9268 avg=0.9591 elapsed=1h 35m 20s
2026-04-25 06:19:29 [INFO]     D: gt_pos=0.215 pred_pos=0.000 p_mean=0.334 P=0.000 R=0.000 F1=0.000
2026-04-25 06:19:29 [INFO]     A: gt_pos=0.283 pred_pos=0.002 p_mean=0.403 P=0.000 R=0.000 F1=0.000
2026-04-25 06:19:29 [INFO]     S: gt_pos=0.130 pred_pos=0.000 p_mean=0.244 P=0.000 R=0.000 F1=0.000
2026-04-25 06:19:29 [INFO]     Session-level variance (collapse metric): 0.002836
2026-04-25 06:19:29 [INFO]     calibrated F1=0.4116 via biases D=+0.70 A=+0.50 S=+1.10 (selected=calibrated)
2026-04-25 06:19:29 [INFO]     4/ 30 | 9.74e-04 |   0.9661   |  0.7218  | 0.0000 | 0.4116 | 0.6657 | 0.000/0.000/0.000 | 1h 45m 57s ETA 51h 13m 40s VRAM 0.0G
2026-04-25 06:51:56 [INFO]     heartbeat epoch=5/30 step=20/65 loss=0.9875 avg=0.9504 elapsed=32m 26s
2026-04-25 07:23:17 [INFO]     heartbeat epoch=5/30 step=40/65 loss=1.1102 avg=0.9509 elapsed=1h 03m 47s
2026-04-25 07:55:02 [INFO]     heartbeat epoch=5/30 step=60/65 loss=0.7995 avg=0.9369 elapsed=1h 35m 32s
2026-04-25 08:05:47 [INFO]     D: gt_pos=0.215 pred_pos=0.000 p_mean=0.366 P=0.000 R=0.000 F1=0.000
2026-04-25 08:05:47 [INFO]     A: gt_pos=0.283 pred_pos=0.002 p_mean=0.397 P=1.000 R=0.006 F1=0.012
2026-04-25 08:05:47 [INFO]     S: gt_pos=0.130 pred_pos=0.000 p_mean=0.307 P=0.000 R=0.000 F1=0.000
2026-04-25 08:05:47 [INFO]     Session-level variance (collapse metric): 0.001264
2026-04-25 08:05:47 [INFO]     calibrated F1=0.4248 via biases D=+0.30 A=+0.40 S=+0.60 (selected=calibrated)
2026-04-25 08:05:47 [INFO]     5/ 30 | 9.54e-04 |   0.9366   |  0.7034  | 0.0039 | 0.4248 | 0.6882 | 0.000/0.012/0.000 | 1h 46m 17s ETA 48h 15m 50s VRAM 0.0G *
2026-04-25 08:05:48 [INFO]   >>> New best F1=0.4248 saved at epoch 5.
2026-04-25 08:39:03 [INFO]     heartbeat epoch=6/30 step=20/65 loss=1.0709 avg=0.9173 elapsed=33m 15s
2026-04-25 09:12:14 [INFO]     heartbeat epoch=6/30 step=40/65 loss=0.9941 avg=0.9041 elapsed=1h 06m 26s
2026-04-25 09:45:36 [INFO]     heartbeat epoch=6/30 step=60/65 loss=0.7991 avg=0.9096 elapsed=1h 39m 48s
2026-04-25 09:56:11 [INFO]     D: gt_pos=0.215 pred_pos=0.268 p_mean=0.343 P=0.373 R=0.465 F1=0.414
2026-04-25 09:56:11 [INFO]     A: gt_pos=0.283 pred_pos=0.222 p_mean=0.374 P=0.451 R=0.353 F1=0.396
2026-04-25 09:56:11 [INFO]     S: gt_pos=0.130 pred_pos=0.000 p_mean=0.210 P=0.000 R=0.000 F1=0.000
2026-04-25 09:56:11 [INFO]     Session-level variance (collapse metric): 0.001473
2026-04-25 09:56:11 [INFO]     calibrated F1=0.4300 via biases D=+0.60 A=+0.90 S=+1.40 (selected=calibrated)
2026-04-25 09:56:11 [INFO]     6/ 30 | 9.29e-04 |   0.9102   |  0.6961  | 0.2699 | 0.4300 | 0.6938 | 0.414/0.396/0.000 | 1h 50m 23s ETA 45h 58m 15s VRAM 0.0G *
2026-04-25 09:56:11 [INFO]   >>> New best F1=0.4300 saved at epoch 6.
2026-04-25 10:40:15 [INFO]     heartbeat epoch=7/30 step=20/65 loss=0.8972 avg=0.8561 elapsed=44m 03s
2026-04-25 11:34:14 [INFO]     heartbeat epoch=7/30 step=40/65 loss=0.8216 avg=0.8707 elapsed=1h 38m 02s
2026-04-25 12:06:59 [INFO]     heartbeat epoch=7/30 step=60/65 loss=0.7947 avg=0.8653 elapsed=2h 10m 47s
2026-04-25 12:17:10 [INFO]     D: gt_pos=0.215 pred_pos=0.010 p_mean=0.356 P=0.333 R=0.016 F1=0.030
2026-04-25 12:17:10 [INFO]     A: gt_pos=0.283 pred_pos=0.082 p_mean=0.384 P=0.551 R=0.159 F1=0.247
2026-04-25 12:17:10 [INFO]     S: gt_pos=0.130 pred_pos=0.000 p_mean=0.253 P=0.000 R=0.000 F1=0.000
2026-04-25 12:17:10 [INFO]     Session-level variance (collapse metric): 0.000973
2026-04-25 12:17:10 [INFO]     calibrated F1=0.4402 via biases D=+0.50 A=+0.70 S=+1.00 (selected=calibrated)
2026-04-25 12:17:10 [INFO]     7/ 30 | 8.98e-04 |   0.8692   |  0.7070  | 0.0921 | 0.4402 | 0.7052 | 0.030/0.247/0.000 | 2h 20m 58s ETA 45h 28m 56s VRAM 0.0G *
2026-04-25 12:17:10 [INFO]   >>> New best F1=0.4402 saved at epoch 7.
2026-04-25 12:50:40 [INFO]     heartbeat epoch=8/30 step=20/65 loss=0.8795 avg=0.8419 elapsed=33m 29s
2026-04-25 13:24:46 [INFO]     heartbeat epoch=8/30 step=40/65 loss=0.8052 avg=0.8473 elapsed=1h 07m 35s
2026-04-25 13:54:54 [INFO]     heartbeat epoch=8/30 step=60/65 loss=0.8092 avg=0.8441 elapsed=1h 37m 43s
2026-04-25 14:05:19 [INFO]     D: gt_pos=0.215 pred_pos=0.412 p_mean=0.424 P=0.368 R=0.705 F1=0.484
2026-04-25 14:05:19 [INFO]     A: gt_pos=0.283 pred_pos=0.433 p_mean=0.449 P=0.392 R=0.600 F1=0.474
2026-04-25 14:05:19 [INFO]     S: gt_pos=0.130 pred_pos=0.190 p_mean=0.312 P=0.272 R=0.397 F1=0.323
2026-04-25 14:05:19 [INFO]     Session-level variance (collapse metric): 0.006357
2026-04-25 14:05:19 [INFO]     calibrated F1=0.4472 via biases D=+0.00 A=+0.90 S=+0.40 (selected=calibrated)
2026-04-25 14:05:19 [INFO]     8/ 30 | 8.63e-04 |   0.8471   |  0.7018  | 0.4271 | 0.4472 | 0.7040 | 0.484/0.474/0.323 | 1h 48m 08s ETA 43h 01m 25s VRAM 0.0G *
2026-04-25 14:05:20 [INFO]   >>> New best F1=0.4472 saved at epoch 8.
2026-04-25 14:33:40 [INFO]     heartbeat epoch=9/30 step=20/65 loss=0.8279 avg=0.8631 elapsed=28m 20s
2026-04-25 15:01:24 [INFO]     heartbeat epoch=9/30 step=40/65 loss=0.8247 avg=0.8505 elapsed=56m 04s
2026-04-25 15:28:10 [INFO]     heartbeat epoch=9/30 step=60/65 loss=0.6408 avg=0.8390 elapsed=1h 22m 50s
2026-04-25 15:37:50 [INFO]     D: gt_pos=0.215 pred_pos=0.373 p_mean=0.390 P=0.344 R=0.597 F1=0.436
2026-04-25 15:37:50 [INFO]     A: gt_pos=0.283 pred_pos=0.540 p_mean=0.515 P=0.377 R=0.718 F1=0.494
2026-04-25 15:37:50 [INFO]     S: gt_pos=0.130 pred_pos=0.242 p_mean=0.327 P=0.255 R=0.474 F1=0.332
2026-04-25 15:37:50 [INFO]     Session-level variance (collapse metric): 0.003243
2026-04-25 15:37:50 [INFO]     calibrated F1=0.4280 via biases D=-0.20 A=+0.20 S=+0.00 (selected=calibrated)
2026-04-25 15:37:50 [INFO]     9/ 30 | 8.24e-04 |   0.8401   |  0.7301  | 0.4207 | 0.4280 | 0.6909 | 0.436/0.494/0.332 | 1h 32m 30s ETA 40h 06m 11s VRAM 0.0G
2026-04-25 16:05:32 [INFO]     heartbeat epoch=10/30 step=20/65 loss=0.9056 avg=0.8101 elapsed=27m 41s
2026-04-25 16:36:18 [INFO]     heartbeat epoch=10/30 step=40/65 loss=0.7205 avg=0.8092 elapsed=58m 27s
2026-04-25 17:06:51 [INFO]     heartbeat epoch=10/30 step=60/65 loss=0.9250 avg=0.8358 elapsed=1h 29m 00s
2026-04-25 17:16:56 [INFO]     D: gt_pos=0.215 pred_pos=0.322 p_mean=0.379 P=0.363 R=0.543 F1=0.435
2026-04-25 17:16:56 [INFO]     A: gt_pos=0.283 pred_pos=0.425 p_mean=0.435 P=0.380 R=0.571 F1=0.456
2026-04-25 17:16:56 [INFO]     S: gt_pos=0.130 pred_pos=0.258 p_mean=0.336 P=0.239 R=0.474 F1=0.318
2026-04-25 17:16:56 [INFO]     Session-level variance (collapse metric): 0.002513
2026-04-25 17:16:56 [INFO]     calibrated F1=0.4257 via biases D=+0.10 A=+0.40 S=+0.20 (selected=calibrated)
2026-04-25 17:16:56 [INFO]    10/ 30 | 7.81e-04 |   0.8364   |  0.6989  | 0.4029 | 0.4257 | 0.6887 | 0.435/0.456/0.318 | 1h 39m 05s ETA 37h 40m 37s VRAM 0.0G
2026-04-25 17:45:12 [INFO]     heartbeat epoch=11/30 step=20/65 loss=0.7867 avg=0.8121 elapsed=28m 16s
2026-04-25 18:13:30 [INFO]     heartbeat epoch=11/30 step=40/65 loss=0.8994 avg=0.8318 elapsed=56m 34s
2026-04-25 18:43:05 [INFO]     heartbeat epoch=11/30 step=60/65 loss=0.6372 avg=0.8283 elapsed=1h 26m 08s
2026-04-25 18:52:23 [INFO]     D: gt_pos=0.215 pred_pos=0.425 p_mean=0.433 P=0.325 R=0.643 F1=0.432
2026-04-25 18:52:23 [INFO]     A: gt_pos=0.283 pred_pos=0.498 p_mean=0.497 P=0.385 R=0.676 F1=0.490
2026-04-25 18:52:23 [INFO]     S: gt_pos=0.130 pred_pos=0.247 p_mean=0.338 P=0.230 R=0.436 F1=0.301
2026-04-25 18:52:23 [INFO]     Session-level variance (collapse metric): 0.002807
2026-04-25 18:52:23 [INFO]     calibrated F1=0.4255 via biases D=-0.10 A=+0.70 S=+0.30 (selected=calibrated)
2026-04-25 18:52:23 [INFO]    11/ 30 | 7.34e-04 |   0.8301   |  0.7252  | 0.4079 | 0.4255 | 0.6818 | 0.432/0.490/0.301 | 1h 35m 27s ETA 35h 17m 14s VRAM 0.0G
