2026-05-14 19:20:20 [INFO] Logging to /home/adodas/AdoDAS2026/outputs/a1/runs/a1__grouped__mtcn__a-base-mel_mfcc+vad+egemaps__a-ssl-wav2vec2-chinese-xlsr__v-base-headpose+facebeh+qc+vadagg__v-ssl-dinov2-large__mask-andcore__pw_biascalib__seed42__20260514_192020/logs/train_grouped_a1_20260514_192020.log
2026-05-14 19:20:20 [INFO] Device: cuda
2026-05-14 19:20:20 [INFO] Task: a1
2026-05-14 19:20:20 [INFO] Run name: a1__grouped__mtcn__a-base-mel_mfcc+vad+egemaps__a-ssl-wav2vec2-chinese-xlsr__v-base-headpose+facebeh+qc+vadagg__v-ssl-dinov2-large__mask-andcore__pw_biascalib__seed42__20260514_192020
2026-05-14 19:20:20 [INFO] Config: {'feature_root': '/home/adodas/dataset', 'manifest_dir': '/home/adodas/dataset/manifests', 'output_dir': '/home/adodas/AdoDAS2026/outputs/a1', 'mask_policy': 'and_core', 'core_audio': ['mel_mfcc', 'ssl_embed'], 'core_video': ['vision_ssl_embed', 'qc_stats'], 'd_adapter': 64, 'd_model': 256, 'tcn_layers': 6, 'tcn_kernel_size': 3, 'asp_alpha': 0.5, 'asp_beta': 0.5, 'dropout': 0.2, 'd_shared': 256, 'aggregator': 'mlp', 'batch_size': 32, 'lr': 0.0005, 'weight_decay': 0.01, 'warmup_epochs': 1, 'epochs': 30, 'seed': 42, 'num_workers': 8, 'amp': True, 'preload': False, 'grad_clip': 1.0, 'use_pos_weight': True, 'patience': 6, 'session_loss_weight': 0.2, 'session_type_loss_weight': 0.15, 'submission_level': 'participant', 'decode_method': 'auto', 'label_smoothing': 0.0, 'feature_noise_std': 0.0, 'session_drop_prob': 0.0, 'early_stop_metric': 'primary', 'audio_features': ['mel_mfcc', 'vad', 'egemaps', 'ssl_embed'], 'video_features': ['headpose_geom', 'face_behavior', 'qc_stats', 'vad_agg', 'vision_ssl_embed'], 'audio_ssl_model_tag': 'wav2vec2-chinese-xlsr', 'video_ssl_model_tag': 'dinov2-large', 'task': 'a1'}
2026-05-14 19:20:20 [INFO] Mask policy: and_core
2026-05-14 19:20:23 [INFO] Train: 4200 participants, Val: 600 participants
2026-05-14 19:20:23 [INFO] batch_size=32, num_workers=8
2026-05-14 19:20:24 [INFO] Model params: 5,522,013
2026-05-14 19:20:24 [INFO] AMP enabled (BF16)
2026-05-14 19:20:24 [INFO] pos_weight [D/A/S]: 1.91 / 1.59 / 2.60
2026-05-14 19:20:26 [INFO] Scheduler: warmup=1 -> cosine, total=30
2026-05-14 19:20:26 [INFO] Grad clip: 1.0
2026-05-14 19:20:26 [INFO] Session loss weight: 0.2
2026-05-14 19:20:26 [INFO] Session type loss weight: 0.15
2026-05-14 19:20:26 [INFO] EarlyStopping: patience=6, metric=primary, mode=max
2026-05-14 19:20:26 [INFO] Label smoothing: 0.0
2026-05-14 19:20:26 [INFO] Feature noise std: 0.0
2026-05-14 19:20:26 [INFO] Session drop prob: 0.0
2026-05-14 19:20:26 [INFO] ==========================================================================================
2026-05-14 19:20:26 [INFO]   Epoch  |    LR     | Train Loss | Val Loss | F1 raw | F1 sel |  AUROC | F1[D/A/S]       | Time
2026-05-14 19:20:26 [INFO] ==========================================================================================
2026-05-14 19:23:59 [INFO]     D: gt_pos=0.215 pred_pos=0.000 p_mean=0.334 P=0.000 R=0.000 F1=0.000
2026-05-14 19:23:59 [INFO]     A: gt_pos=0.283 pred_pos=0.000 p_mean=0.362 P=0.000 R=0.000 F1=0.000
2026-05-14 19:23:59 [INFO]     S: gt_pos=0.130 pred_pos=0.000 p_mean=0.222 P=0.000 R=0.000 F1=0.000
2026-05-14 19:24:00 [INFO]     Session-level variance (collapse metric): 0.000660
2026-05-14 19:24:00 [INFO]     calibrated F1=0.3680 via biases D=+0.70 A=+0.60 S=+1.30 (selected=calibrated)
2026-05-14 19:24:00 [INFO]     1/ 30 | 5.00e-04 |   1.1416   |  0.7505  | 0.0000 | 0.3680 | 0.6256 | 0.000/0.000/0.000 | 3m 33s ETA 1h 43m 30s VRAM 13.4G *
2026-05-14 19:24:01 [INFO]   >>> New best F1=0.3680 saved at epoch 1.
2026-05-14 19:27:14 [INFO]     D: gt_pos=0.215 pred_pos=0.000 p_mean=0.375 P=0.000 R=0.000 F1=0.000
2026-05-14 19:27:14 [INFO]     A: gt_pos=0.283 pred_pos=0.282 p_mean=0.426 P=0.402 R=0.400 F1=0.401
2026-05-14 19:27:14 [INFO]     S: gt_pos=0.130 pred_pos=0.000 p_mean=0.333 P=0.000 R=0.000 F1=0.000
2026-05-14 19:27:14 [INFO]     Session-level variance (collapse metric): 0.003454
2026-05-14 19:27:14 [INFO]     calibrated F1=0.3971 via biases D=+0.40 A=+0.20 S=+0.60 (selected=calibrated)
2026-05-14 19:27:14 [INFO]     2/ 30 | 4.99e-04 |   1.0246   |  0.7242  | 0.1337 | 0.3971 | 0.6517 | 0.000/0.401/0.000 | 3m 12s ETA 1h 35m 09s VRAM 13.4G *
2026-05-14 19:27:15 [INFO]   >>> New best F1=0.3971 saved at epoch 2.
2026-05-14 19:30:28 [INFO]     D: gt_pos=0.215 pred_pos=0.090 p_mean=0.293 P=0.444 R=0.186 F1=0.262
2026-05-14 19:30:28 [INFO]     A: gt_pos=0.283 pred_pos=0.147 p_mean=0.357 P=0.466 R=0.241 F1=0.318
2026-05-14 19:30:28 [INFO]     S: gt_pos=0.130 pred_pos=0.025 p_mean=0.239 P=0.133 R=0.026 F1=0.043
2026-05-14 19:30:28 [INFO]     Session-level variance (collapse metric): 0.002780
2026-05-14 19:30:28 [INFO]     calibrated F1=0.4106 via biases D=+1.30 A=+0.90 S=+1.00 (selected=calibrated)
2026-05-14 19:30:28 [INFO]     3/ 30 | 4.94e-04 |   0.9837   |  0.7264  | 0.2077 | 0.4106 | 0.6680 | 0.262/0.318/0.043 | 3m 13s ETA 1h 30m 18s VRAM 13.4G *
2026-05-14 19:30:29 [INFO]   >>> New best F1=0.4106 saved at epoch 3.
2026-05-14 19:33:41 [INFO]     D: gt_pos=0.215 pred_pos=0.052 p_mean=0.271 P=0.419 R=0.101 F1=0.163
2026-05-14 19:33:41 [INFO]     A: gt_pos=0.283 pred_pos=0.088 p_mean=0.327 P=0.415 R=0.129 F1=0.197
2026-05-14 19:33:41 [INFO]     S: gt_pos=0.130 pred_pos=0.027 p_mean=0.207 P=0.125 R=0.026 F1=0.043
2026-05-14 19:33:41 [INFO]     Session-level variance (collapse metric): 0.002428
2026-05-14 19:33:41 [INFO]     calibrated F1=0.4391 via biases D=+1.00 A=+0.80 S=+1.30 (selected=calibrated)
2026-05-14 19:33:41 [INFO]     4/ 30 | 4.87e-04 |   0.9419   |  0.7101  | 0.1341 | 0.4391 | 0.6887 | 0.163/0.197/0.043 | 3m 11s ETA 1h 26m 05s VRAM 13.4G *
2026-05-14 19:33:42 [INFO]   >>> New best F1=0.4391 saved at epoch 4.
2026-05-14 19:36:58 [INFO]     D: gt_pos=0.215 pred_pos=0.245 p_mean=0.357 P=0.333 R=0.380 F1=0.355
2026-05-14 19:36:58 [INFO]     A: gt_pos=0.283 pred_pos=0.288 p_mean=0.384 P=0.410 R=0.418 F1=0.414
2026-05-14 19:36:58 [INFO]     S: gt_pos=0.130 pred_pos=0.000 p_mean=0.243 P=0.000 R=0.000 F1=0.000
2026-05-14 19:36:58 [INFO]     Session-level variance (collapse metric): 0.001422
2026-05-14 19:36:58 [INFO]     calibrated F1=0.4353 via biases D=+1.00 A=+0.80 S=+0.60 (selected=calibrated)
2026-05-14 19:36:58 [INFO]     5/ 30 | 4.77e-04 |   0.8963   |  0.6920  | 0.2564 | 0.4353 | 0.6867 | 0.355/0.414/0.000 | 3m 15s ETA 1h 22m 37s VRAM 13.4G
2026-05-14 19:40:14 [INFO]     D: gt_pos=0.215 pred_pos=0.370 p_mean=0.361 P=0.329 R=0.566 F1=0.416
2026-05-14 19:40:14 [INFO]     A: gt_pos=0.283 pred_pos=0.410 p_mean=0.393 P=0.415 R=0.600 F1=0.490
2026-05-14 19:40:14 [INFO]     S: gt_pos=0.130 pred_pos=0.347 p_mean=0.330 P=0.202 R=0.538 F1=0.294
2026-05-14 19:40:14 [INFO]     Session-level variance (collapse metric): 0.004099
2026-05-14 19:40:14 [INFO]     calibrated F1=0.4276 via biases D=+0.10 A=+0.90 S=+0.30 (selected=calibrated)
2026-05-14 19:40:14 [INFO]     6/ 30 | 4.64e-04 |   0.8542   |  0.7018  | 0.4000 | 0.4276 | 0.6856 | 0.416/0.490/0.294 | 3m 15s ETA 1h 19m 09s VRAM 13.4G
2026-05-14 19:43:26 [INFO]     D: gt_pos=0.215 pred_pos=0.323 p_mean=0.320 P=0.356 R=0.535 F1=0.427
2026-05-14 19:43:26 [INFO]     A: gt_pos=0.283 pred_pos=0.405 p_mean=0.378 P=0.403 R=0.576 F1=0.475
2026-05-14 19:43:26 [INFO]     S: gt_pos=0.130 pred_pos=0.337 p_mean=0.321 P=0.223 R=0.577 F1=0.321
2026-05-14 19:43:26 [INFO]     Session-level variance (collapse metric): 0.002742
2026-05-14 19:43:26 [INFO]     calibrated F1=0.4339 via biases D=+0.30 A=+1.30 S=+0.60 (selected=calibrated)
2026-05-14 19:43:26 [INFO]     7/ 30 | 4.49e-04 |   0.8603   |  0.7110  | 0.4077 | 0.4339 | 0.6989 | 0.427/0.475/0.321 | 3m 12s ETA 1h 15m 34s VRAM 13.4G
2026-05-14 19:46:39 [INFO]     D: gt_pos=0.215 pred_pos=0.000 p_mean=0.193 P=0.000 R=0.000 F1=0.000
2026-05-14 19:46:39 [INFO]     A: gt_pos=0.283 pred_pos=0.000 p_mean=0.280 P=0.000 R=0.000 F1=0.000
2026-05-14 19:46:39 [INFO]     S: gt_pos=0.130 pred_pos=0.000 p_mean=0.150 P=0.000 R=0.000 F1=0.000
2026-05-14 19:46:39 [INFO]     Session-level variance (collapse metric): 0.001496
2026-05-14 19:46:39 [INFO]     calibrated F1=0.4281 via biases D=+1.20 A=+1.40 S=+1.90 (selected=calibrated)
2026-05-14 19:46:39 [INFO]     8/ 30 | 4.32e-04 |   0.8439   |  0.7491  | 0.0000 | 0.4281 | 0.6869 | 0.000/0.000/0.000 | 3m 12s ETA 1h 12m 04s VRAM 13.4G
2026-05-14 19:49:46 [INFO]     D: gt_pos=0.215 pred_pos=0.007 p_mean=0.273 P=0.750 R=0.023 F1=0.045
2026-05-14 19:49:46 [INFO]     A: gt_pos=0.283 pred_pos=0.128 p_mean=0.363 P=0.416 R=0.188 F1=0.259
2026-05-14 19:49:46 [INFO]     S: gt_pos=0.130 pred_pos=0.000 p_mean=0.146 P=0.000 R=0.000 F1=0.000
2026-05-14 19:49:46 [INFO]     Session-level variance (collapse metric): 0.002218
2026-05-14 19:49:46 [INFO]     calibrated F1=0.4050 via biases D=+1.20 A=+0.90 S=+2.40 (selected=calibrated)
2026-05-14 19:49:46 [INFO]     9/ 30 | 4.12e-04 |   0.8582   |  0.7350  | 0.1014 | 0.4050 | 0.6442 | 0.045/0.259/0.000 | 3m 07s ETA 1h 08m 26s VRAM 13.4G
2026-05-14 19:52:57 [INFO]     D: gt_pos=0.215 pred_pos=0.163 p_mean=0.320 P=0.388 R=0.295 F1=0.335
2026-05-14 19:52:57 [INFO]     A: gt_pos=0.283 pred_pos=0.230 p_mean=0.376 P=0.413 R=0.335 F1=0.370
2026-05-14 19:52:57 [INFO]     S: gt_pos=0.130 pred_pos=0.000 p_mean=0.246 P=0.000 R=0.000 F1=0.000
2026-05-14 19:52:57 [INFO]     Session-level variance (collapse metric): 0.003605
2026-05-14 19:52:57 [INFO]     calibrated F1=0.4258 via biases D=+0.90 A=+0.90 S=+0.80 (selected=calibrated)
2026-05-14 19:52:57 [INFO]    10/ 30 | 3.91e-04 |   0.8295   |  0.6938  | 0.2350 | 0.4258 | 0.6936 | 0.335/0.370/0.000 | 3m 11s ETA 1h 05m 02s VRAM 13.4G
2026-05-14 19:52:57 [INFO]   EarlyStopping triggered at epoch 10 (patience=6, metric=primary)
2026-05-14 19:52:58 [INFO] ==========================================================================================
2026-05-14 19:52:58 [INFO] Training complete. Best F1=0.4391, time=32m 31s
2026-05-14 19:52:58 [INFO] Loading best checkpoint for submission generation ...
2026-05-14 19:52:58 [INFO] Submission level: participant
2026-05-14 19:52:58 [INFO] Decode method: auto
2026-05-14 19:52:58 [INFO] Calibrating per-task bias offsets on val ...
2026-05-14 19:53:26 [INFO]   D: bias=+1.00  F1_cal=0.4545
2026-05-14 19:53:26 [INFO]   A: bias=+0.80  F1_cal=0.5304
2026-05-14 19:53:26 [INFO]   S: bias=+1.30  F1_cal=0.3333
2026-05-14 19:53:26 [INFO]   Mean calibrated F1: 0.4394 (vs selected best: 0.4391, raw best: 0.1341)
2026-05-14 19:53:26 [INFO] Skipping submission generation after training; use infer.py for release inference.
2026-05-14 19:53:26 [INFO] Run complete: a1__grouped__mtcn__a-base-mel_mfcc+vad+egemaps__a-ssl-wav2vec2-chinese-xlsr__v-base-headpose+facebeh+qc+vadagg__v-ssl-dinov2-large__mask-andcore__pw_biascalib__seed42__20260514_192020
2026-05-14 19:53:26 [INFO] Output dir: /home/adodas/AdoDAS2026/outputs/a1/runs/a1__grouped__mtcn__a-base-mel_mfcc+vad+egemaps__a-ssl-wav2vec2-chinese-xlsr__v-base-headpose+facebeh+qc+vadagg__v-ssl-dinov2-large__mask-andcore__pw_biascalib__seed42__20260514_192020
