2026-05-10 17:44:31 [INFO] Logging to /home/adodas/AdoDAS2026_3/outputs/a1/runs/a1__grouped__mtcn__a-base-mel_mfcc+vad+egemaps__a-ssl-wav2vec2-chinese-xlsr__v-base-headpose+facebeh+qc+vadagg+bodypose+globmot__v-ssl-dinov2-large__mask-andcore__pw_biascalib__seed42__20260510_174431/logs/train_grouped_a1_20260510_174431.log
2026-05-10 17:44:31 [INFO] Device: cuda
2026-05-10 17:44:31 [INFO] Task: a1
2026-05-10 17:44:31 [INFO] Run name: a1__grouped__mtcn__a-base-mel_mfcc+vad+egemaps__a-ssl-wav2vec2-chinese-xlsr__v-base-headpose+facebeh+qc+vadagg+bodypose+globmot__v-ssl-dinov2-large__mask-andcore__pw_biascalib__seed42__20260510_174431
2026-05-10 17:44:31 [INFO] Config: {'feature_root': '/home/adodas/dataset', 'manifest_dir': '/home/adodas/dataset/manifests', 'output_dir': '/home/adodas/AdoDAS2026_3/outputs/a1', 'mask_policy': 'and_core', 'core_audio': ['mel_mfcc', 'ssl_embed'], 'core_video': ['vision_ssl_embed', 'qc_stats'], 'd_adapter': 64, 'd_model': 256, 'tcn_layers': 6, 'tcn_kernel_size': 3, 'asp_alpha': 0.5, 'asp_beta': 0.5, 'dropout': 0.2, 'd_shared': 256, 'aggregator': 'mlp', 'batch_size': 32, 'lr': 0.0005, 'weight_decay': 0.01, 'warmup_epochs': 1, 'epochs': 30, 'seed': 42, 'num_workers': 8, 'amp': True, 'preload': False, 'grad_clip': 1.0, 'use_pos_weight': True, 'patience': 6, 'session_loss_weight': 0.1, 'session_type_loss_weight': 0.2, 'submission_level': 'participant', 'decode_method': 'auto', 'label_smoothing': 0.0, 'feature_noise_std': 0.0, 'session_drop_prob': 0.0, 'early_stop_metric': 'primary', 'pre_tcn_processing': {'enabled': True, 'dynamics_aug': {'enabled': True, 'mode': 'selective_v2', 'apply_audio': {'vad': {'windows': [5, 15, 25], 'use_delta': True, 'use_abs_delta': True, 'use_rolling_mean': True, 'use_rolling_std': True}, 'mel_mfcc': {'windows': [5, 15], 'use_delta': True, 'use_abs_delta': False, 'use_rolling_mean': False, 'use_rolling_std': False}}, 'apply_video': {'vad_agg': {'windows': [5, 15, 25], 'use_delta': True, 'use_abs_delta': True, 'use_rolling_mean': True, 'use_rolling_std': True}, 'headpose_geom': {'windows': [5, 15, 25], 'use_delta': True, 'use_abs_delta': True, 'use_rolling_mean': True, 'use_rolling_std': True}, 'face_behavior': {'windows': [5, 15, 25], 'use_delta': True, 'use_abs_delta': True, 'use_rolling_mean': True, 'use_rolling_std': True}, 'body_pose': {'windows': [5, 15], 'use_delta': True, 'use_abs_delta': True, 'use_rolling_mean': False, 'use_rolling_std': True}, 'global_motion': {'windows': [5, 15], 'use_delta': False, 'use_abs_delta': True, 'use_rolling_mean': True, 'use_rolling_std': True}, 'qc_stats': {'windows': [15, 25], 'use_delta': False, 'use_abs_delta': False, 'use_rolling_mean': True, 'use_rolling_std': True}}, 'exclude': ['ssl_embed', 'vision_ssl_embed', 'egemaps']}}, 'audio_features': ['mel_mfcc', 'vad', 'egemaps', 'ssl_embed'], 'video_features': ['headpose_geom', 'face_behavior', 'qc_stats', 'vad_agg', 'body_pose', 'global_motion', 'vision_ssl_embed'], 'audio_ssl_model_tag': 'wav2vec2-chinese-xlsr', 'video_ssl_model_tag': 'dinov2-large', 'task': 'a1'}
2026-05-10 17:44:31 [INFO] Mask policy: and_core
2026-05-10 17:44:34 [INFO] [PreTCN] DynamicsAug enabled: True
2026-05-10 17:44:34 [INFO] [PreTCN] mode: selective_v2
2026-05-10 17:44:34 [INFO] [PreTCN]   audio[mel_mfcc]: {'windows': [5, 15], 'use_delta': True, 'use_abs_delta': False, 'use_rolling_mean': False, 'use_rolling_std': False}
2026-05-10 17:44:34 [INFO] [PreTCN]   audio[vad]: {'windows': [5, 15, 25], 'use_delta': True, 'use_abs_delta': True, 'use_rolling_mean': True, 'use_rolling_std': True}
2026-05-10 17:44:34 [INFO] [PreTCN]   video[body_pose]: {'windows': [5, 15], 'use_delta': True, 'use_abs_delta': True, 'use_rolling_mean': False, 'use_rolling_std': True}
2026-05-10 17:44:34 [INFO] [PreTCN]   video[face_behavior]: {'windows': [5, 15, 25], 'use_delta': True, 'use_abs_delta': True, 'use_rolling_mean': True, 'use_rolling_std': True}
2026-05-10 17:44:34 [INFO] [PreTCN]   video[global_motion]: {'windows': [5, 15], 'use_delta': False, 'use_abs_delta': True, 'use_rolling_mean': True, 'use_rolling_std': True}
2026-05-10 17:44:34 [INFO] [PreTCN]   video[headpose_geom]: {'windows': [5, 15, 25], 'use_delta': True, 'use_abs_delta': True, 'use_rolling_mean': True, 'use_rolling_std': True}
2026-05-10 17:44:34 [INFO] [PreTCN]   video[qc_stats]: {'windows': [15, 25], 'use_delta': False, 'use_abs_delta': False, 'use_rolling_mean': True, 'use_rolling_std': True}
2026-05-10 17:44:34 [INFO] [PreTCN]   video[vad_agg]: {'windows': [5, 15, 25], 'use_delta': True, 'use_abs_delta': True, 'use_rolling_mean': True, 'use_rolling_std': True}
2026-05-10 17:44:34 [INFO] [PreTCN] body_pose: 27 -> 135
2026-05-10 17:44:34 [INFO] [PreTCN] face_behavior: 5 -> 45
2026-05-10 17:44:34 [INFO] [PreTCN] global_motion: 4 -> 24
2026-05-10 17:44:34 [INFO] [PreTCN] headpose_geom: 5 -> 45
2026-05-10 17:44:34 [INFO] [PreTCN] mel_mfcc: 93 -> 186
2026-05-10 17:44:34 [INFO] [PreTCN] qc_stats: 4 -> 20
2026-05-10 17:44:34 [INFO] [PreTCN] vad: 1 -> 9
2026-05-10 17:44:34 [INFO] [PreTCN] vad_agg: 4 -> 36
2026-05-10 17:44:34 [INFO] Train: 4200 participants, Val: 600 participants
2026-05-10 17:44:35 [INFO] batch_size=32, num_workers=8
2026-05-10 17:44:35 [INFO] Model params: 5,580,517
2026-05-10 17:44:35 [INFO] AMP enabled (BF16)
2026-05-10 17:44:35 [INFO] pos_weight [D/A/S]: 1.91 / 1.59 / 2.60
2026-05-10 17:44:36 [INFO] Scheduler: warmup=1 -> cosine, total=30
2026-05-10 17:44:36 [INFO] Grad clip: 1.0
2026-05-10 17:44:36 [INFO] Session loss weight: 0.1
2026-05-10 17:44:36 [INFO] Session type loss weight: 0.2
2026-05-10 17:44:36 [INFO] EarlyStopping: patience=6, metric=primary, mode=max
2026-05-10 17:44:36 [INFO] Label smoothing: 0.0
2026-05-10 17:44:36 [INFO] Feature noise std: 0.0
2026-05-10 17:44:36 [INFO] Session drop prob: 0.0
2026-05-10 17:44:36 [INFO] ==========================================================================================
2026-05-10 17:44:36 [INFO]   Epoch  |    LR     | Train Loss | Val Loss | F1 raw | F1 sel |  AUROC | F1[D/A/S]       | Time
2026-05-10 17:44:36 [INFO] ==========================================================================================
2026-05-10 18:03:01 [INFO]     D: gt_pos=0.215 pred_pos=0.000 p_mean=0.311 P=0.000 R=0.000 F1=0.000
2026-05-10 18:03:01 [INFO]     A: gt_pos=0.283 pred_pos=0.000 p_mean=0.363 P=0.000 R=0.000 F1=0.000
2026-05-10 18:03:01 [INFO]     S: gt_pos=0.130 pred_pos=0.000 p_mean=0.244 P=0.000 R=0.000 F1=0.000
2026-05-10 18:03:01 [INFO]     Session-level variance (collapse metric): 0.002151
2026-05-10 18:03:01 [INFO]     calibrated F1=0.3471 via biases D=+1.00 A=+0.60 S=+1.20 (selected=calibrated)
2026-05-10 18:03:01 [INFO]     1/ 30 | 5.00e-04 |   1.1315   |  0.7540  | 0.0000 | 0.3471 | 0.5610 | 0.000/0.000/0.000 | 18m 24s ETA 8h 53m 52s VRAM 14.0G *
2026-05-10 18:03:01 [INFO]   >>> New best F1=0.3471 saved at epoch 1.
2026-05-10 18:20:57 [INFO]     D: gt_pos=0.215 pred_pos=0.000 p_mean=0.281 P=0.000 R=0.000 F1=0.000
2026-05-10 18:20:57 [INFO]     A: gt_pos=0.283 pred_pos=0.000 p_mean=0.307 P=0.000 R=0.000 F1=0.000
2026-05-10 18:20:57 [INFO]     S: gt_pos=0.130 pred_pos=0.000 p_mean=0.238 P=0.000 R=0.000 F1=0.000
2026-05-10 18:20:57 [INFO]     Session-level variance (collapse metric): 0.003650
2026-05-10 18:20:57 [INFO]     calibrated F1=0.3956 via biases D=+1.00 A=+0.90 S=+1.20 (selected=calibrated)
2026-05-10 18:20:57 [INFO]     2/ 30 | 4.99e-04 |   0.9981   |  0.7434  | 0.0000 | 0.3956 | 0.6509 | 0.000/0.000/0.000 | 17m 55s ETA 8h 28m 47s VRAM 14.0G *
2026-05-10 18:20:57 [INFO]   >>> New best F1=0.3956 saved at epoch 2.
2026-05-10 18:37:52 [INFO]     D: gt_pos=0.215 pred_pos=0.018 p_mean=0.323 P=0.364 R=0.031 F1=0.057
2026-05-10 18:37:52 [INFO]     A: gt_pos=0.283 pred_pos=0.043 p_mean=0.356 P=0.500 R=0.076 F1=0.133
2026-05-10 18:37:52 [INFO]     S: gt_pos=0.130 pred_pos=0.000 p_mean=0.201 P=0.000 R=0.000 F1=0.000
2026-05-10 18:37:52 [INFO]     Session-level variance (collapse metric): 0.001755
2026-05-10 18:37:53 [INFO]     calibrated F1=0.4259 via biases D=+0.60 A=+0.80 S=+1.20 (selected=calibrated)
2026-05-10 18:37:53 [INFO]     3/ 30 | 4.94e-04 |   0.9167   |  0.7117  | 0.0633 | 0.4259 | 0.6906 | 0.057/0.133/0.000 | 16m 55s ETA 7h 59m 27s VRAM 14.0G *
2026-05-10 18:37:53 [INFO]   >>> New best F1=0.4259 saved at epoch 3.
2026-05-10 18:52:20 [INFO]     D: gt_pos=0.215 pred_pos=0.000 p_mean=0.211 P=0.000 R=0.000 F1=0.000
2026-05-10 18:52:20 [INFO]     A: gt_pos=0.283 pred_pos=0.013 p_mean=0.339 P=0.125 R=0.006 F1=0.011
2026-05-10 18:52:20 [INFO]     S: gt_pos=0.130 pred_pos=0.000 p_mean=0.156 P=0.000 R=0.000 F1=0.000
2026-05-10 18:52:20 [INFO]     Session-level variance (collapse metric): 0.002553
2026-05-10 18:52:20 [INFO]     calibrated F1=0.4402 via biases D=+1.30 A=+0.70 S=+1.50 (selected=calibrated)
2026-05-10 18:52:21 [INFO]     4/ 30 | 4.87e-04 |   0.8578   |  0.7326  | 0.0037 | 0.4402 | 0.7094 | 0.000/0.011/0.000 | 14m 26s ETA 7h 20m 17s VRAM 14.0G *
2026-05-10 18:52:21 [INFO]   >>> New best F1=0.4402 saved at epoch 4.
2026-05-10 19:06:32 [INFO]     D: gt_pos=0.215 pred_pos=0.007 p_mean=0.278 P=0.000 R=0.000 F1=0.000
2026-05-10 19:06:32 [INFO]     A: gt_pos=0.283 pred_pos=0.032 p_mean=0.292 P=0.526 R=0.059 F1=0.106
2026-05-10 19:06:32 [INFO]     S: gt_pos=0.130 pred_pos=0.000 p_mean=0.206 P=0.000 R=0.000 F1=0.000
2026-05-10 19:06:32 [INFO]     Session-level variance (collapse metric): 0.002467
2026-05-10 19:06:32 [INFO]     calibrated F1=0.4304 via biases D=+0.80 A=+1.40 S=+1.30 (selected=calibrated)
2026-05-10 19:06:32 [INFO]     5/ 30 | 4.77e-04 |   0.7986   |  0.7145  | 0.0353 | 0.4304 | 0.6934 | 0.000/0.106/0.000 | 14m 10s ETA 6h 49m 37s VRAM 14.0G
2026-05-10 19:20:26 [INFO]     D: gt_pos=0.215 pred_pos=0.392 p_mean=0.442 P=0.353 R=0.643 F1=0.456
2026-05-10 19:20:26 [INFO]     A: gt_pos=0.283 pred_pos=0.510 p_mean=0.479 P=0.379 R=0.682 F1=0.487
2026-05-10 19:20:26 [INFO]     S: gt_pos=0.130 pred_pos=0.000 p_mean=0.319 P=0.000 R=0.000 F1=0.000
2026-05-10 19:20:27 [INFO]     Session-level variance (collapse metric): 0.002594
2026-05-10 19:20:27 [INFO]     calibrated F1=0.4327 via biases D=+0.00 A=+0.50 S=+0.40 (selected=calibrated)
2026-05-10 19:20:27 [INFO]     6/ 30 | 4.64e-04 |   0.7866   |  0.7180  | 0.3145 | 0.4327 | 0.6924 | 0.456/0.487/0.000 | 13m 54s ETA 6h 23m 21s VRAM 14.0G
2026-05-10 19:34:11 [INFO]     D: gt_pos=0.215 pred_pos=0.308 p_mean=0.328 P=0.368 R=0.527 F1=0.433
2026-05-10 19:34:11 [INFO]     A: gt_pos=0.283 pred_pos=0.373 p_mean=0.374 P=0.411 R=0.541 F1=0.467
2026-05-10 19:34:11 [INFO]     S: gt_pos=0.130 pred_pos=0.163 p_mean=0.270 P=0.286 R=0.359 F1=0.318
2026-05-10 19:34:11 [INFO]     Session-level variance (collapse metric): 0.004064
2026-05-10 19:34:11 [INFO]     calibrated F1=0.4473 via biases D=+0.40 A=+1.40 S=+0.60 (selected=calibrated)
2026-05-10 19:34:11 [INFO]     7/ 30 | 4.49e-04 |   0.7776   |  0.6870  | 0.4061 | 0.4473 | 0.7090 | 0.433/0.467/0.318 | 13m 44s ETA 6h 00m 04s VRAM 14.0G *
2026-05-10 19:34:12 [INFO]   >>> New best F1=0.4473 saved at epoch 7.
2026-05-10 19:48:01 [INFO]     D: gt_pos=0.215 pred_pos=0.163 p_mean=0.308 P=0.459 R=0.349 F1=0.396
2026-05-10 19:48:01 [INFO]     A: gt_pos=0.283 pred_pos=0.238 p_mean=0.349 P=0.427 R=0.359 F1=0.390
2026-05-10 19:48:01 [INFO]     S: gt_pos=0.130 pred_pos=0.000 p_mean=0.238 P=0.000 R=0.000 F1=0.000
2026-05-10 19:48:01 [INFO]     Session-level variance (collapse metric): 0.001939
2026-05-10 19:48:01 [INFO]     calibrated F1=0.4380 via biases D=+0.60 A=+1.10 S=+0.70 (selected=calibrated)
2026-05-10 19:48:01 [INFO]     8/ 30 | 4.32e-04 |   0.7653   |  0.6873  | 0.2621 | 0.4380 | 0.7039 | 0.396/0.390/0.000 | 13m 49s ETA 5h 39m 23s VRAM 14.0G
2026-05-10 20:02:04 [INFO]     D: gt_pos=0.215 pred_pos=0.182 p_mean=0.282 P=0.431 R=0.364 F1=0.395
2026-05-10 20:02:04 [INFO]     A: gt_pos=0.283 pred_pos=0.230 p_mean=0.311 P=0.449 R=0.365 F1=0.403
2026-05-10 20:02:04 [INFO]     S: gt_pos=0.130 pred_pos=0.005 p_mean=0.206 P=0.000 R=0.000 F1=0.000
2026-05-10 20:02:04 [INFO]     Session-level variance (collapse metric): 0.004437
2026-05-10 20:02:04 [INFO]     calibrated F1=0.4490 via biases D=+0.50 A=+1.40 S=+1.30 (selected=calibrated)
2026-05-10 20:02:04 [INFO]     9/ 30 | 4.12e-04 |   0.7511   |  0.6921  | 0.2659 | 0.4490 | 0.7089 | 0.395/0.403/0.000 | 14m 02s ETA 5h 20m 44s VRAM 14.0G *
2026-05-10 20:02:04 [INFO]   >>> New best F1=0.4490 saved at epoch 9.
2026-05-10 20:15:49 [INFO]     D: gt_pos=0.215 pred_pos=0.172 p_mean=0.335 P=0.417 R=0.333 F1=0.371
2026-05-10 20:15:49 [INFO]     A: gt_pos=0.283 pred_pos=0.323 p_mean=0.384 P=0.448 R=0.512 F1=0.478
2026-05-10 20:15:49 [INFO]     S: gt_pos=0.130 pred_pos=0.155 p_mean=0.287 P=0.301 R=0.359 F1=0.327
2026-05-10 20:15:49 [INFO]     Session-level variance (collapse metric): 0.003208
2026-05-10 20:15:49 [INFO]     calibrated F1=0.4512 via biases D=+0.30 A=+0.70 S=+0.50 (selected=calibrated)
2026-05-10 20:15:49 [INFO]    10/ 30 | 3.91e-04 |   0.7441   |  0.6779  | 0.3921 | 0.4512 | 0.7111 | 0.371/0.478/0.327 | 13m 44s ETA 5h 02m 25s VRAM 14.0G *
2026-05-10 20:15:49 [INFO]   >>> New best F1=0.4512 saved at epoch 10.
2026-05-10 20:29:59 [INFO]     D: gt_pos=0.215 pred_pos=0.205 p_mean=0.272 P=0.439 R=0.419 F1=0.429
2026-05-10 20:30:00 [INFO]     A: gt_pos=0.283 pred_pos=0.273 p_mean=0.325 P=0.409 R=0.394 F1=0.401
2026-05-10 20:30:00 [INFO]     S: gt_pos=0.130 pred_pos=0.183 p_mean=0.228 P=0.255 R=0.359 F1=0.298
2026-05-10 20:30:00 [INFO]     Session-level variance (collapse metric): 0.006742
2026-05-10 20:30:00 [INFO]     calibrated F1=0.4389 via biases D=+0.60 A=+1.70 S=+1.60 (selected=calibrated)
2026-05-10 20:30:00 [INFO]    11/ 30 | 3.67e-04 |   0.7347   |  0.7095  | 0.3759 | 0.4389 | 0.7056 | 0.429/0.401/0.298 | 14m 10s ETA 4h 45m 40s VRAM 14.0G
2026-05-10 20:44:20 [INFO]     D: gt_pos=0.215 pred_pos=0.280 p_mean=0.341 P=0.405 R=0.527 F1=0.458
2026-05-10 20:44:20 [INFO]     A: gt_pos=0.283 pred_pos=0.318 p_mean=0.398 P=0.440 R=0.494 F1=0.465
2026-05-10 20:44:20 [INFO]     S: gt_pos=0.130 pred_pos=0.130 p_mean=0.253 P=0.282 R=0.282 F1=0.282
2026-05-10 20:44:20 [INFO]     Session-level variance (collapse metric): 0.003947
2026-05-10 20:44:20 [INFO]     calibrated F1=0.4514 via biases D=+0.40 A=+1.10 S=+0.50 (selected=calibrated)
2026-05-10 20:44:20 [INFO]    12/ 30 | 3.43e-04 |   0.7285   |  0.6859  | 0.4018 | 0.4514 | 0.7095 | 0.458/0.465/0.282 | 14m 20s ETA 4h 29m 36s VRAM 14.0G *
2026-05-10 20:44:21 [INFO]   >>> New best F1=0.4514 saved at epoch 12.
2026-05-10 21:00:59 [INFO]     D: gt_pos=0.215 pred_pos=0.000 p_mean=0.143 P=0.000 R=0.000 F1=0.000
2026-05-10 21:00:59 [INFO]     A: gt_pos=0.283 pred_pos=0.040 p_mean=0.207 P=0.458 R=0.065 F1=0.113
2026-05-10 21:00:59 [INFO]     S: gt_pos=0.130 pred_pos=0.000 p_mean=0.101 P=0.000 R=0.000 F1=0.000
2026-05-10 21:00:59 [INFO]     Session-level variance (collapse metric): 0.004069
2026-05-10 21:01:00 [INFO]     calibrated F1=0.4568 via biases D=+1.50 A=+2.20 S=+1.90 (selected=calibrated)
2026-05-10 21:01:00 [INFO]    13/ 30 | 3.17e-04 |   0.7201   |  0.8218  | 0.0378 | 0.4568 | 0.7096 | 0.000/0.113/0.000 | 16m 38s ETA 4h 16m 49s VRAM 14.0G *
2026-05-10 21:01:01 [INFO]   >>> New best F1=0.4568 saved at epoch 13.
2026-05-10 21:15:55 [INFO]     D: gt_pos=0.215 pred_pos=0.427 p_mean=0.441 P=0.336 R=0.667 F1=0.447
2026-05-10 21:15:55 [INFO]     A: gt_pos=0.283 pred_pos=0.478 p_mean=0.483 P=0.390 R=0.659 F1=0.490
2026-05-10 21:15:55 [INFO]     S: gt_pos=0.130 pred_pos=0.335 p_mean=0.354 P=0.244 R=0.628 F1=0.351
2026-05-10 21:15:55 [INFO]     Session-level variance (collapse metric): 0.009162
2026-05-10 21:15:55 [INFO]     calibrated F1=0.4456 via biases D=+0.60 A=+0.30 S=+0.10 (selected=calibrated)
2026-05-10 21:15:55 [INFO]    14/ 30 | 2.91e-04 |   0.6993   |  0.7302  | 0.4294 | 0.4456 | 0.7103 | 0.447/0.490/0.351 | 14m 54s ETA 4h 01m 30s VRAM 14.0G
2026-05-10 21:30:45 [INFO]     D: gt_pos=0.215 pred_pos=0.285 p_mean=0.322 P=0.409 R=0.543 F1=0.467
2026-05-10 21:30:45 [INFO]     A: gt_pos=0.283 pred_pos=0.327 p_mean=0.373 P=0.439 R=0.506 F1=0.470
2026-05-10 21:30:45 [INFO]     S: gt_pos=0.130 pred_pos=0.185 p_mean=0.241 P=0.297 R=0.423 F1=0.349
2026-05-10 21:30:45 [INFO]     Session-level variance (collapse metric): 0.008298
2026-05-10 21:30:45 [INFO]     calibrated F1=0.4554 via biases D=+0.30 A=+1.20 S=+0.60 (selected=calibrated)
2026-05-10 21:30:46 [INFO]    15/ 30 | 2.64e-04 |   0.6794   |  0.7137  | 0.4286 | 0.4554 | 0.7099 | 0.467/0.470/0.349 | 14m 50s ETA 3h 46m 09s VRAM 14.0G
2026-05-10 21:45:11 [INFO]     D: gt_pos=0.215 pred_pos=0.310 p_mean=0.348 P=0.366 R=0.527 F1=0.432
2026-05-10 21:45:11 [INFO]     A: gt_pos=0.283 pred_pos=0.405 p_mean=0.414 P=0.416 R=0.594 F1=0.489
2026-05-10 21:45:12 [INFO]     S: gt_pos=0.130 pred_pos=0.178 p_mean=0.265 P=0.262 R=0.359 F1=0.303
2026-05-10 21:45:12 [INFO]     Session-level variance (collapse metric): 0.009481
2026-05-10 21:45:12 [INFO]     calibrated F1=0.4501 via biases D=+0.20 A=+0.50 S=+0.70 (selected=calibrated)
2026-05-10 21:45:12 [INFO]    16/ 30 | 2.37e-04 |   0.6596   |  0.7070  | 0.4079 | 0.4501 | 0.6990 | 0.432/0.489/0.303 | 14m 26s ETA 3h 30m 31s VRAM 14.0G
2026-05-10 22:00:11 [INFO]     D: gt_pos=0.215 pred_pos=0.340 p_mean=0.354 P=0.377 R=0.597 F1=0.462
2026-05-10 22:00:11 [INFO]     A: gt_pos=0.283 pred_pos=0.392 p_mean=0.402 P=0.430 R=0.594 F1=0.499
2026-05-10 22:00:11 [INFO]     S: gt_pos=0.130 pred_pos=0.278 p_mean=0.283 P=0.246 R=0.526 F1=0.335
2026-05-10 22:00:11 [INFO]     Session-level variance (collapse metric): 0.013040
2026-05-10 22:00:11 [INFO]     calibrated F1=0.4473 via biases D=-0.20 A=+1.10 S=+0.40 (selected=calibrated)
2026-05-10 22:00:11 [INFO]    17/ 30 | 2.10e-04 |   0.6396   |  0.7586  | 0.4320 | 0.4473 | 0.7083 | 0.462/0.499/0.335 | 14m 58s ETA 3h 15m 26s VRAM 14.0G
