2026-05-12 00:54:11 [INFO] Logging to /home/adodas/AdoDAS2026_5/outputs/a1/baseline_official/runs/a1__grouped__mtcn__a-base-mel_mfcc__a-ssl-wav2vec2-chinese-xlsr__v-base-headpose+facebeh+qc+vadagg__v-ssl-dinov2-large__mask-andcore__pw_biascalib__seed42__20260512_005411/logs/train_grouped_a1_20260512_005411.log
2026-05-12 00:54:11 [INFO] Device: cuda
2026-05-12 00:54:11 [INFO] Task: a1
2026-05-12 00:54:11 [INFO] Run name: a1__grouped__mtcn__a-base-mel_mfcc__a-ssl-wav2vec2-chinese-xlsr__v-base-headpose+facebeh+qc+vadagg__v-ssl-dinov2-large__mask-andcore__pw_biascalib__seed42__20260512_005411
2026-05-12 00:54:12 [INFO] Config: {'feature_root': '/home/adodas/dataset', 'manifest_dir': '/home/adodas/dataset/manifests', 'output_dir': '/home/adodas/AdoDAS2026_5/outputs/a1/baseline_official', 'mask_policy': 'and_core', 'core_audio': ['mel_mfcc', 'ssl_embed'], 'core_video': ['vision_ssl_embed', 'qc_stats'], 'd_adapter': 64, 'd_model': 256, 'tcn_layers': 6, 'tcn_kernel_size': 3, 'asp_alpha': 0.5, 'asp_beta': 0.5, 'dropout': 0.2, 'd_shared': 256, 'aggregator': 'mlp', 'batch_size': 32, 'lr': 0.0005, 'weight_decay': 0.01, 'warmup_epochs': 1, 'epochs': 30, 'seed': 42, 'num_workers': 8, 'amp': True, 'preload': False, 'grad_clip': 1.0, 'use_pos_weight': True, 'patience': 8, 'session_loss_weight': 0.2, 'session_type_loss_weight': 0.15, 'submission_level': 'participant', 'decode_method': 'auto', 'label_smoothing': 0.0, 'feature_noise_std': 0.0, 'session_drop_prob': 0.0, 'early_stop_metric': 'primary', 'pre_tcn_processing': {'enabled': False}, 'audio_features': ['mel_mfcc', 'ssl_embed'], 'video_features': ['headpose_geom', 'face_behavior', 'qc_stats', 'vad_agg', 'vision_ssl_embed'], 'audio_ssl_model_tag': 'wav2vec2-chinese-xlsr', 'video_ssl_model_tag': 'dinov2-large', 'task': 'a1'}
2026-05-12 00:54:12 [INFO] Mask policy: and_core
2026-05-12 00:54:15 [INFO] [PreTCN] pre_tcn_processing.enabled=False
2026-05-12 00:54:15 [INFO] Train: 4200 participants, Val: 600 participants
2026-05-12 00:54:15 [INFO] batch_size=32, num_workers=8
2026-05-12 00:54:16 [INFO] Model params: 5,483,243
2026-05-12 00:54:16 [INFO] AMP enabled (BF16)
2026-05-12 00:54:16 [INFO] pos_weight [D/A/S]: 1.91 / 1.59 / 2.60
2026-05-12 00:54:18 [INFO] Scheduler: warmup=1 -> cosine, total=30
2026-05-12 00:54:18 [INFO] Grad clip: 1.0
2026-05-12 00:54:18 [INFO] Session loss weight: 0.2
2026-05-12 00:54:18 [INFO] Session type loss weight: 0.15
2026-05-12 00:54:18 [INFO] EarlyStopping: patience=8, metric=primary, mode=max
2026-05-12 00:54:18 [INFO] Label smoothing: 0.0
2026-05-12 00:54:18 [INFO] Feature noise std: 0.0
2026-05-12 00:54:18 [INFO] Session drop prob: 0.0
2026-05-12 00:54:19 [INFO] ==========================================================================================
2026-05-12 00:54:19 [INFO]   Epoch  |    LR     | Train Loss | Val Loss | F1 raw | F1 sel |  AUROC | F1[D/A/S]       | Time
2026-05-12 00:54:19 [INFO] ==========================================================================================
2026-05-12 00:57:27 [INFO]     D: gt_pos=0.215 pred_pos=0.000 p_mean=0.306 P=0.000 R=0.000 F1=0.000
2026-05-12 00:57:27 [INFO]     A: gt_pos=0.283 pred_pos=0.000 p_mean=0.356 P=0.000 R=0.000 F1=0.000
2026-05-12 00:57:27 [INFO]     S: gt_pos=0.130 pred_pos=0.000 p_mean=0.245 P=0.000 R=0.000 F1=0.000
2026-05-12 00:57:27 [INFO]     Session-level variance (collapse metric): 0.000405
2026-05-12 00:57:27 [INFO]     calibrated F1=0.3549 via biases D=+1.00 A=+0.70 S=+1.20 (selected=calibrated)
2026-05-12 00:57:27 [INFO]     1/ 30 | 5.00e-04 |   1.1347   |  0.7513  | 0.0000 | 0.3549 | 0.5887 | 0.000/0.000/0.000 | 3m 08s ETA 1h 31m 09s VRAM 13.4G *
2026-05-12 00:57:28 [INFO]   >>> New best F1=0.3549 saved at epoch 1.
2026-05-12 00:57:28 [INFO]   >>> New best_raw_f1=0.0000 -> best_raw_f1.pt
2026-05-12 00:57:28 [INFO]   >>> New best_auroc=0.5887 -> best_auroc.pt
2026-05-12 00:57:29 [INFO]   >>> New best_calibrated_f1=0.3549 -> best_calibrated_f1.pt
2026-05-12 00:57:29 [INFO]   >>> New best_robust=0.1012 -> best_robust.pt
2026-05-12 01:00:34 [INFO]     D: gt_pos=0.215 pred_pos=0.372 p_mean=0.390 P=0.341 R=0.589 F1=0.432
2026-05-12 01:00:34 [INFO]     A: gt_pos=0.283 pred_pos=0.472 p_mean=0.485 P=0.392 R=0.653 F1=0.490
2026-05-12 01:00:34 [INFO]     S: gt_pos=0.130 pred_pos=0.000 p_mean=0.236 P=0.000 R=0.000 F1=0.000
2026-05-12 01:00:34 [INFO]     Session-level variance (collapse metric): 0.002793
2026-05-12 01:00:34 [INFO]     calibrated F1=0.4246 via biases D=+0.10 A=+0.40 S=+1.00 (selected=calibrated)
2026-05-12 01:00:34 [INFO]     2/ 30 | 4.99e-04 |   1.0302   |  0.7235  | 0.3073 | 0.4246 | 0.6784 | 0.432/0.490/0.000 | 3m 05s ETA 1h 27m 39s VRAM 13.4G *
2026-05-12 01:00:35 [INFO]   >>> New best F1=0.4246 saved at epoch 2.
2026-05-12 01:00:36 [INFO]   >>> New best_raw_f1=0.3073 -> best_raw_f1.pt
2026-05-12 01:00:36 [INFO]   >>> New best_auroc=0.6784 -> best_auroc.pt
2026-05-12 01:00:37 [INFO]   >>> New best_calibrated_f1=0.4246 -> best_calibrated_f1.pt
2026-05-12 01:00:38 [INFO]   >>> New best_robust=0.4082 -> best_robust.pt
2026-05-12 01:03:54 [INFO]     D: gt_pos=0.215 pred_pos=0.003 p_mean=0.227 P=0.000 R=0.000 F1=0.000
2026-05-12 01:03:54 [INFO]     A: gt_pos=0.283 pred_pos=0.092 p_mean=0.293 P=0.345 R=0.112 F1=0.169
2026-05-12 01:03:54 [INFO]     S: gt_pos=0.130 pred_pos=0.013 p_mean=0.222 P=0.125 R=0.013 F1=0.023
2026-05-12 01:03:54 [INFO]     Session-level variance (collapse metric): 0.003289
2026-05-12 01:03:54 [INFO]     calibrated F1=0.4294 via biases D=+0.80 A=+1.10 S=+1.10 (selected=calibrated)
2026-05-12 01:03:54 [INFO]     3/ 30 | 4.94e-04 |   0.9782   |  0.7236  | 0.0640 | 0.4294 | 0.6844 | 0.000/0.169/0.023 | 3m 15s ETA 1h 26m 18s VRAM 13.4G *
2026-05-12 01:03:55 [INFO]   >>> New best F1=0.4294 saved at epoch 3.
2026-05-12 01:03:55 [INFO]   >>> New best_auroc=0.6844 -> best_auroc.pt
2026-05-12 01:03:56 [INFO]   >>> New best_calibrated_f1=0.4294 -> best_calibrated_f1.pt
2026-05-12 01:07:11 [INFO]     D: gt_pos=0.215 pred_pos=0.475 p_mean=0.421 P=0.309 R=0.682 F1=0.425
2026-05-12 01:07:12 [INFO]     A: gt_pos=0.283 pred_pos=0.553 p_mean=0.455 P=0.373 R=0.729 F1=0.494
2026-05-12 01:07:12 [INFO]     S: gt_pos=0.130 pred_pos=0.000 p_mean=0.302 P=0.000 R=0.000 F1=0.000
2026-05-12 01:07:12 [INFO]     Session-level variance (collapse metric): 0.004292
2026-05-12 01:07:12 [INFO]     calibrated F1=0.4284 via biases D=-0.20 A=+0.40 S=+0.60 (selected=calibrated)
2026-05-12 01:07:12 [INFO]     4/ 30 | 4.87e-04 |   0.9557   |  0.7118  | 0.3064 | 0.4284 | 0.6872 | 0.425/0.494/0.000 | 3m 15s ETA 1h 23m 46s VRAM 13.4G
2026-05-12 01:07:13 [INFO]   >>> New best_auroc=0.6872 -> best_auroc.pt
2026-05-12 01:07:13 [INFO]   >>> New best_robust=0.4103 -> best_robust.pt
2026-05-12 01:10:18 [INFO]     D: gt_pos=0.215 pred_pos=0.307 p_mean=0.372 P=0.397 R=0.566 F1=0.466
2026-05-12 01:10:18 [INFO]     A: gt_pos=0.283 pred_pos=0.282 p_mean=0.379 P=0.462 R=0.459 F1=0.460
2026-05-12 01:10:18 [INFO]     S: gt_pos=0.130 pred_pos=0.192 p_mean=0.312 P=0.287 R=0.423 F1=0.342
2026-05-12 01:10:18 [INFO]     Session-level variance (collapse metric): 0.002703
2026-05-12 01:10:18 [INFO]     calibrated F1=0.4518 via biases D=+0.00 A=+0.50 S=+0.30 (selected=calibrated)
2026-05-12 01:10:18 [INFO]     5/ 30 | 4.77e-04 |   0.8911   |  0.6783  | 0.4229 | 0.4518 | 0.7175 | 0.466/0.460/0.342 | 3m 03s ETA 1h 19m 57s VRAM 13.4G *
2026-05-12 01:10:19 [INFO]   >>> New best F1=0.4518 saved at epoch 5.
2026-05-12 01:10:19 [INFO]   >>> New best_raw_f1=0.4229 -> best_raw_f1.pt
2026-05-12 01:10:20 [INFO]   >>> New best_auroc=0.7175 -> best_auroc.pt
2026-05-12 01:10:21 [INFO]   >>> New best_calibrated_f1=0.4518 -> best_calibrated_f1.pt
2026-05-12 01:10:22 [INFO]   >>> New best_robust=0.5259 -> best_robust.pt
2026-05-12 01:13:27 [INFO]     D: gt_pos=0.215 pred_pos=0.003 p_mean=0.310 P=0.000 R=0.000 F1=0.000
2026-05-12 01:13:27 [INFO]     A: gt_pos=0.283 pred_pos=0.045 p_mean=0.353 P=0.667 R=0.106 F1=0.183
2026-05-12 01:13:27 [INFO]     S: gt_pos=0.130 pred_pos=0.000 p_mean=0.219 P=0.000 R=0.000 F1=0.000
2026-05-12 01:13:27 [INFO]     Session-level variance (collapse metric): 0.002468
2026-05-12 01:13:27 [INFO]     calibrated F1=0.4271 via biases D=+0.40 A=+0.70 S=+0.80 (selected=calibrated)
2026-05-12 01:13:27 [INFO]     6/ 30 | 4.64e-04 |   0.8553   |  0.6978  | 0.0609 | 0.4271 | 0.6984 | 0.000/0.183/0.000 | 3m 04s ETA 1h 16m 34s VRAM 13.4G
