2026-05-07 11:26:54 [INFO] Logging to /home/adodas/AdoDAS2026-1/outputs/a1/runs/a1__grouped__mtcn__a-base-mel_mfcc+vad+egemaps__a-ssl-wav2vec2-chinese-xlsr__v-base-facebeh+qc+vadagg__v-ssl-dinov2-large__mask-andcore__pw_biascalib__seed42__20260507_112654/logs/train_grouped_a1_20260507_112654.log
2026-05-07 11:26:54 [INFO] Device: cuda
2026-05-07 11:26:54 [INFO] Task: a1
2026-05-07 11:26:55 [INFO] Run name: a1__grouped__mtcn__a-base-mel_mfcc+vad+egemaps__a-ssl-wav2vec2-chinese-xlsr__v-base-facebeh+qc+vadagg__v-ssl-dinov2-large__mask-andcore__pw_biascalib__seed42__20260507_112654
2026-05-07 11:26:55 [INFO] Config: {'feature_root': '/home/adodas/dataset', 'manifest_dir': '/home/adodas/dataset/manifests', 'output_dir': '/home/adodas/AdoDAS2026-1/outputs/a1', 'mask_policy': 'and_core', 'core_audio': ['mel_mfcc', 'ssl_embed'], 'core_video': ['vision_ssl_embed', 'qc_stats'], 'd_adapter': 64, 'd_model': 256, 'tcn_layers': 6, 'tcn_kernel_size': 3, 'asp_alpha': 0.5, 'asp_beta': 0.5, 'dropout': 0.25, 'd_shared': 256, 'label_smoothing': 0.05, 'aggregator': 'mlp', 'batch_size': 16, 'lr': 0.00025, 'weight_decay': 0.01, 'warmup_epochs': 3, 'epochs': 30, 'seed': 42, 'num_workers': 4, 'amp': False, 'preload': True, 'grad_clip': 1.0, 'use_pos_weight': True, 'patience': 8, 'session_loss_weight': 0.2, 'session_type_loss_weight': 0.15, 'submission_level': 'participant', 'decode_method': 'auto', 'feature_noise_std': 0.0, 'session_drop_prob': 0.0, 'early_stop_metric': 'primary', 'audio_features': ['mel_mfcc', 'vad', 'egemaps', 'ssl_embed'], 'video_features': ['face_behavior', 'qc_stats', 'vad_agg', 'vision_ssl_embed'], 'audio_ssl_model_tag': 'wav2vec2-chinese-xlsr', 'video_ssl_model_tag': 'dinov2-large', 'task': 'a1'}
2026-05-07 11:26:55 [INFO] Mask policy: and_core
2026-05-07 11:26:57 [INFO] Train: 4200 participants, Val: 600 participants
2026-05-07 11:26:57 [INFO] Preloading data into RAM ...
2026-05-07 11:38:00 [INFO] Preloaded 4200/4200 participants (45.6 GB in RAM)
2026-05-07 11:40:33 [INFO] Preloaded 600/600 participants (7.9 GB in RAM)
2026-05-07 11:40:33 [INFO] Preload done: 45.6G + 7.9G = 53.4G, took 13m 35s
2026-05-07 11:40:33 [INFO] batch_size=16, num_workers=0
2026-05-07 11:40:33 [INFO] Model params: 6,034,387
2026-05-07 11:40:33 [INFO] pos_weight [D/A/S]: 1.91 / 1.59 / 2.60
2026-05-07 11:40:34 [INFO] Scheduler: warmup=3 -> cosine, total=30
2026-05-07 11:40:34 [INFO] Grad clip: 1.0
2026-05-07 11:40:34 [INFO] Session loss weight: 0.2
2026-05-07 11:40:34 [INFO] Session type loss weight: 0.15
2026-05-07 11:40:34 [INFO] EarlyStopping: patience=8, metric=primary, mode=max
2026-05-07 11:40:34 [INFO] Label smoothing: 0.05
2026-05-07 11:40:34 [INFO] Feature noise std: 0.0
2026-05-07 11:40:34 [INFO] Session drop prob: 0.0
2026-05-07 11:40:34 [INFO] ==========================================================================================
2026-05-07 11:40:35 [INFO]   Epoch  |    LR     | Train Loss | Val Loss | F1 raw | F1 sel |  AUROC | F1[D/A/S]       | Time
2026-05-07 11:40:35 [INFO] ==========================================================================================
2026-05-07 11:44:27 [INFO]     D: gt_pos=0.215 pred_pos=0.000 p_mean=0.338 P=0.000 R=0.000 F1=0.000
2026-05-07 11:44:27 [INFO]     A: gt_pos=0.283 pred_pos=0.000 p_mean=0.366 P=0.000 R=0.000 F1=0.000
2026-05-07 11:44:27 [INFO]     S: gt_pos=0.130 pred_pos=0.000 p_mean=0.235 P=0.000 R=0.000 F1=0.000
2026-05-07 11:44:27 [INFO]     Session-level variance (collapse metric): 0.000178
2026-05-07 11:44:27 [INFO]     calibrated F1=0.3550 via biases D=+0.70 A=+0.60 S=+1.20 (selected=calibrated)
2026-05-07 11:44:27 [INFO]     1/ 30 | 8.50e-05 |   1.1972   |  0.7520  | 0.0000 | 0.3550 | 0.5556 | 0.000/0.000/0.000 | 3m 52s ETA 1h 52m 22s VRAM 21.4G *
2026-05-07 11:44:27 [INFO]   >>> New best F1=0.3550 saved at epoch 1.
2026-05-07 11:48:17 [INFO]     D: gt_pos=0.215 pred_pos=0.402 p_mean=0.417 P=0.328 R=0.612 F1=0.427
2026-05-07 11:48:17 [INFO]     A: gt_pos=0.283 pred_pos=0.427 p_mean=0.441 P=0.418 R=0.629 F1=0.502
2026-05-07 11:48:17 [INFO]     S: gt_pos=0.130 pred_pos=0.242 p_mean=0.317 P=0.228 R=0.423 F1=0.296
2026-05-07 11:48:17 [INFO]     Session-level variance (collapse metric): 0.002027
2026-05-07 11:48:17 [INFO]     calibrated F1=0.4309 via biases D=+0.10 A=+0.40 S=+0.80 (selected=calibrated)
2026-05-07 11:48:17 [INFO]     2/ 30 | 1.68e-04 |   1.0583   |  0.7166  | 0.4084 | 0.4309 | 0.6859 | 0.427/0.502/0.296 | 3m 49s ETA 1h 47m 51s VRAM 21.4G *
2026-05-07 11:48:17 [INFO]   >>> New best F1=0.4309 saved at epoch 2.
2026-05-07 11:52:03 [INFO]     D: gt_pos=0.215 pred_pos=0.012 p_mean=0.351 P=0.571 R=0.031 F1=0.059
2026-05-07 11:52:03 [INFO]     A: gt_pos=0.283 pred_pos=0.257 p_mean=0.388 P=0.429 R=0.388 F1=0.407
2026-05-07 11:52:03 [INFO]     S: gt_pos=0.130 pred_pos=0.000 p_mean=0.284 P=0.000 R=0.000 F1=0.000
2026-05-07 11:52:03 [INFO]     Session-level variance (collapse metric): 0.001412
2026-05-07 11:52:03 [INFO]     calibrated F1=0.4352 via biases D=+0.60 A=+0.60 S=+0.80 (selected=calibrated)
2026-05-07 11:52:03 [INFO]     3/ 30 | 2.50e-04 |   0.9999   |  0.7028  | 0.1554 | 0.4352 | 0.6904 | 0.059/0.407/0.000 | 3m 45s ETA 1h 43m 18s VRAM 21.4G *
2026-05-07 11:52:04 [INFO]   >>> New best F1=0.4352 saved at epoch 3.
2026-05-07 11:55:49 [INFO]     D: gt_pos=0.215 pred_pos=0.000 p_mean=0.361 P=0.000 R=0.000 F1=0.000
2026-05-07 11:55:49 [INFO]     A: gt_pos=0.283 pred_pos=0.000 p_mean=0.350 P=0.000 R=0.000 F1=0.000
2026-05-07 11:55:49 [INFO]     S: gt_pos=0.130 pred_pos=0.000 p_mean=0.302 P=0.000 R=0.000 F1=0.000
2026-05-07 11:55:49 [INFO]     Session-level variance (collapse metric): 0.000478
2026-05-07 11:55:49 [INFO]     calibrated F1=0.4187 via biases D=+0.40 A=+0.80 S=+1.00 (selected=calibrated)
2026-05-07 11:55:49 [INFO]     4/ 30 | 2.49e-04 |   0.9450   |  0.7189  | 0.0000 | 0.4187 | 0.6657 | 0.000/0.000/0.000 | 3m 45s ETA 1h 39m 03s VRAM 21.4G
2026-05-07 11:59:47 [INFO]     D: gt_pos=0.215 pred_pos=0.275 p_mean=0.391 P=0.333 R=0.426 F1=0.374
2026-05-07 11:59:47 [INFO]     A: gt_pos=0.283 pred_pos=0.362 p_mean=0.415 P=0.392 R=0.500 F1=0.439
2026-05-07 11:59:47 [INFO]     S: gt_pos=0.130 pred_pos=0.000 p_mean=0.315 P=0.000 R=0.000 F1=0.000
2026-05-07 11:59:47 [INFO]     Session-level variance (collapse metric): 0.000481
2026-05-07 11:59:47 [INFO]     calibrated F1=0.4142 via biases D=+0.60 A=+0.80 S=+1.00 (selected=calibrated)
2026-05-07 11:59:48 [INFO]     5/ 30 | 2.47e-04 |   0.9150   |  0.7223  | 0.2711 | 0.4142 | 0.6630 | 0.374/0.439/0.000 | 3m 58s ETA 1h 36m 05s VRAM 21.4G
2026-05-07 12:03:34 [INFO]     D: gt_pos=0.215 pred_pos=0.452 p_mean=0.425 P=0.314 R=0.659 F1=0.425
2026-05-07 12:03:34 [INFO]     A: gt_pos=0.283 pred_pos=0.492 p_mean=0.450 P=0.390 R=0.676 F1=0.495
2026-05-07 12:03:34 [INFO]     S: gt_pos=0.130 pred_pos=0.000 p_mean=0.333 P=0.000 R=0.000 F1=0.000
2026-05-07 12:03:34 [INFO]     Session-level variance (collapse metric): 0.000593
2026-05-07 12:03:34 [INFO]     calibrated F1=0.4075 via biases D=+0.00 A=+0.00 S=+0.60 (selected=calibrated)
2026-05-07 12:03:35 [INFO]     6/ 30 | 2.42e-04 |   0.9034   |  0.7328  | 0.3065 | 0.4075 | 0.6730 | 0.425/0.495/0.000 | 3m 46s ETA 1h 32m 00s VRAM 21.4G
2026-05-07 12:07:21 [INFO]     D: gt_pos=0.215 pred_pos=0.480 p_mean=0.386 P=0.309 R=0.690 F1=0.427
2026-05-07 12:07:21 [INFO]     A: gt_pos=0.283 pred_pos=0.543 p_mean=0.444 P=0.374 R=0.718 F1=0.492
2026-05-07 12:07:21 [INFO]     S: gt_pos=0.130 pred_pos=0.387 p_mean=0.370 P=0.198 R=0.590 F1=0.297
2026-05-07 12:07:22 [INFO]     Session-level variance (collapse metric): 0.002193
2026-05-07 12:07:22 [INFO]     calibrated F1=0.4156 via biases D=+0.00 A=+0.30 S=+0.40 (selected=calibrated)
2026-05-07 12:07:22 [INFO]     7/ 30 | 2.37e-04 |   0.8908   |  0.7214  | 0.4052 | 0.4156 | 0.6718 | 0.427/0.492/0.297 | 3m 47s ETA 1h 28m 00s VRAM 21.4G
2026-05-07 12:12:02 [INFO]     D: gt_pos=0.215 pred_pos=0.000 p_mean=0.288 P=0.000 R=0.000 F1=0.000
2026-05-07 12:12:02 [INFO]     A: gt_pos=0.283 pred_pos=0.163 p_mean=0.321 P=0.480 R=0.276 F1=0.351
2026-05-07 12:12:02 [INFO]     S: gt_pos=0.130 pred_pos=0.000 p_mean=0.251 P=0.000 R=0.000 F1=0.000
2026-05-07 12:12:02 [INFO]     Session-level variance (collapse metric): 0.001163
2026-05-07 12:12:02 [INFO]     calibrated F1=0.4207 via biases D=+0.80 A=+1.40 S=+1.20 (selected=calibrated)
2026-05-07 12:12:02 [INFO]     8/ 30 | 2.30e-04 |   0.8853   |  0.7073  | 0.1169 | 0.4207 | 0.6803 | 0.000/0.351/0.000 | 4m 40s ETA 1h 26m 31s VRAM 21.4G
2026-05-07 12:16:45 [INFO]     D: gt_pos=0.215 pred_pos=0.000 p_mean=0.396 P=0.000 R=0.000 F1=0.000
2026-05-07 12:16:45 [INFO]     A: gt_pos=0.283 pred_pos=0.000 p_mean=0.438 P=0.000 R=0.000 F1=0.000
2026-05-07 12:16:45 [INFO]     S: gt_pos=0.130 pred_pos=0.000 p_mean=0.302 P=0.000 R=0.000 F1=0.000
2026-05-07 12:16:45 [INFO]     Session-level variance (collapse metric): 0.000862
2026-05-07 12:16:45 [INFO]     calibrated F1=0.3814 via biases D=+0.40 A=+0.30 S=+0.90 (selected=calibrated)
2026-05-07 12:16:45 [INFO]     9/ 30 | 2.21e-04 |   0.8821   |  0.7420  | 0.0000 | 0.3814 | 0.6212 | 0.000/0.000/0.000 | 4m 42s ETA 1h 24m 24s VRAM 21.4G
2026-05-07 12:21:45 [INFO]     D: gt_pos=0.215 pred_pos=0.423 p_mean=0.368 P=0.307 R=0.605 F1=0.407
2026-05-07 12:21:45 [INFO]     A: gt_pos=0.283 pred_pos=0.467 p_mean=0.412 P=0.382 R=0.629 F1=0.476
2026-05-07 12:21:45 [INFO]     S: gt_pos=0.130 pred_pos=0.000 p_mean=0.275 P=0.000 R=0.000 F1=0.000
2026-05-07 12:21:45 [INFO]     Session-level variance (collapse metric): 0.002146
2026-05-07 12:21:45 [INFO]     calibrated F1=0.4162 via biases D=+0.60 A=+0.40 S=+0.90 (selected=calibrated)
2026-05-07 12:21:45 [INFO]    10/ 30 | 2.11e-04 |   0.8888   |  0.7081  | 0.2943 | 0.4162 | 0.6631 | 0.407/0.476/0.000 | 5m 00s ETA 1h 22m 21s VRAM 21.4G
2026-05-07 12:26:37 [INFO]     D: gt_pos=0.215 pred_pos=0.515 p_mean=0.422 P=0.294 R=0.705 F1=0.416
2026-05-07 12:26:37 [INFO]     A: gt_pos=0.283 pred_pos=0.560 p_mean=0.486 P=0.372 R=0.735 F1=0.494
2026-05-07 12:26:37 [INFO]     S: gt_pos=0.130 pred_pos=0.000 p_mean=0.367 P=0.000 R=0.000 F1=0.000
2026-05-07 12:26:37 [INFO]     Session-level variance (collapse metric): 0.001593
2026-05-07 12:26:37 [INFO]     calibrated F1=0.4170 via biases D=-0.10 A=+0.40 S=+0.40 (selected=calibrated)
2026-05-07 12:26:37 [INFO]    11/ 30 | 2.00e-04 |   0.8820   |  0.7314  | 0.3032 | 0.4170 | 0.6562 | 0.416/0.494/0.000 | 4m 52s ETA 1h 19m 31s VRAM 21.4G
2026-05-07 12:26:37 [INFO]   EarlyStopping triggered at epoch 11 (patience=8, metric=primary)
2026-05-07 12:26:37 [INFO] ==========================================================================================
2026-05-07 12:26:37 [INFO] Training complete. Best F1=0.4352, time=46m 02s
2026-05-07 12:26:37 [INFO] Loading best checkpoint for submission generation ...
2026-05-07 12:26:38 [INFO] Submission level: participant
2026-05-07 12:26:38 [INFO] Decode method: auto
2026-05-07 12:26:38 [INFO] Calibrating per-task bias offsets on val ...
2026-05-07 12:26:59 [INFO]   D: bias=+0.60  F1_cal=0.4589
2026-05-07 12:26:59 [INFO]   A: bias=+0.60  F1_cal=0.5049
2026-05-07 12:26:59 [INFO]   S: bias=+0.80  F1_cal=0.3419
2026-05-07 12:26:59 [INFO]   Mean calibrated F1: 0.4352 (vs selected best: 0.4352, raw best: 0.1554)
2026-05-07 12:26:59 [INFO] Skipping submission generation after training; use infer.py for release inference.
2026-05-07 12:27:00 [INFO] Run complete: a1__grouped__mtcn__a-base-mel_mfcc+vad+egemaps__a-ssl-wav2vec2-chinese-xlsr__v-base-facebeh+qc+vadagg__v-ssl-dinov2-large__mask-andcore__pw_biascalib__seed42__20260507_112654
2026-05-07 12:27:00 [INFO] Output dir: /home/adodas/AdoDAS2026-1/outputs/a1/runs/a1__grouped__mtcn__a-base-mel_mfcc+vad+egemaps__a-ssl-wav2vec2-chinese-xlsr__v-base-facebeh+qc+vadagg__v-ssl-dinov2-large__mask-andcore__pw_biascalib__seed42__20260507_112654
