2026-05-09 10:21:41 [INFO] Logging to /home/adodas/AdoDAS2026_fus/outputs/a1/runs/a1__grouped__mtcn__a-base-mel_mfcc+vad+egemaps__a-ssl-wav2vec2-chinese-xlsr__v-base-headpose+facebeh+qc+vadagg+bodypose+globmot__v-ssl-dinov2-large__mask-andcore__pw_biascalib__seed42__20260509_102140/logs/train_grouped_a1_20260509_102141.log
2026-05-09 10:21:41 [INFO] CUDA_VISIBLE_DEVICES=1,7 — 本进程内 cuda:0 = 可见列表中的第 1 张物理卡；PyTorch OOM 里的「GPU 0」是此逻辑编号，不是机器上的 PCI 0 号。
2026-05-09 10:21:41 [INFO] Device: cuda:0 (rank=0 local_rank=0 world_size=2)
2026-05-09 10:21:41 [INFO] DDP: 配置中的 batch_size 表示全局 participant batch，将均分到各 GPU。 例如 batch_size=64、2 卡 -> 每卡 32。
2026-05-09 10:21:41 [INFO] Task: a1
2026-05-09 10:21:41 [INFO] Run name: a1__grouped__mtcn__a-base-mel_mfcc+vad+egemaps__a-ssl-wav2vec2-chinese-xlsr__v-base-headpose+facebeh+qc+vadagg+bodypose+globmot__v-ssl-dinov2-large__mask-andcore__pw_biascalib__seed42__20260509_102140
2026-05-09 10:21:41 [INFO] Config: {'feature_root': '/home/adodas/dataset', 'manifest_dir': '/home/adodas/dataset/manifests', 'output_dir': '/home/adodas/AdoDAS2026_fus/outputs/a1', 'mask_policy': 'and_core', 'core_audio': ['mel_mfcc', 'ssl_embed'], 'core_video': ['vision_ssl_embed', 'qc_stats'], 'd_adapter': 64, 'd_model': 256, 'tcn_layers': 6, 'tcn_kernel_size': 3, 'asp_alpha': 0.5, 'asp_beta': 0.5, 'dropout': 0.2, 'd_shared': 256, 'aggregator': 'mlp', 'batch_size': 16, 'lr': 0.00025, 'weight_decay': 0.01, 'warmup_epochs': 1, 'epochs': 30, 'seed': 42, 'num_workers': 8, 'amp': True, 'preload': True, 'grad_clip': 1.0, 'use_pos_weight': True, 'patience': 6, 'session_loss_weight': 0.2, 'session_type_loss_weight': 0.15, 'submission_level': 'participant', 'decode_method': 'auto', 'label_smoothing': 0.0, 'feature_noise_std': 0.0, 'session_drop_prob': 0.0, 'early_stop_metric': 'primary', 'pre_tcn_processing': {'enabled': True, 'dynamics_aug': {'enabled': True, 'mode': 'selective_v2', 'apply_audio': {'vad': {'windows': [5, 15, 25], 'use_delta': True, 'use_abs_delta': True, 'use_rolling_mean': True, 'use_rolling_std': True}, 'mel_mfcc': {'windows': [5, 15], 'use_delta': True, 'use_abs_delta': False, 'use_rolling_mean': False, 'use_rolling_std': False}}, 'apply_video': {'vad_agg': {'windows': [5, 15, 25], 'use_delta': True, 'use_abs_delta': True, 'use_rolling_mean': True, 'use_rolling_std': True}, 'headpose_geom': {'windows': [5, 15, 25], 'use_delta': True, 'use_abs_delta': True, 'use_rolling_mean': True, 'use_rolling_std': True}, 'face_behavior': {'windows': [5, 15, 25], 'use_delta': True, 'use_abs_delta': True, 'use_rolling_mean': True, 'use_rolling_std': True}, 'body_pose': {'windows': [5, 15], 'use_delta': True, 'use_abs_delta': True, 'use_rolling_mean': False, 'use_rolling_std': True}, 'global_motion': {'windows': [5, 15], 'use_delta': False, 'use_abs_delta': True, 'use_rolling_mean': True, 'use_rolling_std': True}, 'qc_stats': {'windows': [15, 25], 'use_delta': False, 'use_abs_delta': False, 'use_rolling_mean': True, 'use_rolling_std': True}}, 'exclude': ['ssl_embed', 'vision_ssl_embed', 'egemaps']}}, 'audio_features': ['mel_mfcc', 'vad', 'egemaps', 'ssl_embed'], 'video_features': ['headpose_geom', 'face_behavior', 'qc_stats', 'vad_agg', 'body_pose', 'global_motion', 'vision_ssl_embed'], 'audio_ssl_model_tag': 'wav2vec2-chinese-xlsr', 'video_ssl_model_tag': 'dinov2-large', 'task': 'a1'}
2026-05-09 10:21:41 [INFO] Mask policy: and_core
2026-05-09 10:21:44 [INFO] [PreTCN] DynamicsAug enabled: True
2026-05-09 10:21:44 [INFO] [PreTCN] mode: selective_v2
2026-05-09 10:21:44 [INFO] [PreTCN]   audio[mel_mfcc]: {'windows': [5, 15], 'use_delta': True, 'use_abs_delta': False, 'use_rolling_mean': False, 'use_rolling_std': False}
2026-05-09 10:21:44 [INFO] [PreTCN]   audio[vad]: {'windows': [5, 15, 25], 'use_delta': True, 'use_abs_delta': True, 'use_rolling_mean': True, 'use_rolling_std': True}
2026-05-09 10:21:44 [INFO] [PreTCN]   video[body_pose]: {'windows': [5, 15], 'use_delta': True, 'use_abs_delta': True, 'use_rolling_mean': False, 'use_rolling_std': True}
2026-05-09 10:21:44 [INFO] [PreTCN]   video[face_behavior]: {'windows': [5, 15, 25], 'use_delta': True, 'use_abs_delta': True, 'use_rolling_mean': True, 'use_rolling_std': True}
2026-05-09 10:21:44 [INFO] [PreTCN]   video[global_motion]: {'windows': [5, 15], 'use_delta': False, 'use_abs_delta': True, 'use_rolling_mean': True, 'use_rolling_std': True}
2026-05-09 10:21:44 [INFO] [PreTCN]   video[headpose_geom]: {'windows': [5, 15, 25], 'use_delta': True, 'use_abs_delta': True, 'use_rolling_mean': True, 'use_rolling_std': True}
2026-05-09 10:21:44 [INFO] [PreTCN]   video[qc_stats]: {'windows': [15, 25], 'use_delta': False, 'use_abs_delta': False, 'use_rolling_mean': True, 'use_rolling_std': True}
2026-05-09 10:21:44 [INFO] [PreTCN]   video[vad_agg]: {'windows': [5, 15, 25], 'use_delta': True, 'use_abs_delta': True, 'use_rolling_mean': True, 'use_rolling_std': True}
2026-05-09 10:21:44 [INFO] [PreTCN] body_pose: 27 -> 135
2026-05-09 10:21:44 [INFO] [PreTCN] face_behavior: 5 -> 45
2026-05-09 10:21:44 [INFO] [PreTCN] global_motion: 4 -> 24
2026-05-09 10:21:45 [INFO] [PreTCN] headpose_geom: 5 -> 45
2026-05-09 10:21:45 [INFO] [PreTCN] mel_mfcc: 93 -> 186
2026-05-09 10:21:45 [INFO] [PreTCN] qc_stats: 4 -> 20
2026-05-09 10:21:45 [INFO] [PreTCN] vad: 1 -> 9
2026-05-09 10:21:45 [INFO] [PreTCN] vad_agg: 4 -> 36
2026-05-09 10:21:45 [INFO] Train: 4200 participants, Val: 600 participants
2026-05-09 10:21:45 [INFO] Preloading data into RAM ...
2026-05-09 10:21:45 [WARNING] DDP 下每个进程都会 preload 一份数据，主机内存约为单卡的 2x；内存不足请设 preload: false。
2026-05-09 11:49:34 [INFO] Preloaded 4200/4200 participants (53.9 GB in RAM)
2026-05-09 12:06:10 [INFO] Preloaded 600/600 participants (9.3 GB in RAM)
2026-05-09 12:06:10 [INFO] Preload done: 53.9G + 9.3G = 63.2G, took 1h 44m 24s
2026-05-09 12:06:10 [INFO] batch_size(global)=16 per_gpu_train=8 val_batch=16 num_workers=0
2026-05-09 12:07:00 [INFO] Model params: 6,110,437
2026-05-09 12:07:00 [INFO] AMP enabled (BF16)
2026-05-09 12:07:01 [INFO] pos_weight [D/A/S]: 1.91 / 1.59 / 2.60
2026-05-09 12:07:01 [INFO] Scheduler: warmup=1 -> cosine, total=30
2026-05-09 12:07:01 [INFO] Grad clip: 1.0
2026-05-09 12:07:01 [INFO] Session loss weight: 0.2
2026-05-09 12:07:01 [INFO] Session type loss weight: 0.15
2026-05-09 12:07:01 [INFO] EarlyStopping: patience=6, metric=primary, mode=max
2026-05-09 12:07:01 [INFO] Label smoothing: 0.0
2026-05-09 12:07:01 [INFO] Feature noise std: 0.0
2026-05-09 12:07:01 [INFO] Session drop prob: 0.0
2026-05-09 12:07:01 [INFO] ==========================================================================================
2026-05-09 12:07:01 [INFO]   Epoch  |    LR     | Train Loss | Val Loss | F1 raw | F1 sel |  AUROC | F1[D/A/S]       | Time
2026-05-09 12:07:01 [INFO] ==========================================================================================
2026-05-09 12:12:04 [INFO]     D: gt_pos=0.215 pred_pos=0.000 p_mean=0.283 P=0.000 R=0.000 F1=0.000
2026-05-09 12:12:04 [INFO]     A: gt_pos=0.283 pred_pos=0.000 p_mean=0.343 P=0.000 R=0.000 F1=0.000
2026-05-09 12:12:04 [INFO]     S: gt_pos=0.130 pred_pos=0.000 p_mean=0.199 P=0.000 R=0.000 F1=0.000
2026-05-09 12:12:04 [INFO]     Session-level variance (collapse metric): 0.000404
2026-05-09 12:12:04 [INFO]     calibrated F1=0.3463 via biases D=+1.10 A=+0.80 S=+1.40 (selected=calibrated)
2026-05-09 12:12:05 [INFO]     1/ 30 | 2.50e-04 |   1.1524   |  0.7635  | 0.0000 | 0.3463 | 0.5081 | 0.000/0.000/0.000 | 5m 03s ETA 2h 26m 44s VRAM 11.1G *
2026-05-09 12:12:05 [INFO]   >>> New best F1=0.3463 saved at epoch 1.
2026-05-09 12:16:51 [INFO]     D: gt_pos=0.215 pred_pos=0.000 p_mean=0.280 P=0.000 R=0.000 F1=0.000
2026-05-09 12:16:51 [INFO]     A: gt_pos=0.283 pred_pos=0.000 p_mean=0.318 P=0.000 R=0.000 F1=0.000
2026-05-09 12:16:52 [INFO]     S: gt_pos=0.130 pred_pos=0.000 p_mean=0.241 P=0.000 R=0.000 F1=0.000
2026-05-09 12:16:52 [INFO]     Session-level variance (collapse metric): 0.000285
2026-05-09 12:16:52 [INFO]     calibrated F1=0.3429 via biases D=+1.00 A=+0.80 S=+1.20 (selected=calibrated)
2026-05-09 12:16:52 [INFO]     2/ 30 | 2.49e-04 |   1.0389   |  0.7599  | 0.0000 | 0.3429 | 0.5722 | 0.000/0.000/0.000 | 4m 46s ETA 2h 17m 50s VRAM 11.1G
2026-05-09 12:21:35 [INFO]     D: gt_pos=0.215 pred_pos=0.000 p_mean=0.298 P=0.000 R=0.000 F1=0.000
2026-05-09 12:21:35 [INFO]     A: gt_pos=0.283 pred_pos=0.000 p_mean=0.369 P=0.000 R=0.000 F1=0.000
2026-05-09 12:21:35 [INFO]     S: gt_pos=0.130 pred_pos=0.000 p_mean=0.216 P=0.000 R=0.000 F1=0.000
2026-05-09 12:21:35 [INFO]     Session-level variance (collapse metric): 0.000527
2026-05-09 12:21:35 [INFO]     calibrated F1=0.4159 via biases D=+0.70 A=+0.40 S=+1.10 (selected=calibrated)
2026-05-09 12:21:35 [INFO]     3/ 30 | 2.47e-04 |   0.9231   |  0.7306  | 0.0000 | 0.4159 | 0.6536 | 0.000/0.000/0.000 | 4m 43s ETA 2h 11m 06s VRAM 11.1G *
2026-05-09 12:21:36 [INFO]   >>> New best F1=0.4159 saved at epoch 3.
2026-05-09 12:26:25 [INFO]     D: gt_pos=0.215 pred_pos=0.000 p_mean=0.349 P=0.000 R=0.000 F1=0.000
2026-05-09 12:26:26 [INFO]     A: gt_pos=0.283 pred_pos=0.000 p_mean=0.396 P=0.000 R=0.000 F1=0.000
2026-05-09 12:26:26 [INFO]     S: gt_pos=0.130 pred_pos=0.000 p_mean=0.283 P=0.000 R=0.000 F1=0.000
2026-05-09 12:26:26 [INFO]     Session-level variance (collapse metric): 0.000852
2026-05-09 12:26:26 [INFO]     calibrated F1=0.3431 via biases D=+0.70 A=+0.60 S=+1.00 (selected=calibrated)
2026-05-09 12:26:26 [INFO]     4/ 30 | 2.43e-04 |   0.9155   |  0.7504  | 0.0000 | 0.3431 | 0.5857 | 0.000/0.000/0.000 | 4m 49s ETA 2h 06m 10s VRAM 11.1G
2026-05-09 12:31:20 [INFO]     D: gt_pos=0.215 pred_pos=0.410 p_mean=0.358 P=0.313 R=0.597 F1=0.411
2026-05-09 12:31:20 [INFO]     A: gt_pos=0.283 pred_pos=0.447 p_mean=0.400 P=0.396 R=0.624 F1=0.484
2026-05-09 12:31:20 [INFO]     S: gt_pos=0.130 pred_pos=0.213 p_mean=0.292 P=0.219 R=0.359 F1=0.272
2026-05-09 12:31:20 [INFO]     Session-level variance (collapse metric): 0.004843
2026-05-09 12:31:20 [INFO]     calibrated F1=0.4091 via biases D=+0.30 A=+1.40 S=+0.50 (selected=calibrated)
2026-05-09 12:31:20 [INFO]     5/ 30 | 2.38e-04 |   0.8934   |  0.7414  | 0.3888 | 0.4091 | 0.6513 | 0.411/0.484/0.272 | 4m 54s ETA 2h 01m 34s VRAM 11.1G
2026-05-09 12:36:02 [INFO]     D: gt_pos=0.215 pred_pos=0.258 p_mean=0.384 P=0.329 R=0.395 F1=0.359
2026-05-09 12:36:02 [INFO]     A: gt_pos=0.283 pred_pos=0.137 p_mean=0.402 P=0.476 R=0.229 F1=0.310
2026-05-09 12:36:02 [INFO]     S: gt_pos=0.130 pred_pos=0.000 p_mean=0.318 P=0.000 R=0.000 F1=0.000
2026-05-09 12:36:02 [INFO]     Session-level variance (collapse metric): 0.001533
2026-05-09 12:36:02 [INFO]     calibrated F1=0.4068 via biases D=+0.10 A=+0.10 S=+0.40 (selected=calibrated)
2026-05-09 12:36:02 [INFO]     6/ 30 | 2.32e-04 |   0.8791   |  0.7248  | 0.2229 | 0.4068 | 0.6647 | 0.359/0.310/0.000 | 4m 41s ETA 1h 56m 03s VRAM 11.1G
2026-05-09 12:40:33 [INFO]     D: gt_pos=0.215 pred_pos=0.000 p_mean=0.301 P=0.000 R=0.000 F1=0.000
2026-05-09 12:40:33 [INFO]     A: gt_pos=0.283 pred_pos=0.000 p_mean=0.363 P=0.000 R=0.000 F1=0.000
2026-05-09 12:40:33 [INFO]     S: gt_pos=0.130 pred_pos=0.000 p_mean=0.254 P=0.000 R=0.000 F1=0.000
2026-05-09 12:40:33 [INFO]     Session-level variance (collapse metric): 0.000723
2026-05-09 12:40:33 [INFO]     calibrated F1=0.4184 via biases D=+0.80 A=+0.40 S=+0.90 (selected=calibrated)
2026-05-09 12:40:33 [INFO]     7/ 30 | 2.25e-04 |   0.8776   |  0.7132  | 0.0000 | 0.4184 | 0.6537 | 0.000/0.000/0.000 | 4m 30s ETA 1h 50m 10s VRAM 11.1G *
2026-05-09 12:40:33 [INFO]   >>> New best F1=0.4184 saved at epoch 7.
2026-05-09 12:45:17 [INFO]     D: gt_pos=0.215 pred_pos=0.000 p_mean=0.308 P=0.000 R=0.000 F1=0.000
2026-05-09 12:45:17 [INFO]     A: gt_pos=0.283 pred_pos=0.000 p_mean=0.325 P=0.000 R=0.000 F1=0.000
2026-05-09 12:45:17 [INFO]     S: gt_pos=0.130 pred_pos=0.000 p_mean=0.219 P=0.000 R=0.000 F1=0.000
2026-05-09 12:45:17 [INFO]     Session-level variance (collapse metric): 0.000779
2026-05-09 12:45:17 [INFO]     calibrated F1=0.4238 via biases D=+0.30 A=+1.40 S=+0.80 (selected=calibrated)
2026-05-09 12:45:17 [INFO]     8/ 30 | 2.16e-04 |   0.8601   |  0.7129  | 0.0000 | 0.4238 | 0.6567 | 0.000/0.000/0.000 | 4m 43s ETA 1h 45m 14s VRAM 11.1G *
2026-05-09 12:45:18 [INFO]   >>> New best F1=0.4238 saved at epoch 8.
2026-05-09 12:50:09 [INFO]     D: gt_pos=0.215 pred_pos=0.000 p_mean=0.347 P=0.000 R=0.000 F1=0.000
2026-05-09 12:50:09 [INFO]     A: gt_pos=0.283 pred_pos=0.000 p_mean=0.367 P=0.000 R=0.000 F1=0.000
2026-05-09 12:50:09 [INFO]     S: gt_pos=0.130 pred_pos=0.000 p_mean=0.280 P=0.000 R=0.000 F1=0.000
2026-05-09 12:50:09 [INFO]     Session-level variance (collapse metric): 0.000128
2026-05-09 12:50:09 [INFO]     calibrated F1=0.3419 via biases D=+0.70 A=+0.60 S=+1.00 (selected=calibrated)
2026-05-09 12:50:09 [INFO]     9/ 30 | 2.06e-04 |   0.8868   |  0.7506  | 0.0000 | 0.3419 | 0.6133 | 0.000/0.000/0.000 | 4m 51s ETA 1h 40m 39s VRAM 11.1G
2026-05-09 12:54:42 [INFO]     D: gt_pos=0.215 pred_pos=0.000 p_mean=0.367 P=0.000 R=0.000 F1=0.000
2026-05-09 12:54:42 [INFO]     A: gt_pos=0.283 pred_pos=0.257 p_mean=0.431 P=0.409 R=0.371 F1=0.389
2026-05-09 12:54:42 [INFO]     S: gt_pos=0.130 pred_pos=0.000 p_mean=0.370 P=0.000 R=0.000 F1=0.000
2026-05-09 12:54:42 [INFO]     Session-level variance (collapse metric): 0.000722
2026-05-09 12:54:42 [INFO]     calibrated F1=0.4111 via biases D=+0.60 A=+0.50 S=+0.10 (selected=calibrated)
2026-05-09 12:54:42 [INFO]    10/ 30 | 1.95e-04 |   0.8984   |  0.7366  | 0.1296 | 0.4111 | 0.6546 | 0.000/0.389/0.000 | 4m 32s ETA 1h 35m 21s VRAM 11.1G
2026-05-09 12:59:06 [INFO]     D: gt_pos=0.215 pred_pos=0.000 p_mean=0.366 P=0.000 R=0.000 F1=0.000
2026-05-09 12:59:07 [INFO]     A: gt_pos=0.283 pred_pos=0.288 p_mean=0.398 P=0.422 R=0.429 F1=0.426
2026-05-09 12:59:07 [INFO]     S: gt_pos=0.130 pred_pos=0.000 p_mean=0.271 P=0.000 R=0.000 F1=0.000
2026-05-09 12:59:07 [INFO]     Session-level variance (collapse metric): 0.001092
2026-05-09 12:59:07 [INFO]     calibrated F1=0.4167 via biases D=+0.50 A=+0.60 S=+1.10 (selected=calibrated)
2026-05-09 12:59:07 [INFO]    11/ 30 | 1.84e-04 |   0.8607   |  0.7159  | 0.1419 | 0.4167 | 0.6582 | 0.000/0.426/0.000 | 4m 25s ETA 1h 29m 59s VRAM 11.1G
2026-05-09 13:03:40 [INFO]     D: gt_pos=0.215 pred_pos=0.000 p_mean=0.285 P=0.000 R=0.000 F1=0.000
2026-05-09 13:03:40 [INFO]     A: gt_pos=0.283 pred_pos=0.218 p_mean=0.324 P=0.412 R=0.318 F1=0.359
2026-05-09 13:03:40 [INFO]     S: gt_pos=0.130 pred_pos=0.000 p_mean=0.219 P=0.000 R=0.000 F1=0.000
2026-05-09 13:03:40 [INFO]     Session-level variance (collapse metric): 0.001518
2026-05-09 13:03:40 [INFO]     calibrated F1=0.4076 via biases D=+0.70 A=+1.00 S=+1.20 (selected=calibrated)
2026-05-09 13:03:40 [INFO]    12/ 30 | 1.72e-04 |   0.8563   |  0.7274  | 0.1196 | 0.4076 | 0.6504 | 0.000/0.359/0.000 | 4m 33s ETA 1h 24m 58s VRAM 11.1G
2026-05-09 13:08:24 [INFO]     D: gt_pos=0.215 pred_pos=0.132 p_mean=0.351 P=0.354 R=0.217 F1=0.269
2026-05-09 13:08:25 [INFO]     A: gt_pos=0.283 pred_pos=0.373 p_mean=0.403 P=0.406 R=0.535 F1=0.462
2026-05-09 13:08:25 [INFO]     S: gt_pos=0.130 pred_pos=0.000 p_mean=0.281 P=0.000 R=0.000 F1=0.000
2026-05-09 13:08:25 [INFO]     Session-level variance (collapse metric): 0.000785
2026-05-09 13:08:25 [INFO]     calibrated F1=0.4217 via biases D=+0.70 A=+0.80 S=+0.60 (selected=calibrated)
2026-05-09 13:08:26 [INFO]    13/ 30 | 1.59e-04 |   0.8513   |  0.7106  | 0.2437 | 0.4217 | 0.6615 | 0.269/0.462/0.000 | 4m 45s ETA 1h 20m 18s VRAM 11.1G
2026-05-09 13:12:48 [INFO]     D: gt_pos=0.215 pred_pos=0.000 p_mean=0.332 P=0.000 R=0.000 F1=0.000
2026-05-09 13:12:48 [INFO]     A: gt_pos=0.283 pred_pos=0.377 p_mean=0.379 P=0.398 R=0.529 F1=0.455
2026-05-09 13:12:48 [INFO]     S: gt_pos=0.130 pred_pos=0.000 p_mean=0.270 P=0.000 R=0.000 F1=0.000
2026-05-09 13:12:49 [INFO]     Session-level variance (collapse metric): 0.001086
2026-05-09 13:12:49 [INFO]     calibrated F1=0.4212 via biases D=+0.60 A=+1.20 S=+0.70 (selected=calibrated)
2026-05-09 13:12:49 [INFO]    14/ 30 | 1.46e-04 |   0.8516   |  0.7075  | 0.1515 | 0.4212 | 0.6631 | 0.000/0.455/0.000 | 4m 22s ETA 1h 15m 11s VRAM 11.1G
2026-05-09 13:12:49 [INFO]   EarlyStopping triggered at epoch 14 (patience=6, metric=primary)
2026-05-09 13:12:49 [INFO] ==========================================================================================
2026-05-09 13:12:49 [INFO] Training complete. Best F1=0.4238, time=1h 05m 48s
2026-05-09 13:12:49 [INFO] Loading best checkpoint for submission generation ...
2026-05-09 13:12:49 [INFO] Submission level: participant
2026-05-09 13:12:49 [INFO] Decode method: auto
2026-05-09 13:12:49 [INFO] Calibrating per-task bias offsets on val ...
2026-05-09 13:13:36 [INFO]   D: bias=+0.30  F1_cal=0.4384
2026-05-09 13:13:36 [INFO]   A: bias=+1.40  F1_cal=0.4964
2026-05-09 13:13:36 [INFO]   S: bias=+0.80  F1_cal=0.3366
2026-05-09 13:13:36 [INFO]   Mean calibrated F1: 0.4238 (vs selected best: 0.4238, raw best: 0.0000)
2026-05-09 13:13:36 [INFO] Skipping submission generation after training; use infer.py for release inference.
2026-05-09 13:13:36 [INFO] Run complete: a1__grouped__mtcn__a-base-mel_mfcc+vad+egemaps__a-ssl-wav2vec2-chinese-xlsr__v-base-headpose+facebeh+qc+vadagg+bodypose+globmot__v-ssl-dinov2-large__mask-andcore__pw_biascalib__seed42__20260509_102140
2026-05-09 13:13:37 [INFO] Output dir: /home/adodas/AdoDAS2026_fus/outputs/a1/runs/a1__grouped__mtcn__a-base-mel_mfcc+vad+egemaps__a-ssl-wav2vec2-chinese-xlsr__v-base-headpose+facebeh+qc+vadagg+bodypose+globmot__v-ssl-dinov2-large__mask-andcore__pw_biascalib__seed42__20260509_102140
