2026-05-12 00:54:46 [INFO] Logging to /home/adodas/AdoDAS2026_5/outputs/a1/reduced_dynamic/runs/a1__grouped__mtcn__a-base-mel_mfcc+vad+egemaps__a-ssl-wav2vec2-chinese-xlsr__v-base-headpose+facebeh+qc+vadagg+bodypose+globmot__v-ssl-dinov2-large__mask-andcore__pw_biascalib__seed42__20260512_005446/logs/train_grouped_a1_20260512_005446.log
2026-05-12 00:54:46 [INFO] Device: cuda
2026-05-12 00:54:46 [INFO] Task: a1
2026-05-12 00:54:46 [INFO] Run name: a1__grouped__mtcn__a-base-mel_mfcc+vad+egemaps__a-ssl-wav2vec2-chinese-xlsr__v-base-headpose+facebeh+qc+vadagg+bodypose+globmot__v-ssl-dinov2-large__mask-andcore__pw_biascalib__seed42__20260512_005446
2026-05-12 00:54:47 [INFO] Config: {'feature_root': '/home/adodas/dataset', 'manifest_dir': '/home/adodas/dataset/manifests', 'output_dir': '/home/adodas/AdoDAS2026_5/outputs/a1/reduced_dynamic', 'mask_policy': 'and_core', 'core_audio': ['mel_mfcc', 'ssl_embed'], 'core_video': ['vision_ssl_embed'], 'd_adapter': 64, 'd_model': 256, 'tcn_layers': 6, 'tcn_kernel_size': 3, 'asp_alpha': 0.5, 'asp_beta': 0.5, 'dropout': 0.2, 'd_shared': 256, 'aggregator': 'mlp', 'batch_size': 32, 'lr': 0.0005, 'weight_decay': 0.01, 'warmup_epochs': 1, 'epochs': 30, 'seed': 42, 'num_workers': 8, 'amp': True, 'preload': False, 'grad_clip': 1.0, 'use_pos_weight': True, 'patience': 6, 'session_loss_weight': 0.2, 'session_type_loss_weight': 0.15, 'submission_level': 'participant', 'decode_method': 'auto', 'label_smoothing': 0.0, 'feature_noise_std': 0.0, 'session_drop_prob': 0.0, 'early_stop_metric': 'primary', 'pre_tcn_processing': {'enabled': True, 'dynamics_aug': {'enabled': True, 'mode': 'selective_v2', 'apply_audio': {'vad': {'windows': [5, 15, 25], 'use_delta': True, 'use_abs_delta': True, 'use_rolling_mean': True, 'use_rolling_std': True}}, 'apply_video': {'vad_agg': {'windows': [5, 15, 25], 'use_delta': True, 'use_abs_delta': True, 'use_rolling_mean': True, 'use_rolling_std': True}, 'headpose_geom': {'windows': [5, 15], 'use_delta': True, 'use_abs_delta': True, 'use_rolling_mean': True, 'use_rolling_std': False}, 'face_behavior': {'windows': [5, 15], 'use_delta': True, 'use_abs_delta': True, 'use_rolling_mean': True, 'use_rolling_std': False}}, 'exclude': ['ssl_embed', 'vision_ssl_embed', 'mel_mfcc', 'egemaps', 'qc_stats', 'body_pose', 'global_motion']}}, 'audio_features': ['mel_mfcc', 'vad', 'egemaps', 'ssl_embed'], 'video_features': ['headpose_geom', 'face_behavior', 'qc_stats', 'vad_agg', 'body_pose', 'global_motion', 'vision_ssl_embed'], 'audio_ssl_model_tag': 'wav2vec2-chinese-xlsr', 'video_ssl_model_tag': 'dinov2-large', 'task': 'a1'}
2026-05-12 00:54:47 [INFO] Mask policy: and_core
2026-05-12 00:54:50 [INFO] [PreTCN] DynamicsAug enabled: True
2026-05-12 00:54:50 [INFO] [PreTCN] mode: selective_v2
2026-05-12 00:54:50 [INFO] [PreTCN]   audio[vad]: {'windows': [5, 15, 25], 'use_delta': True, 'use_abs_delta': True, 'use_rolling_mean': True, 'use_rolling_std': True}
2026-05-12 00:54:50 [INFO] [PreTCN]   video[face_behavior]: {'windows': [5, 15], 'use_delta': True, 'use_abs_delta': True, 'use_rolling_mean': True, 'use_rolling_std': False}
2026-05-12 00:54:50 [INFO] [PreTCN]   video[headpose_geom]: {'windows': [5, 15], 'use_delta': True, 'use_abs_delta': True, 'use_rolling_mean': True, 'use_rolling_std': False}
2026-05-12 00:54:50 [INFO] [PreTCN]   video[vad_agg]: {'windows': [5, 15, 25], 'use_delta': True, 'use_abs_delta': True, 'use_rolling_mean': True, 'use_rolling_std': True}
2026-05-12 00:54:51 [INFO] [PreTCN] face_behavior: 5 -> 25
2026-05-12 00:54:51 [INFO] [PreTCN] headpose_geom: 5 -> 25
2026-05-12 00:54:51 [INFO] [PreTCN] vad: 1 -> 9
2026-05-12 00:54:51 [INFO] [PreTCN] vad_agg: 4 -> 36
2026-05-12 00:54:51 [INFO] Train: 4200 participants, Val: 600 participants
2026-05-12 00:54:51 [INFO] batch_size=32, num_workers=8
2026-05-12 00:54:52 [INFO] Model params: 5,562,235
2026-05-12 00:54:52 [INFO] AMP enabled (BF16)
2026-05-12 00:54:52 [INFO] pos_weight [D/A/S]: 1.91 / 1.59 / 2.60
2026-05-12 00:54:53 [INFO] Scheduler: warmup=1 -> cosine, total=30
2026-05-12 00:54:53 [INFO] Grad clip: 1.0
2026-05-12 00:54:53 [INFO] Session loss weight: 0.2
2026-05-12 00:54:54 [INFO] Session type loss weight: 0.15
2026-05-12 00:54:54 [INFO] EarlyStopping: patience=6, metric=primary, mode=max
2026-05-12 00:54:54 [INFO] Label smoothing: 0.0
2026-05-12 00:54:54 [INFO] Feature noise std: 0.0
2026-05-12 00:54:54 [INFO] Session drop prob: 0.0
2026-05-12 00:54:54 [INFO] ==========================================================================================
2026-05-12 00:54:54 [INFO]   Epoch  |    LR     | Train Loss | Val Loss | F1 raw | F1 sel |  AUROC | F1[D/A/S]       | Time
2026-05-12 00:54:54 [INFO] ==========================================================================================
2026-05-12 01:04:16 [INFO]     D: gt_pos=0.215 pred_pos=0.000 p_mean=0.333 P=0.000 R=0.000 F1=0.000
2026-05-12 01:04:16 [INFO]     A: gt_pos=0.283 pred_pos=0.000 p_mean=0.355 P=0.000 R=0.000 F1=0.000
2026-05-12 01:04:16 [INFO]     S: gt_pos=0.130 pred_pos=0.000 p_mean=0.246 P=0.000 R=0.000 F1=0.000
2026-05-12 01:04:16 [INFO]     Session-level variance (collapse metric): 0.000960
2026-05-12 01:04:16 [INFO]     calibrated F1=0.3766 via biases D=+0.70 A=+0.70 S=+1.10 (selected=calibrated)
2026-05-12 01:04:16 [INFO]     1/ 30 | 5.00e-04 |   1.1369   |  0.7494  | 0.0000 | 0.3766 | 0.6121 | 0.000/0.000/0.000 | 9m 21s ETA 4h 31m 38s VRAM 13.7G *
2026-05-12 01:04:16 [INFO]   >>> New best F1=0.3766 saved at epoch 1.
2026-05-12 01:04:16 [INFO]   >>> New best_raw_f1=0.0000 -> best_raw_f1.pt
2026-05-12 01:04:17 [INFO]   >>> New best_auroc=0.6121 -> best_auroc.pt
2026-05-12 01:04:17 [INFO]   >>> New best_calibrated_f1=0.3766 -> best_calibrated_f1.pt
2026-05-12 01:04:17 [INFO]   >>> New best_robust=0.1042 -> best_robust.pt
2026-05-12 01:13:34 [INFO]     D: gt_pos=0.215 pred_pos=0.000 p_mean=0.262 P=0.000 R=0.000 F1=0.000
2026-05-12 01:13:34 [INFO]     A: gt_pos=0.283 pred_pos=0.002 p_mean=0.337 P=0.000 R=0.000 F1=0.000
2026-05-12 01:13:34 [INFO]     S: gt_pos=0.130 pred_pos=0.000 p_mean=0.227 P=0.000 R=0.000 F1=0.000
2026-05-12 01:13:34 [INFO]     Session-level variance (collapse metric): 0.002303
2026-05-12 01:13:34 [INFO]     calibrated F1=0.4102 via biases D=+1.00 A=+0.80 S=+0.80 (selected=calibrated)
2026-05-12 01:13:34 [INFO]     2/ 30 | 4.99e-04 |   1.0266   |  0.7316  | 0.0000 | 0.4102 | 0.6572 | 0.000/0.000/0.000 | 9m 16s ETA 4h 21m 18s VRAM 13.7G *
2026-05-12 01:13:35 [INFO]   >>> New best F1=0.4102 saved at epoch 2.
2026-05-12 01:13:36 [INFO]   >>> New best_auroc=0.6572 -> best_auroc.pt
2026-05-12 01:13:37 [INFO]   >>> New best_calibrated_f1=0.4102 -> best_calibrated_f1.pt
2026-05-12 01:13:37 [INFO]   >>> New best_robust=0.1095 -> best_robust.pt
