2026-05-11 14:14:59 [INFO] Logging to outputs_internal/split0/a1_reduced/runs/a1__grouped__mtcn__a-base-mel_mfcc+vad+egemaps__a-ssl-wav2vec2-chinese-xlsr__v-base-headpose+facebeh+qc+vadagg+bodypose+globmot__v-ssl-dinov2-large__mask-andcore__pw_biascalib__seed42__20260511_141459/logs/train_grouped_a1_20260511_141459.log
2026-05-11 14:14:59 [INFO] Device: cpu
2026-05-11 14:14:59 [INFO] Task: a1
2026-05-11 14:14:59 [INFO] Run name: a1__grouped__mtcn__a-base-mel_mfcc+vad+egemaps__a-ssl-wav2vec2-chinese-xlsr__v-base-headpose+facebeh+qc+vadagg+bodypose+globmot__v-ssl-dinov2-large__mask-andcore__pw_biascalib__seed42__20260511_141459
2026-05-11 14:14:59 [INFO] Config: {'feature_root': '/home/adodas/dataset', 'manifest_dir': '/home/adodas/dataset/manifests_internal/split_0_school_class', 'output_dir': 'outputs_internal/split0/a1_reduced', 'mask_policy': 'and_core', 'core_audio': ['mel_mfcc', 'ssl_embed'], 'core_video': ['vision_ssl_embed', 'qc_stats'], 'd_adapter': 64, 'd_model': 256, 'tcn_layers': 6, 'tcn_kernel_size': 3, 'asp_alpha': 0.5, 'asp_beta': 0.5, 'dropout': 0.2, 'd_shared': 256, 'aggregator': 'mlp', 'batch_size': 32, 'lr': 0.0005, 'weight_decay': 0.01, 'warmup_epochs': 1, 'epochs': 30, 'seed': 42, 'num_workers': 8, 'amp': True, 'preload': False, 'grad_clip': 1.0, 'use_pos_weight': True, 'patience': 6, 'session_loss_weight': 0.2, 'session_type_loss_weight': 0.15, 'submission_level': 'participant', 'decode_method': 'auto', 'label_smoothing': 0.0, 'feature_noise_std': 0.0, 'session_drop_prob': 0.0, 'early_stop_metric': 'primary', 'pre_tcn_processing': {'enabled': True, 'dynamics_aug': {'enabled': True, 'mode': 'selective_v2', 'apply_audio': {'vad': {'windows': [5, 15, 25], 'use_delta': True, 'use_abs_delta': True, 'use_rolling_mean': True, 'use_rolling_std': True}, 'mel_mfcc': {'windows': [5, 15], 'use_delta': True, 'use_abs_delta': False, 'use_rolling_mean': False, 'use_rolling_std': False}}, 'apply_video': {'vad_agg': {'windows': [5, 15, 25], 'use_delta': True, 'use_abs_delta': True, 'use_rolling_mean': True, 'use_rolling_std': True}, 'headpose_geom': {'windows': [5, 15, 25], 'use_delta': True, 'use_abs_delta': True, 'use_rolling_mean': True, 'use_rolling_std': True}, 'face_behavior': {'windows': [5, 15, 25], 'use_delta': True, 'use_abs_delta': True, 'use_rolling_mean': True, 'use_rolling_std': True}, 'body_pose': {'windows': [5, 15], 'use_delta': True, 'use_abs_delta': True, 'use_rolling_mean': False, 'use_rolling_std': True}, 'global_motion': {'windows': [5, 15], 'use_delta': False, 'use_abs_delta': True, 'use_rolling_mean': True, 'use_rolling_std': True}, 'qc_stats': {'windows': [15, 25], 'use_delta': False, 'use_abs_delta': False, 'use_rolling_mean': True, 'use_rolling_std': True}}, 'exclude': ['ssl_embed', 'vision_ssl_embed', 'mel_mfcc', 'egemaps', 'qc_stats', 'body_pose', 'global_motion']}}, 'audio_features': ['mel_mfcc', 'vad', 'egemaps', 'ssl_embed'], 'video_features': ['headpose_geom', 'face_behavior', 'qc_stats', 'vad_agg', 'body_pose', 'global_motion', 'vision_ssl_embed'], 'audio_ssl_model_tag': 'wav2vec2-chinese-xlsr', 'video_ssl_model_tag': 'dinov2-large', 'task': 'a1'}
2026-05-11 14:14:59 [INFO] Mask policy: and_core
2026-05-11 14:15:01 [WARNING] [PreTCN] selective_v2: skip 'mel_mfcc' in apply_audio (exclude)
2026-05-11 14:15:01 [WARNING] [PreTCN] selective_v2: skip 'body_pose' in apply_video (exclude)
2026-05-11 14:15:01 [WARNING] [PreTCN] selective_v2: skip 'global_motion' in apply_video (exclude)
2026-05-11 14:15:01 [WARNING] [PreTCN] selective_v2: skip 'qc_stats' in apply_video (exclude)
2026-05-11 14:15:01 [WARNING] [PreTCN] selective_v2: skip 'mel_mfcc' in apply_audio (exclude)
2026-05-11 14:15:01 [WARNING] [PreTCN] selective_v2: skip 'body_pose' in apply_video (exclude)
2026-05-11 14:15:02 [WARNING] [PreTCN] selective_v2: skip 'global_motion' in apply_video (exclude)
2026-05-11 14:15:02 [WARNING] [PreTCN] selective_v2: skip 'qc_stats' in apply_video (exclude)
2026-05-11 14:15:02 [INFO] [PreTCN] DynamicsAug enabled: True
2026-05-11 14:15:02 [INFO] [PreTCN] mode: selective_v2
2026-05-11 14:15:02 [INFO] [PreTCN]   audio[vad]: {'windows': [5, 15, 25], 'use_delta': True, 'use_abs_delta': True, 'use_rolling_mean': True, 'use_rolling_std': True}
2026-05-11 14:15:02 [INFO] [PreTCN]   video[face_behavior]: {'windows': [5, 15, 25], 'use_delta': True, 'use_abs_delta': True, 'use_rolling_mean': True, 'use_rolling_std': True}
2026-05-11 14:15:02 [INFO] [PreTCN]   video[headpose_geom]: {'windows': [5, 15, 25], 'use_delta': True, 'use_abs_delta': True, 'use_rolling_mean': True, 'use_rolling_std': True}
2026-05-11 14:15:02 [INFO] [PreTCN]   video[vad_agg]: {'windows': [5, 15, 25], 'use_delta': True, 'use_abs_delta': True, 'use_rolling_mean': True, 'use_rolling_std': True}
2026-05-11 14:15:02 [INFO] [PreTCN] face_behavior: 5 -> 45
2026-05-11 14:15:02 [INFO] [PreTCN] headpose_geom: 5 -> 45
2026-05-11 14:15:02 [INFO] [PreTCN] vad: 1 -> 9
2026-05-11 14:15:02 [INFO] [PreTCN] vad_agg: 4 -> 36
2026-05-11 14:15:02 [INFO] Train: 2800 participants, Val: 1400 participants
2026-05-11 14:15:02 [INFO] batch_size=32, num_workers=8
2026-05-11 14:15:02 [INFO] Model params: 5,564,875
2026-05-11 14:15:02 [INFO] AMP enabled (BF16)
2026-05-11 14:15:03 [INFO] pos_weight [D/A/S]: 1.93 / 1.60 / 2.67
2026-05-11 14:15:04 [INFO] Scheduler: warmup=1 -> cosine, total=30
2026-05-11 14:15:04 [INFO] Grad clip: 1.0
2026-05-11 14:15:04 [INFO] Session loss weight: 0.2
2026-05-11 14:15:04 [INFO] Session type loss weight: 0.15
2026-05-11 14:15:04 [INFO] EarlyStopping: patience=6, metric=primary, mode=max
2026-05-11 14:15:04 [INFO] Label smoothing: 0.0
2026-05-11 14:15:04 [INFO] Feature noise std: 0.0
2026-05-11 14:15:04 [INFO] Session drop prob: 0.0
2026-05-11 14:15:04 [INFO] ==========================================================================================
2026-05-11 14:15:04 [INFO]   Epoch  |    LR     | Train Loss | Val Loss | F1 raw | F1 sel |  AUROC | F1[D/A/S]       | Time
2026-05-11 14:15:04 [INFO] ==========================================================================================
