2026-05-05 17:20:10 [INFO] Logging to /home/adodas/AdoDAS2026_3/outputs/a1/runs/a1__grouped__mtcn__a-base-mel_mfcc+vad+egemaps__a-ssl-wav2vec2-chinese-xlsr__v-base-headpose+facebeh+qc+vadagg+bodypose+globmot__v-ssl-dinov2-large__mask-andcore__pw_biascalib__seed42__20260505_172010/logs/train_grouped_a1_20260505_172010.log
2026-05-05 17:20:10 [INFO] Device: cuda
2026-05-05 17:20:10 [INFO] Task: a1
2026-05-05 17:20:10 [INFO] Run name: a1__grouped__mtcn__a-base-mel_mfcc+vad+egemaps__a-ssl-wav2vec2-chinese-xlsr__v-base-headpose+facebeh+qc+vadagg+bodypose+globmot__v-ssl-dinov2-large__mask-andcore__pw_biascalib__seed42__20260505_172010
2026-05-05 17:20:10 [INFO] Config: {'feature_root': '/home/adodas/dataset', 'manifest_dir': '/home/adodas/dataset/manifests', 'output_dir': '/home/adodas/AdoDAS2026_3/outputs/a1', 'mask_policy': 'and_core', 'core_audio': ['mel_mfcc', 'ssl_embed'], 'core_video': ['vision_ssl_embed', 'qc_stats'], 'd_adapter': 64, 'd_model': 256, 'tcn_layers': 6, 'tcn_kernel_size': 3, 'asp_alpha': 0.5, 'asp_beta': 0.5, 'dropout': 0.2, 'd_shared': 256, 'aggregator': 'mlp', 'batch_size': 32, 'lr': 0.0005, 'weight_decay': 0.01, 'warmup_epochs': 1, 'epochs': 30, 'seed': 42, 'num_workers': 8, 'amp': True, 'preload': True, 'grad_clip': 1.0, 'use_pos_weight': True, 'patience': 6, 'session_loss_weight': 0.2, 'session_type_loss_weight': 0.15, 'submission_level': 'participant', 'decode_method': 'auto', 'label_smoothing': 0.0, 'feature_noise_std': 0.0, 'session_drop_prob': 0.0, 'early_stop_metric': 'primary', 'pre_tcn_processing': {'enabled': True, 'dynamics_aug': {'enabled': True, 'mode': 'selective_v2', 'apply_audio': {'vad': {'windows': [5, 15, 25], 'use_delta': True, 'use_abs_delta': True, 'use_rolling_mean': True, 'use_rolling_std': True}, 'mel_mfcc': {'windows': [5, 15], 'use_delta': True, 'use_abs_delta': False, 'use_rolling_mean': False, 'use_rolling_std': False}}, 'apply_video': {'vad_agg': {'windows': [5, 15, 25], 'use_delta': True, 'use_abs_delta': True, 'use_rolling_mean': True, 'use_rolling_std': True}, 'headpose_geom': {'windows': [5, 15, 25], 'use_delta': True, 'use_abs_delta': True, 'use_rolling_mean': True, 'use_rolling_std': True}, 'face_behavior': {'windows': [5, 15, 25], 'use_delta': True, 'use_abs_delta': True, 'use_rolling_mean': True, 'use_rolling_std': True}, 'body_pose': {'windows': [5, 15], 'use_delta': True, 'use_abs_delta': True, 'use_rolling_mean': False, 'use_rolling_std': True}, 'global_motion': {'windows': [5, 15], 'use_delta': False, 'use_abs_delta': True, 'use_rolling_mean': True, 'use_rolling_std': True}, 'qc_stats': {'windows': [15, 25], 'use_delta': False, 'use_abs_delta': False, 'use_rolling_mean': True, 'use_rolling_std': True}}, 'exclude': ['ssl_embed', 'vision_ssl_embed', 'egemaps']}}, 'audio_features': ['mel_mfcc', 'vad', 'egemaps', 'ssl_embed'], 'video_features': ['headpose_geom', 'face_behavior', 'qc_stats', 'vad_agg', 'body_pose', 'global_motion', 'vision_ssl_embed'], 'audio_ssl_model_tag': 'wav2vec2-chinese-xlsr', 'video_ssl_model_tag': 'dinov2-large', 'task': 'a1'}
2026-05-05 17:20:10 [INFO] Mask policy: and_core
2026-05-05 17:20:13 [INFO] [PreTCN] DynamicsAug enabled: True
2026-05-05 17:20:13 [INFO] [PreTCN] mode: selective_v2
2026-05-05 17:20:13 [INFO] [PreTCN]   audio[mel_mfcc]: {'windows': [5, 15], 'use_delta': True, 'use_abs_delta': False, 'use_rolling_mean': False, 'use_rolling_std': False}
2026-05-05 17:20:13 [INFO] [PreTCN]   audio[vad]: {'windows': [5, 15, 25], 'use_delta': True, 'use_abs_delta': True, 'use_rolling_mean': True, 'use_rolling_std': True}
2026-05-05 17:20:13 [INFO] [PreTCN]   video[body_pose]: {'windows': [5, 15], 'use_delta': True, 'use_abs_delta': True, 'use_rolling_mean': False, 'use_rolling_std': True}
2026-05-05 17:20:13 [INFO] [PreTCN]   video[face_behavior]: {'windows': [5, 15, 25], 'use_delta': True, 'use_abs_delta': True, 'use_rolling_mean': True, 'use_rolling_std': True}
2026-05-05 17:20:13 [INFO] [PreTCN]   video[global_motion]: {'windows': [5, 15], 'use_delta': False, 'use_abs_delta': True, 'use_rolling_mean': True, 'use_rolling_std': True}
2026-05-05 17:20:13 [INFO] [PreTCN]   video[headpose_geom]: {'windows': [5, 15, 25], 'use_delta': True, 'use_abs_delta': True, 'use_rolling_mean': True, 'use_rolling_std': True}
2026-05-05 17:20:13 [INFO] [PreTCN]   video[qc_stats]: {'windows': [15, 25], 'use_delta': False, 'use_abs_delta': False, 'use_rolling_mean': True, 'use_rolling_std': True}
2026-05-05 17:20:13 [INFO] [PreTCN]   video[vad_agg]: {'windows': [5, 15, 25], 'use_delta': True, 'use_abs_delta': True, 'use_rolling_mean': True, 'use_rolling_std': True}
2026-05-05 17:20:14 [INFO] [PreTCN] body_pose: 27 -> 135
2026-05-05 17:20:14 [INFO] [PreTCN] face_behavior: 5 -> 45
2026-05-05 17:20:14 [INFO] [PreTCN] global_motion: 4 -> 24
2026-05-05 17:20:14 [INFO] [PreTCN] headpose_geom: 5 -> 45
2026-05-05 17:20:14 [INFO] [PreTCN] mel_mfcc: 93 -> 186
2026-05-05 17:20:14 [INFO] [PreTCN] qc_stats: 4 -> 20
2026-05-05 17:20:14 [INFO] [PreTCN] vad: 1 -> 9
2026-05-05 17:20:14 [INFO] [PreTCN] vad_agg: 4 -> 36
2026-05-05 17:20:14 [INFO] Train: 4200 participants, Val: 600 participants
2026-05-05 17:20:14 [INFO] Preloading data into RAM ...
2026-05-05 18:48:13 [INFO] Preloaded 4200/4200 participants (53.9 GB in RAM)
2026-05-05 19:01:58 [INFO] Preloaded 600/600 participants (9.3 GB in RAM)
2026-05-05 19:01:58 [INFO] Preload done: 53.9G + 9.3G = 63.2G, took 1h 41m 43s
2026-05-05 19:01:58 [INFO] batch_size=32, num_workers=0
2026-05-05 19:01:58 [INFO] Model params: 5,580,517
2026-05-05 19:01:58 [INFO] AMP enabled (BF16)
2026-05-05 19:01:58 [INFO] pos_weight [D/A/S]: 1.91 / 1.59 / 2.60
2026-05-05 19:01:59 [INFO] Scheduler: warmup=1 -> cosine, total=30
2026-05-05 19:01:59 [INFO] Grad clip: 1.0
2026-05-05 19:01:59 [INFO] Session loss weight: 0.2
2026-05-05 19:01:59 [INFO] Session type loss weight: 0.15
2026-05-05 19:01:59 [INFO] EarlyStopping: patience=6, metric=primary, mode=max
2026-05-05 19:01:59 [INFO] Label smoothing: 0.0
2026-05-05 19:01:59 [INFO] Feature noise std: 0.0
2026-05-05 19:01:59 [INFO] Session drop prob: 0.0
2026-05-05 19:01:59 [INFO] ==========================================================================================
2026-05-05 19:01:59 [INFO]   Epoch  |    LR     | Train Loss | Val Loss | F1 raw | F1 sel |  AUROC | F1[D/A/S]       | Time
2026-05-05 19:01:59 [INFO] ==========================================================================================
2026-05-05 19:05:17 [INFO]     D: gt_pos=0.215 pred_pos=0.000 p_mean=0.311 P=0.000 R=0.000 F1=0.000
2026-05-05 19:05:17 [INFO]     A: gt_pos=0.283 pred_pos=0.000 p_mean=0.360 P=0.000 R=0.000 F1=0.000
2026-05-05 19:05:17 [INFO]     S: gt_pos=0.130 pred_pos=0.000 p_mean=0.238 P=0.000 R=0.000 F1=0.000
2026-05-05 19:05:17 [INFO]     Session-level variance (collapse metric): 0.001019
2026-05-05 19:05:17 [INFO]     calibrated F1=0.3540 via biases D=+0.90 A=+0.70 S=+1.20 (selected=calibrated)
2026-05-05 19:05:17 [INFO]     1/ 30 | 5.00e-04 |   1.1438   |  0.7549  | 0.0000 | 0.3540 | 0.5546 | 0.000/0.000/0.000 | 3m 18s ETA 1h 35m 47s VRAM 14.0G *
2026-05-05 19:05:18 [INFO]   >>> New best F1=0.3540 saved at epoch 1.
2026-05-05 19:08:24 [INFO]     D: gt_pos=0.215 pred_pos=0.137 p_mean=0.381 P=0.378 R=0.240 F1=0.294
2026-05-05 19:08:24 [INFO]     A: gt_pos=0.283 pred_pos=0.063 p_mean=0.367 P=0.395 R=0.088 F1=0.144
2026-05-05 19:08:24 [INFO]     S: gt_pos=0.130 pred_pos=0.000 p_mean=0.222 P=0.000 R=0.000 F1=0.000
2026-05-05 19:08:24 [INFO]     Session-level variance (collapse metric): 0.002422
2026-05-05 19:08:24 [INFO]     calibrated F1=0.4216 via biases D=+0.40 A=+0.70 S=+1.20 (selected=calibrated)
2026-05-05 19:08:25 [INFO]     2/ 30 | 4.99e-04 |   1.0260   |  0.7235  | 0.1460 | 0.4216 | 0.6797 | 0.294/0.144/0.000 | 3m 06s ETA 1h 29m 55s VRAM 14.0G *
2026-05-05 19:08:25 [INFO]   >>> New best F1=0.4216 saved at epoch 2.
2026-05-05 19:11:33 [INFO]     D: gt_pos=0.215 pred_pos=0.497 p_mean=0.442 P=0.309 R=0.713 F1=0.431
2026-05-05 19:11:33 [INFO]     A: gt_pos=0.283 pred_pos=0.570 p_mean=0.479 P=0.368 R=0.741 F1=0.492
2026-05-05 19:11:33 [INFO]     S: gt_pos=0.130 pred_pos=0.000 p_mean=0.315 P=0.000 R=0.000 F1=0.000
2026-05-05 19:11:33 [INFO]     Session-level variance (collapse metric): 0.005033
2026-05-05 19:11:33 [INFO]     calibrated F1=0.4196 via biases D=+0.00 A=-0.20 S=+0.60 (selected=calibrated)
2026-05-05 19:11:33 [INFO]     3/ 30 | 4.94e-04 |   0.9647   |  0.7344  | 0.3077 | 0.4196 | 0.6541 | 0.431/0.492/0.000 | 3m 08s ETA 1h 26m 07s VRAM 14.0G
2026-05-05 19:14:42 [INFO]     D: gt_pos=0.215 pred_pos=0.067 p_mean=0.309 P=0.425 R=0.132 F1=0.201
2026-05-05 19:14:42 [INFO]     A: gt_pos=0.283 pred_pos=0.150 p_mean=0.332 P=0.422 R=0.224 F1=0.292
2026-05-05 19:14:42 [INFO]     S: gt_pos=0.130 pred_pos=0.000 p_mean=0.226 P=0.000 R=0.000 F1=0.000
2026-05-05 19:14:42 [INFO]     Session-level variance (collapse metric): 0.001684
2026-05-05 19:14:42 [INFO]     calibrated F1=0.4277 via biases D=+0.60 A=+1.00 S=+1.00 (selected=calibrated)
2026-05-05 19:14:42 [INFO]     4/ 30 | 4.87e-04 |   0.9286   |  0.7034  | 0.1645 | 0.4277 | 0.6815 | 0.201/0.292/0.000 | 3m 08s ETA 1h 22m 39s VRAM 14.0G *
2026-05-05 19:14:43 [INFO]   >>> New best F1=0.4277 saved at epoch 4.
2026-05-05 19:17:47 [INFO]     D: gt_pos=0.215 pred_pos=0.432 p_mean=0.448 P=0.320 R=0.643 F1=0.428
2026-05-05 19:17:47 [INFO]     A: gt_pos=0.283 pred_pos=0.403 p_mean=0.443 P=0.397 R=0.565 F1=0.466
2026-05-05 19:17:47 [INFO]     S: gt_pos=0.130 pred_pos=0.133 p_mean=0.324 P=0.237 R=0.244 F1=0.241
2026-05-05 19:17:47 [INFO]     Session-level variance (collapse metric): 0.001694
2026-05-05 19:17:47 [INFO]     calibrated F1=0.4376 via biases D=-0.20 A=+0.40 S=+0.20 (selected=calibrated)
2026-05-05 19:17:47 [INFO]     5/ 30 | 4.77e-04 |   0.8743   |  0.7130  | 0.3781 | 0.4376 | 0.6926 | 0.428/0.466/0.241 | 3m 04s ETA 1h 18m 58s VRAM 14.0G *
2026-05-05 19:17:47 [INFO]   >>> New best F1=0.4376 saved at epoch 5.
2026-05-05 19:20:50 [INFO]     D: gt_pos=0.215 pred_pos=0.000 p_mean=0.289 P=0.000 R=0.000 F1=0.000
2026-05-05 19:20:50 [INFO]     A: gt_pos=0.283 pred_pos=0.293 p_mean=0.347 P=0.409 R=0.424 F1=0.416
2026-05-05 19:20:50 [INFO]     S: gt_pos=0.130 pred_pos=0.000 p_mean=0.216 P=0.000 R=0.000 F1=0.000
2026-05-05 19:20:50 [INFO]     Session-level variance (collapse metric): 0.001253
2026-05-05 19:20:50 [INFO]     calibrated F1=0.4316 via biases D=+1.00 A=+1.00 S=+0.90 (selected=calibrated)
2026-05-05 19:20:50 [INFO]     6/ 30 | 4.64e-04 |   0.8633   |  0.6988  | 0.1387 | 0.4316 | 0.6962 | 0.000/0.416/0.000 | 3m 02s ETA 1h 15m 23s VRAM 14.0G
2026-05-05 19:24:02 [INFO]     D: gt_pos=0.215 pred_pos=0.250 p_mean=0.350 P=0.400 R=0.465 F1=0.430
2026-05-05 19:24:02 [INFO]     A: gt_pos=0.283 pred_pos=0.390 p_mean=0.400 P=0.406 R=0.559 F1=0.470
2026-05-05 19:24:02 [INFO]     S: gt_pos=0.130 pred_pos=0.145 p_mean=0.307 P=0.264 R=0.295 F1=0.279
2026-05-05 19:24:03 [INFO]     Session-level variance (collapse metric): 0.002312
2026-05-05 19:24:03 [INFO]     calibrated F1=0.4416 via biases D=+0.40 A=+0.70 S=+0.50 (selected=calibrated)
2026-05-05 19:24:03 [INFO]     7/ 30 | 4.49e-04 |   0.8455   |  0.6877  | 0.3931 | 0.4416 | 0.7018 | 0.430/0.470/0.279 | 3m 12s ETA 1h 12m 28s VRAM 14.0G *
2026-05-05 19:24:03 [INFO]   >>> New best F1=0.4416 saved at epoch 7.
2026-05-05 19:27:11 [INFO]     D: gt_pos=0.215 pred_pos=0.230 p_mean=0.336 P=0.428 R=0.457 F1=0.442
2026-05-05 19:27:11 [INFO]     A: gt_pos=0.283 pred_pos=0.332 p_mean=0.405 P=0.417 R=0.488 F1=0.450
2026-05-05 19:27:11 [INFO]     S: gt_pos=0.130 pred_pos=0.000 p_mean=0.233 P=0.000 R=0.000 F1=0.000
2026-05-05 19:27:11 [INFO]     Session-level variance (collapse metric): 0.004696
2026-05-05 19:27:11 [INFO]     calibrated F1=0.4358 via biases D=+0.40 A=+0.80 S=+0.80 (selected=calibrated)
2026-05-05 19:27:11 [INFO]     8/ 30 | 4.32e-04 |   0.8307   |  0.6876  | 0.2973 | 0.4358 | 0.7018 | 0.442/0.450/0.000 | 3m 08s ETA 1h 09m 18s VRAM 14.0G
2026-05-05 19:30:22 [INFO]     D: gt_pos=0.215 pred_pos=0.025 p_mean=0.300 P=0.533 R=0.062 F1=0.111
2026-05-05 19:30:22 [INFO]     A: gt_pos=0.283 pred_pos=0.082 p_mean=0.380 P=0.531 R=0.153 F1=0.237
2026-05-05 19:30:22 [INFO]     S: gt_pos=0.130 pred_pos=0.003 p_mean=0.236 P=0.000 R=0.000 F1=0.000
2026-05-05 19:30:23 [INFO]     Session-level variance (collapse metric): 0.001443
2026-05-05 19:30:23 [INFO]     calibrated F1=0.4374 via biases D=+0.80 A=+0.60 S=+1.00 (selected=calibrated)
2026-05-05 19:30:23 [INFO]     9/ 30 | 4.12e-04 |   0.8227   |  0.7042  | 0.1162 | 0.4374 | 0.6989 | 0.111/0.237/0.000 | 3m 11s ETA 1h 06m 14s VRAM 14.0G
2026-05-05 19:33:33 [INFO]     D: gt_pos=0.215 pred_pos=0.362 p_mean=0.353 P=0.369 R=0.620 F1=0.462
2026-05-05 19:33:33 [INFO]     A: gt_pos=0.283 pred_pos=0.425 p_mean=0.407 P=0.400 R=0.600 F1=0.480
2026-05-05 19:33:33 [INFO]     S: gt_pos=0.130 pred_pos=0.208 p_mean=0.286 P=0.272 R=0.436 F1=0.335
2026-05-05 19:33:34 [INFO]     Session-level variance (collapse metric): 0.003561
2026-05-05 19:33:34 [INFO]     calibrated F1=0.4608 via biases D=-0.20 A=+0.60 S=+0.20 (selected=calibrated)
2026-05-05 19:33:34 [INFO]    10/ 30 | 3.91e-04 |   0.8213   |  0.7038  | 0.4258 | 0.4608 | 0.7007 | 0.462/0.480/0.335 | 3m 10s ETA 1h 03m 08s VRAM 14.0G *
2026-05-05 19:33:34 [INFO]   >>> New best F1=0.4608 saved at epoch 10.
2026-05-05 19:36:42 [INFO]     D: gt_pos=0.215 pred_pos=0.072 p_mean=0.208 P=0.465 R=0.155 F1=0.233
2026-05-05 19:36:43 [INFO]     A: gt_pos=0.283 pred_pos=0.095 p_mean=0.251 P=0.421 R=0.141 F1=0.211
2026-05-05 19:36:43 [INFO]     S: gt_pos=0.130 pred_pos=0.002 p_mean=0.140 P=0.000 R=0.000 F1=0.000
2026-05-05 19:36:43 [INFO]     Session-level variance (collapse metric): 0.003664
2026-05-05 19:36:43 [INFO]     calibrated F1=0.4586 via biases D=+0.90 A=+1.70 S=+1.50 (selected=calibrated)
2026-05-05 19:36:43 [INFO]    11/ 30 | 3.67e-04 |   0.8135   |  0.7543  | 0.1480 | 0.4586 | 0.7105 | 0.233/0.211/0.000 | 3m 07s ETA 59m 58s VRAM 14.0G
2026-05-05 19:39:53 [INFO]     D: gt_pos=0.215 pred_pos=0.052 p_mean=0.201 P=0.548 R=0.132 F1=0.212
2026-05-05 19:39:53 [INFO]     A: gt_pos=0.283 pred_pos=0.100 p_mean=0.248 P=0.467 R=0.165 F1=0.243
2026-05-05 19:39:53 [INFO]     S: gt_pos=0.130 pred_pos=0.018 p_mean=0.149 P=0.364 R=0.051 F1=0.090
2026-05-05 19:39:53 [INFO]     Session-level variance (collapse metric): 0.005023
2026-05-05 19:39:53 [INFO]     calibrated F1=0.4587 via biases D=+1.00 A=+1.20 S=+1.50 (selected=calibrated)
2026-05-05 19:39:53 [INFO]    12/ 30 | 3.43e-04 |   0.7967   |  0.7447  | 0.1820 | 0.4587 | 0.7136 | 0.212/0.243/0.090 | 3m 10s ETA 56m 51s VRAM 14.0G
2026-05-05 19:43:03 [INFO]     D: gt_pos=0.215 pred_pos=0.352 p_mean=0.382 P=0.351 R=0.574 F1=0.435
2026-05-05 19:43:03 [INFO]     A: gt_pos=0.283 pred_pos=0.488 p_mean=0.457 P=0.389 R=0.671 F1=0.492
2026-05-05 19:43:03 [INFO]     S: gt_pos=0.130 pred_pos=0.145 p_mean=0.301 P=0.310 R=0.346 F1=0.327
2026-05-05 19:43:03 [INFO]     Session-level variance (collapse metric): 0.006606
2026-05-05 19:43:03 [INFO]     calibrated F1=0.4394 via biases D=+0.20 A=+0.30 S=+0.40 (selected=calibrated)
2026-05-05 19:43:03 [INFO]    13/ 30 | 3.17e-04 |   0.7924   |  0.6940  | 0.4183 | 0.4394 | 0.7006 | 0.435/0.492/0.327 | 3m 09s ETA 53m 42s VRAM 14.0G
2026-05-05 19:46:11 [INFO]     D: gt_pos=0.215 pred_pos=0.308 p_mean=0.353 P=0.400 R=0.574 F1=0.471
2026-05-05 19:46:11 [INFO]     A: gt_pos=0.283 pred_pos=0.377 p_mean=0.399 P=0.416 R=0.553 F1=0.475
2026-05-05 19:46:11 [INFO]     S: gt_pos=0.130 pred_pos=0.273 p_mean=0.297 P=0.262 R=0.551 F1=0.355
2026-05-05 19:46:11 [INFO]     Session-level variance (collapse metric): 0.008044
2026-05-05 19:46:11 [INFO]     calibrated F1=0.4553 via biases D=-0.10 A=+0.90 S=+0.30 (selected=calibrated)
2026-05-05 19:46:11 [INFO]    14/ 30 | 2.91e-04 |   0.7763   |  0.7053  | 0.4338 | 0.4553 | 0.7052 | 0.471/0.475/0.355 | 3m 07s ETA 50m 30s VRAM 14.0G
2026-05-05 19:49:20 [INFO]     D: gt_pos=0.215 pred_pos=0.095 p_mean=0.173 P=0.456 R=0.202 F1=0.280
2026-05-05 19:49:20 [INFO]     A: gt_pos=0.283 pred_pos=0.137 p_mean=0.221 P=0.427 R=0.206 F1=0.278
2026-05-05 19:49:20 [INFO]     S: gt_pos=0.130 pred_pos=0.040 p_mean=0.116 P=0.292 R=0.090 F1=0.137
2026-05-05 19:49:20 [INFO]     Session-level variance (collapse metric): 0.006572
2026-05-05 19:49:20 [INFO]     calibrated F1=0.4564 via biases D=+1.10 A=+2.20 S=+1.60 (selected=calibrated)
2026-05-05 19:49:20 [INFO]    15/ 30 | 2.64e-04 |   0.7546   |  0.8741  | 0.2315 | 0.4564 | 0.7050 | 0.280/0.278/0.137 | 3m 09s ETA 47m 21s VRAM 14.0G
2026-05-05 19:52:27 [INFO]     D: gt_pos=0.215 pred_pos=0.245 p_mean=0.271 P=0.395 R=0.450 F1=0.420
2026-05-05 19:52:28 [INFO]     A: gt_pos=0.283 pred_pos=0.298 p_mean=0.341 P=0.413 R=0.435 F1=0.424
2026-05-05 19:52:28 [INFO]     S: gt_pos=0.130 pred_pos=0.187 p_mean=0.214 P=0.241 R=0.346 F1=0.284
2026-05-05 19:52:28 [INFO]     Session-level variance (collapse metric): 0.009545
2026-05-05 19:52:28 [INFO]     calibrated F1=0.4446 via biases D=+0.20 A=+1.60 S=+1.00 (selected=calibrated)
2026-05-05 19:52:28 [INFO]    16/ 30 | 2.37e-04 |   0.7321   |  0.7837  | 0.3762 | 0.4446 | 0.6866 | 0.420/0.424/0.284 | 3m 07s ETA 44m 09s VRAM 14.0G
2026-05-05 19:52:28 [INFO]   EarlyStopping triggered at epoch 16 (patience=6, metric=primary)
2026-05-05 19:52:28 [INFO] ==========================================================================================
2026-05-05 19:52:28 [INFO] Training complete. Best F1=0.4608, time=50m 28s
2026-05-05 19:52:28 [INFO] Loading best checkpoint for submission generation ...
2026-05-05 19:52:28 [INFO] Submission level: participant
2026-05-05 19:52:28 [INFO] Decode method: auto
2026-05-05 19:52:28 [INFO] Calibrating per-task bias offsets on val ...
2026-05-05 19:52:45 [INFO]   D: bias=-0.20  F1_cal=0.4917
2026-05-05 19:52:45 [INFO]   A: bias=+0.60  F1_cal=0.5049
2026-05-05 19:52:45 [INFO]   S: bias=+0.20  F1_cal=0.3858
2026-05-05 19:52:45 [INFO]   Mean calibrated F1: 0.4608 (vs selected best: 0.4608, raw best: 0.4258)
2026-05-05 19:52:45 [INFO] Skipping submission generation after training; use infer.py for release inference.
2026-05-05 19:52:45 [INFO] Run complete: a1__grouped__mtcn__a-base-mel_mfcc+vad+egemaps__a-ssl-wav2vec2-chinese-xlsr__v-base-headpose+facebeh+qc+vadagg+bodypose+globmot__v-ssl-dinov2-large__mask-andcore__pw_biascalib__seed42__20260505_172010
2026-05-05 19:52:45 [INFO] Output dir: /home/adodas/AdoDAS2026_3/outputs/a1/runs/a1__grouped__mtcn__a-base-mel_mfcc+vad+egemaps__a-ssl-wav2vec2-chinese-xlsr__v-base-headpose+facebeh+qc+vadagg+bodypose+globmot__v-ssl-dinov2-large__mask-andcore__pw_biascalib__seed42__20260505_172010
