2026-05-13 01:47:54 [INFO] Logging to /home/adodas/AdoDAS2026-split/outputs_internal/split2/a1_baseline_official/runs/a1__grouped__mtcn__a-base-mel_mfcc__a-ssl-wav2vec2-chinese-xlsr__v-base-headpose+facebeh+qc+vadagg__v-ssl-dinov2-large__mask-andcore__pw_biascalib__seed42__20260513_014754/logs/train_grouped_a1_20260513_014754.log
2026-05-13 01:47:54 [INFO] Device: cuda
2026-05-13 01:47:54 [INFO] Task: a1
2026-05-13 01:47:54 [INFO] Run name: a1__grouped__mtcn__a-base-mel_mfcc__a-ssl-wav2vec2-chinese-xlsr__v-base-headpose+facebeh+qc+vadagg__v-ssl-dinov2-large__mask-andcore__pw_biascalib__seed42__20260513_014754
2026-05-13 01:47:54 [INFO] Config: {'feature_root': '/home/adodas/dataset', 'manifest_dir': '/home/adodas/dataset/manifests_internal/split_2_school_class', 'output_dir': '/home/adodas/AdoDAS2026-split/outputs_internal/split2/a1_baseline_official', 'mask_policy': 'and_core', 'core_audio': ['mel_mfcc', 'ssl_embed'], 'core_video': ['vision_ssl_embed', 'qc_stats'], 'd_adapter': 64, 'd_model': 256, 'tcn_layers': 6, 'tcn_kernel_size': 3, 'asp_alpha': 0.5, 'asp_beta': 0.5, 'dropout': 0.2, 'd_shared': 256, 'aggregator': 'mlp', 'batch_size': 32, 'lr': 0.0005, 'weight_decay': 0.01, 'warmup_epochs': 1, 'epochs': 30, 'seed': 42, 'num_workers': 8, 'amp': True, 'preload': False, 'grad_clip': 1.0, 'use_pos_weight': True, 'patience': 8, 'session_loss_weight': 0.2, 'session_type_loss_weight': 0.15, 'submission_level': 'participant', 'decode_method': 'auto', 'label_smoothing': 0.0, 'feature_noise_std': 0.0, 'session_drop_prob': 0.0, 'early_stop_metric': 'primary', 'pre_tcn_processing': {'enabled': False}, 'val_sequence_path_split': 'train', 'audio_features': ['mel_mfcc', 'ssl_embed'], 'video_features': ['headpose_geom', 'face_behavior', 'qc_stats', 'vad_agg', 'vision_ssl_embed'], 'audio_ssl_model_tag': 'wav2vec2-chinese-xlsr', 'video_ssl_model_tag': 'dinov2-large', 'task': 'a1'}
2026-05-13 01:47:54 [INFO] Mask policy: and_core
2026-05-13 01:47:55 [INFO] GroupedParticipantDataset logical split='val' -> loading sequences from 'train'/ (manifest val.csv)
2026-05-13 01:47:56 [INFO] [PreTCN] pre_tcn_processing.enabled=False
2026-05-13 01:47:56 [INFO] Train: 2278 participants, Val: 1138 participants
2026-05-13 01:47:56 [INFO] batch_size=32, num_workers=8
2026-05-13 01:47:57 [INFO] Model params: 5,483,243
2026-05-13 01:47:57 [INFO] AMP enabled (BF16)
2026-05-13 01:47:57 [INFO] pos_weight [D/A/S]: 1.91 / 1.59 / 2.65
2026-05-13 01:47:59 [INFO] Scheduler: warmup=1 -> cosine, total=30
2026-05-13 01:47:59 [INFO] Grad clip: 1.0
2026-05-13 01:47:59 [INFO] Session loss weight: 0.2
2026-05-13 01:47:59 [INFO] Session type loss weight: 0.15
2026-05-13 01:47:59 [INFO] EarlyStopping: patience=8, metric=primary, mode=max
2026-05-13 01:47:59 [INFO] Label smoothing: 0.0
2026-05-13 01:47:59 [INFO] Feature noise std: 0.0
2026-05-13 01:47:59 [INFO] Session drop prob: 0.0
2026-05-13 01:47:59 [INFO] ==========================================================================================
2026-05-13 01:47:59 [INFO]   Epoch  |    LR     | Train Loss | Val Loss | F1 raw | F1 sel |  AUROC | F1[D/A/S]       | Time
2026-05-13 01:47:59 [INFO] ==========================================================================================
2026-05-13 01:50:22 [INFO]     D: gt_pos=0.184 pred_pos=0.000 p_mean=0.356 P=0.000 R=0.000 F1=0.000
2026-05-13 01:50:22 [INFO]     A: gt_pos=0.245 pred_pos=0.000 p_mean=0.392 P=0.000 R=0.000 F1=0.000
2026-05-13 01:50:22 [INFO]     S: gt_pos=0.116 pred_pos=0.000 p_mean=0.265 P=0.000 R=0.000 F1=0.000
2026-05-13 01:50:22 [INFO]     Session-level variance (collapse metric): 0.000438
2026-05-13 01:50:22 [INFO]     calibrated F1=0.3174 via biases D=+0.70 A=+0.50 S=+1.00 (selected=calibrated)
2026-05-13 01:50:22 [INFO]     1/ 30 | 5.00e-04 |   1.1309   |  0.7114  | 0.0000 | 0.3174 | 0.5624 | 0.000/0.000/0.000 | 2m 23s ETA 1h 09m 19s VRAM 13.4G *
2026-05-13 01:50:23 [INFO]   >>> New best F1=0.3174 saved at epoch 1.
2026-05-13 01:50:23 [INFO]   >>> New best_raw_f1=0.0000 -> best_raw_f1.pt
2026-05-13 01:50:23 [INFO]   >>> New best_auroc=0.5624 -> best_auroc.pt
2026-05-13 01:50:24 [INFO]   >>> New best_calibrated_f1=0.3174 -> best_calibrated_f1.pt
2026-05-13 01:50:24 [INFO]   >>> New best_robust=0.1055 -> best_robust.pt
2026-05-13 01:52:29 [INFO]     D: gt_pos=0.184 pred_pos=0.370 p_mean=0.381 P=0.316 R=0.636 F1=0.422
2026-05-13 01:52:29 [INFO]     A: gt_pos=0.245 pred_pos=0.403 p_mean=0.410 P=0.375 R=0.616 F1=0.466
2026-05-13 01:52:29 [INFO]     S: gt_pos=0.116 pred_pos=0.000 p_mean=0.202 P=0.000 R=0.000 F1=0.000
2026-05-13 01:52:29 [INFO]     Session-level variance (collapse metric): 0.001501
2026-05-13 01:52:29 [INFO]     calibrated F1=0.3982 via biases D=+0.00 A=+0.20 S=+1.20 (selected=calibrated)
2026-05-13 01:52:29 [INFO]     2/ 30 | 4.99e-04 |   1.0493   |  0.6803  | 0.2961 | 0.3982 | 0.6799 | 0.422/0.466/0.000 | 2m 04s ETA 1h 03m 06s VRAM 13.4G *
2026-05-13 01:52:30 [INFO]   >>> New best F1=0.3982 saved at epoch 2.
2026-05-13 01:52:31 [INFO]   >>> New best_raw_f1=0.2961 -> best_raw_f1.pt
2026-05-13 01:52:32 [INFO]   >>> New best_auroc=0.6799 -> best_auroc.pt
2026-05-13 01:52:33 [INFO]   >>> New best_calibrated_f1=0.3982 -> best_calibrated_f1.pt
2026-05-13 01:52:33 [INFO]   >>> New best_robust=0.4064 -> best_robust.pt
2026-05-13 01:54:36 [INFO]     D: gt_pos=0.184 pred_pos=0.414 p_mean=0.408 P=0.308 R=0.694 F1=0.426
2026-05-13 01:54:36 [INFO]     A: gt_pos=0.245 pred_pos=0.488 p_mean=0.460 P=0.366 R=0.728 F1=0.487
2026-05-13 01:54:37 [INFO]     S: gt_pos=0.116 pred_pos=0.302 p_mean=0.354 P=0.189 R=0.492 F1=0.273
2026-05-13 01:54:37 [INFO]     Session-level variance (collapse metric): 0.004745
2026-05-13 01:54:37 [INFO]     calibrated F1=0.4028 via biases D=-0.30 A=+0.00 S=+0.30 (selected=calibrated)
2026-05-13 01:54:37 [INFO]     3/ 30 | 4.94e-04 |   1.0106   |  0.6992  | 0.3955 | 0.4028 | 0.6958 | 0.426/0.487/0.273 | 2m 02s ETA 59m 40s VRAM 13.4G *
2026-05-13 01:54:37 [INFO]   >>> New best F1=0.4028 saved at epoch 3.
2026-05-13 01:54:39 [INFO]   >>> New best_raw_f1=0.3955 -> best_raw_f1.pt
2026-05-13 01:54:39 [INFO]   >>> New best_auroc=0.6958 -> best_auroc.pt
2026-05-13 01:54:40 [INFO]   >>> New best_calibrated_f1=0.4028 -> best_calibrated_f1.pt
2026-05-13 01:54:41 [INFO]   >>> New best_robust=0.4997 -> best_robust.pt
2026-05-13 01:56:39 [INFO]     D: gt_pos=0.184 pred_pos=0.100 p_mean=0.339 P=0.439 R=0.239 F1=0.310
2026-05-13 01:56:39 [INFO]     A: gt_pos=0.245 pred_pos=0.194 p_mean=0.397 P=0.462 R=0.366 F1=0.408
2026-05-13 01:56:39 [INFO]     S: gt_pos=0.116 pred_pos=0.000 p_mean=0.227 P=0.000 R=0.000 F1=0.000
2026-05-13 01:56:39 [INFO]     Session-level variance (collapse metric): 0.001535
2026-05-13 01:56:39 [INFO]     calibrated F1=0.4173 via biases D=+0.60 A=+0.40 S=+1.20 (selected=calibrated)
2026-05-13 01:56:39 [INFO]     4/ 30 | 4.87e-04 |   0.9949   |  0.6710  | 0.2392 | 0.4173 | 0.7033 | 0.310/0.408/0.000 | 1m 57s ETA 56m 23s VRAM 13.4G *
2026-05-13 01:56:40 [INFO]   >>> New best F1=0.4173 saved at epoch 4.
2026-05-13 01:56:41 [INFO]   >>> New best_auroc=0.7033 -> best_auroc.pt
2026-05-13 01:56:42 [INFO]   >>> New best_calibrated_f1=0.4173 -> best_calibrated_f1.pt
2026-05-13 01:58:44 [INFO]     D: gt_pos=0.184 pred_pos=0.000 p_mean=0.257 P=0.000 R=0.000 F1=0.000
2026-05-13 01:58:44 [INFO]     A: gt_pos=0.245 pred_pos=0.000 p_mean=0.321 P=0.000 R=0.000 F1=0.000
2026-05-13 01:58:44 [INFO]     S: gt_pos=0.116 pred_pos=0.000 p_mean=0.189 P=0.000 R=0.000 F1=0.000
2026-05-13 01:58:44 [INFO]     Session-level variance (collapse metric): 0.000702
2026-05-13 01:58:44 [INFO]     calibrated F1=0.4078 via biases D=+0.90 A=+1.00 S=+1.10 (selected=calibrated)
2026-05-13 01:58:44 [INFO]     5/ 30 | 4.77e-04 |   0.9502   |  0.6630  | 0.0000 | 0.4078 | 0.7216 | 0.000/0.000/0.000 | 2m 01s ETA 53m 46s VRAM 13.4G
2026-05-13 01:58:45 [INFO]   >>> New best_auroc=0.7216 -> best_auroc.pt
2026-05-13 02:00:43 [INFO]     D: gt_pos=0.184 pred_pos=0.291 p_mean=0.296 P=0.341 R=0.541 F1=0.419
2026-05-13 02:00:43 [INFO]     A: gt_pos=0.245 pred_pos=0.234 p_mean=0.289 P=0.444 R=0.423 F1=0.433
2026-05-13 02:00:44 [INFO]     S: gt_pos=0.116 pred_pos=0.039 p_mean=0.223 P=0.250 R=0.083 F1=0.125
2026-05-13 02:00:44 [INFO]     Session-level variance (collapse metric): 0.003028
2026-05-13 02:00:44 [INFO]     calibrated F1=0.4225 via biases D=+0.80 A=+1.10 S=+0.40 (selected=calibrated)
2026-05-13 02:00:44 [INFO]     6/ 30 | 4.64e-04 |   0.9181   |  0.6550  | 0.3255 | 0.4225 | 0.7231 | 0.419/0.433/0.125 | 1m 57s ETA 50m 59s VRAM 13.4G *
2026-05-13 02:00:44 [INFO]   >>> New best F1=0.4225 saved at epoch 6.
2026-05-13 02:00:46 [INFO]   >>> New best_auroc=0.7231 -> best_auroc.pt
2026-05-13 02:00:46 [INFO]   >>> New best_calibrated_f1=0.4225 -> best_calibrated_f1.pt
2026-05-13 02:02:43 [INFO]     D: gt_pos=0.184 pred_pos=0.000 p_mean=0.272 P=0.000 R=0.000 F1=0.000
2026-05-13 02:02:43 [INFO]     A: gt_pos=0.245 pred_pos=0.017 p_mean=0.302 P=0.526 R=0.036 F1=0.067
2026-05-13 02:02:43 [INFO]     S: gt_pos=0.116 pred_pos=0.000 p_mean=0.164 P=0.000 R=0.000 F1=0.000
2026-05-13 02:02:44 [INFO]     Session-level variance (collapse metric): 0.000663
2026-05-13 02:02:44 [INFO]     calibrated F1=0.4193 via biases D=+0.60 A=+0.70 S=+1.30 (selected=calibrated)
2026-05-13 02:02:44 [INFO]     7/ 30 | 4.49e-04 |   0.8775   |  0.6572  | 0.0224 | 0.4193 | 0.7208 | 0.000/0.067/0.000 | 1m 56s ETA 48m 27s VRAM 13.4G
2026-05-13 02:04:38 [INFO]     D: gt_pos=0.184 pred_pos=0.236 p_mean=0.338 P=0.361 R=0.464 F1=0.406
2026-05-13 02:04:38 [INFO]     A: gt_pos=0.245 pred_pos=0.307 p_mean=0.395 P=0.407 R=0.509 F1=0.452
2026-05-13 02:04:39 [INFO]     S: gt_pos=0.116 pred_pos=0.181 p_mean=0.281 P=0.257 R=0.402 F1=0.314
2026-05-13 02:04:39 [INFO]     Session-level variance (collapse metric): 0.001391
2026-05-13 02:04:39 [INFO]     calibrated F1=0.4095 via biases D=+0.60 A=+0.90 S=+0.40 (selected=calibrated)
2026-05-13 02:04:39 [INFO]     8/ 30 | 4.32e-04 |   0.8657   |  0.6619  | 0.3906 | 0.4095 | 0.7069 | 0.406/0.452/0.314 | 1m 53s ETA 45m 49s VRAM 13.4G
2026-05-13 02:06:36 [INFO]     D: gt_pos=0.184 pred_pos=0.163 p_mean=0.257 P=0.414 R=0.368 F1=0.390
2026-05-13 02:06:36 [INFO]     A: gt_pos=0.245 pred_pos=0.084 p_mean=0.247 P=0.448 R=0.154 F1=0.229
2026-05-13 02:06:36 [INFO]     S: gt_pos=0.116 pred_pos=0.046 p_mean=0.180 P=0.115 R=0.045 F1=0.065
2026-05-13 02:06:36 [INFO]     Session-level variance (collapse metric): 0.002895
2026-05-13 02:06:36 [INFO]     calibrated F1=0.4219 via biases D=+0.80 A=+1.10 S=+0.80 (selected=calibrated)
2026-05-13 02:06:36 [INFO]     9/ 30 | 4.12e-04 |   0.8322   |  0.6617  | 0.2281 | 0.4219 | 0.7136 | 0.390/0.229/0.065 | 1m 56s ETA 43m 27s VRAM 13.4G
2026-05-13 02:08:33 [INFO]     D: gt_pos=0.184 pred_pos=0.227 p_mean=0.352 P=0.357 R=0.440 F1=0.394
2026-05-13 02:08:33 [INFO]     A: gt_pos=0.245 pred_pos=0.310 p_mean=0.419 P=0.405 R=0.513 F1=0.453
2026-05-13 02:08:33 [INFO]     S: gt_pos=0.116 pred_pos=0.000 p_mean=0.252 P=0.000 R=0.000 F1=0.000
2026-05-13 02:08:33 [INFO]     Session-level variance (collapse metric): 0.003055
2026-05-13 02:08:33 [INFO]     calibrated F1=0.4105 via biases D=+0.30 A=+0.30 S=+0.50 (selected=calibrated)
2026-05-13 02:08:33 [INFO]    10/ 30 | 3.91e-04 |   0.8193   |  0.6586  | 0.2822 | 0.4105 | 0.7097 | 0.394/0.453/0.000 | 1m 56s ETA 41m 09s VRAM 13.4G
2026-05-13 02:10:30 [INFO]     D: gt_pos=0.184 pred_pos=0.006 p_mean=0.211 P=0.286 R=0.010 F1=0.019
2026-05-13 02:10:30 [INFO]     A: gt_pos=0.245 pred_pos=0.015 p_mean=0.263 P=0.529 R=0.032 F1=0.061
2026-05-13 02:10:30 [INFO]     S: gt_pos=0.116 pred_pos=0.004 p_mean=0.172 P=0.250 R=0.008 F1=0.015
2026-05-13 02:10:30 [INFO]     Session-level variance (collapse metric): 0.001534
2026-05-13 02:10:31 [INFO]     calibrated F1=0.4113 via biases D=+1.20 A=+1.10 S=+1.00 (selected=calibrated)
2026-05-13 02:10:31 [INFO]    11/ 30 | 3.67e-04 |   0.7976   |  0.6675  | 0.0313 | 0.4113 | 0.7031 | 0.019/0.061/0.015 | 1m 56s ETA 38m 54s VRAM 13.4G
2026-05-13 02:12:25 [INFO]     D: gt_pos=0.184 pred_pos=0.368 p_mean=0.384 P=0.282 R=0.565 F1=0.376
2026-05-13 02:12:25 [INFO]     A: gt_pos=0.245 pred_pos=0.420 p_mean=0.454 P=0.368 R=0.631 F1=0.465
2026-05-13 02:12:25 [INFO]     S: gt_pos=0.116 pred_pos=0.284 p_mean=0.332 P=0.217 R=0.530 F1=0.308
2026-05-13 02:12:26 [INFO]     Session-level variance (collapse metric): 0.004626
2026-05-13 02:12:26 [INFO]     calibrated F1=0.3958 via biases D=-0.30 A=+0.00 S=-0.50 (selected=calibrated)
2026-05-13 02:12:26 [INFO]    12/ 30 | 3.43e-04 |   0.7949   |  0.7121  | 0.3828 | 0.3958 | 0.6966 | 0.376/0.465/0.308 | 1m 54s ETA 36m 40s VRAM 13.4G
2026-05-13 02:14:21 [INFO]     D: gt_pos=0.184 pred_pos=0.156 p_mean=0.276 P=0.399 R=0.340 F1=0.367
2026-05-13 02:14:22 [INFO]     A: gt_pos=0.245 pred_pos=0.225 p_mean=0.334 P=0.422 R=0.387 F1=0.404
2026-05-13 02:14:22 [INFO]     S: gt_pos=0.116 pred_pos=0.114 p_mean=0.220 P=0.238 R=0.235 F1=0.237
2026-05-13 02:14:22 [INFO]     Session-level variance (collapse metric): 0.004097
2026-05-13 02:14:22 [INFO]     calibrated F1=0.3879 via biases D=+0.30 A=+1.30 S=+0.50 (selected=calibrated)
2026-05-13 02:14:22 [INFO]    13/ 30 | 3.17e-04 |   0.7857   |  0.6742  | 0.3358 | 0.3879 | 0.6876 | 0.367/0.404/0.237 | 1m 55s ETA 34m 30s VRAM 13.4G
2026-05-13 02:16:20 [INFO]     D: gt_pos=0.184 pred_pos=0.109 p_mean=0.228 P=0.306 R=0.182 F1=0.228
2026-05-13 02:16:20 [INFO]     A: gt_pos=0.245 pred_pos=0.120 p_mean=0.263 P=0.372 R=0.183 F1=0.245
2026-05-13 02:16:21 [INFO]     S: gt_pos=0.116 pred_pos=0.059 p_mean=0.144 P=0.269 R=0.136 F1=0.181
2026-05-13 02:16:21 [INFO]     Session-level variance (collapse metric): 0.007482
2026-05-13 02:16:21 [INFO]     calibrated F1=0.4098 via biases D=+1.30 A=+1.40 S=+1.90 (selected=calibrated)
2026-05-13 02:16:21 [INFO]    14/ 30 | 2.91e-04 |   0.7446   |  0.7064  | 0.2181 | 0.4098 | 0.6966 | 0.228/0.245/0.181 | 1m 58s ETA 32m 24s VRAM 13.4G
2026-05-13 02:16:22 [INFO]   EarlyStopping triggered at epoch 14 (patience=8, metric=primary)
2026-05-13 02:16:22 [INFO] ==========================================================================================
2026-05-13 02:16:22 [INFO] Training complete. Best F1=0.4225, time=28m 22s
2026-05-13 02:16:22 [INFO] ================ Checkpoint-Bias Pairs ================
2026-05-13 02:16:22 [INFO] best_auroc.pt            -> best_auroc.bias.json           epoch=6 bias=[+0.80,+1.10,+0.40]
2026-05-13 02:16:22 [INFO] best_calibrated_f1.pt    -> best_calibrated_f1.bias.json   epoch=6 bias=[+0.80,+1.10,+0.40]
2026-05-13 02:16:22 [INFO] best_raw_f1.pt           -> best_raw_f1.bias.json          epoch=3 bias=[-0.30,+0.00,+0.30]
2026-05-13 02:16:22 [INFO] best_robust.pt           -> best_robust.bias.json          epoch=3 bias=[-0.30,+0.00,+0.30]
2026-05-13 02:16:22 [INFO] last.pt                  -> last.bias.json                 epoch=14 bias=[+1.30,+1.40,+1.90]
2026-05-13 02:16:22 [INFO] =======================================================
2026-05-13 02:16:22 [INFO] Loading best_robust.pt for calibration / submission generation ...
2026-05-13 02:16:22 [INFO] Submission level: participant
2026-05-13 02:16:22 [INFO] Decode method: auto
2026-05-13 02:16:22 [INFO] Calibrating per-task bias offsets on val ...
2026-05-13 02:16:59 [INFO]   D: bias=-0.30  F1_cal=0.4305
2026-05-13 02:16:59 [INFO]   A: bias=+0.00  F1_cal=0.4868
2026-05-13 02:16:59 [INFO]   S: bias=+0.30  F1_cal=0.2912
2026-05-13 02:16:59 [INFO]   Mean calibrated F1: 0.4028 (vs selected best: 0.4225, raw best: 0.3255)
2026-05-13 02:16:59 [INFO] [LEGACY] calibration/a1_bias_grouped.json is run-level only. It is not checkpoint-matched.
2026-05-13 02:16:59 [INFO] Skipping submission generation after training; use infer.py for release inference.
2026-05-13 02:16:59 [INFO] Run complete: a1__grouped__mtcn__a-base-mel_mfcc__a-ssl-wav2vec2-chinese-xlsr__v-base-headpose+facebeh+qc+vadagg__v-ssl-dinov2-large__mask-andcore__pw_biascalib__seed42__20260513_014754
2026-05-13 02:17:00 [INFO] Output dir: /home/adodas/AdoDAS2026-split/outputs_internal/split2/a1_baseline_official/runs/a1__grouped__mtcn__a-base-mel_mfcc__a-ssl-wav2vec2-chinese-xlsr__v-base-headpose+facebeh+qc+vadagg__v-ssl-dinov2-large__mask-andcore__pw_biascalib__seed42__20260513_014754
