2026-05-06 00:22:38 [INFO] Logging to /home/adodas/AdoDAS2026/outputs/a1/runs/a1__grouped__mtcn__a-base-mel_mfcc+vad+egemaps__a-ssl-wav2vec2-chinese-xlsr__v-base-headpose+facebeh+qc+vadagg__v-ssl-dinov2-large__mask-andcore__pw_biascalib__seed42__20260506_002238/logs/train_grouped_a1_20260506_002238.log
2026-05-06 00:22:38 [INFO] Device: cuda
2026-05-06 00:22:38 [INFO] Task: a1
2026-05-06 00:22:39 [INFO] Run name: a1__grouped__mtcn__a-base-mel_mfcc+vad+egemaps__a-ssl-wav2vec2-chinese-xlsr__v-base-headpose+facebeh+qc+vadagg__v-ssl-dinov2-large__mask-andcore__pw_biascalib__seed42__20260506_002238
2026-05-06 00:22:39 [INFO] Config: {'feature_root': '/home/adodas/dataset', 'manifest_dir': '/home/adodas/dataset/manifests', 'output_dir': '/home/adodas/AdoDAS2026/outputs/a1', 'mask_policy': 'and_core', 'core_audio': ['mel_mfcc', 'ssl_embed'], 'core_video': ['vision_ssl_embed', 'qc_stats'], 'd_adapter': 64, 'd_model': 256, 'tcn_layers': 6, 'tcn_kernel_size': 3, 'asp_alpha': 0.5, 'asp_beta': 0.5, 'dropout': 0.2, 'd_shared': 256, 'aggregator': 'mlp', 'batch_size': 32, 'lr': 0.0005, 'weight_decay': 0.01, 'warmup_epochs': 1, 'epochs': 30, 'seed': 42, 'num_workers': 8, 'amp': True, 'preload': True, 'grad_clip': 1.0, 'use_pos_weight': True, 'patience': 6, 'session_loss_weight': 0.2, 'session_type_loss_weight': 0.15, 'submission_level': 'participant', 'decode_method': 'auto', 'label_smoothing': 0.0, 'feature_noise_std': 0.0, 'session_drop_prob': 0.0, 'early_stop_metric': 'primary', 'audio_features': ['mel_mfcc', 'vad', 'egemaps', 'ssl_embed'], 'video_features': ['headpose_geom', 'face_behavior', 'qc_stats', 'vad_agg', 'vision_ssl_embed'], 'audio_ssl_model_tag': 'wav2vec2-chinese-xlsr', 'video_ssl_model_tag': 'dinov2-large', 'task': 'a1'}
2026-05-06 00:22:39 [INFO] Mask policy: and_core
2026-05-06 00:22:42 [INFO] Train: 4200 participants, Val: 600 participants
2026-05-06 00:22:42 [INFO] Preloading data into RAM ...
2026-05-06 00:31:03 [INFO] Preloaded 4200/4200 participants (45.7 GB in RAM)
2026-05-06 00:32:31 [INFO] Preloaded 600/600 participants (7.9 GB in RAM)
2026-05-06 00:32:31 [INFO] Preload done: 45.7G + 7.9G = 53.6G, took 9m 49s
2026-05-06 00:32:31 [INFO] batch_size=32, num_workers=0
2026-05-06 00:32:32 [INFO] Model params: 5,522,013
2026-05-06 00:32:32 [INFO] AMP enabled (BF16)
2026-05-06 00:32:32 [INFO] pos_weight [D/A/S]: 1.91 / 1.59 / 2.60
2026-05-06 00:32:32 [INFO] Scheduler: warmup=1 -> cosine, total=30
2026-05-06 00:32:33 [INFO] Grad clip: 1.0
2026-05-06 00:32:33 [INFO] Session loss weight: 0.2
2026-05-06 00:32:33 [INFO] Session type loss weight: 0.15
2026-05-06 00:32:33 [INFO] EarlyStopping: patience=6, metric=primary, mode=max
2026-05-06 00:32:33 [INFO] Label smoothing: 0.0
2026-05-06 00:32:33 [INFO] Feature noise std: 0.0
2026-05-06 00:32:33 [INFO] Session drop prob: 0.0
2026-05-06 00:32:33 [INFO] ==========================================================================================
2026-05-06 00:32:33 [INFO]   Epoch  |    LR     | Train Loss | Val Loss | F1 raw | F1 sel |  AUROC | F1[D/A/S]       | Time
2026-05-06 00:32:33 [INFO] ==========================================================================================
2026-05-06 00:35:00 [INFO]     D: gt_pos=0.215 pred_pos=0.000 p_mean=0.334 P=0.000 R=0.000 F1=0.000
2026-05-06 00:35:00 [INFO]     A: gt_pos=0.283 pred_pos=0.000 p_mean=0.362 P=0.000 R=0.000 F1=0.000
2026-05-06 00:35:00 [INFO]     S: gt_pos=0.130 pred_pos=0.000 p_mean=0.222 P=0.000 R=0.000 F1=0.000
2026-05-06 00:35:00 [INFO]     Session-level variance (collapse metric): 0.000660
2026-05-06 00:35:00 [INFO]     calibrated F1=0.3680 via biases D=+0.70 A=+0.60 S=+1.30 (selected=calibrated)
2026-05-06 00:35:00 [INFO]     1/ 30 | 5.00e-04 |   1.1416   |  0.7505  | 0.0000 | 0.3680 | 0.6256 | 0.000/0.000/0.000 | 2m 27s ETA 1h 11m 05s VRAM 13.4G *
2026-05-06 00:35:00 [INFO]   >>> New best F1=0.3680 saved at epoch 1.
2026-05-06 00:37:19 [INFO]     D: gt_pos=0.215 pred_pos=0.000 p_mean=0.258 P=0.000 R=0.000 F1=0.000
2026-05-06 00:37:19 [INFO]     A: gt_pos=0.283 pred_pos=0.108 p_mean=0.345 P=0.400 R=0.153 F1=0.221
2026-05-06 00:37:19 [INFO]     S: gt_pos=0.130 pred_pos=0.000 p_mean=0.217 P=0.000 R=0.000 F1=0.000
2026-05-06 00:37:20 [INFO]     Session-level variance (collapse metric): 0.005528
2026-05-06 00:37:20 [INFO]     calibrated F1=0.4197 via biases D=+1.20 A=+1.10 S=+1.00 (selected=calibrated)
2026-05-06 00:37:20 [INFO]     2/ 30 | 4.99e-04 |   1.0289   |  0.7178  | 0.0738 | 0.4197 | 0.6656 | 0.000/0.221/0.000 | 2m 19s ETA 1h 06m 55s VRAM 13.4G *
2026-05-06 00:37:20 [INFO]   >>> New best F1=0.4197 saved at epoch 2.
2026-05-06 00:39:40 [INFO]     D: gt_pos=0.215 pred_pos=0.000 p_mean=0.305 P=0.000 R=0.000 F1=0.000
2026-05-06 00:39:40 [INFO]     A: gt_pos=0.283 pred_pos=0.142 p_mean=0.360 P=0.400 R=0.200 F1=0.267
2026-05-06 00:39:40 [INFO]     S: gt_pos=0.130 pred_pos=0.000 p_mean=0.225 P=0.000 R=0.000 F1=0.000
2026-05-06 00:39:40 [INFO]     Session-level variance (collapse metric): 0.003017
2026-05-06 00:39:40 [INFO]     calibrated F1=0.4252 via biases D=+0.40 A=+0.80 S=+0.80 (selected=calibrated)
2026-05-06 00:39:40 [INFO]     3/ 30 | 4.94e-04 |   0.9778   |  0.7010  | 0.0889 | 0.4252 | 0.6833 | 0.000/0.267/0.000 | 2m 19s ETA 1h 04m 05s VRAM 13.4G *
2026-05-06 00:39:40 [INFO]   >>> New best F1=0.4252 saved at epoch 3.
2026-05-06 00:42:01 [INFO]     D: gt_pos=0.215 pred_pos=0.212 p_mean=0.329 P=0.339 R=0.333 F1=0.336
2026-05-06 00:42:01 [INFO]     A: gt_pos=0.283 pred_pos=0.242 p_mean=0.384 P=0.379 R=0.324 F1=0.349
2026-05-06 00:42:01 [INFO]     S: gt_pos=0.130 pred_pos=0.000 p_mean=0.240 P=0.000 R=0.000 F1=0.000
2026-05-06 00:42:01 [INFO]     Session-level variance (collapse metric): 0.003219
2026-05-06 00:42:01 [INFO]     calibrated F1=0.4457 via biases D=+0.60 A=+0.40 S=+0.90 (selected=calibrated)
2026-05-06 00:42:01 [INFO]     4/ 30 | 4.87e-04 |   0.9627   |  0.6974  | 0.2284 | 0.4457 | 0.6816 | 0.336/0.349/0.000 | 2m 20s ETA 1h 01m 36s VRAM 13.4G *
2026-05-06 00:42:02 [INFO]   >>> New best F1=0.4457 saved at epoch 4.
2026-05-06 00:44:23 [INFO]     D: gt_pos=0.215 pred_pos=0.000 p_mean=0.252 P=0.000 R=0.000 F1=0.000
2026-05-06 00:44:23 [INFO]     A: gt_pos=0.283 pred_pos=0.015 p_mean=0.353 P=0.556 R=0.029 F1=0.056
2026-05-06 00:44:23 [INFO]     S: gt_pos=0.130 pred_pos=0.000 p_mean=0.191 P=0.000 R=0.000 F1=0.000
2026-05-06 00:44:23 [INFO]     Session-level variance (collapse metric): 0.001780
2026-05-06 00:44:23 [INFO]     calibrated F1=0.4297 via biases D=+1.10 A=+0.70 S=+1.40 (selected=calibrated)
2026-05-06 00:44:23 [INFO]     5/ 30 | 4.77e-04 |   0.8966   |  0.7167  | 0.0186 | 0.4297 | 0.6834 | 0.000/0.056/0.000 | 2m 21s ETA 59m 11s VRAM 13.4G
2026-05-06 00:46:44 [INFO]     D: gt_pos=0.215 pred_pos=0.357 p_mean=0.399 P=0.350 R=0.581 F1=0.437
2026-05-06 00:46:44 [INFO]     A: gt_pos=0.283 pred_pos=0.397 p_mean=0.416 P=0.395 R=0.553 F1=0.461
2026-05-06 00:46:44 [INFO]     S: gt_pos=0.130 pred_pos=0.000 p_mean=0.285 P=0.000 R=0.000 F1=0.000
2026-05-06 00:46:44 [INFO]     Session-level variance (collapse metric): 0.001799
2026-05-06 00:46:44 [INFO]     calibrated F1=0.4328 via biases D=+0.20 A=+0.20 S=+0.50 (selected=calibrated)
2026-05-06 00:46:44 [INFO]     6/ 30 | 4.64e-04 |   0.8594   |  0.7000  | 0.2994 | 0.4328 | 0.6917 | 0.437/0.461/0.000 | 2m 21s ETA 56m 45s VRAM 13.4G
2026-05-06 00:49:05 [INFO]     D: gt_pos=0.215 pred_pos=0.548 p_mean=0.475 P=0.295 R=0.752 F1=0.424
2026-05-06 00:49:05 [INFO]     A: gt_pos=0.283 pred_pos=0.620 p_mean=0.531 P=0.360 R=0.788 F1=0.494
2026-05-06 00:49:05 [INFO]     S: gt_pos=0.130 pred_pos=0.305 p_mean=0.366 P=0.230 R=0.538 F1=0.322
2026-05-06 00:49:05 [INFO]     Session-level variance (collapse metric): 0.002885
2026-05-06 00:49:05 [INFO]     calibrated F1=0.4295 via biases D=-0.40 A=-0.10 S=+0.10 (selected=calibrated)
2026-05-06 00:49:05 [INFO]     7/ 30 | 4.49e-04 |   0.8481   |  0.7514  | 0.4133 | 0.4295 | 0.6875 | 0.424/0.494/0.322 | 2m 20s ETA 54m 21s VRAM 13.4G
2026-05-06 00:51:27 [INFO]     D: gt_pos=0.215 pred_pos=0.362 p_mean=0.421 P=0.346 R=0.581 F1=0.434
2026-05-06 00:51:28 [INFO]     A: gt_pos=0.283 pred_pos=0.390 p_mean=0.432 P=0.419 R=0.576 F1=0.485
2026-05-06 00:51:28 [INFO]     S: gt_pos=0.130 pred_pos=0.017 p_mean=0.307 P=0.200 R=0.026 F1=0.045
2026-05-06 00:51:28 [INFO]     Session-level variance (collapse metric): 0.002062
2026-05-06 00:51:28 [INFO]     calibrated F1=0.4264 via biases D=+0.20 A=+0.40 S=+0.60 (selected=calibrated)
2026-05-06 00:51:28 [INFO]     8/ 30 | 4.32e-04 |   0.8445   |  0.7127  | 0.3214 | 0.4264 | 0.6793 | 0.434/0.485/0.045 | 2m 22s ETA 52m 01s VRAM 13.4G
2026-05-06 00:53:50 [INFO]     D: gt_pos=0.215 pred_pos=0.003 p_mean=0.248 P=0.500 R=0.008 F1=0.015
2026-05-06 00:53:50 [INFO]     A: gt_pos=0.283 pred_pos=0.030 p_mean=0.319 P=0.667 R=0.071 F1=0.128
2026-05-06 00:53:50 [INFO]     S: gt_pos=0.130 pred_pos=0.000 p_mean=0.197 P=0.000 R=0.000 F1=0.000
2026-05-06 00:53:50 [INFO]     Session-level variance (collapse metric): 0.002363
2026-05-06 00:53:50 [INFO]     calibrated F1=0.4334 via biases D=+0.80 A=+1.10 S=+1.00 (selected=calibrated)
2026-05-06 00:53:50 [INFO]     9/ 30 | 4.12e-04 |   0.8370   |  0.7034  | 0.0476 | 0.4334 | 0.6960 | 0.015/0.128/0.000 | 2m 22s ETA 49m 41s VRAM 13.4G
2026-05-06 00:56:11 [INFO]     D: gt_pos=0.215 pred_pos=0.342 p_mean=0.318 P=0.346 R=0.550 F1=0.425
2026-05-06 00:56:12 [INFO]     A: gt_pos=0.283 pred_pos=0.392 p_mean=0.364 P=0.387 R=0.535 F1=0.449
2026-05-06 00:56:12 [INFO]     S: gt_pos=0.130 pred_pos=0.153 p_mean=0.254 P=0.261 R=0.308 F1=0.282
2026-05-06 00:56:12 [INFO]     Session-level variance (collapse metric): 0.004957
2026-05-06 00:56:12 [INFO]     calibrated F1=0.4309 via biases D=+0.80 A=+1.00 S=+0.20 (selected=calibrated)
2026-05-06 00:56:12 [INFO]    10/ 30 | 3.91e-04 |   0.8160   |  0.7258  | 0.3856 | 0.4309 | 0.6922 | 0.425/0.449/0.282 | 2m 21s ETA 47m 17s VRAM 13.4G
2026-05-06 00:56:12 [INFO]   EarlyStopping triggered at epoch 10 (patience=6, metric=primary)
2026-05-06 00:56:12 [INFO] ==========================================================================================
2026-05-06 00:56:12 [INFO] Training complete. Best F1=0.4457, time=23m 38s
2026-05-06 00:56:12 [INFO] Loading best checkpoint for submission generation ...
2026-05-06 00:56:12 [INFO] Submission level: participant
2026-05-06 00:56:12 [INFO] Decode method: auto
2026-05-06 00:56:12 [INFO] Calibrating per-task bias offsets on val ...
2026-05-06 00:56:26 [INFO]   D: bias=+0.60  F1_cal=0.4570
2026-05-06 00:56:26 [INFO]   A: bias=+0.40  F1_cal=0.5393
2026-05-06 00:56:26 [INFO]   S: bias=+0.90  F1_cal=0.3409
2026-05-06 00:56:26 [INFO]   Mean calibrated F1: 0.4457 (vs selected best: 0.4457, raw best: 0.2284)
2026-05-06 00:56:26 [INFO] Skipping submission generation after training; use infer.py for release inference.
2026-05-06 00:56:26 [INFO] Run complete: a1__grouped__mtcn__a-base-mel_mfcc+vad+egemaps__a-ssl-wav2vec2-chinese-xlsr__v-base-headpose+facebeh+qc+vadagg__v-ssl-dinov2-large__mask-andcore__pw_biascalib__seed42__20260506_002238
2026-05-06 00:56:26 [INFO] Output dir: /home/adodas/AdoDAS2026/outputs/a1/runs/a1__grouped__mtcn__a-base-mel_mfcc+vad+egemaps__a-ssl-wav2vec2-chinese-xlsr__v-base-headpose+facebeh+qc+vadagg__v-ssl-dinov2-large__mask-andcore__pw_biascalib__seed42__20260506_002238
