2026-05-04 17:22:18 [INFO] Logging to /home/adodas/AdoDAS2026_3/outputs/a1/runs/a1__grouped__mtcn__a-base-mel_mfcc+vad+egemaps__a-ssl-wav2vec2-chinese-xlsr__v-base-headpose+facebeh+qc+vadagg__v-ssl-dinov2-large__mask-andcore__pw_biascalib__seed42__20260504_172218/logs/train_grouped_a1_20260504_172218.log
2026-05-04 17:22:18 [INFO] Device: cuda
2026-05-04 17:22:18 [INFO] Task: a1
2026-05-04 17:22:18 [INFO] Run name: a1__grouped__mtcn__a-base-mel_mfcc+vad+egemaps__a-ssl-wav2vec2-chinese-xlsr__v-base-headpose+facebeh+qc+vadagg__v-ssl-dinov2-large__mask-andcore__pw_biascalib__seed42__20260504_172218
2026-05-04 17:22:18 [INFO] Config: {'feature_root': '/home/adodas/dataset', 'manifest_dir': '/home/adodas/dataset/manifests', 'output_dir': '/home/adodas/AdoDAS2026_3/outputs/a1', 'mask_policy': 'and_core', 'core_audio': ['mel_mfcc', 'ssl_embed'], 'core_video': ['vision_ssl_embed', 'qc_stats'], 'd_adapter': 64, 'd_model': 256, 'tcn_layers': 6, 'tcn_kernel_size': 3, 'asp_alpha': 0.5, 'asp_beta': 0.5, 'dropout': 0.2, 'd_shared': 256, 'aggregator': 'mlp', 'batch_size': 32, 'lr': 0.0005, 'weight_decay': 0.01, 'warmup_epochs': 1, 'epochs': 30, 'seed': 42, 'num_workers': 8, 'amp': True, 'preload': True, 'grad_clip': 1.0, 'use_pos_weight': True, 'patience': 6, 'session_loss_weight': 0.2, 'session_type_loss_weight': 0.15, 'submission_level': 'participant', 'decode_method': 'auto', 'label_smoothing': 0.0, 'feature_noise_std': 0.0, 'session_drop_prob': 0.0, 'early_stop_metric': 'primary', 'pre_tcn_processing': {'enabled': True, 'dynamics_aug': {'enabled': True, 'window': 5, 'use_delta': True, 'use_abs_delta': True, 'use_rolling_mean': True, 'use_rolling_std': True, 'apply_audio': ['vad'], 'apply_video': ['vad_agg', 'headpose_geom', 'face_behavior'], 'exclude': ['qc_stats', 'ssl_embed', 'vision_ssl_embed', 'mel_mfcc', 'egemaps', 'body_pose', 'global_motion']}}, 'audio_features': ['mel_mfcc', 'vad', 'egemaps', 'ssl_embed'], 'video_features': ['headpose_geom', 'face_behavior', 'qc_stats', 'vad_agg', 'vision_ssl_embed'], 'audio_ssl_model_tag': 'wav2vec2-chinese-xlsr', 'video_ssl_model_tag': 'dinov2-large', 'task': 'a1'}
2026-05-04 17:22:18 [INFO] Mask policy: and_core
2026-05-04 17:22:21 [INFO] [PreTCN] DynamicsAug enabled: True
2026-05-04 17:22:21 [INFO] [PreTCN] window: 5
2026-05-04 17:22:21 [INFO] [PreTCN] apply_audio: ['vad']
2026-05-04 17:22:21 [INFO] [PreTCN] apply_video: ['face_behavior', 'headpose_geom', 'vad_agg']
2026-05-04 17:22:21 [INFO] [PreTCN] use_delta=True use_abs_delta=True use_rolling_mean=True use_rolling_std=True
2026-05-04 17:22:21 [INFO] [PreTCN] face_behavior: 5 -> 25
2026-05-04 17:22:21 [INFO] [PreTCN] headpose_geom: 5 -> 25
2026-05-04 17:22:22 [INFO] [PreTCN] vad: 1 -> 5
2026-05-04 17:22:22 [INFO] [PreTCN] vad_agg: 4 -> 20
2026-05-04 17:22:22 [INFO] Train: 4200 participants, Val: 600 participants
2026-05-04 17:22:22 [INFO] Preloading data into RAM ...
2026-05-04 17:47:49 [INFO] Preloaded 4200/4200 participants (46.9 GB in RAM)
2026-05-04 17:52:18 [INFO] Preloaded 600/600 participants (8.1 GB in RAM)
2026-05-04 17:52:18 [INFO] Preload done: 46.9G + 8.1G = 55.1G, took 29m 56s
2026-05-04 17:52:19 [INFO] batch_size=32, num_workers=0
2026-05-04 17:52:19 [INFO] Model params: 5,525,973
2026-05-04 17:52:19 [INFO] AMP enabled (BF16)
2026-05-04 17:52:20 [INFO] pos_weight [D/A/S]: 1.91 / 1.59 / 2.60
2026-05-04 17:52:21 [INFO] Scheduler: warmup=1 -> cosine, total=30
2026-05-04 17:52:21 [INFO] Grad clip: 1.0
2026-05-04 17:52:21 [INFO] Session loss weight: 0.2
2026-05-04 17:52:21 [INFO] Session type loss weight: 0.15
2026-05-04 17:52:21 [INFO] EarlyStopping: patience=6, metric=primary, mode=max
2026-05-04 17:52:21 [INFO] Label smoothing: 0.0
2026-05-04 17:52:22 [INFO] Feature noise std: 0.0
2026-05-04 17:52:22 [INFO] Session drop prob: 0.0
2026-05-04 17:52:22 [INFO] ==========================================================================================
2026-05-04 17:52:22 [INFO]   Epoch  |    LR     | Train Loss | Val Loss | F1 raw | F1 sel |  AUROC | F1[D/A/S]       | Time
2026-05-04 17:52:22 [INFO] ==========================================================================================
2026-05-04 17:55:18 [INFO]     D: gt_pos=0.215 pred_pos=0.000 p_mean=0.388 P=0.000 R=0.000 F1=0.000
2026-05-04 17:55:18 [INFO]     A: gt_pos=0.283 pred_pos=0.000 p_mean=0.383 P=0.000 R=0.000 F1=0.000
2026-05-04 17:55:18 [INFO]     S: gt_pos=0.130 pred_pos=0.000 p_mean=0.270 P=0.000 R=0.000 F1=0.000
2026-05-04 17:55:18 [INFO]     Session-level variance (collapse metric): 0.000705
2026-05-04 17:55:18 [INFO]     calibrated F1=0.3479 via biases D=+0.60 A=+0.50 S=+1.20 (selected=calibrated)
2026-05-04 17:55:18 [INFO]     1/ 30 | 5.00e-04 |   1.1414   |  0.7533  | 0.0000 | 0.3479 | 0.5549 | 0.000/0.000/0.000 | 2m 56s ETA 1h 25m 24s VRAM 13.5G *
2026-05-04 17:55:19 [INFO]   >>> New best F1=0.3479 saved at epoch 1.
2026-05-04 17:58:16 [INFO]     D: gt_pos=0.215 pred_pos=0.037 p_mean=0.363 P=0.364 R=0.062 F1=0.106
2026-05-04 17:58:16 [INFO]     A: gt_pos=0.283 pred_pos=0.458 p_mean=0.489 P=0.375 R=0.606 F1=0.463
2026-05-04 17:58:16 [INFO]     S: gt_pos=0.130 pred_pos=0.030 p_mean=0.339 P=0.167 R=0.038 F1=0.062
2026-05-04 17:58:16 [INFO]     Session-level variance (collapse metric): 0.003194
2026-05-04 17:58:16 [INFO]     calibrated F1=0.4083 via biases D=+0.60 A=+0.40 S=+0.70 (selected=calibrated)
2026-05-04 17:58:16 [INFO]     2/ 30 | 4.99e-04 |   1.0548   |  0.7310  | 0.2105 | 0.4083 | 0.6532 | 0.106/0.463/0.062 | 2m 57s ETA 1h 22m 38s VRAM 13.5G *
2026-05-04 17:58:16 [INFO]   >>> New best F1=0.4083 saved at epoch 2.
2026-05-04 18:01:17 [INFO]     D: gt_pos=0.215 pred_pos=0.000 p_mean=0.228 P=0.000 R=0.000 F1=0.000
2026-05-04 18:01:17 [INFO]     A: gt_pos=0.283 pred_pos=0.180 p_mean=0.334 P=0.426 R=0.271 F1=0.331
2026-05-04 18:01:17 [INFO]     S: gt_pos=0.130 pred_pos=0.000 p_mean=0.171 P=0.000 R=0.000 F1=0.000
2026-05-04 18:01:17 [INFO]     Session-level variance (collapse metric): 0.002029
2026-05-04 18:01:17 [INFO]     calibrated F1=0.4216 via biases D=+1.10 A=+1.00 S=+1.50 (selected=calibrated)
2026-05-04 18:01:17 [INFO]     3/ 30 | 4.94e-04 |   0.9757   |  0.7370  | 0.1103 | 0.4216 | 0.6727 | 0.000/0.331/0.000 | 3m 00s ETA 1h 20m 19s VRAM 13.5G *
2026-05-04 18:01:18 [INFO]   >>> New best F1=0.4216 saved at epoch 3.
2026-05-04 18:04:13 [INFO]     D: gt_pos=0.215 pred_pos=0.563 p_mean=0.452 P=0.299 R=0.783 F1=0.433
2026-05-04 18:04:13 [INFO]     A: gt_pos=0.283 pred_pos=0.622 p_mean=0.500 P=0.362 R=0.794 F1=0.497
2026-05-04 18:04:13 [INFO]     S: gt_pos=0.130 pred_pos=0.378 p_mean=0.368 P=0.229 R=0.667 F1=0.341
2026-05-04 18:04:13 [INFO]     Session-level variance (collapse metric): 0.005902
2026-05-04 18:04:14 [INFO]     calibrated F1=0.4384 via biases D=-0.30 A=+0.50 S=-0.10 (selected=calibrated)
2026-05-04 18:04:14 [INFO]     4/ 30 | 4.87e-04 |   0.9404   |  0.7314  | 0.4236 | 0.4384 | 0.6997 | 0.433/0.497/0.341 | 2m 55s ETA 1h 17m 07s VRAM 13.5G *
2026-05-04 18:04:15 [INFO]   >>> New best F1=0.4384 saved at epoch 4.
2026-05-04 18:07:11 [INFO]     D: gt_pos=0.215 pred_pos=0.170 p_mean=0.327 P=0.412 R=0.326 F1=0.364
2026-05-04 18:07:12 [INFO]     A: gt_pos=0.283 pred_pos=0.245 p_mean=0.383 P=0.422 R=0.365 F1=0.391
2026-05-04 18:07:12 [INFO]     S: gt_pos=0.130 pred_pos=0.015 p_mean=0.235 P=0.111 R=0.013 F1=0.023
2026-05-04 18:07:12 [INFO]     Session-level variance (collapse metric): 0.002479
2026-05-04 18:07:12 [INFO]     calibrated F1=0.4352 via biases D=+0.50 A=+0.80 S=+0.90 (selected=calibrated)
2026-05-04 18:07:12 [INFO]     5/ 30 | 4.77e-04 |   0.9029   |  0.6934  | 0.2593 | 0.4352 | 0.6961 | 0.364/0.391/0.023 | 2m 56s ETA 1h 14m 11s VRAM 13.5G
2026-05-04 18:10:13 [INFO]     D: gt_pos=0.215 pred_pos=0.542 p_mean=0.494 P=0.298 R=0.752 F1=0.427
2026-05-04 18:10:13 [INFO]     A: gt_pos=0.283 pred_pos=0.560 p_mean=0.508 P=0.372 R=0.735 F1=0.494
2026-05-04 18:10:13 [INFO]     S: gt_pos=0.130 pred_pos=0.400 p_mean=0.407 P=0.225 R=0.692 F1=0.340
2026-05-04 18:10:13 [INFO]     Session-level variance (collapse metric): 0.002498
2026-05-04 18:10:13 [INFO]     calibrated F1=0.4335 via biases D=-0.30 A=-0.30 S=-0.10 (selected=calibrated)
2026-05-04 18:10:14 [INFO]     6/ 30 | 4.64e-04 |   0.8564   |  0.7511  | 0.4203 | 0.4335 | 0.6897 | 0.427/0.494/0.340 | 3m 01s ETA 1h 11m 27s VRAM 13.5G
2026-05-04 18:13:13 [INFO]     D: gt_pos=0.215 pred_pos=0.000 p_mean=0.331 P=0.000 R=0.000 F1=0.000
2026-05-04 18:13:13 [INFO]     A: gt_pos=0.283 pred_pos=0.145 p_mean=0.381 P=0.483 R=0.247 F1=0.327
2026-05-04 18:13:13 [INFO]     S: gt_pos=0.130 pred_pos=0.000 p_mean=0.260 P=0.000 R=0.000 F1=0.000
2026-05-04 18:13:13 [INFO]     Session-level variance (collapse metric): 0.001538
2026-05-04 18:13:14 [INFO]     calibrated F1=0.4508 via biases D=+0.80 A=+0.60 S=+0.50 (selected=calibrated)
2026-05-04 18:13:14 [INFO]     7/ 30 | 4.49e-04 |   0.8391   |  0.6868  | 0.1089 | 0.4508 | 0.7106 | 0.000/0.327/0.000 | 3m 00s ETA 1h 08m 34s VRAM 13.5G *
2026-05-04 18:13:14 [INFO]   >>> New best F1=0.4508 saved at epoch 7.
2026-05-04 18:16:16 [INFO]     D: gt_pos=0.215 pred_pos=0.213 p_mean=0.277 P=0.383 R=0.380 F1=0.381
2026-05-04 18:16:16 [INFO]     A: gt_pos=0.283 pred_pos=0.300 p_mean=0.326 P=0.411 R=0.435 F1=0.423
2026-05-04 18:16:16 [INFO]     S: gt_pos=0.130 pred_pos=0.000 p_mean=0.206 P=0.000 R=0.000 F1=0.000
2026-05-04 18:16:16 [INFO]     Session-level variance (collapse metric): 0.002911
2026-05-04 18:16:17 [INFO]     calibrated F1=0.4285 via biases D=+0.50 A=+1.80 S=+1.00 (selected=calibrated)
2026-05-04 18:16:17 [INFO]     8/ 30 | 4.32e-04 |   0.8385   |  0.7178  | 0.2681 | 0.4285 | 0.6903 | 0.381/0.423/0.000 | 3m 02s ETA 1h 05m 46s VRAM 13.5G
2026-05-04 18:19:08 [INFO]     D: gt_pos=0.215 pred_pos=0.180 p_mean=0.267 P=0.426 R=0.357 F1=0.388
2026-05-04 18:19:08 [INFO]     A: gt_pos=0.283 pred_pos=0.357 p_mean=0.340 P=0.416 R=0.524 F1=0.464
2026-05-04 18:19:08 [INFO]     S: gt_pos=0.130 pred_pos=0.045 p_mean=0.216 P=0.222 R=0.077 F1=0.114
2026-05-04 18:19:08 [INFO]     Session-level variance (collapse metric): 0.003500
2026-05-04 18:19:08 [INFO]     calibrated F1=0.4398 via biases D=+0.40 A=+1.90 S=+0.40 (selected=calibrated)
2026-05-04 18:19:08 [INFO]     9/ 30 | 4.12e-04 |   0.8188   |  0.7322  | 0.3220 | 0.4398 | 0.6960 | 0.388/0.464/0.114 | 2m 51s ETA 1h 02m 29s VRAM 13.5G
2026-05-04 18:22:10 [INFO]     D: gt_pos=0.215 pred_pos=0.177 p_mean=0.321 P=0.387 R=0.318 F1=0.349
2026-05-04 18:22:10 [INFO]     A: gt_pos=0.283 pred_pos=0.232 p_mean=0.359 P=0.468 R=0.382 F1=0.421
2026-05-04 18:22:10 [INFO]     S: gt_pos=0.130 pred_pos=0.000 p_mean=0.226 P=0.000 R=0.000 F1=0.000
2026-05-04 18:22:10 [INFO]     Session-level variance (collapse metric): 0.003273
2026-05-04 18:22:10 [INFO]     calibrated F1=0.4439 via biases D=+0.60 A=+0.90 S=+0.80 (selected=calibrated)
2026-05-04 18:22:11 [INFO]    10/ 30 | 3.91e-04 |   0.8043   |  0.6937  | 0.2565 | 0.4439 | 0.6980 | 0.349/0.421/0.000 | 3m 01s ETA 59m 37s VRAM 13.5G
2026-05-04 18:25:08 [INFO]     D: gt_pos=0.215 pred_pos=0.402 p_mean=0.395 P=0.353 R=0.659 F1=0.459
2026-05-04 18:25:08 [INFO]     A: gt_pos=0.283 pred_pos=0.417 p_mean=0.441 P=0.400 R=0.588 F1=0.476
2026-05-04 18:25:08 [INFO]     S: gt_pos=0.130 pred_pos=0.310 p_mean=0.326 P=0.242 R=0.577 F1=0.341
2026-05-04 18:25:09 [INFO]     Session-level variance (collapse metric): 0.002765
2026-05-04 18:25:09 [INFO]     calibrated F1=0.4362 via biases D=+0.00 A=+0.50 S=+0.10 (selected=calibrated)
2026-05-04 18:25:09 [INFO]    11/ 30 | 3.67e-04 |   0.8045   |  0.7057  | 0.4255 | 0.4362 | 0.6929 | 0.459/0.476/0.341 | 2m 58s ETA 56m 37s VRAM 13.5G
2026-05-04 18:28:08 [INFO]     D: gt_pos=0.215 pred_pos=0.388 p_mean=0.361 P=0.348 R=0.628 F1=0.448
2026-05-04 18:28:08 [INFO]     A: gt_pos=0.283 pred_pos=0.418 p_mean=0.399 P=0.398 R=0.588 F1=0.475
2026-05-04 18:28:08 [INFO]     S: gt_pos=0.130 pred_pos=0.325 p_mean=0.284 P=0.221 R=0.551 F1=0.315
2026-05-04 18:28:09 [INFO]     Session-level variance (collapse metric): 0.006084
2026-05-04 18:28:09 [INFO]     calibrated F1=0.4311 via biases D=+0.10 A=+0.90 S=+0.30 (selected=calibrated)
2026-05-04 18:28:09 [INFO]    12/ 30 | 3.43e-04 |   0.7880   |  0.7503  | 0.4125 | 0.4311 | 0.6879 | 0.448/0.475/0.315 | 3m 00s ETA 53m 41s VRAM 13.5G
2026-05-04 18:31:00 [INFO]     D: gt_pos=0.215 pred_pos=0.382 p_mean=0.379 P=0.345 R=0.612 F1=0.441
2026-05-04 18:31:00 [INFO]     A: gt_pos=0.283 pred_pos=0.402 p_mean=0.399 P=0.386 R=0.547 F1=0.453
2026-05-04 18:31:00 [INFO]     S: gt_pos=0.130 pred_pos=0.337 p_mean=0.313 P=0.233 R=0.603 F1=0.336
2026-05-04 18:31:00 [INFO]     Session-level variance (collapse metric): 0.006191
2026-05-04 18:31:00 [INFO]     calibrated F1=0.4331 via biases D=-0.10 A=+1.50 S=-0.10 (selected=calibrated)
2026-05-04 18:31:00 [INFO]    13/ 30 | 3.17e-04 |   0.7744   |  0.7632  | 0.4099 | 0.4331 | 0.6869 | 0.441/0.453/0.336 | 2m 51s ETA 50m 32s VRAM 13.5G
2026-05-04 18:31:00 [INFO]   EarlyStopping triggered at epoch 13 (patience=6, metric=primary)
2026-05-04 18:31:01 [INFO] ==========================================================================================
2026-05-04 18:31:01 [INFO] Training complete. Best F1=0.4508, time=38m 38s
2026-05-04 18:31:01 [INFO] Loading best checkpoint for submission generation ...
2026-05-04 18:31:01 [INFO] Submission level: participant
2026-05-04 18:31:01 [INFO] Decode method: auto
2026-05-04 18:31:01 [INFO] Calibrating per-task bias offsets on val ...
2026-05-04 18:31:17 [INFO]   D: bias=+0.80  F1_cal=0.4509
2026-05-04 18:31:17 [INFO]   A: bias=+0.60  F1_cal=0.5269
2026-05-04 18:31:17 [INFO]   S: bias=+0.50  F1_cal=0.3793
2026-05-04 18:31:18 [INFO]   Mean calibrated F1: 0.4524 (vs selected best: 0.4508, raw best: 0.1089)
2026-05-04 18:31:18 [INFO] Skipping submission generation after training; use infer.py for release inference.
2026-05-04 18:31:18 [INFO] Run complete: a1__grouped__mtcn__a-base-mel_mfcc+vad+egemaps__a-ssl-wav2vec2-chinese-xlsr__v-base-headpose+facebeh+qc+vadagg__v-ssl-dinov2-large__mask-andcore__pw_biascalib__seed42__20260504_172218
2026-05-04 18:31:18 [INFO] Output dir: /home/adodas/AdoDAS2026_3/outputs/a1/runs/a1__grouped__mtcn__a-base-mel_mfcc+vad+egemaps__a-ssl-wav2vec2-chinese-xlsr__v-base-headpose+facebeh+qc+vadagg__v-ssl-dinov2-large__mask-andcore__pw_biascalib__seed42__20260504_172218
