2026-05-12 00:51:54 [INFO] Logging to /home/adodas/AdoDAS2026_5/outputs/a1/baseline_official/runs/a1__grouped__mtcn__a-base-mel_mfcc__a-ssl-wav2vec2-chinese-xlsr__v-base-headpose+facebeh+qc+vadagg__v-ssl-dinov2-large__mask-andcore__pw_biascalib__seed42__20260512_005154/logs/train_grouped_a1_20260512_005154.log
2026-05-12 00:51:54 [INFO] Device: cuda
2026-05-12 00:51:54 [INFO] Task: a1
2026-05-12 00:51:54 [INFO] Run name: a1__grouped__mtcn__a-base-mel_mfcc__a-ssl-wav2vec2-chinese-xlsr__v-base-headpose+facebeh+qc+vadagg__v-ssl-dinov2-large__mask-andcore__pw_biascalib__seed42__20260512_005154
2026-05-12 00:51:54 [INFO] Config: {'feature_root': '/home/adodas/dataset', 'manifest_dir': '/home/adodas/dataset/manifests', 'output_dir': '/home/adodas/AdoDAS2026_5/outputs/a1/baseline_official', 'mask_policy': 'and_core', 'core_audio': ['mel_mfcc', 'ssl_embed'], 'core_video': ['vision_ssl_embed', 'qc_stats'], 'd_adapter': 64, 'd_model': 256, 'tcn_layers': 6, 'tcn_kernel_size': 3, 'asp_alpha': 0.5, 'asp_beta': 0.5, 'dropout': 0.2, 'd_shared': 256, 'aggregator': 'mlp', 'batch_size': 64, 'lr': 0.001, 'weight_decay': 0.01, 'warmup_epochs': 1, 'epochs': 30, 'seed': 42, 'num_workers': 8, 'amp': True, 'preload': False, 'grad_clip': 1.0, 'use_pos_weight': True, 'patience': 8, 'session_loss_weight': 0.2, 'session_type_loss_weight': 0.15, 'submission_level': 'participant', 'decode_method': 'auto', 'label_smoothing': 0.0, 'feature_noise_std': 0.0, 'session_drop_prob': 0.0, 'early_stop_metric': 'primary', 'pre_tcn_processing': {'enabled': False}, 'audio_features': ['mel_mfcc', 'ssl_embed'], 'video_features': ['headpose_geom', 'face_behavior', 'qc_stats', 'vad_agg', 'vision_ssl_embed'], 'audio_ssl_model_tag': 'wav2vec2-chinese-xlsr', 'video_ssl_model_tag': 'dinov2-large', 'task': 'a1'}
2026-05-12 00:51:55 [INFO] Mask policy: and_core
2026-05-12 00:51:58 [INFO] [PreTCN] pre_tcn_processing.enabled=False
2026-05-12 00:51:58 [INFO] Train: 4200 participants, Val: 600 participants
2026-05-12 00:51:58 [INFO] batch_size=64, num_workers=8
2026-05-12 00:51:59 [INFO] Model params: 5,483,243
2026-05-12 00:51:59 [INFO] AMP enabled (BF16)
2026-05-12 00:51:59 [INFO] pos_weight [D/A/S]: 1.91 / 1.59 / 2.60
2026-05-12 00:52:03 [INFO] Scheduler: warmup=1 -> cosine, total=30
2026-05-12 00:52:04 [INFO] Grad clip: 1.0
2026-05-12 00:52:04 [INFO] Session loss weight: 0.2
2026-05-12 00:52:04 [INFO] Session type loss weight: 0.15
2026-05-12 00:52:04 [INFO] EarlyStopping: patience=8, metric=primary, mode=max
2026-05-12 00:52:04 [INFO] Label smoothing: 0.0
2026-05-12 00:52:04 [INFO] Feature noise std: 0.0
2026-05-12 00:52:04 [INFO] Session drop prob: 0.0
2026-05-12 00:52:04 [INFO] ==========================================================================================
2026-05-12 00:52:04 [INFO]   Epoch  |    LR     | Train Loss | Val Loss | F1 raw | F1 sel |  AUROC | F1[D/A/S]       | Time
2026-05-12 00:52:04 [INFO] ==========================================================================================
